#
# A fatal error has been detected by the Java Runtime Environment:
#
#  SIGSEGV (0xb) at pc=0x00007f5362f9ed00, pid=28817, tid=139995901277952
#
# JRE version: 7.0_21-b11
# Java VM: Java HotSpot(TM) 64-Bit Server VM (23.21-b01 mixed mode linux-amd64 compressed oops)
# Problematic frame:
# V  [libjvm.so+0x687d00]  PhaseIdealLoop::build_loop_late(VectorSet&, Node_List&, Node_Stack&)+0x180
#
# Failed to write core dump. Core dumps have been disabled. To enable core dumping, try "ulimit -c unlimited" before starting Java again
#
# If you would like to submit a bug report, please visit:
#   http://bugreport.sun.com/bugreport/crash.jsp
#

---------------  T H R E A D  ---------------

Current thread (0x00007f535c0e7800):  JavaThread "C2 CompilerThread0" daemon [_thread_in_native, id=28830, stack(0x00007f5355e73000,0x00007f5355f74000)]

siginfo:si_signo=SIGSEGV: si_errno=0, si_code=1 (SEGV_MAPERR), si_addr=0x0000000000000000

Registers:
RAX=0x0000000000000000, RBX=0x00007f5355f6f1b0, RCX=0x0000000000000000, RDX=0x0000000000000000
RSP=0x00007f5355f6ef40, RBP=0x00007f5355f6ef90, RSI=0x00007f5355f70690, RDI=0x00007f533d686460
R8 =0x00007f5330d33340, R9 =0x0000000000000014, R10=0x00007f5330d3a900, R11=0x00007f53636d56fe
R12=0x00007f533d788f30, R13=0x00007f5355f6f1f0, R14=0x000000000000000c, R15=0x000000000000009d
RIP=0x00007f5362f9ed00, EFLAGS=0x0000000000010206, CSGSFS=0x0000000000000033, ERR=0x0000000000000004
  TRAPNO=0x000000000000000e

Top of Stack: (sp=0x00007f5355f6ef40)
0x00007f5355f6ef40:   00007f5300000001 00007f5330d3a4b8
0x00007f5355f6ef50:   00007f5355f6f1d0 00007f5355f70690
0x00007f5355f6ef60:   00007f5355f71030 0000000000000001
0x00007f5355f6ef70:   00007f535cde1f60 00007f5355f70690
0x00007f5355f6ef80:   00007f53635f04a0 00007f5355f6f1d0
0x00007f5355f6ef90:   00007f5355f6f240 00007f5362fa5c79
0x00007f5355f6efa0:   00007f533d79dad0 00007f5355f6f1f0
0x00007f5355f6efb0:   00007f5355f6f1b0 01007f5363188ead
0x00007f5355f6efc0:   00007f5355f706b0 0000000262d6acc8
0x00007f5355f6efd0:   00007f533c756830 00007f533c756880
0x00007f5355f6efe0:   00007f533c75e818 00007f535c0e8070
0x00007f5355f6eff0:   00007f535c0e8070 0000000000000004
0x00007f5355f6f000:   00007f533d4b5640 00007f5300000000
0x00007f5355f6f010:   00007f53635f04a0 0000000000000000
0x00007f5355f6f020:   00007f5355f6f050 00007f536318a741
0x00007f5355f6f030:   0000000000000000 0000000000000001
0x00007f5355f6f040:   00007f53312ad810 0000000000000024
0x00007f5355f6f050:   00007f5355f6f090 00007f536318b8cc
0x00007f5355f6f060:   00007f5355f6f110 0000000000000000
0x00007f5355f6f070:   00007f533d79cfe8 00007f533d79da08
0x00007f5355f6f080:   00007f533d79ce40 00007f533d79ae88
0x00007f5355f6f090:   00007f5355f6f110 00007f5362fd4abd
0x00007f5355f6f0a0:   0000000000000008 0000000000000040
0x00007f5355f6f0b0:   0000000000000001 0000000000008040
0x00007f5355f6f0c0:   0000000000000000 0000023000000802
0x00007f5355f6f0d0:   000000760000009b 0000007c00000078
0x00007f5355f6f0e0:   00007f53312ae9a8 00007f533c000020
0x00007f5355f6f0f0:   00007f5355f6f160 0000000000008010
0x00007f5355f6f100:   0000000000008010 00007f533d917d80
0x00007f5355f6f110:   00007f533d917df8 00007f53636c1fc5
0x00007f5355f6f120:   0000000000000001 0000000000008010
0x00007f5355f6f130:   00007f5355f6f160 00007f535c0e8070 

Instructions: (pc=0x00007f5362f9ed00)
0x00007f5362f9ece0:   e9 3f ff ff ff 0f 1f 00 48 89 d6 89 ca 48 8b 46
0x00007f5362f9ecf0:   30 48 83 3c d0 00 0f 84 52 ff ff ff 49 8b 40 08
0x00007f5362f9ed00:   48 83 38 00 0f 84 87 00 00 00 49 8b 00 4c 89 c7
0x00007f5362f9ed10:   4c 89 45 b8 44 89 4d b0 ff 50 10 84 c0 4c 8b 45 

Register to memory mapping:

RAX=0x0000000000000000 is an unknown value
RBX=0x00007f5355f6f1b0 is pointing into the stack for thread: 0x00007f535c0e7800
RCX=0x0000000000000000 is an unknown value
RDX=0x0000000000000000 is an unknown value
RSP=0x00007f5355f6ef40 is pointing into the stack for thread: 0x00007f535c0e7800
RBP=0x00007f5355f6ef90 is pointing into the stack for thread: 0x00007f535c0e7800
RSI=0x00007f5355f70690 is pointing into the stack for thread: 0x00007f535c0e7800
RDI=0x00007f533d686460 is an unknown value
R8 =0x00007f5330d33340 is an unknown value
R9 =0x0000000000000014 is an unknown value
R10=0x00007f5330d3a900 is an unknown value
R11=0x00007f53636d56fe: <offset 0x966fe> in /lib/x86_64-linux-gnu/libc.so.6 at 0x00007f536363f000
R12=0x00007f533d788f30 is an unknown value
R13=0x00007f5355f6f1f0 is pointing into the stack for thread: 0x00007f535c0e7800
R14=0x000000000000000c is an unknown value
R15=0x000000000000009d is an unknown value


Stack: [0x00007f5355e73000,0x00007f5355f74000],  sp=0x00007f5355f6ef40,  free space=1007k
Native frames: (J=compiled Java code, j=interpreted, Vv=VM code, C=native code)
V  [libjvm.so+0x687d00]  PhaseIdealLoop::build_loop_late(VectorSet&, Node_List&, Node_Stack&)+0x180
V  [libjvm.so+0x68ec79]  PhaseIdealLoop::build_and_optimize(bool, bool)+0x7a9
V  [libjvm.so+0x3bc402]  Compile::Optimize()+0xbf2
V  [libjvm.so+0x3bd34c]  Compile::Compile(ciEnv*, C2Compiler*, ciMethod*, int, bool, bool)+0xdbc
V  [libjvm.so+0x32f082]  C2Compiler::compile_method(ciEnv*, ciMethod*, int)+0x142
V  [libjvm.so+0x3c22e3]  CompileBroker::invoke_compiler_on_method(CompileTask*)+0x323
V  [libjvm.so+0x3c344d]  CompileBroker::compiler_thread_loop()+0x43d
V  [libjvm.so+0x867578]  JavaThread::thread_main_inner()+0xc8
V  [libjvm.so+0x8676c8]  JavaThread::run()+0x138
V  [libjvm.so+0x749010]  java_start(Thread*)+0x100


Current CompileTask:
C2:  12852  590             org.codehaus.plexus.util.SelectorUtils::tokenizePath (38 bytes)


---------------  P R O C E S S  ---------------

Java Threads: ( => current thread )
  0x00007f535ca29800 JavaThread "Thread-32" [_thread_in_native, id=28941, stack(0x00007f535500e000,0x00007f535510f000)]
  0x00007f535c980800 JavaThread "Thread-31" [_thread_in_native, id=28939, stack(0x00007f5354f0d000,0x00007f535500e000)]
  0x00007f535c866800 JavaThread "process reaper" daemon [_thread_in_native, id=28887, stack(0x00007f5354dbb000,0x00007f5354de3000)]
  0x00007f535c976000 JavaThread "resolver-5" daemon [_thread_blocked, id=28856, stack(0x00007f535510f000,0x00007f5355210000)]
  0x00007f535c820000 JavaThread "resolver-4" daemon [_thread_blocked, id=28839, stack(0x00007f5355210000,0x00007f5355311000)]
  0x00007f535c801800 JavaThread "resolver-3" daemon [_thread_blocked, id=28838, stack(0x00007f5355311000,0x00007f5355412000)]
  0x00007f535c7e9000 JavaThread "resolver-2" daemon [_thread_blocked, id=28837, stack(0x00007f5355412000,0x00007f5355513000)]
  0x00007f535c800000 JavaThread "resolver-1" daemon [_thread_blocked, id=28836, stack(0x00007f5355513000,0x00007f5355614000)]
  0x00007f535c667000 JavaThread "process reaper" daemon [_thread_blocked, id=28835, stack(0x00007f535566b000,0x00007f5355693000)]
  0x00007f535c0ec800 JavaThread "Service Thread" daemon [_thread_blocked, id=28832, stack(0x00007f5355c71000,0x00007f5355d72000)]
  0x00007f535c0ea800 JavaThread "C2 CompilerThread1" daemon [_thread_in_native, id=28831, stack(0x00007f5355d72000,0x00007f5355e73000)]
=>0x00007f535c0e7800 JavaThread "C2 CompilerThread0" daemon [_thread_in_native, id=28830, stack(0x00007f5355e73000,0x00007f5355f74000)]
  0x00007f535c0e5800 JavaThread "Signal Dispatcher" daemon [_thread_blocked, id=28829, stack(0x00007f5355f74000,0x00007f5356075000)]
  0x00007f535c098000 JavaThread "Finalizer" daemon [_thread_blocked, id=28828, stack(0x00007f5356758000,0x00007f5356859000)]
  0x00007f535c095800 JavaThread "Reference Handler" daemon [_thread_blocked, id=28827, stack(0x00007f5356859000,0x00007f535695a000)]
  0x00007f535c009000 JavaThread "main" [_thread_blocked, id=28820, stack(0x00007f536413a000,0x00007f536423b000)]

Other Threads:
  0x00007f535c08e000 VMThread [stack: 0x00007f535695a000,0x00007f5356a5b000] [id=28826]
  0x00007f535c0f7800 WatcherThread [stack: 0x00007f5355b70000,0x00007f5355c71000] [id=28833]

VM state:not at safepoint (normal execution)

VM Mutex/Monitor currently owned by a thread: None

Heap
 PSYoungGen      total 134656K, used 40565K [0x00000000eb600000, 0x00000000fc120000, 0x0000000100000000)
  eden space 126336K, 25% used [0x00000000eb600000,0x00000000ed585648,0x00000000f3160000)
  from space 8320K, 99% used [0x00000000f3160000,0x00000000f3978090,0x00000000f3980000)
  to   space 10432K, 0% used [0x00000000fb6f0000,0x00000000fb6f0000,0x00000000fc120000)
 ParOldGen       total 42240K, used 11943K [0x00000000c2200000, 0x00000000c4b40000, 0x00000000eb600000)
  object space 42240K, 28% used [0x00000000c2200000,0x00000000c2da9c08,0x00000000c4b40000)
 PSPermGen       total 21248K, used 17803K [0x00000000bd000000, 0x00000000be4c0000, 0x00000000c2200000)
  object space 21248K, 83% used [0x00000000bd000000,0x00000000be162e58,0x00000000be4c0000)

Card table byte_map: [0x00007f536136a000,0x00007f5361583000] byte_map_base: 0x00007f5360d82000

Polling page: 0x00007f5364255000

Code Cache  [0x00007f5359000000, 0x00007f5359270000, 0x00007f535c000000)
 total_blobs=838 nmethods=557 adapters=232 free_code_cache=46935Kb largest_free_block=47970432

Compilation events (10 events):
Event: 12,616 Thread 0x00007f535c0e7800  586             java.lang.Class::searchFields (45 bytes)
Event: 12,623 Thread 0x00007f535c0e7800 nmethod 586 0x00007f5359168190 code [0x00007f5359168300, 0x00007f5359168648]
Event: 12,709 Thread 0x00007f535c0ea800  587             java.util.jar.JarFile::hasClassPathAttribute (168 bytes)
Event: 12,723 Thread 0x00007f535c0ea800 nmethod 587 0x00007f5359208fd0 code [0x00007f53592091c0, 0x00007f53592098d0]
Event: 12,736 Thread 0x00007f535c0e7800  588             org.codehaus.plexus.util.xml.pull.MXParser::more (79 bytes)
Event: 12,737 Thread 0x00007f535c0e7800 nmethod 588 0x00007f53590f4ad0 code [0x00007f53590f4c20, 0x00007f53590f4d28]
Event: 12,752 Thread 0x00007f535c0e7800  589             java.lang.String::lastIndexOf (151 bytes)
Event: 12,763 Thread 0x00007f535c0e7800 nmethod 589 0x00007f53592030d0 code [0x00007f5359203220, 0x00007f5359203478]
Event: 12,764 Thread 0x00007f535c0e7800  590             org.codehaus.plexus.util.SelectorUtils::tokenizePath (38 bytes)
Event: 12,769 Thread 0x00007f535c0ea800  591             org.codehaus.plexus.util.SelectorUtils::match (534 bytes)

GC Heap History (10 events):
Event: 2,853 GC heap before
{Heap before GC invocations=3 (full 0):
 PSYoungGen      total 34240K, used 33781K [0x00000000eb600000, 0x00000000eda00000, 0x0000000100000000)
  eden space 31616K, 100% used [0x00000000eb600000,0x00000000ed4e0000,0x00000000ed4e0000)
  from space 2624K, 82% used [0x00000000ed770000,0x00000000ed98d7c0,0x00000000eda00000)
  to   space 2624K, 0% used [0x00000000ed4e0000,0x00000000ed4e0000,0x00000000ed770000)
 ParOldGen       total 42240K, used 163K [0x00000000c2200000, 0x00000000c4b40000, 0x00000000eb600000)
  object space 42240K, 0% used [0x00000000c2200000,0x00000000c2228c68,0x00000000c4b40000)
 PSPermGen       total 21248K, used 11192K [0x00000000bd000000, 0x00000000be4c0000, 0x00000000c2200000)
  object space 21248K, 52% used [0x00000000bd000000,0x00000000bdaee280,0x00000000be4c0000)
Event: 2,868 GC heap after
Heap after GC invocations=3 (full 0):
 PSYoungGen      total 34240K, used 2608K [0x00000000eb600000, 0x00000000ef8e0000, 0x0000000100000000)
  eden space 31616K, 0% used [0x00000000eb600000,0x00000000eb600000,0x00000000ed4e0000)
  from space 2624K, 99% used [0x00000000ed4e0000,0x00000000ed76c010,0x00000000ed770000)
  to   space 2624K, 0% used [0x00000000ef650000,0x00000000ef650000,0x00000000ef8e0000)
 ParOldGen       total 42240K, used 3293K [0x00000000c2200000, 0x00000000c4b40000, 0x00000000eb600000)
  object space 42240K, 7% used [0x00000000c2200000,0x00000000c25375e0,0x00000000c4b40000)
 PSPermGen       total 21248K, used 11192K [0x00000000bd000000, 0x00000000be4c0000, 0x00000000c2200000)
  object space 21248K, 52% used [0x00000000bd000000,0x00000000bdaee280,0x00000000be4c0000)
}
Event: 4,650 GC heap before
{Heap before GC invocations=4 (full 0):
 PSYoungGen      total 34240K, used 34224K [0x00000000eb600000, 0x00000000ef8e0000, 0x0000000100000000)
  eden space 31616K, 100% used [0x00000000eb600000,0x00000000ed4e0000,0x00000000ed4e0000)
  from space 2624K, 99% used [0x00000000ed4e0000,0x00000000ed76c010,0x00000000ed770000)
  to   space 2624K, 0% used [0x00000000ef650000,0x00000000ef650000,0x00000000ef8e0000)
 ParOldGen       total 42240K, used 3293K [0x00000000c2200000, 0x00000000c4b40000, 0x00000000eb600000)
  object space 42240K, 7% used [0x00000000c2200000,0x00000000c25375e0,0x00000000c4b40000)
 PSPermGen       total 21248K, used 13188K [0x00000000bd000000, 0x00000000be4c0000, 0x00000000c2200000)
  object space 21248K, 62% used [0x00000000bd000000,0x00000000bdce1250,0x00000000be4c0000)
Event: 4,674 GC heap after
Heap after GC invocations=4 (full 0):
 PSYoungGen      total 65856K, used 2624K [0x00000000eb600000, 0x00000000ef8e0000, 0x0000000100000000)
  eden space 63232K, 0% used [0x00000000eb600000,0x00000000eb600000,0x00000000ef3c0000)
  from space 2624K, 100% used [0x00000000ef650000,0x00000000ef8e0000,0x00000000ef8e0000)
  to   space 2624K, 0% used [0x00000000ef3c0000,0x00000000ef3c0000,0x00000000ef650000)
 ParOldGen       total 42240K, used 6940K [0x00000000c2200000, 0x00000000c4b40000, 0x00000000eb600000)
  object space 42240K, 16% used [0x00000000c2200000,0x00000000c28c7380,0x00000000c4b40000)
 PSPermGen       total 21248K, used 13188K [0x00000000bd000000, 0x00000000be4c0000, 0x00000000c2200000)
  object space 21248K, 62% used [0x00000000bd000000,0x00000000bdce1250,0x00000000be4c0000)
}
Event: 6,496 GC heap before
{Heap before GC invocations=5 (full 0):
 PSYoungGen      total 65856K, used 65856K [0x00000000eb600000, 0x00000000ef8e0000, 0x0000000100000000)
  eden space 63232K, 100% used [0x00000000eb600000,0x00000000ef3c0000,0x00000000ef3c0000)
  from space 2624K, 100% used [0x00000000ef650000,0x00000000ef8e0000,0x00000000ef8e0000)
  to   space 2624K, 0% used [0x00000000ef3c0000,0x00000000ef3c0000,0x00000000ef650000)
 ParOldGen       total 42240K, used 6940K [0x00000000c2200000, 0x00000000c4b40000, 0x00000000eb600000)
  object space 42240K, 16% used [0x00000000c2200000,0x00000000c28c7380,0x00000000c4b40000)
 PSPermGen       total 21248K, used 13939K [0x00000000bd000000, 0x00000000be4c0000, 0x00000000c2200000)
  object space 21248K, 65% used [0x00000000bd000000,0x00000000bdd9cf48,0x00000000be4c0000)
Event: 6,532 GC heap after
Heap after GC invocations=5 (full 0):
 PSYoungGen      total 65856K, used 2624K [0x00000000eb600000, 0x00000000f4180000, 0x0000000100000000)
  eden space 63232K, 0% used [0x00000000eb600000,0x00000000eb600000,0x00000000ef3c0000)
  from space 2624K, 100% used [0x00000000ef3c0000,0x00000000ef650000,0x00000000ef650000)
  to   space 8192K, 0% used [0x00000000f3980000,0x00000000f3980000,0x00000000f4180000)
 ParOldGen       total 42240K, used 10307K [0x00000000c2200000, 0x00000000c4b40000, 0x00000000eb600000)
  object space 42240K, 24% used [0x00000000c2200000,0x00000000c2c10f70,0x00000000c4b40000)
 PSPermGen       total 21248K, used 13939K [0x00000000bd000000, 0x00000000be4c0000, 0x00000000c2200000)
  object space 21248K, 65% used [0x00000000bd000000,0x00000000bdd9cf48,0x00000000be4c0000)
}
Event: 8,682 GC heap before
{Heap before GC invocations=6 (full 0):
 PSYoungGen      total 65856K, used 65856K [0x00000000eb600000, 0x00000000f4180000, 0x0000000100000000)
  eden space 63232K, 100% used [0x00000000eb600000,0x00000000ef3c0000,0x00000000ef3c0000)
  from space 2624K, 100% used [0x00000000ef3c0000,0x00000000ef650000,0x00000000ef650000)
  to   space 8192K, 0% used [0x00000000f3980000,0x00000000f3980000,0x00000000f4180000)
 ParOldGen       total 42240K, used 10307K [0x00000000c2200000, 0x00000000c4b40000, 0x00000000eb600000)
  object space 42240K, 24% used [0x00000000c2200000,0x00000000c2c10f70,0x00000000c4b40000)
 PSPermGen       total 21248K, used 15947K [0x00000000bd000000, 0x00000000be4c0000, 0x00000000c2200000)
  object space 21248K, 75% used [0x00000000bd000000,0x00000000bdf92fe0,0x00000000be4c0000)
Event: 8,700 GC heap after
Heap after GC invocations=6 (full 0):
 PSYoungGen      total 134528K, used 5853K [0x00000000eb600000, 0x00000000f41c0000, 0x0000000100000000)
  eden space 126336K, 0% used [0x00000000eb600000,0x00000000eb600000,0x00000000f3160000)
  from space 8192K, 71% used [0x00000000f3980000,0x00000000f3f37430,0x00000000f4180000)
  to   space 8320K, 0% used [0x00000000f3160000,0x00000000f3160000,0x00000000f3980000)
 ParOldGen       total 42240K, used 10307K [0x00000000c2200000, 0x00000000c4b40000, 0x00000000eb600000)
  object space 42240K, 24% used [0x00000000c2200000,0x00000000c2c10f70,0x00000000c4b40000)
 PSPermGen       total 21248K, used 15947K [0x00000000bd000000, 0x00000000be4c0000, 0x00000000c2200000)
  object space 21248K, 75% used [0x00000000bd000000,0x00000000bdf92fe0,0x00000000be4c0000)
}
Event: 11,288 GC heap before
{Heap before GC invocations=7 (full 0):
 PSYoungGen      total 134528K, used 132189K [0x00000000eb600000, 0x00000000f41c0000, 0x0000000100000000)
  eden space 126336K, 100% used [0x00000000eb600000,0x00000000f3160000,0x00000000f3160000)
  from space 8192K, 71% used [0x00000000f3980000,0x00000000f3f37430,0x00000000f4180000)
  to   space 8320K, 0% used [0x00000000f3160000,0x00000000f3160000,0x00000000f3980000)
 ParOldGen       total 42240K, used 10307K [0x00000000c2200000, 0x00000000c4b40000, 0x00000000eb600000)
  object space 42240K, 24% used [0x00000000c2200000,0x00000000c2c10f70,0x00000000c4b40000)
 PSPermGen       total 21248K, used 17264K [0x00000000bd000000, 0x00000000be4c0000, 0x00000000c2200000)
  object space 21248K, 81% used [0x00000000bd000000,0x00000000be0dc3c0,0x00000000be4c0000)
Event: 11,327 GC heap after
Heap after GC invocations=7 (full 0):
 PSYoungGen      total 134656K, used 8288K [0x00000000eb600000, 0x00000000fc120000, 0x0000000100000000)
  eden space 126336K, 0% used [0x00000000eb600000,0x00000000eb600000,0x00000000f3160000)
  from space 8320K, 99% used [0x00000000f3160000,0x00000000f3978090,0x00000000f3980000)
  to   space 10432K, 0% used [0x00000000fb6f0000,0x00000000fb6f0000,0x00000000fc120000)
 ParOldGen       total 42240K, used 11943K [0x00000000c2200000, 0x00000000c4b40000, 0x00000000eb600000)
  object space 42240K, 28% used [0x00000000c2200000,0x00000000c2da9c08,0x00000000c4b40000)
 PSPermGen       total 21248K, used 17264K [0x00000000bd000000, 0x00000000be4c0000, 0x00000000c2200000)
  object space 21248K, 81% used [0x00000000bd000000,0x00000000be0dc3c0,0x00000000be4c0000)
}

Deoptimization events (10 events):
Event: 11,115 Thread 0x00007f535c009000 Uncommon trap -83 fr.pc 0x00007f53590af840
Event: 11,213 Thread 0x00007f535c009000 Uncommon trap -12 fr.pc 0x00007f535915525c
Event: 11,356 Thread 0x00007f535c009000 Uncommon trap -83 fr.pc 0x00007f535915853c
Event: 11,368 Thread 0x00007f535c098000 Uncommon trap -83 fr.pc 0x00007f5359134a6c
Event: 11,950 Thread 0x00007f535c009000 Uncommon trap -83 fr.pc 0x00007f53591f9264
Event: 11,973 Thread 0x00007f535c009000 Uncommon trap -12 fr.pc 0x00007f53590fc120
Event: 12,655 Thread 0x00007f535c009000 Uncommon trap -83 fr.pc 0x00007f53591c160c
Event: 12,685 Thread 0x00007f535c009000 Uncommon trap -34 fr.pc 0x00007f5359071be4
Event: 12,685 Thread 0x00007f535c009000 Uncommon trap -34 fr.pc 0x00007f5359071be4
Event: 12,686 Thread 0x00007f535c009000 Uncommon trap -34 fr.pc 0x00007f5359071be4

Internal exceptions (10 events):
Event: 12,723 Thread 0x00007f535c009000 Threw 0x00000000ece0f4f0 at /HUDSON/workspace/jdk7u21-2-build-linux-amd64-product/jdk7u21/hotspot/src/share/vm/prims/jvm.cpp:1166
Event: 12,723 Thread 0x00007f535c009000 Threw 0x00000000ece0f718 at /HUDSON/workspace/jdk7u21-2-build-linux-amd64-product/jdk7u21/hotspot/src/share/vm/prims/jvm.cpp:1166
Event: 12,723 Thread 0x00007f535c009000 Threw 0x00000000ece10400 at /HUDSON/workspace/jdk7u21-2-build-linux-amd64-product/jdk7u21/hotspot/src/share/vm/prims/jvm.cpp:1166
Event: 12,723 Thread 0x00007f535c009000 Threw 0x00000000ece10628 at /HUDSON/workspace/jdk7u21-2-build-linux-amd64-product/jdk7u21/hotspot/src/share/vm/prims/jvm.cpp:1166
Event: 12,723 Thread 0x00007f535c009000 Threw 0x00000000ece112f0 at /HUDSON/workspace/jdk7u21-2-build-linux-amd64-product/jdk7u21/hotspot/src/share/vm/prims/jvm.cpp:1166
Event: 12,723 Thread 0x00007f535c009000 Threw 0x00000000ece11518 at /HUDSON/workspace/jdk7u21-2-build-linux-amd64-product/jdk7u21/hotspot/src/share/vm/prims/jvm.cpp:1166
Event: 12,751 Thread 0x00007f535c009000 Threw 0x00000000ecfc9fd0 at /HUDSON/workspace/jdk7u21-2-build-linux-amd64-product/jdk7u21/hotspot/src/share/vm/prims/jvm.cpp:1166
Event: 12,752 Thread 0x00007f535c009000 Threw 0x00000000ecfd4ab0 at /HUDSON/workspace/jdk7u21-2-build-linux-amd64-product/jdk7u21/hotspot/src/share/vm/prims/jvm.cpp:1166
Event: 12,753 Thread 0x00007f535c009000 Threw 0x00000000ecfdea78 at /HUDSON/workspace/jdk7u21-2-build-linux-amd64-product/jdk7u21/hotspot/src/share/vm/prims/jvm.cpp:1166
Event: 12,754 Thread 0x00007f535c009000 Threw 0x00000000ecfe9af0 at /HUDSON/workspace/jdk7u21-2-build-linux-amd64-product/jdk7u21/hotspot/src/share/vm/prims/jvm.cpp:1166

Events (10 events):
Event: 12,752 loading class 0x00007f535c34f420 done
Event: 12,753 loading class 0x00007f535c78dea0
Event: 12,753 loading class 0x00007f535c78dea0 done
Event: 12,753 loading class 0x00007f535c78dea0
Event: 12,753 loading class 0x00007f535c78dea0 done
Event: 12,753 loading class 0x00007f535c417bd0
Event: 12,753 loading class 0x00007f535c417bd0 done
Event: 12,753 loading class 0x00007f535c417bd0
Event: 12,753 loading class 0x00007f535c417bd0 done
Event: 12,764 Thread 0x00007f535c0e7800 flushing nmethod 0x00007f535909ec10


Dynamic libraries:
00400000-00401000 r-xp 00000000 08:13 3163569                            /usr/lib/jvm/jdk1.7.0_21/bin/java
00600000-00601000 rw-p 00000000 08:13 3163569                            /usr/lib/jvm/jdk1.7.0_21/bin/java
01610000-01631000 rw-p 00000000 00:00 0                                  [heap]
bd000000-be4c0000 rw-p 00000000 00:00 0 
be4c0000-c2200000 rw-p 00000000 00:00 0 
c2200000-c4b40000 rw-p 00000000 00:00 0 
c4b40000-eb600000 rw-p 00000000 00:00 0 
eb600000-fc120000 rw-p 00000000 00:00 0 
fc120000-100000000 rw-p 00000000 00:00 0 
7f5318000000-7f5318021000 rw-p 00000000 00:00 0 
7f5318021000-7f531c000000 ---p 00000000 00:00 0 
7f5320000000-7f5320021000 rw-p 00000000 00:00 0 
7f5320021000-7f5324000000 ---p 00000000 00:00 0 
7f5324000000-7f5324021000 rw-p 00000000 00:00 0 
7f5324021000-7f5328000000 ---p 00000000 00:00 0 
7f5328000000-7f5328021000 rw-p 00000000 00:00 0 
7f5328021000-7f532c000000 ---p 00000000 00:00 0 
7f532c000000-7f532c021000 rw-p 00000000 00:00 0 
7f532c021000-7f5330000000 ---p 00000000 00:00 0 
7f5330000000-7f53319b4000 rw-p 00000000 00:00 0 
7f53319b4000-7f5334000000 ---p 00000000 00:00 0 
7f5334000000-7f5334021000 rw-p 00000000 00:00 0 
7f5334021000-7f5338000000 ---p 00000000 00:00 0 
7f5338000000-7f5338021000 rw-p 00000000 00:00 0 
7f5338021000-7f533c000000 ---p 00000000 00:00 0 
7f533c000000-7f533ddd6000 rw-p 00000000 00:00 0 
7f533ddd6000-7f5340000000 ---p 00000000 00:00 0 
7f5340000000-7f5340021000 rw-p 00000000 00:00 0 
7f5340021000-7f5344000000 ---p 00000000 00:00 0 
7f5344000000-7f5344021000 rw-p 00000000 00:00 0 
7f5344021000-7f5348000000 ---p 00000000 00:00 0 
7f5348000000-7f5348021000 rw-p 00000000 00:00 0 
7f5348021000-7f534c000000 ---p 00000000 00:00 0 
7f534c000000-7f534c021000 rw-p 00000000 00:00 0 
7f534c021000-7f5350000000 ---p 00000000 00:00 0 
7f5350000000-7f5350021000 rw-p 00000000 00:00 0 
7f5350021000-7f5354000000 ---p 00000000 00:00 0 
7f5354801000-7f5354878000 r--s 009b7000 08:13 2890503                    /home/luis/Programacion/workspace/gha/lib/smartgwt-3.1.jar
7f5354878000-7f5354880000 r--s 00028000 08:13 3028802                    /home/luis/.m2/repository/xml-apis/xml-apis/1.3.02/xml-apis-1.3.02.jar
7f5354880000-7f5354883000 r--s 00023000 08:13 3028801                    /home/luis/.m2/repository/jdom/jdom/1.0/jdom-1.0.jar
7f5354883000-7f5354888000 r--s 00048000 08:13 2892113                    /home/luis/.m2/repository/dom4j/dom4j/1.6.1/dom4j-1.6.1.jar
7f5354888000-7f535488e000 r--s 00032000 08:13 3028800                    /home/luis/.m2/repository/jaxen/jaxen/1.1.1/jaxen-1.1.1.jar
7f535488e000-7f5354891000 r--s 00023000 08:13 3028799                    /home/luis/.m2/repository/org/jdom/jdom/1.1/jdom-1.1.jar
7f5354891000-7f5354896000 r--s 00040000 08:13 3028798                    /home/luis/.m2/repository/commons-lang/commons-lang/2.5/commons-lang-2.5.jar
7f5354896000-7f5354899000 r--s 00024000 08:13 3028797                    /home/luis/.m2/repository/commons-io/commons-io/2.0.1/commons-io-2.0.1.jar
7f5354899000-7f53548a2000 r--s 00075000 08:13 3028796                    /home/luis/.m2/repository/org/apache/maven/surefire/surefire-api/2.4.3/surefire-api-2.4.3.jar
7f53548a2000-7f53548a8000 r--s 0003c000 08:13 3028795                    /home/luis/.m2/repository/org/apache/maven/surefire/surefire-booter/2.4.3/surefire-booter-2.4.3.jar
7f53548a8000-7f53548ae000 r--s 00034000 08:13 3028794                    /home/luis/.m2/repository/junit/junit/4.8.1/junit-4.8.1.jar
7f53548c8000-7f53548c9000 rw-p 00000000 00:00 0 
7f53548c9000-7f53548cd000 r--s 0000d000 08:13 2890199                    /home/luis/Programacion/workspace/gha/domain/target/domain-1-sources.jar
7f53548cd000-7f53548d6000 r--s 0006d000 08:13 2895998                    /home/luis/.m2/repository/log4j/log4j/1.2.16/log4j-1.2.16.jar
7f53548d6000-7f53548da000 r--s 00016000 08:13 2889860                    /home/luis/Programacion/workspace/gha/domain/target/domain-1.jar
7f53548da000-7f53548dc000 r--s 00001000 08:13 3027882                    /home/luis/Programacion/workspace/gha/ejb/target/ejb-1-client.jar
7f53548dc000-7f53549e0000 r--s 01a55000 08:13 2890501                    /home/luis/Programacion/workspace/gha/lib/gwt-user-2.5.1.jar
7f53549e0000-7f53549e4000 r--s 00029000 08:13 3028886                    /home/luis/.m2/repository/commons-io/commons-io/2.3/commons-io-2.3.jar
7f53549e4000-7f53549e6000 r--s 0000d000 08:13 4089448                    /home/luis/.m2/repository/commons-fileupload/commons-fileupload/1.2.2/commons-fileupload-1.2.2.jar
7f53549e6000-7f53549eb000 r--s 0002c000 08:13 3028880                    /home/luis/.m2/repository/com/googlecode/gwtupload/gwtupload/0.6.6/gwtupload-0.6.6.jar
7f53549eb000-7f53549f2000 r--s 00020000 08:13 3166821                    /home/luis/.m2/repository/com/google/code/gwtx/gwtx/1.5.3/gwtx-1.5.3.jar
7f53549f2000-7f53549f4000 r--s 00002000 08:13 2892297                    /home/luis/.m2/repository/org/codehaus/plexus/plexus-compiler-javac/1.8.1/plexus-compiler-javac-1.8.1.jar
7f53549f4000-7f53549f6000 r--s 00000000 08:13 2892296                    /home/luis/.m2/repository/org/codehaus/plexus/plexus-compiler-manager/1.8.1/plexus-compiler-manager-1.8.1.jar
7f53549f6000-7f53549f7000 r--s 00004000 08:13 2892295                    /home/luis/.m2/repository/org/codehaus/plexus/plexus-compiler-api/1.8.1/plexus-compiler-api-1.8.1.jar
7f53549f7000-7f53549f9000 r--s 00006000 08:13 2891981                    /home/luis/.m2/repository/org/apache/maven/plugins/maven-compiler-plugin/2.3.2/maven-compiler-plugin-2.3.2.jar
7f53549f9000-7f5354a00000 r--s 00000000 08:13 3421126                    /usr/lib/x86_64-linux-gnu/gconv/gconv-modules.cache
7f5354a00000-7f5354a25000 r--p 00000000 08:13 3680972                    /usr/share/locale-langpack/es/LC_MESSAGES/libc.mo
7f5354a25000-7f5354a26000 r--s 00003000 08:13 3028811                    /home/luis/.m2/repository/org/codehaus/plexus/plexus-compiler-javac/1.5.3/plexus-compiler-javac-1.5.3.jar
7f5354a26000-7f5354a28000 r--s 00001000 08:13 3028810                    /home/luis/.m2/repository/org/sonatype/plexus/plexus-build-api/0.0.7/plexus-build-api-0.0.7.jar
7f5354a28000-7f5354a29000 r--s 00004000 08:13 2892703                    /home/luis/.m2/repository/org/codehaus/plexus/plexus-compiler-api/1.5.3/plexus-compiler-api-1.5.3.jar
7f5354a29000-7f5354a41000 r--s 00115000 08:13 3028809                    /home/luis/.m2/repository/xerces/xercesImpl/2.9.1/xercesImpl-2.9.1.jar
7f5354a41000-7f5354a42000 r--s 00006000 08:13 3028808                    /home/luis/.m2/repository/jakarta-regexp/jakarta-regexp/1.4/jakarta-regexp-1.4.jar
7f5354a42000-7f5354a4c000 r--s 00079000 08:13 3028807                    /home/luis/.m2/repository/org/apache/bcel/bcel/5.2/bcel-5.2.jar
7f5354a4c000-7f5354a5e000 r--s 00245000 08:13 3029522                    /home/luis/.m2/repository/com/ibm/icu/icu4j/2.6.1/icu4j-2.6.1.jar
7f5354a5e000-7f5354a83000 r--s 002dc000 08:13 3028805                    /home/luis/.m2/repository/xalan/xalan/2.6.0/xalan-2.6.0.jar
7f5354a83000-7f5354a89000 r--s 00019000 08:13 3028804                    /home/luis/.m2/repository/xerces/xmlParserAPIs/2.6.2/xmlParserAPIs-2.6.2.jar
7f5354a89000-7f5354a8c000 r--s 00018000 08:13 3028803                    /home/luis/.m2/repository/xom/xom/1.0/xom-1.0.jar
7f5354a8c000-7f5354a8d000 r--s 00002000 08:13 3028792                    /home/luis/.m2/repository/org/codehaus/plexus/plexus-io/1.0-alpha-1/plexus-io-1.0-alpha-1.jar
7f5354a8d000-7f5354a91000 r--s 00023000 08:13 3028791                    /home/luis/.m2/repository/org/codehaus/plexus/plexus-archiver/1.0-alpha-9/plexus-archiver-1.0-alpha-9.jar
7f5354a91000-7f5354a93000 r--s 0000e000 08:13 2892351                    /home/luis/.m2/repository/javax/validation/validation-api/1.0.0.GA/validation-api-1.0.0.GA-sources.jar
7f5354a93000-7f5354a96000 r--s 00009000 08:13 2892350                    /home/luis/.m2/repository/javax/validation/validation-api/1.0.0.GA/validation-api-1.0.0.GA.jar
7f5354a96000-7f5354b9b000 r--s 01a68000 08:13 3020957                    /home/luis/.m2/repository/com/google/gwt/gwt-user/2.5.1/gwt-user-2.5.1.jar
7f5354b9b000-7f5354b9d000 r--s 00013000 08:13 3022474                    /home/luis/.m2/repository/com/google/gwt/gwt-codeserver/2.5.1/gwt-codeserver-2.5.1.jar
7f5354b9d000-7f5354b9f000 r--s 0000a000 08:13 3028788                    /home/luis/.m2/repository/org/json/json/20090211/json-20090211.jar
7f5354b9f000-7f5354d5a000 r--s 01e99000 08:13 3022401                    /home/luis/.m2/repository/com/google/gwt/gwt-dev/2.5.1/gwt-dev-2.5.1.jar
7f5354d5a000-7f5354d69000 r--s 000b3000 08:13 3028786                    /home/luis/.m2/repository/freemarker/freemarker/2.3.6/freemarker-2.3.6.jar
7f5354d69000-7f5354d6d000 r--s 00028000 08:13 3028785                    /home/luis/.m2/repository/com/thoughtworks/qdox/qdox/1.12/qdox-1.12.jar
7f5354d6d000-7f5354d6f000 r--s 0000d000 08:13 3028784                    /home/luis/.m2/repository/commons-logging/commons-logging/1.1.1/commons-logging-1.1.1.jar
7f5354d6f000-7f5354d70000 r--s 0000c000 08:13 3028783                    /home/luis/.m2/repository/org/springframework/spring-asm/3.0.5.RELEASE/spring-asm-3.0.5.RELEASE.jar
7f5354d70000-7f5354d79000 r--s 00055000 08:13 3028782                    /home/luis/.m2/repository/org/springframework/spring-core/3.0.5.RELEASE/spring-core-3.0.5.RELEASE.jar
7f5354d79000-7f5354d86000 r--s 0007f000 08:13 3028781                    /home/luis/.m2/repository/commons-collections/commons-collections/3.2/commons-collections-3.2.jar
7f5354d86000-7f5354d8e000 r--s 00058000 08:13 3028780                    /home/luis/.m2/repository/org/apache/velocity/velocity/1.5/velocity-1.5.jar
7f5354d8e000-7f5354d8f000 r--s 00001000 08:13 3028779                    /home/luis/.m2/repository/org/codehaus/plexus/plexus-velocity/1.1.7/plexus-velocity-1.1.7.jar
7f5354d8f000-7f5354d90000 r--s 00002000 08:13 3028778                    /home/luis/.m2/repository/org/codehaus/plexus/plexus-i18n/1.0-beta-7/plexus-i18n-1.0-beta-7.jar
7f5354d90000-7f5354d92000 r--s 00008000 08:13 3028777                    /home/luis/.m2/repository/org/apache/maven/doxia/doxia-module-fml/1.1.4/doxia-module-fml-1.1.4.jar
7f5354d92000-7f5354d93000 r--s 00003000 08:13 3028776                    /home/luis/.m2/repository/org/apache/maven/doxia/doxia-module-xhtml/1.1.4/doxia-module-xhtml-1.1.4.jar
7f5354d93000-7f5354d95000 r--s 0000b000 08:13 3028775                    /home/luis/.m2/repository/org/apache/maven/doxia/doxia-decoration-model/1.1.4/doxia-decoration-model-1.1.4.jar
7f5354d95000-7f5354d97000 r--s 0000b000 08:13 3028774                    /home/luis/.m2/repository/org/apache/maven/doxia/doxia-site-renderer/1.1.4/doxia-site-renderer-1.1.4.jar
7f5354d97000-7f5354d98000 r--s 00002000 08:13 3028773                    /home/luis/.m2/repository/org/apache/maven/doxia/doxia-logging-api/1.1.4/doxia-logging-api-1.1.4.jar
7f5354d98000-7f5354d9a000 r--s 00002000 08:13 3028772                    /home/luis/.m2/repository/org/apache/maven/doxia/doxia-sink-api/1.1.4/doxia-sink-api-1.1.4.jar
7f5354d9a000-7f5354d9c000 r--s 0000e000 08:13 3028771                    /home/luis/.m2/repository/oro/oro/2.0.8/oro-2.0.8.jar
7f5354d9c000-7f5354da0000 r--s 00026000 08:13 3028770                    /home/luis/.m2/repository/commons-digester/commons-digester/1.6/commons-digester-1.6.jar
7f5354da0000-7f5354da5000 r--s 0002a000 08:13 3028769                    /home/luis/.m2/repository/commons-beanutils/commons-beanutils/1.7.0/commons-beanutils-1.7.0.jar
7f5354da5000-7f5354da8000 r--s 00014000 08:13 3028768                    /home/luis/.m2/repository/commons-validator/commons-validator/1.2.0/commons-validator-1.2.0.jar
7f5354da8000-7f5354daa000 r--s 00006000 08:13 3028767                    /home/luis/.m2/repository/commons-codec/commons-codec/1.2/commons-codec-1.2.jar
7f5354daa000-7f5354db0000 r--s 00045000 08:13 3028766                    /home/luis/.m2/repository/commons-httpclient/commons-httpclient/3.1/commons-httpclient-3.1.jar
7f5354db0000-7f5354db4000 r--s 00023000 08:13 2892702                    /home/luis/.m2/repository/org/apache/maven/doxia/doxia-core/1.1.2/doxia-core-1.1.2.jar
7f5354db4000-7f5354db6000 r--s 00003000 08:13 2892701                    /home/luis/.m2/repository/org/apache/maven/reporting/maven-reporting-impl/2.1/maven-reporting-impl-2.1.jar
7f5354db6000-7f5354db7000 r--s 00002000 08:13 2892700                    /home/luis/.m2/repository/org/apache/maven/reporting/maven-reporting-api/3.0/maven-reporting-api-3.0.jar
7f5354db7000-7f5354dbb000 r--s 0002a000 08:13 2892026                    /home/luis/.m2/repository/org/codehaus/mojo/gwt-maven-plugin/2.5.1/gwt-maven-plugin-2.5.1.jar
7f5354dbb000-7f5354dbe000 ---p 00000000 00:00 0 
7f5354dbe000-7f5354de3000 rw-p 00000000 00:00 0 
7f5354de3000-7f5354de6000 r--s 0000a000 08:13 3029510                    /home/luis/.m2/repository/org/codehaus/plexus/plexus-io/1.0/plexus-io-1.0.jar
7f5354de6000-7f5354dea000 r--s 00028000 08:13 3029509                    /home/luis/.m2/repository/org/codehaus/plexus/plexus-archiver/1.0/plexus-archiver-1.0.jar
7f5354dea000-7f5354dec000 r--s 00007000 08:13 3029508                    /home/luis/.m2/repository/org/apache/maven/shared/maven-filtering/1.0-beta-2/maven-filtering-1.0-beta-2.jar
7f5354dec000-7f5354ded000 r--s 00004000 08:13 2891952                    /home/luis/.m2/repository/org/apache/maven/plugins/maven-ejb-plugin/2.3/maven-ejb-plugin-2.3.jar
7f5354ded000-7f5354df0000 ---p 00000000 00:00 0 
7f5354df0000-7f5354eee000 rw-p 00000000 00:00 0 
7f5354eee000-7f5354ef2000 r--s 00034000 08:13 3029469                    /home/luis/.m2/repository/org/codehaus/plexus/plexus-utils/3.0.1/plexus-utils-3.0.1.jar
7f5354ef2000-7f5354ef5000 r--s 0000c000 08:13 3029468                    /home/luis/.m2/repository/org/codehaus/plexus/plexus-io/2.0.4/plexus-io-2.0.4.jar
7f5354ef5000-7f5354efa000 r--s 00029000 08:13 3029467                    /home/luis/.m2/repository/org/codehaus/plexus/plexus-archiver/2.1.2/plexus-archiver-2.1.2.jar
7f5354efa000-7f5354efb000 r--s 00004000 08:13 3028793                    /home/luis/.m2/repository/org/apache/maven/maven-archiver/2.4.1/maven-archiver-2.4.1.jar
7f5354efb000-7f5354efd000 r--s 00006000 08:13 2891356                    /home/luis/.m2/repository/org/apache/maven/plugins/maven-source-plugin/2.2/maven-source-plugin-2.2.jar
7f5354efd000-7f5354f01000 r--s 00034000 08:13 3029439                    /home/luis/.m2/repository/org/codehaus/plexus/plexus-utils/3.0/plexus-utils-3.0.jar
7f5354f01000-7f5354f05000 r--s 0002f000 08:13 3029438                    /home/luis/.m2/repository/commons-lang/commons-lang/2.1/commons-lang-2.1.jar
7f5354f05000-7f5354f08000 r--s 0000c000 08:13 3029437                    /home/luis/.m2/repository/org/codehaus/plexus/plexus-io/2.0.1/plexus-io-2.0.1.jar
7f5354f08000-7f5354f0c000 r--s 00028000 08:13 3029436                    /home/luis/.m2/repository/org/codehaus/plexus/plexus-archiver/2.0.1/plexus-archiver-2.0.1.jar
7f5354f0c000-7f5354f0d000 r--s 00004000 08:13 3029435                    /home/luis/.m2/repository/org/apache/maven/maven-archiver/2.4.2/maven-archiver-2.4.2.jar
7f5354f0d000-7f5354f10000 ---p 00000000 00:00 0 
7f5354f10000-7f535500e000 rw-p 00000000 00:00 0 
7f535500e000-7f5355011000 ---p 00000000 00:00 0 
7f5355011000-7f535510f000 rw-p 00000000 00:00 0 
7f535510f000-7f5355112000 ---p 00000000 00:00 0 
7f5355112000-7f5355210000 rw-p 00000000 00:00 0 
7f5355210000-7f5355213000 ---p 00000000 00:00 0 
7f5355213000-7f5355311000 rw-p 00000000 00:00 0 
7f5355311000-7f5355314000 ---p 00000000 00:00 0 
7f5355314000-7f5355412000 rw-p 00000000 00:00 0 
7f5355412000-7f5355415000 ---p 00000000 00:00 0 
7f5355415000-7f5355513000 rw-p 00000000 00:00 0 
7f5355513000-7f5355516000 ---p 00000000 00:00 0 
7f5355516000-7f5355614000 rw-p 00000000 00:00 0 
7f5355614000-7f5355615000 r--s 00002000 08:13 3029388                    /home/luis/.m2/repository/org/apache/maven/reporting/maven-reporting-api/2.0.9/maven-reporting-api-2.0.9.jar
7f5355615000-7f5355618000 r--s 00034000 08:13 3029387                    /home/luis/.m2/repository/org/codehaus/plexus/plexus-utils/2.1/plexus-utils-2.1.jar
7f5355618000-7f535561a000 r--s 00006000 08:13 3029386                    /home/luis/.m2/repository/org/apache/maven/shared/maven-common-artifact-filters/1.3/maven-common-artifact-filters-1.3.jar
7f535561a000-7f535561c000 r--s 0000d000 08:13 3029385                    /home/luis/.m2/repository/org/apache/maven/surefire/maven-surefire-common/2.10/maven-surefire-common-2.10.jar
7f535561c000-7f5355621000 r--s 00023000 08:13 3029384                    /home/luis/.m2/repository/org/apache/maven/surefire/surefire-api/2.10/surefire-api-2.10.jar
7f5355621000-7f5355623000 r--s 00007000 08:13 3029383                    /home/luis/.m2/repository/org/apache/maven/surefire/surefire-booter/2.10/surefire-booter-2.10.jar
7f5355623000-7f5355625000 r--s 00006000 08:13 2891342                    /home/luis/.m2/repository/org/apache/maven/plugins/maven-surefire-plugin/2.10/maven-surefire-plugin-2.10.jar
7f5355625000-7f5355628000 r--s 0001b000 08:13 2891937                    /home/luis/.m2/repository/junit/junit/3.8.2/junit-3.8.2.jar
7f5355628000-7f5355636000 r--s 0008f000 08:13 2891936                    /home/luis/.m2/repository/com/google/collections/google-collections/1.0/google-collections-1.0.jar
7f5355636000-7f5355637000 r--s 0000a000 08:13 2891935                    /home/luis/.m2/repository/commons-logging/commons-logging-api/1.1/commons-logging-api-1.1.jar
7f5355637000-7f535563e000 r--s 00051000 08:13 2891934                    /home/luis/.m2/repository/log4j/log4j/1.2.12/log4j-1.2.12.jar
7f535563e000-7f5355642000 r--s 0001d000 08:13 2891933                    /home/luis/.m2/repository/org/apache/xbean/xbean-reflect/3.4/xbean-reflect-3.4.jar
7f5355642000-7f5355643000 r--s 00004000 08:13 2891932                    /home/luis/.m2/repository/org/codehaus/plexus/plexus-compiler-javac/2.2/plexus-compiler-javac-2.2.jar
7f5355643000-7f5355645000 r--s 00000000 08:13 2891931                    /home/luis/.m2/repository/org/codehaus/plexus/plexus-compiler-manager/2.2/plexus-compiler-manager-2.2.jar
7f5355645000-7f5355647000 r--s 00005000 08:13 2891930                    /home/luis/.m2/repository/org/codehaus/plexus/plexus-compiler-api/2.2/plexus-compiler-api-2.2.jar
7f5355647000-7f5355649000 r--s 00000000 08:13 2891929                    /home/luis/.m2/repository/org/codehaus/plexus/plexus-component-annotations/1.5.5/plexus-component-annotations-1.5.5.jar
7f5355649000-7f535564b000 r--s 00002000 08:13 2891928                    /home/luis/.m2/repository/org/apache/maven/shared/maven-shared-incremental/1.1/maven-shared-incremental-1.1.jar
7f535564b000-7f535564d000 r--s 00006000 08:13 2891927                    /home/luis/.m2/repository/com/google/code/findbugs/jsr305/2.0.1/jsr305-2.0.1.jar
7f535564d000-7f5355650000 r--s 00023000 08:13 2891926                    /home/luis/.m2/repository/org/apache/maven/shared/maven-shared-utils/0.1/maven-shared-utils-0.1.jar
7f5355650000-7f5355654000 r--s 00030000 08:13 2891925                    /home/luis/.m2/repository/org/codehaus/plexus/plexus-utils/1.5.1/plexus-utils-1.5.1.jar
7f5355654000-7f5355656000 r--s 00009000 08:13 2891335                    /home/luis/.m2/repository/org/apache/maven/plugins/maven-compiler-plugin/3.1/maven-compiler-plugin-3.1.jar
7f5355656000-7f5355658000 r--s 0000d000 08:13 2892503                    /home/luis/.m2/repository/org/codehaus/plexus/plexus-interpolation/1.13/plexus-interpolation-1.13.jar
7f5355658000-7f5355659000 r--s 00001000 08:13 2892502                    /home/luis/.m2/repository/org/sonatype/plexus/plexus-build-api/0.0.4/plexus-build-api-0.0.4.jar
7f5355659000-7f535565b000 r--s 00009000 08:13 2892501                    /home/luis/.m2/repository/org/apache/maven/shared/maven-filtering/1.0/maven-filtering-1.0.jar
7f535565b000-7f535565d000 r--s 00002000 08:13 2892499                    /home/luis/.m2/repository/org/codehaus/plexus/plexus-interactivity-api/1.0-alpha-4/plexus-interactivity-api-1.0-alpha-4.jar
7f535565d000-7f535565f000 r--s 00006000 08:13 2892498                    /home/luis/.m2/repository/commons-cli/commons-cli/1.0/commons-cli-1.0.jar
7f535565f000-7f5355660000 r--s 00001000 08:13 2892497                    /home/luis/.m2/repository/org/apache/maven/doxia/doxia-sink-api/1.0-alpha-7/doxia-sink-api-1.0-alpha-7.jar
7f5355660000-7f5355661000 r--s 00002000 08:13 2892496                    /home/luis/.m2/repository/org/apache/maven/reporting/maven-reporting-api/2.0.6/maven-reporting-api-2.0.6.jar
7f5355661000-7f5355663000 r--s 00005000 08:13 2891327                    /home/luis/.m2/repository/org/apache/maven/plugins/maven-resources-plugin/2.5/maven-resources-plugin-2.5.jar
7f5355663000-7f5355664000 r--s 00002000 08:13 3029307                    /home/luis/.m2/repository/org/codehaus/plexus/plexus-digest/1.0/plexus-digest-1.0.jar
7f5355664000-7f5355668000 r--s 00033000 08:13 2892294                    /home/luis/.m2/repository/org/codehaus/plexus/plexus-utils/2.0.5/plexus-utils-2.0.5.jar
7f5355668000-7f535566b000 r--s 0001b000 08:13 2892500                    /home/luis/.m2/repository/junit/junit/3.8.1/junit-3.8.1.jar
7f535566b000-7f535566e000 ---p 00000000 00:00 0 
7f535566e000-7f5355693000 rw-p 00000000 00:00 0 
7f5355693000-7f5355694000 r--p 00000000 00:00 0 
7f5355694000-7f5355698000 r--s 0008a000 08:13 3163660                    /usr/lib/jvm/jdk1.7.0_21/jre/lib/jsse.jar
7f5355698000-7f53556a8000 r--s 000b2000 08:13 2891313                    /home/luis/Programacion/IDEs/eclipse/configuration/org.eclipse.osgi/bundles/819/1/.cp/netty-3.2.5.Final.jar
7f53556a8000-7f53556af000 r--s 0004d000 08:13 2891288                    /home/luis/Programacion/IDEs/eclipse/configuration/org.eclipse.osgi/bundles/802/1/.cp/async-http-client-1.6.5.jar
7f53556af000-7f53556b0000 r--s 00002000 08:13 2891262                    /home/luis/Programacion/IDEs/eclipse/configuration/org.eclipse.osgi/bundles/815/1/.cp/jars/wagon-file-2.2.jar
7f53556b0000-7f53556b1000 r--s 00004000 08:13 2891261                    /home/luis/Programacion/IDEs/eclipse/configuration/org.eclipse.osgi/bundles/815/1/.cp/jars/wagon-ahc-1.2.1.jar
7f53556b1000-7f53556b3000 r--s 0000b000 08:13 2891260                    /home/luis/Programacion/IDEs/eclipse/configuration/org.eclipse.osgi/bundles/815/1/.cp/jars/aether-connector-asynchttpclient-1.13.1.jar
7f53556b3000-7f53556b6000 r--s 0001d000 08:13 2891259                    /home/luis/Programacion/IDEs/eclipse/configuration/org.eclipse.osgi/bundles/815/1/.cp/jars/aether-impl-1.13.1.jar
7f53556b6000-7f53556b7000 r--s 00003000 08:13 2891258                    /home/luis/Programacion/IDEs/eclipse/configuration/org.eclipse.osgi/bundles/815/1/.cp/jars/aether-spi-1.13.1.jar
7f53556b7000-7f53556b9000 r--s 00006000 08:13 2891257                    /home/luis/Programacion/IDEs/eclipse/configuration/org.eclipse.osgi/bundles/815/1/.cp/jars/aether-connector-wagon-1.13.1.jar
7f53556b9000-7f53556bc000 r--s 00006000 08:13 2891255                    /home/luis/Programacion/IDEs/eclipse/configuration/org.eclipse.osgi/bundles/815/1/.cp/jars/jsr305-1.3.9.jar
7f53556bc000-7f53556da000 r--s 00151000 08:13 2891254                    /home/luis/Programacion/IDEs/eclipse/configuration/org.eclipse.osgi/bundles/815/1/.cp/jars/guava-10.0.1.jar
7f53556da000-7f53556e2000 r--s 00050000 08:13 2891253                    /home/luis/Programacion/IDEs/eclipse/configuration/org.eclipse.osgi/bundles/815/1/.cp/jars/sisu-guice-3.1.0-no_aop.jar
7f53556e2000-7f5355713000 rw-p 00000000 00:00 0 
7f5355713000-7f5355728000 r-xp 00000000 08:13 659442                     /usr/lib/jvm/jdk1.7.0_21/jre/lib/amd64/libnet.so
7f5355728000-7f5355928000 ---p 00015000 08:13 659442                     /usr/lib/jvm/jdk1.7.0_21/jre/lib/amd64/libnet.so
7f5355928000-7f5355929000 rw-p 00015000 08:13 659442                     /usr/lib/jvm/jdk1.7.0_21/jre/lib/amd64/libnet.so
7f5355929000-7f5355939000 r-xp 00000000 08:13 659437                     /usr/lib/jvm/jdk1.7.0_21/jre/lib/amd64/libnio.so
7f5355939000-7f5355b39000 ---p 00010000 08:13 659437                     /usr/lib/jvm/jdk1.7.0_21/jre/lib/amd64/libnio.so
7f5355b39000-7f5355b3a000 rw-p 00010000 08:13 659437                     /usr/lib/jvm/jdk1.7.0_21/jre/lib/amd64/libnio.so
7f5355b3a000-7f5355b3c000 r--s 00003000 08:13 2891252                    /home/luis/Programacion/IDEs/eclipse/configuration/org.eclipse.osgi/bundles/815/1/.cp/jars/guice-plexus-lifecycles-2.3.0.jar
7f5355b3c000-7f5355b3e000 r--s 00003000 08:13 2891251                    /home/luis/Programacion/IDEs/eclipse/configuration/org.eclipse.osgi/bundles/815/1/.cp/jars/guice-plexus-scanners-2.3.0.jar
7f5355b3e000-7f5355b3f000 r--s 00001000 08:13 2891250                    /home/luis/Programacion/IDEs/eclipse/configuration/org.eclipse.osgi/bundles/815/1/.cp/jars/guice-bean-inject-2.3.0.jar
7f5355b3f000-7f5355b41000 r--s 00005000 08:13 2891249                    /home/luis/Programacion/IDEs/eclipse/configuration/org.eclipse.osgi/bundles/815/1/.cp/jars/guice-plexus-binders-2.3.0.jar
7f5355b41000-7f5355b43000 r--s 00002000 08:13 2891248                    /home/luis/Programacion/IDEs/eclipse/configuration/org.eclipse.osgi/bundles/815/1/.cp/jars/guice-plexus-locators-2.3.0.jar
7f5355b43000-7f5355b45000 r--s 00001000 08:13 2891247                    /home/luis/Programacion/IDEs/eclipse/configuration/org.eclipse.osgi/bundles/815/1/.cp/jars/guice-plexus-converters-2.3.0.jar
7f5355b45000-7f5355b47000 r--s 00002000 08:13 2891246                    /home/luis/Programacion/IDEs/eclipse/configuration/org.eclipse.osgi/bundles/815/1/.cp/jars/guice-plexus-metadata-2.3.0.jar
7f5355b47000-7f5355b49000 r--s 00000000 08:13 2891245                    /home/luis/Programacion/IDEs/eclipse/configuration/org.eclipse.osgi/bundles/815/1/.cp/jars/guice-bean-converters-2.3.0.jar
7f5355b49000-7f5355b4b000 r--s 00013000 08:13 2891244                    /home/luis/Programacion/IDEs/eclipse/configuration/org.eclipse.osgi/bundles/815/1/.cp/jars/guice-bean-scanners-2.3.0.jar
7f5355b4b000-7f5355b4d000 r--s 00009000 08:13 2891243                    /home/luis/Programacion/IDEs/eclipse/configuration/org.eclipse.osgi/bundles/815/1/.cp/jars/guice-bean-binders-2.3.0.jar
7f5355b4d000-7f5355b50000 r--s 0000b000 08:13 2891242                    /home/luis/Programacion/IDEs/eclipse/configuration/org.eclipse.osgi/bundles/815/1/.cp/jars/guice-bean-locators-2.3.0.jar
7f5355b50000-7f5355b52000 r--s 0000e000 08:13 2891241                    /home/luis/Programacion/IDEs/eclipse/configuration/org.eclipse.osgi/bundles/815/1/.cp/jars/guice-bean-reflect-2.3.0.jar
7f5355b52000-7f5355b53000 r--s 00000000 08:13 2891240                    /home/luis/Programacion/IDEs/eclipse/configuration/org.eclipse.osgi/bundles/815/1/.cp/jars/javax.inject-1.jar
7f5355b53000-7f5355b58000 r--s 00019000 08:13 2891239                    /home/luis/Programacion/IDEs/eclipse/configuration/org.eclipse.osgi/bundles/815/1/.cp/jars/guice-plexus-shim-2.3.0.jar
7f5355b58000-7f5355b5a000 r--s 0000b000 08:13 2891238                    /home/luis/Programacion/IDEs/eclipse/configuration/org.eclipse.osgi/bundles/815/1/.cp/jars/wagon-provider-api-2.2.jar
7f5355b5a000-7f5355b60000 r--s 0003f000 08:13 2891237                    /home/luis/Programacion/IDEs/eclipse/configuration/org.eclipse.osgi/bundles/815/1/.cp/jars/maven-compat-3.0.4.jar
7f5355b60000-7f5355b62000 r--s 00009000 08:13 2891236                    /home/luis/Programacion/IDEs/eclipse/configuration/org.eclipse.osgi/bundles/815/1/.cp/jars/commons-cli-1.2.jar
7f5355b62000-7f5355b64000 r--s 00002000 08:13 2891235                    /home/luis/Programacion/IDEs/eclipse/configuration/org.eclipse.osgi/bundles/815/1/.cp/jars/plexus-cipher-1.7.jar
7f5355b64000-7f5355b65000 r--s 0000a000 08:13 2891234                    /home/luis/Programacion/IDEs/eclipse/configuration/org.eclipse.osgi/bundles/815/1/.cp/jars/maven-embedder-3.0.4.jar
7f5355b65000-7f5355b66000 r--s 00006000 08:13 2891233                    /home/luis/Programacion/IDEs/eclipse/configuration/org.eclipse.osgi/bundles/815/1/.cp/jars/plexus-sec-dispatcher-1.3.jar
7f5355b66000-7f5355b68000 r--s 00000000 08:13 2891232                    /home/luis/Programacion/IDEs/eclipse/configuration/org.eclipse.osgi/bundles/815/1/.cp/jars/plexus-component-annotations-1.5.5.jar
7f5355b68000-7f5355b6c000 r--s 00033000 08:13 2891230                    /home/luis/Programacion/IDEs/eclipse/configuration/org.eclipse.osgi/bundles/815/1/.cp/jars/plexus-utils-2.0.6.jar
7f5355b6c000-7f5355b6e000 r--s 0000d000 08:13 2891229                    /home/luis/Programacion/IDEs/eclipse/configuration/org.eclipse.osgi/bundles/815/1/.cp/jars/plexus-interpolation-1.14.jar
7f5355b6e000-7f5355b70000 r--s 0000a000 08:13 2891231                    /home/luis/Programacion/IDEs/eclipse/configuration/org.eclipse.osgi/bundles/815/1/.cp/jars/plexus-classworlds-2.4.jar
7f5355b70000-7f5355b71000 ---p 00000000 00:00 0 
7f5355b71000-7f5355c71000 rw-p 00000000 00:00 0 
7f5355c71000-7f5355c74000 ---p 00000000 00:00 0 
7f5355c74000-7f5355d72000 rw-p 00000000 00:00 0 
7f5355d72000-7f5355d75000 ---p 00000000 00:00 0 
7f5355d75000-7f5355e73000 rw-p 00000000 00:00 0 
7f5355e73000-7f5355e76000 ---p 00000000 00:00 0 
7f5355e76000-7f5355f74000 rw-p 00000000 00:00 0 
7f5355f74000-7f5355f77000 ---p 00000000 00:00 0 
7f5355f77000-7f5356075000 rw-p 00000000 00:00 0 
7f5356075000-7f5356758000 r--p 00000000 08:13 3158712                    /usr/lib/locale/locale-archive
7f5356758000-7f535675b000 ---p 00000000 00:00 0 
7f535675b000-7f5356859000 rw-p 00000000 00:00 0 
7f5356859000-7f535685c000 ---p 00000000 00:00 0 
7f535685c000-7f535695a000 rw-p 00000000 00:00 0 
7f535695a000-7f535695b000 ---p 00000000 00:00 0 
7f535695b000-7f5359000000 rw-p 00000000 00:00 0 
7f5359000000-7f5359270000 rwxp 00000000 00:00 0 
7f5359270000-7f535cf10000 rw-p 00000000 00:00 0 
7f535cf10000-7f5360000000 ---p 00000000 00:00 0 
7f5360000000-7f5360004000 r--s 0001c000 08:13 2891228                    /home/luis/Programacion/IDEs/eclipse/configuration/org.eclipse.osgi/bundles/815/1/.cp/jars/aether-util-1.13.1.jar
7f5360004000-7f5360007000 r--s 00013000 08:13 2891227                    /home/luis/Programacion/IDEs/eclipse/configuration/org.eclipse.osgi/bundles/815/1/.cp/jars/aether-api-1.13.1.jar
7f5360007000-7f5360009000 r--s 0000c000 08:13 2891226                    /home/luis/Programacion/IDEs/eclipse/configuration/org.eclipse.osgi/bundles/815/1/.cp/jars/maven-aether-provider-3.0.4.jar
7f5360009000-7f536000d000 r--s 00021000 08:13 2891225                    /home/luis/Programacion/IDEs/eclipse/configuration/org.eclipse.osgi/bundles/815/1/.cp/jars/maven-model-builder-3.0.4.jar
7f536000d000-7f536000f000 r--s 0000b000 08:13 2891224                    /home/luis/Programacion/IDEs/eclipse/configuration/org.eclipse.osgi/bundles/815/1/.cp/jars/maven-plugin-api-3.0.4.jar
7f536000f000-7f5360011000 r--s 0000b000 08:13 2891223                    /home/luis/Programacion/IDEs/eclipse/configuration/org.eclipse.osgi/bundles/815/1/.cp/jars/maven-artifact-3.0.4.jar
7f5360011000-7f5360013000 r--s 00006000 08:13 2891222                    /home/luis/Programacion/IDEs/eclipse/configuration/org.eclipse.osgi/bundles/815/1/.cp/jars/maven-repository-metadata-3.0.4.jar
7f5360013000-7f5360016000 r--s 00008000 08:13 2891221                    /home/luis/Programacion/IDEs/eclipse/configuration/org.eclipse.osgi/bundles/815/1/.cp/jars/maven-settings-builder-3.0.4.jar
7f5360016000-7f5360018000 r--s 0000a000 08:13 2891220                    /home/luis/Programacion/IDEs/eclipse/configuration/org.eclipse.osgi/bundles/815/1/.cp/jars/maven-settings-3.0.4.jar
7f5360018000-7f536001a000 r--s 00026000 08:13 2891219                    /home/luis/Programacion/IDEs/eclipse/configuration/org.eclipse.osgi/bundles/815/1/.cp/jars/maven-model-3.0.4.jar
7f536001a000-7f53605b0000 rw-p 00000000 00:00 0 
7f53605b0000-7f536076d000 r--s 039de000 08:13 3163680                    /usr/lib/jvm/jdk1.7.0_21/jre/lib/rt.jar
7f536076d000-7f5360ff5000 rw-p 00000000 00:00 0 
7f5360ff5000-7f5360ff6000 ---p 00000000 00:00 0 
7f5360ff6000-7f53610f6000 rw-p 00000000 00:00 0 
7f53610f6000-7f53610f7000 ---p 00000000 00:00 0 
7f53610f7000-7f5361202000 rw-p 00000000 00:00 0 
7f5361202000-7f5361220000 rw-p 00000000 00:00 0 
7f5361220000-7f5361235000 rw-p 00000000 00:00 0 
7f5361235000-7f536136a000 rw-p 00000000 00:00 0 
7f536136a000-7f5361375000 rw-p 00000000 00:00 0 
7f5361375000-7f5361393000 rw-p 00000000 00:00 0 
7f5361393000-7f53613a8000 rw-p 00000000 00:00 0 
7f53613a8000-7f53614dd000 rw-p 00000000 00:00 0 
7f53614dd000-7f5361563000 rw-p 00000000 00:00 0 
7f5361563000-7f5361582000 rw-p 00000000 00:00 0 
7f5361582000-7f5361583000 rw-p 00000000 00:00 0 
7f5361583000-7f536159d000 r-xp 00000000 08:13 659488                     /usr/lib/jvm/jdk1.7.0_21/jre/lib/amd64/libzip.so
7f536159d000-7f536179d000 ---p 0001a000 08:13 659488                     /usr/lib/jvm/jdk1.7.0_21/jre/lib/amd64/libzip.so
7f536179d000-7f536179e000 rw-p 0001a000 08:13 659488                     /usr/lib/jvm/jdk1.7.0_21/jre/lib/amd64/libzip.so
7f536179e000-7f53617aa000 r-xp 00000000 08:13 1054176                    /lib/x86_64-linux-gnu/libnss_files-2.15.so
7f53617aa000-7f53619a9000 ---p 0000c000 08:13 1054176                    /lib/x86_64-linux-gnu/libnss_files-2.15.so
7f53619a9000-7f53619aa000 r--p 0000b000 08:13 1054176                    /lib/x86_64-linux-gnu/libnss_files-2.15.so
7f53619aa000-7f53619ab000 rw-p 0000c000 08:13 1054176                    /lib/x86_64-linux-gnu/libnss_files-2.15.so
7f53619ab000-7f53619b5000 r-xp 00000000 08:13 1051530                    /lib/x86_64-linux-gnu/libnss_nis-2.15.so
7f53619b5000-7f5361bb5000 ---p 0000a000 08:13 1051530                    /lib/x86_64-linux-gnu/libnss_nis-2.15.so
7f5361bb5000-7f5361bb6000 r--p 0000a000 08:13 1051530                    /lib/x86_64-linux-gnu/libnss_nis-2.15.so
7f5361bb6000-7f5361bb7000 rw-p 0000b000 08:13 1051530                    /lib/x86_64-linux-gnu/libnss_nis-2.15.so
7f5361bb7000-7f5361bce000 r-xp 00000000 08:13 1054461                    /lib/x86_64-linux-gnu/libnsl-2.15.so
7f5361bce000-7f5361dcd000 ---p 00017000 08:13 1054461                    /lib/x86_64-linux-gnu/libnsl-2.15.so
7f5361dcd000-7f5361dce000 r--p 00016000 08:13 1054461                    /lib/x86_64-linux-gnu/libnsl-2.15.so
7f5361dce000-7f5361dcf000 rw-p 00017000 08:13 1054461                    /lib/x86_64-linux-gnu/libnsl-2.15.so
7f5361dcf000-7f5361dd1000 rw-p 00000000 00:00 0 
7f5361dd1000-7f5361dd9000 r-xp 00000000 08:13 1054177                    /lib/x86_64-linux-gnu/libnss_compat-2.15.so
7f5361dd9000-7f5361fd8000 ---p 00008000 08:13 1054177                    /lib/x86_64-linux-gnu/libnss_compat-2.15.so
7f5361fd8000-7f5361fd9000 r--p 00007000 08:13 1054177                    /lib/x86_64-linux-gnu/libnss_compat-2.15.so
7f5361fd9000-7f5361fda000 rw-p 00008000 08:13 1054177                    /lib/x86_64-linux-gnu/libnss_compat-2.15.so
7f5361fda000-7f5362003000 r-xp 00000000 08:13 659472                     /usr/lib/jvm/jdk1.7.0_21/jre/lib/amd64/libjava.so
7f5362003000-7f5362203000 ---p 00029000 08:13 659472                     /usr/lib/jvm/jdk1.7.0_21/jre/lib/amd64/libjava.so
7f5362203000-7f5362205000 rw-p 00029000 08:13 659472                     /usr/lib/jvm/jdk1.7.0_21/jre/lib/amd64/libjava.so
7f5362205000-7f5362212000 r-xp 00000000 08:13 659470                     /usr/lib/jvm/jdk1.7.0_21/jre/lib/amd64/libverify.so
7f5362212000-7f5362411000 ---p 0000d000 08:13 659470                     /usr/lib/jvm/jdk1.7.0_21/jre/lib/amd64/libverify.so
7f5362411000-7f5362413000 rw-p 0000c000 08:13 659470                     /usr/lib/jvm/jdk1.7.0_21/jre/lib/amd64/libverify.so
7f5362413000-7f536241a000 r-xp 00000000 08:13 1050759                    /lib/x86_64-linux-gnu/librt-2.15.so
7f536241a000-7f5362619000 ---p 00007000 08:13 1050759                    /lib/x86_64-linux-gnu/librt-2.15.so
7f5362619000-7f536261a000 r--p 00006000 08:13 1050759                    /lib/x86_64-linux-gnu/librt-2.15.so
7f536261a000-7f536261b000 rw-p 00007000 08:13 1050759                    /lib/x86_64-linux-gnu/librt-2.15.so
7f536261b000-7f5362716000 r-xp 00000000 08:13 1051532                    /lib/x86_64-linux-gnu/libm-2.15.so
7f5362716000-7f5362915000 ---p 000fb000 08:13 1051532                    /lib/x86_64-linux-gnu/libm-2.15.so
7f5362915000-7f5362916000 r--p 000fa000 08:13 1051532                    /lib/x86_64-linux-gnu/libm-2.15.so
7f5362916000-7f5362917000 rw-p 000fb000 08:13 1051532                    /lib/x86_64-linux-gnu/libm-2.15.so
7f5362917000-7f5363361000 r-xp 00000000 08:13 659478                     /usr/lib/jvm/jdk1.7.0_21/jre/lib/amd64/server/libjvm.so
7f5363361000-7f5363560000 ---p 00a4a000 08:13 659478                     /usr/lib/jvm/jdk1.7.0_21/jre/lib/amd64/server/libjvm.so
7f5363560000-7f5363604000 rw-p 00a49000 08:13 659478                     /usr/lib/jvm/jdk1.7.0_21/jre/lib/amd64/server/libjvm.so
7f5363604000-7f536363f000 rw-p 00000000 00:00 0 
7f536363f000-7f53637f4000 r-xp 00000000 08:13 1050689                    /lib/x86_64-linux-gnu/libc-2.15.so
7f53637f4000-7f53639f3000 ---p 001b5000 08:13 1050689                    /lib/x86_64-linux-gnu/libc-2.15.so
7f53639f3000-7f53639f7000 r--p 001b4000 08:13 1050689                    /lib/x86_64-linux-gnu/libc-2.15.so
7f53639f7000-7f53639f9000 rw-p 001b8000 08:13 1050689                    /lib/x86_64-linux-gnu/libc-2.15.so
7f53639f9000-7f53639fe000 rw-p 00000000 00:00 0 
7f53639fe000-7f5363a00000 r-xp 00000000 08:13 1050688                    /lib/x86_64-linux-gnu/libdl-2.15.so
7f5363a00000-7f5363c00000 ---p 00002000 08:13 1050688                    /lib/x86_64-linux-gnu/libdl-2.15.so
7f5363c00000-7f5363c01000 r--p 00002000 08:13 1050688                    /lib/x86_64-linux-gnu/libdl-2.15.so
7f5363c01000-7f5363c02000 rw-p 00003000 08:13 1050688                    /lib/x86_64-linux-gnu/libdl-2.15.so
7f5363c02000-7f5363c18000 r-xp 00000000 08:13 659447                     /usr/lib/jvm/jdk1.7.0_21/jre/lib/amd64/jli/libjli.so
7f5363c18000-7f5363e18000 ---p 00016000 08:13 659447                     /usr/lib/jvm/jdk1.7.0_21/jre/lib/amd64/jli/libjli.so
7f5363e18000-7f5363e19000 rw-p 00016000 08:13 659447                     /usr/lib/jvm/jdk1.7.0_21/jre/lib/amd64/jli/libjli.so
7f5363e19000-7f5363e31000 r-xp 00000000 08:13 1050755                    /lib/x86_64-linux-gnu/libpthread-2.15.so
7f5363e31000-7f5364030000 ---p 00018000 08:13 1050755                    /lib/x86_64-linux-gnu/libpthread-2.15.so
7f5364030000-7f5364031000 r--p 00017000 08:13 1050755                    /lib/x86_64-linux-gnu/libpthread-2.15.so
7f5364031000-7f5364032000 rw-p 00018000 08:13 1050755                    /lib/x86_64-linux-gnu/libpthread-2.15.so
7f5364032000-7f5364036000 rw-p 00000000 00:00 0 
7f5364036000-7f5364058000 r-xp 00000000 08:13 1054181                    /lib/x86_64-linux-gnu/ld-2.15.so
7f5364058000-7f5364059000 r--s 00007000 08:13 2891349                    /home/luis/.m2/repository/org/apache/maven/plugins/maven-jar-plugin/2.3.2/maven-jar-plugin-2.3.2.jar
7f5364059000-7f5364084000 rw-p 00000000 00:00 0 
7f5364084000-7f536413a000 rw-p 00000000 00:00 0 
7f536413a000-7f536413d000 ---p 00000000 00:00 0 
7f536413d000-7f536423f000 rw-p 00000000 00:00 0 
7f536423f000-7f5364240000 r--s 00005000 08:13 2891363                    /home/luis/.m2/repository/org/apache/maven/plugins/maven-install-plugin/2.3.1/maven-install-plugin-2.3.1.jar
7f5364240000-7f536424c000 r--s 0007d000 08:13 2891218                    /home/luis/Programacion/IDEs/eclipse/configuration/org.eclipse.osgi/bundles/815/1/.cp/jars/maven-core-3.0.4.jar
7f536424c000-7f5364254000 rw-s 00000000 08:13 3688974                    /tmp/hsperfdata_luis/28817
7f5364254000-7f5364255000 rw-p 00000000 00:00 0 
7f5364255000-7f5364256000 r--p 00000000 00:00 0 
7f5364256000-7f5364258000 rw-p 00000000 00:00 0 
7f5364258000-7f5364259000 r--p 00022000 08:13 1054181                    /lib/x86_64-linux-gnu/ld-2.15.so
7f5364259000-7f536425b000 rw-p 00023000 08:13 1054181                    /lib/x86_64-linux-gnu/ld-2.15.so
7fffe290a000-7fffe292b000 rw-p 00000000 00:00 0                          [stack]
7fffe29ad000-7fffe29ae000 r-xp 00000000 00:00 0                          [vdso]
ffffffffff600000-ffffffffff601000 r-xp 00000000 00:00 0                  [vsyscall]

VM Arguments:
jvm_args: -Dmaven.home=EMBEDDED -Dclassworlds.conf=/home/luis/Programacion/workspace/.metadata/.plugins/org.eclipse.m2e.core/launches/m2conf4911505359197564157.tmp -Dfile.encoding=UTF-8 
java_command: org.codehaus.plexus.classworlds.launcher.Launcher -B install
Launcher Type: SUN_STANDARD

Environment Variables:
PATH=/usr/local/sbin:/usr/local/bin:/usr/sbin:/usr/bin:/sbin:/bin:/usr/games
SHELL=/bin/bash
DISPLAY=:0

Signal Handlers:
SIGSEGV: [libjvm.so+0x8a80e0], sa_mask[0]=0x7ffbfeff, sa_flags=0x10000004
SIGBUS: [libjvm.so+0x8a80e0], sa_mask[0]=0x7ffbfeff, sa_flags=0x10000004
SIGFPE: [libjvm.so+0x744170], sa_mask[0]=0x7ffbfeff, sa_flags=0x10000004
SIGPIPE: [libjvm.so+0x744170], sa_mask[0]=0x7ffbfeff, sa_flags=0x10000004
SIGXFSZ: [libjvm.so+0x744170], sa_mask[0]=0x7ffbfeff, sa_flags=0x10000004
SIGILL: [libjvm.so+0x744170], sa_mask[0]=0x7ffbfeff, sa_flags=0x10000004
SIGUSR1: SIG_DFL, sa_mask[0]=0x00000000, sa_flags=0x00000000
SIGUSR2: [libjvm.so+0x743ac0], sa_mask[0]=0x00000004, sa_flags=0x10000004
SIGHUP: [libjvm.so+0x745e50], sa_mask[0]=0x7ffbfeff, sa_flags=0x10000004
SIGINT: [libjvm.so+0x745e50], sa_mask[0]=0x7ffbfeff, sa_flags=0x10000004
SIGTERM: [libjvm.so+0x745e50], sa_mask[0]=0x7ffbfeff, sa_flags=0x10000004
SIGQUIT: [libjvm.so+0x745e50], sa_mask[0]=0x7ffbfeff, sa_flags=0x10000004


---------------  S Y S T E M  ---------------

OS:wheezy/sid

uname:Linux 3.2.0-49-generic #75-Ubuntu SMP Tue Jun 18 17:39:32 UTC 2013 x86_64
libc:glibc 2.15 NPTL 2.15 
rlimit: STACK 8192k, CORE 0k, NPROC 30924, NOFILE 4096, AS infinity
load average:0,29 0,17 0,40

/proc/meminfo:
MemTotal:        4049168 kB
MemFree:          600024 kB
Buffers:           30692 kB
Cached:           804120 kB
SwapCached:        19340 kB
Active:          2162404 kB
Inactive:        1042068 kB
Active(anon):    1731860 kB
Inactive(anon):   662616 kB
Active(file):     430544 kB
Inactive(file):   379452 kB
Unevictable:           0 kB
Mlocked:               0 kB
SwapTotal:        975868 kB
SwapFree:         863264 kB
Dirty:               600 kB
Writeback:             0 kB
AnonPages:       2352296 kB
Mapped:           140028 kB
Shmem:             24744 kB
Slab:             113148 kB
SReclaimable:      73556 kB
SUnreclaim:        39592 kB
KernelStack:        4224 kB
PageTables:        40952 kB
NFS_Unstable:          0 kB
Bounce:                0 kB
WritebackTmp:          0 kB
CommitLimit:     3000452 kB
Committed_AS:    4712160 kB
VmallocTotal:   34359738367 kB
VmallocUsed:      328336 kB
VmallocChunk:   34359401340 kB
HardwareCorrupted:     0 kB
AnonHugePages:         0 kB
HugePages_Total:       0
HugePages_Free:        0
HugePages_Rsvd:        0
HugePages_Surp:        0
Hugepagesize:       2048 kB
DirectMap4k:       54144 kB
DirectMap2M:     4139008 kB


CPU:total 2 (2 cores per cpu, 1 threads per core) family 15 model 107 stepping 2, cmov, cx8, fxsr, mmx, sse, sse2, sse3, mmxext, 3dnowpref, tsc

/proc/cpuinfo:
processor	: 0
vendor_id	: AuthenticAMD
cpu family	: 15
model		: 107
model name	: AMD Athlon(tm) 64 X2 Dual Core Processor 5000+
stepping	: 2
cpu MHz		: 2613.546
cache size	: 512 KB
physical id	: 0
siblings	: 2
core id		: 0
cpu cores	: 2
apicid		: 0
initial apicid	: 0
fpu		: yes
fpu_exception	: yes
cpuid level	: 1
wp		: yes
flags		: fpu vme de pse tsc msr pae mce cx8 apic sep mtrr pge mca cmov pat pse36 clflush mmx fxsr sse sse2 ht syscall nx mmxext fxsr_opt rdtscp lm 3dnowext 3dnow rep_good nopl pni cx16 lahf_lm cmp_legacy svm extapic cr8_legacy 3dnowprefetch lbrv
bogomips	: 5227.09
TLB size	: 1024 4K pages
clflush size	: 64
cache_alignment	: 64
address sizes	: 40 bits physical, 48 bits virtual
power management: ts fid vid ttp tm stc 100mhzsteps

processor	: 1
vendor_id	: AuthenticAMD
cpu family	: 15
model		: 107
model name	: AMD Athlon(tm) 64 X2 Dual Core Processor 5000+
stepping	: 2
cpu MHz		: 2613.546
cache size	: 512 KB
physical id	: 0
siblings	: 2
core id		: 1
cpu cores	: 2
apicid		: 1
initial apicid	: 1
fpu		: yes
fpu_exception	: yes
cpuid level	: 1
wp		: yes
flags		: fpu vme de pse tsc msr pae mce cx8 apic sep mtrr pge mca cmov pat pse36 clflush mmx fxsr sse sse2 ht syscall nx mmxext fxsr_opt rdtscp lm 3dnowext 3dnow rep_good nopl pni cx16 lahf_lm cmp_legacy svm extapic cr8_legacy 3dnowprefetch lbrv
bogomips	: 5226.80
TLB size	: 1024 4K pages
clflush size	: 64
cache_alignment	: 64
address sizes	: 40 bits physical, 48 bits virtual
power management: ts fid vid ttp tm stc 100mhzsteps



Memory: 4k page, physical 4049168k(599900k free), swap 975868k(863264k free)

vm_info: Java HotSpot(TM) 64-Bit Server VM (23.21-b01) for linux-amd64 JRE (1.7.0_21-b11), built on Apr  4 2013 04:03:29 by "java_re" with gcc 4.3.0 20080428 (Red Hat 4.3.0-8)

time: Mon Jul 29 04:51:19 2013
elapsed time: 12 seconds

