#
# A fatal error has been detected by the Java Runtime Environment:
#
#  SIGSEGV (0xb) at pc=0x00007fd270d71961, pid=17211, tid=140541663753984
#
# JRE version: 7.0_21-b11
# Java VM: Java HotSpot(TM) 64-Bit Server VM (23.21-b01 mixed mode linux-amd64 compressed oops)
# Problematic frame:
# V  [libjvm.so+0x7a6961]  oopDesc* PSPromotionManager::copy_to_survivor_space<false>(oopDesc*)+0x81
#
# Failed to write core dump. Core dumps have been disabled. To enable core dumping, try "ulimit -c unlimited" before starting Java again
#
# If you would like to submit a bug report, please visit:
#   http://bugreport.sun.com/bugreport/crash.jsp
#

---------------  T H R E A D  ---------------

Current thread (0x00007fd26c019000):  GCTaskThread [stack: 0x00007fd267e1b000,0x00007fd267f1c000] [id=17216]

siginfo:si_signo=SIGSEGV: si_errno=0, si_code=1 (SEGV_MAPERR), si_addr=0x0000000000000100

Registers:
RAX=0x0000000000000100, RBX=0x00000000fd3730b0, RCX=0x0000000000000028, RDX=0x2e72880000000000
RSP=0x00007fd267f1aa60, RBP=0x00007fd267f1aad0, RSI=0x0000000000000028, RDI=0xfffffffffffffff8
R8 =0x0000000000000001, R9 =0x00007fd2712bf428, R10=0x00000000fd373040, R11=0x00007fd267f1aa80
R12=0x00000000fa125ad8, R13=0x0000000000000100, R14=0x0000000000000000, R15=0x0000000000000010
RIP=0x00007fd270d71961, EFLAGS=0x0000000000010206, CSGSFS=0x0000000000000033, ERR=0x0000000000000004
  TRAPNO=0x000000000000000e

Top of Stack: (sp=0x00007fd267f1aa60)
0x00007fd267f1aa60:   00007fd26c0195a0 00007fd2712bf428
0x00007fd267f1aa70:   0000000000000018 00007fd26c08c720
0x00007fd267f1aa80:   00000000fd1688f9 00000000ea9679dc
0x00007fd267f1aa90:   00000000f9fe8012 0000000000001000
0x00007fd267f1aaa0:   00000000ea966d48 00000000fd3730b0
0x00007fd267f1aab0:   00007fd26c08c720 00007fd2712a44b0
0x00007fd267f1aac0:   0000000000000000 00007fd26c08c790
0x00007fd267f1aad0:   00007fd267f1abc0 00007fd270d71730
0x00007fd267f1aae0:   00000000dae16710 00007fd267f1ab50
0x00007fd267f1aaf0:   00007fd267f1ab60 00007fd267f1ab20
0x00007fd267f1ab00:   00007fd267f1ab30 00007fd267f1ab80
0x00007fd267f1ab10:   00000000ea966a98 00007fd26c08c7a0
0x00007fd267f1ab20:   00000000e58701b8 00007fd26c08c720
0x00007fd267f1ab30:   00007fd26c012540 00007fd26809b401
0x00007fd267f1ab40:   00007fd267f1abc0 00007fd270aef7df
0x00007fd267f1ab50:   00000000e59bff95 00007fd26c08c790
0x00007fd267f1ab60:   00000000daef8298 00000000e59bff94
0x00007fd267f1ab70:   00007fd267f1abc0 00007fd270ad1248
0x00007fd267f1ab80:   00000000fd3730b1 00007fd26c08c788
0x00007fd267f1ab90:   00007fd267f1abc0 00000000e59c0010
0x00007fd267f1aba0:   00000000e59c0010 00007fd26809be01
0x00007fd267f1abb0:   00007fd26c012540 00007fd26809be01
0x00007fd267f1abc0:   00007fd267f1ac80 00007fd270905116
0x00007fd267f1abd0:   00007fd26c016b40 00007fd26809be00
0x00007fd267f1abe0:   00007fd26809bd81 00007fd2712bf428
0x00007fd267f1abf0:   00007fd26c08c720 00000000ea968a98
0x00007fd267f1ac00:   00007fd26c0122e0 00007fd2680c3b46
0x00007fd267f1ac10:   00000000e59bf608 0000000000000100
0x00007fd267f1ac20:   00000000e59c0010 00007fd26809bdff
0x00007fd267f1ac30:   0000000000000240 00007fd26809be00
0x00007fd267f1ac40:   00007fd26809be80 00007fd26809be01
0x00007fd267f1ac50:   00007fd26809bdff 00007fd26c01d280 

Instructions: (pc=0x00007fd270d71961)
0x00007fd270d71941:   01 0f 85 e0 00 00 00 89 f0 c1 f8 03 41 f6 c5 01
0x00007fd270d71951:   4c 63 f8 0f 85 ef 00 00 00 4c 89 e8 48 83 e0 fd
0x00007fd270d71961:   48 8b 00 48 c1 e8 03 89 c2 48 8b 05 97 fc 51 00
0x00007fd270d71971:   83 e2 0f 3b 10 0f 8d e8 00 00 00 48 8b 5d a8 4e 

Register to memory mapping:

RAX=0x0000000000000100 is an unknown value
RBX=0x00000000fd3730b0 is an unknown value
RCX=0x0000000000000028 is an unknown value
RDX=0x2e72880000000000 is an unknown value
RSP=0x00007fd267f1aa60 is an unknown value
RBP=0x00007fd267f1aad0 is an unknown value
RSI=0x0000000000000028 is an unknown value
RDI=0xfffffffffffffff8 is an unknown value
R8 =0x0000000000000001 is an unknown value
R9 =0x00007fd2712bf428: <offset 0xcf4428> in /usr/lib/jvm/jdk1.7.0_21/jre/lib/amd64/server/libjvm.so at 0x00007fd2705cb000
R10=0x00000000fd373040 is an oop
com.google.gwt.dev.js.ast.JsNormalScope 
 - klass: 'com/google/gwt/dev/js/ast/JsNormalScope'
R11=0x00007fd267f1aa80 is an unknown value
R12=0x00000000fa125ad8 is an unknown value
R13=0x0000000000000100 is an unknown value
R14=0x0000000000000000 is an unknown value
R15=0x0000000000000010 is an unknown value


Stack: [0x00007fd267e1b000,0x00007fd267f1c000],  sp=0x00007fd267f1aa60,  free space=1022k
Native frames: (J=compiled Java code, j=interpreted, Vv=VM code, C=native code)
V  [libjvm.so+0x7a6961]  oopDesc* PSPromotionManager::copy_to_survivor_space<false>(oopDesc*)+0x81
V  [libjvm.so+0x7a6730]  PSPromotionManager::drain_stacks_depth(bool)+0x7c0
V  [libjvm.so+0x33a116]  CardTableExtension::scavenge_contents_parallel(ObjectStartArray*, MutableSpace*, HeapWord*, PSPromotionManager*, unsigned int, unsigned int)+0xb56
V  [libjvm.so+0x7a978b]  OldToYoungRootsTask::do_it(GCTaskManager*, unsigned int)+0x4b
V  [libjvm.so+0x4b7ec0]  GCTaskThread::run()+0x130
V  [libjvm.so+0x749010]  java_start(Thread*)+0x100


---------------  P R O C E S S  ---------------

Java Threads: ( => current thread )
  0x00007fd26c398800 JavaThread "pool-1-thread-1" [_thread_blocked, id=17227, stack(0x00007fd2645cd000,0x00007fd2646ce000)]
  0x00007fd23c00c000 JavaThread "Timer-0" daemon [_thread_blocked, id=17226, stack(0x00007fd2644cc000,0x00007fd2645cd000)]
  0x00007fd26c0ed000 JavaThread "Service Thread" daemon [_thread_blocked, id=17223, stack(0x00007fd264d3c000,0x00007fd264e3d000)]
  0x00007fd26c0eb000 JavaThread "C2 CompilerThread1" daemon [_thread_blocked, id=17222, stack(0x00007fd264e3d000,0x00007fd264f3e000)]
  0x00007fd26c0e8000 JavaThread "C2 CompilerThread0" daemon [_thread_blocked, id=17221, stack(0x00007fd264f3e000,0x00007fd26503f000)]
  0x00007fd26c0e6000 JavaThread "Signal Dispatcher" daemon [_thread_blocked, id=17220, stack(0x00007fd26503f000,0x00007fd265140000)]
  0x00007fd26c098000 JavaThread "Finalizer" daemon [_thread_blocked, id=17219, stack(0x00007fd265823000,0x00007fd265924000)]
  0x00007fd26c096000 JavaThread "Reference Handler" daemon [_thread_blocked, id=17218, stack(0x00007fd265924000,0x00007fd265a25000)]
  0x00007fd26c009800 JavaThread "main" [_thread_blocked, id=17214, stack(0x00007fd271dee000,0x00007fd271eef000)]

Other Threads:
  0x00007fd26c08e800 VMThread [stack: 0x00007fd265a25000,0x00007fd265b26000] [id=17217]
  0x00007fd26c0f7800 WatcherThread [stack: 0x00007fd264c3b000,0x00007fd264d3c000] [id=17224]

=>0x00007fd26c019000 (exited) GCTaskThread [stack: 0x00007fd267e1b000,0x00007fd267f1c000] [id=17216]

VM state:at safepoint (normal execution)

VM Mutex/Monitor currently owned by a thread:  ([mutex/lock_event])
[0x00007fd26c005ba0] Threads_lock - owner thread: 0x00007fd26c08e800
[0x00007fd26c0060a0] Heap_lock - owner thread: 0x00007fd26c009800

Heap
 PSYoungGen      total 120832K, used 91065K [0x00000000f5560000, 0x00000000ffae0000, 0x0000000100000000)
  eden space 72320K, 100% used [0x00000000f5560000,0x00000000f9c00000,0x00000000f9c00000)
  from space 48512K, 38% used [0x00000000f9c00000,0x00000000fae4e460,0x00000000fcb60000)
  to   space 45760K, 34% used [0x00000000fce30000,0x00000000fddb0080,0x00000000ffae0000)
 ParOldGen       total 223040K, used 173482K [0x00000000e0000000, 0x00000000ed9d0000, 0x00000000f5560000)
  object space 223040K, 77% used [0x00000000e0000000,0x00000000ea96aa98,0x00000000ed9d0000)
 PSPermGen       total 30080K, used 20095K [0x00000000dae00000, 0x00000000dcb60000, 0x00000000e0000000)
  object space 30080K, 66% used [0x00000000dae00000,0x00000000dc19fc48,0x00000000dcb60000)

Card table byte_map: [0x00007fd268046000,0x00007fd268170000] byte_map_base: 0x00007fd26796f000

Polling page: 0x00007fd271f09000

Code Cache  [0x00007fd268170000, 0x00007fd2686d0000, 0x00007fd26b170000)
 total_blobs=2047 nmethods=1736 adapters=260 free_code_cache=43767Kb largest_free_block=44734336

Compilation events (10 events):
Event: 33,290 Thread 0x00007fd26c0eb000 nmethod 1984 0x00007fd268617690 code [0x00007fd2686177c0, 0x00007fd268617818]
Event: 33,290 Thread 0x00007fd26c0eb000 1985             com.google.gwt.dev.js.ast.JsVisitor::endVisit (1 bytes)
Event: 33,290 Thread 0x00007fd26c0eb000 nmethod 1985 0x00007fd2686b4790 code [0x00007fd2686b48c0, 0x00007fd2686b4918]
Event: 33,291 Thread 0x00007fd26c0e8000 nmethod 1979 0x00007fd2686c34d0 code [0x00007fd2686c3740, 0x00007fd2686c4080]
Event: 33,300 Thread 0x00007fd26c0eb000 1986             com.google.gwt.dev.jjs.impl.TypeTightener$RecordVisitor::endVisit (69 bytes)
Event: 33,303 Thread 0x00007fd26c0e8000 1987             com.google.gwt.dev.jjs.ast.JVisitor::endVisit (7 bytes)
Event: 33,303 Thread 0x00007fd26c0e8000 nmethod 1987 0x00007fd2686b4550 code [0x00007fd2686b46a0, 0x00007fd2686b4718]
Event: 33,304 Thread 0x00007fd26c0eb000 nmethod 1986 0x00007fd2686b0910 code [0x00007fd2686b0a80, 0x00007fd2686b0c08]
Event: 33,320 Thread 0x00007fd26c0e8000 1988             com.google.gwt.dev.jjs.impl.TypeTightener$RecordVisitor::endVisit (44 bytes)
Event: 33,326 Thread 0x00007fd26c0e8000 nmethod 1988 0x00007fd2686b56d0 code [0x00007fd2686b5860, 0x00007fd2686b5ba8]

GC Heap History (10 events):
Event: 25,067 GC heap after
Heap after GC invocations=24 (full 3):
 PSYoungGen      total 114304K, used 16245K [0x00000000f5560000, 0x00000000ffa60000, 0x0000000100000000)
  eden space 58240K, 0% used [0x00000000f5560000,0x00000000f5560000,0x00000000f8e40000)
  from space 56064K, 28% used [0x00000000f8e40000,0x00000000f9e1d618,0x00000000fc500000)
  to   space 52096K, 0% used [0x00000000fc780000,0x00000000fc780000,0x00000000ffa60000)
 ParOldGen       total 223040K, used 158215K [0x00000000e0000000, 0x00000000ed9d0000, 0x00000000f5560000)
  object space 223040K, 70% used [0x00000000e0000000,0x00000000e9a81cb8,0x00000000ed9d0000)
 PSPermGen       total 30080K, used 18721K [0x00000000dae00000, 0x00000000dcb60000, 0x00000000e0000000)
  object space 30080K, 62% used [0x00000000dae00000,0x00000000dc0484d8,0x00000000dcb60000)
}
Event: 25,393 GC heap before
{Heap before GC invocations=25 (full 3):
 PSYoungGen      total 114304K, used 74485K [0x00000000f5560000, 0x00000000ffa60000, 0x0000000100000000)
  eden space 58240K, 100% used [0x00000000f5560000,0x00000000f8e40000,0x00000000f8e40000)
  from space 56064K, 28% used [0x00000000f8e40000,0x00000000f9e1d618,0x00000000fc500000)
  to   space 52096K, 0% used [0x00000000fc780000,0x00000000fc780000,0x00000000ffa60000)
 ParOldGen       total 223040K, used 158215K [0x00000000e0000000, 0x00000000ed9d0000, 0x00000000f5560000)
  object space 223040K, 70% used [0x00000000e0000000,0x00000000e9a81cb8,0x00000000ed9d0000)
 PSPermGen       total 30080K, used 18723K [0x00000000dae00000, 0x00000000dcb60000, 0x00000000e0000000)
  object space 30080K, 62% used [0x00000000dae00000,0x00000000dc048cd0,0x00000000dcb60000)
Event: 25,471 GC heap after
Heap after GC invocations=25 (full 3):
 PSYoungGen      total 116992K, used 25395K [0x00000000f5560000, 0x00000000ffbe0000, 0x0000000100000000)
  eden space 64896K, 0% used [0x00000000f5560000,0x00000000f5560000,0x00000000f94c0000)
  from space 52096K, 48% used [0x00000000fc780000,0x00000000fe04cd00,0x00000000ffa60000)
  to   space 51968K, 0% used [0x00000000f94c0000,0x00000000f94c0000,0x00000000fc780000)
 ParOldGen       total 223040K, used 158215K [0x00000000e0000000, 0x00000000ed9d0000, 0x00000000f5560000)
  object space 223040K, 70% used [0x00000000e0000000,0x00000000e9a81cb8,0x00000000ed9d0000)
 PSPermGen       total 30080K, used 18723K [0x00000000dae00000, 0x00000000dcb60000, 0x00000000e0000000)
  object space 30080K, 62% used [0x00000000dae00000,0x00000000dc048cd0,0x00000000dcb60000)
}
Event: 26,674 GC heap before
{Heap before GC invocations=26 (full 3):
 PSYoungGen      total 116992K, used 90291K [0x00000000f5560000, 0x00000000ffbe0000, 0x0000000100000000)
  eden space 64896K, 100% used [0x00000000f5560000,0x00000000f94c0000,0x00000000f94c0000)
  from space 52096K, 48% used [0x00000000fc780000,0x00000000fe04cd00,0x00000000ffa60000)
  to   space 51968K, 0% used [0x00000000f94c0000,0x00000000f94c0000,0x00000000fc780000)
 ParOldGen       total 223040K, used 158215K [0x00000000e0000000, 0x00000000ed9d0000, 0x00000000f5560000)
  object space 223040K, 70% used [0x00000000e0000000,0x00000000e9a81cb8,0x00000000ed9d0000)
 PSPermGen       total 30080K, used 19231K [0x00000000dae00000, 0x00000000dcb60000, 0x00000000e0000000)
  object space 30080K, 63% used [0x00000000dae00000,0x00000000dc0c7ec8,0x00000000dcb60000)
Event: 26,763 GC heap after
Heap after GC invocations=26 (full 3):
 PSYoungGen      total 116864K, used 22279K [0x00000000f5560000, 0x00000000ffce0000, 0x0000000100000000)
  eden space 64896K, 0% used [0x00000000f5560000,0x00000000f5560000,0x00000000f94c0000)
  from space 51968K, 42% used [0x00000000f94c0000,0x00000000faa81eb0,0x00000000fc780000)
  to   space 50432K, 0% used [0x00000000fcba0000,0x00000000fcba0000,0x00000000ffce0000)
 ParOldGen       total 223040K, used 165877K [0x00000000e0000000, 0x00000000ed9d0000, 0x00000000f5560000)
  object space 223040K, 74% used [0x00000000e0000000,0x00000000ea1fd5d8,0x00000000ed9d0000)
 PSPermGen       total 30080K, used 19231K [0x00000000dae00000, 0x00000000dcb60000, 0x00000000e0000000)
  object space 30080K, 63% used [0x00000000dae00000,0x00000000dc0c7ec8,0x00000000dcb60000)
}
Event: 29,487 GC heap before
{Heap before GC invocations=27 (full 3):
 PSYoungGen      total 116864K, used 87175K [0x00000000f5560000, 0x00000000ffce0000, 0x0000000100000000)
  eden space 64896K, 100% used [0x00000000f5560000,0x00000000f94c0000,0x00000000f94c0000)
  from space 51968K, 42% used [0x00000000f94c0000,0x00000000faa81eb0,0x00000000fc780000)
  to   space 50432K, 0% used [0x00000000fcba0000,0x00000000fcba0000,0x00000000ffce0000)
 ParOldGen       total 223040K, used 165877K [0x00000000e0000000, 0x00000000ed9d0000, 0x00000000f5560000)
  object space 223040K, 74% used [0x00000000e0000000,0x00000000ea1fd5d8,0x00000000ed9d0000)
 PSPermGen       total 30080K, used 19705K [0x00000000dae00000, 0x00000000dcb60000, 0x00000000e0000000)
  object space 30080K, 65% used [0x00000000dae00000,0x00000000dc13e4b8,0x00000000dcb60000)
Event: 29,586 GC heap after
Heap after GC invocations=27 (full 3):
 PSYoungGen      total 120576K, used 21219K [0x00000000f5560000, 0x00000000ffac0000, 0x0000000100000000)
  eden space 72320K, 0% used [0x00000000f5560000,0x00000000f5560000,0x00000000f9c00000)
  from space 48256K, 43% used [0x00000000fcba0000,0x00000000fe058c50,0x00000000ffac0000)
  to   space 48512K, 0% used [0x00000000f9c00000,0x00000000f9c00000,0x00000000fcb60000)
 ParOldGen       total 223040K, used 173474K [0x00000000e0000000, 0x00000000ed9d0000, 0x00000000f5560000)
  object space 223040K, 77% used [0x00000000e0000000,0x00000000ea968a98,0x00000000ed9d0000)
 PSPermGen       total 30080K, used 19705K [0x00000000dae00000, 0x00000000dcb60000, 0x00000000e0000000)
  object space 30080K, 65% used [0x00000000dae00000,0x00000000dc13e4b8,0x00000000dcb60000)
}
Event: 31,921 GC heap before
{Heap before GC invocations=28 (full 3):
 PSYoungGen      total 120576K, used 93539K [0x00000000f5560000, 0x00000000ffac0000, 0x0000000100000000)
  eden space 72320K, 100% used [0x00000000f5560000,0x00000000f9c00000,0x00000000f9c00000)
  from space 48256K, 43% used [0x00000000fcba0000,0x00000000fe058c50,0x00000000ffac0000)
  to   space 48512K, 0% used [0x00000000f9c00000,0x00000000f9c00000,0x00000000fcb60000)
 ParOldGen       total 223040K, used 173474K [0x00000000e0000000, 0x00000000ed9d0000, 0x00000000f5560000)
  object space 223040K, 77% used [0x00000000e0000000,0x00000000ea968a98,0x00000000ed9d0000)
 PSPermGen       total 30080K, used 20075K [0x00000000dae00000, 0x00000000dcb60000, 0x00000000e0000000)
  object space 30080K, 66% used [0x00000000dae00000,0x00000000dc19ae78,0x00000000dcb60000)
Event: 31,995 GC heap after
Heap after GC invocations=28 (full 3):
 PSYoungGen      total 120832K, used 18745K [0x00000000f5560000, 0x00000000ffae0000, 0x0000000100000000)
  eden space 72320K, 0% used [0x00000000f5560000,0x00000000f5560000,0x00000000f9c00000)
  from space 48512K, 38% used [0x00000000f9c00000,0x00000000fae4e460,0x00000000fcb60000)
  to   space 45760K, 0% used [0x00000000fce30000,0x00000000fce30000,0x00000000ffae0000)
 ParOldGen       total 223040K, used 173474K [0x00000000e0000000, 0x00000000ed9d0000, 0x00000000f5560000)
  object space 223040K, 77% used [0x00000000e0000000,0x00000000ea968a98,0x00000000ed9d0000)
 PSPermGen       total 30080K, used 20075K [0x00000000dae00000, 0x00000000dcb60000, 0x00000000e0000000)
  object space 30080K, 66% used [0x00000000dae00000,0x00000000dc19ae78,0x00000000dcb60000)
}
Event: 33,329 GC heap before
{Heap before GC invocations=29 (full 3):
 PSYoungGen      total 120832K, used 91065K [0x00000000f5560000, 0x00000000ffae0000, 0x0000000100000000)
  eden space 72320K, 100% used [0x00000000f5560000,0x00000000f9c00000,0x00000000f9c00000)
  from space 48512K, 38% used [0x00000000f9c00000,0x00000000fae4e460,0x00000000fcb60000)
  to   space 45760K, 0% used [0x00000000fce30000,0x00000000fce30000,0x00000000ffae0000)
 ParOldGen       total 223040K, used 173474K [0x00000000e0000000, 0x00000000ed9d0000, 0x00000000f5560000)
  object space 223040K, 77% used [0x00000000e0000000,0x00000000ea968a98,0x00000000ed9d0000)
 PSPermGen       total 30080K, used 20095K [0x00000000dae00000, 0x00000000dcb60000, 0x00000000e0000000)
  object space 30080K, 66% used [0x00000000dae00000,0x00000000dc19fc48,0x00000000dcb60000)

Deoptimization events (10 events):
Event: 32,550 Thread 0x00007fd26c009800 Uncommon trap -83 fr.pc 0x00007fd26862050c
Event: 32,688 Thread 0x00007fd26c009800 Uncommon trap -34 fr.pc 0x00007fd268619c34
Event: 32,695 Thread 0x00007fd26c009800 Uncommon trap -58 fr.pc 0x00007fd2685b8f5c
Event: 32,695 Thread 0x00007fd26c009800 Uncommon trap -58 fr.pc 0x00007fd2685b8f5c
Event: 32,695 Thread 0x00007fd26c009800 Uncommon trap -58 fr.pc 0x00007fd2685b8f5c
Event: 32,695 Thread 0x00007fd26c009800 Uncommon trap -58 fr.pc 0x00007fd2685b8f5c
Event: 32,762 Thread 0x00007fd26c009800 Uncommon trap -34 fr.pc 0x00007fd268632054
Event: 32,762 Thread 0x00007fd26c009800 Uncommon trap -34 fr.pc 0x00007fd268632054
Event: 32,762 Thread 0x00007fd26c009800 Uncommon trap -34 fr.pc 0x00007fd268632054
Event: 32,762 Thread 0x00007fd26c009800 Uncommon trap -34 fr.pc 0x00007fd268632054

Internal exceptions (10 events):
Event: 30,642 Thread 0x00007fd26c009800 Threw 0x00000000f8800120 at /HUDSON/workspace/jdk7u21-2-build-linux-amd64-product/jdk7u21/hotspot/src/share/vm/prims/jvm.cpp:1166
Event: 30,643 Thread 0x00007fd26c009800 Threw 0x00000000f880a320 at /HUDSON/workspace/jdk7u21-2-build-linux-amd64-product/jdk7u21/hotspot/src/share/vm/prims/jvm.cpp:1166
Event: 30,787 Thread 0x00007fd26c009800 Threw 0x00000000f89210c0 at /HUDSON/workspace/jdk7u21-2-build-linux-amd64-product/jdk7u21/hotspot/src/share/vm/prims/jvm.cpp:1166
Event: 30,796 Thread 0x00007fd26c009800 Threw 0x00000000f8937970 at /HUDSON/workspace/jdk7u21-2-build-linux-amd64-product/jdk7u21/hotspot/src/share/vm/prims/jvm.cpp:1166
Event: 30,797 Thread 0x00007fd26c009800 Threw 0x00000000f8945290 at /HUDSON/workspace/jdk7u21-2-build-linux-amd64-product/jdk7u21/hotspot/src/share/vm/prims/jvm.cpp:1166
Event: 30,798 Thread 0x00007fd26c009800 Threw 0x00000000f8953c68 at /HUDSON/workspace/jdk7u21-2-build-linux-amd64-product/jdk7u21/hotspot/src/share/vm/prims/jvm.cpp:1166
Event: 31,091 Thread 0x00007fd26c009800 Threw 0x00000000f898b4e0 at /HUDSON/workspace/jdk7u21-2-build-linux-amd64-product/jdk7u21/hotspot/src/share/vm/prims/jvm.cpp:1166
Event: 31,110 Thread 0x00007fd26c009800 Threw 0x00000000f8998c40 at /HUDSON/workspace/jdk7u21-2-build-linux-amd64-product/jdk7u21/hotspot/src/share/vm/prims/jvm.cpp:1166
Event: 31,268 Thread 0x00007fd26c009800 Threw 0x00000000f8c791d8 at /HUDSON/workspace/jdk7u21-2-build-linux-amd64-product/jdk7u21/hotspot/src/share/vm/prims/jvm.cpp:1166
Event: 32,794 Thread 0x00007fd26c009800 Threw 0x00000000f8717f20 at /HUDSON/workspace/jdk7u21-2-build-linux-amd64-product/jdk7u21/hotspot/src/share/vm/prims/jvm.cpp:1166

Events (10 events):
Event: 32,762 Thread 0x00007fd26c009800 DEOPT UNPACKING pc=0x00007fd2681a9145 sp=0x00007fd271eecbd0 mode 2
Event: 32,762 Thread 0x00007fd26c009800 DEOPT PACKING pc=0x00007fd268632054 sp=0x00007fd271eecbf0
Event: 32,762 Thread 0x00007fd26c009800 DEOPT UNPACKING pc=0x00007fd2681a9145 sp=0x00007fd271eecbd0 mode 2
Event: 32,794 loading class 0x00007fd26c5637e0
Event: 32,794 loading class 0x00007fd26c5637e0 done
Event: 33,060 Thread 0x00007fd26c0eb000 flushing nmethod 0x00007fd2682f1f50
Event: 33,217 Thread 0x00007fd26c0e8000 flushing nmethod 0x00007fd268562790
Event: 33,223 Thread 0x00007fd26c0e8000 flushing nmethod 0x00007fd2685720d0
Event: 33,238 Thread 0x00007fd26c0eb000 flushing nmethod 0x00007fd268617690
Event: 33,329 Executing VM operation: ParallelGCFailedAllocation


Dynamic libraries:
00400000-00401000 r-xp 00000000 08:13 3163647                            /usr/lib/jvm/jdk1.7.0_21/jre/bin/java
00600000-00601000 rw-p 00000000 08:13 3163647                            /usr/lib/jvm/jdk1.7.0_21/jre/bin/java
00760000-00781000 rw-p 00000000 00:00 0                                  [heap]
dae00000-dcb60000 rw-p 00000000 00:00 0 
dcb60000-e0000000 rw-p 00000000 00:00 0 
e0000000-ed9d0000 rw-p 00000000 00:00 0 
ed9d0000-f5560000 rw-p 00000000 00:00 0 
f5560000-ffae0000 rw-p 00000000 00:00 0 
ffae0000-100000000 ---p 00000000 00:00 0 
7fd224000000-7fd224675000 rw-p 00000000 00:00 0 
7fd224675000-7fd228000000 ---p 00000000 00:00 0 
7fd22c000000-7fd22c03b000 rw-p 00000000 00:00 0 
7fd22c03b000-7fd230000000 ---p 00000000 00:00 0 
7fd230000000-7fd230021000 rw-p 00000000 00:00 0 
7fd230021000-7fd234000000 ---p 00000000 00:00 0 
7fd23781e000-7fd237824000 r-xp 00000000 08:13 659491                     /usr/lib/jvm/jdk1.7.0_21/jre/lib/amd64/headless/libmawt.so
7fd237824000-7fd237a24000 ---p 00006000 08:13 659491                     /usr/lib/jvm/jdk1.7.0_21/jre/lib/amd64/headless/libmawt.so
7fd237a24000-7fd237a25000 rw-p 00006000 08:13 659491                     /usr/lib/jvm/jdk1.7.0_21/jre/lib/amd64/headless/libmawt.so
7fd237a25000-7fd237ac7000 r-xp 00000000 08:13 659451                     /usr/lib/jvm/jdk1.7.0_21/jre/lib/amd64/libawt.so
7fd237ac7000-7fd237cc7000 ---p 000a2000 08:13 659451                     /usr/lib/jvm/jdk1.7.0_21/jre/lib/amd64/libawt.so
7fd237cc7000-7fd237cd3000 rw-p 000a2000 08:13 659451                     /usr/lib/jvm/jdk1.7.0_21/jre/lib/amd64/libawt.so
7fd237cd3000-7fd237cf7000 rw-p 00000000 00:00 0 
7fd237cf7000-7fd237cfa000 ---p 00000000 00:00 0 
7fd237cfa000-7fd237df8000 rw-p 00000000 00:00 0 
7fd237df8000-7fd237e00000 r-xp 00000000 08:13 659485                     /usr/lib/jvm/jdk1.7.0_21/jre/lib/amd64/libmanagement.so
7fd237e00000-7fd237fff000 ---p 00008000 08:13 659485                     /usr/lib/jvm/jdk1.7.0_21/jre/lib/amd64/libmanagement.so
7fd237fff000-7fd238000000 rw-p 00007000 08:13 659485                     /usr/lib/jvm/jdk1.7.0_21/jre/lib/amd64/libmanagement.so
7fd238000000-7fd238021000 rw-p 00000000 00:00 0 
7fd238021000-7fd23c000000 ---p 00000000 00:00 0 
7fd23c000000-7fd23c151000 rw-p 00000000 00:00 0 
7fd23c151000-7fd240000000 ---p 00000000 00:00 0 
7fd240000000-7fd2417d1000 rw-p 00000000 00:00 0 
7fd2417d1000-7fd244000000 ---p 00000000 00:00 0 
7fd244000000-7fd244021000 rw-p 00000000 00:00 0 
7fd244021000-7fd248000000 ---p 00000000 00:00 0 
7fd248000000-7fd248021000 rw-p 00000000 00:00 0 
7fd248021000-7fd24c000000 ---p 00000000 00:00 0 
7fd24c000000-7fd24fffb000 rw-p 00000000 00:00 0 
7fd24fffb000-7fd250000000 ---p 00000000 00:00 0 
7fd250000000-7fd250021000 rw-p 00000000 00:00 0 
7fd250021000-7fd254000000 ---p 00000000 00:00 0 
7fd254000000-7fd254021000 rw-p 00000000 00:00 0 
7fd254021000-7fd258000000 ---p 00000000 00:00 0 
7fd258000000-7fd258218000 rw-p 00000000 00:00 0 
7fd258218000-7fd25c000000 ---p 00000000 00:00 0 
7fd25c000000-7fd25c021000 rw-p 00000000 00:00 0 
7fd25c021000-7fd260000000 ---p 00000000 00:00 0 
7fd260000000-7fd260023000 rw-p 00000000 00:00 0 
7fd260023000-7fd264000000 ---p 00000000 00:00 0 
7fd26404f000-7fd264074000 r--p 00000000 08:13 3680972                    /usr/share/locale-langpack/es/LC_MESSAGES/libc.mo
7fd264074000-7fd2640a5000 rw-p 00000000 00:00 0 
7fd2640a5000-7fd2640ba000 r-xp 00000000 08:13 659442                     /usr/lib/jvm/jdk1.7.0_21/jre/lib/amd64/libnet.so
7fd2640ba000-7fd2642ba000 ---p 00015000 08:13 659442                     /usr/lib/jvm/jdk1.7.0_21/jre/lib/amd64/libnet.so
7fd2642ba000-7fd2642bb000 rw-p 00015000 08:13 659442                     /usr/lib/jvm/jdk1.7.0_21/jre/lib/amd64/libnet.so
7fd2642bb000-7fd2642cb000 r-xp 00000000 08:13 659437                     /usr/lib/jvm/jdk1.7.0_21/jre/lib/amd64/libnio.so
7fd2642cb000-7fd2644cb000 ---p 00010000 08:13 659437                     /usr/lib/jvm/jdk1.7.0_21/jre/lib/amd64/libnio.so
7fd2644cb000-7fd2644cc000 rw-p 00010000 08:13 659437                     /usr/lib/jvm/jdk1.7.0_21/jre/lib/amd64/libnio.so
7fd2644cc000-7fd2644cf000 ---p 00000000 00:00 0 
7fd2644cf000-7fd2645cd000 rw-p 00000000 00:00 0 
7fd2645cd000-7fd2645d0000 ---p 00000000 00:00 0 
7fd2645d0000-7fd264738000 rw-p 00000000 00:00 0 
7fd264738000-7fd2648f3000 r--s 01e99000 08:13 3022401                    /home/luis/.m2/repository/com/google/gwt/gwt-dev/2.5.1/gwt-dev-2.5.1.jar
7fd2648f3000-7fd26492f000 rw-p 00000000 00:00 0 
7fd26492f000-7fd264a34000 r--s 01a68000 08:13 3020957                    /home/luis/.m2/repository/com/google/gwt/gwt-user/2.5.1/gwt-user-2.5.1.jar
7fd264a34000-7fd264a36000 r--s 0000e000 08:13 4606659                    /home/luis/.m2/repository/javax/activation/activation/1.1/activation-1.1.jar
7fd264a36000-7fd264a3e000 r--s 00078000 08:13 3028014                    /home/luis/.m2/repository/com/sun/mail/javax.mail/1.5.0/javax.mail-1.5.0.jar
7fd264a3e000-7fd264a72000 r--s 001a4000 08:13 3028012                    /home/luis/.m2/repository/javax/javaee-api/7.0/javaee-api-7.0.jar
7fd264a72000-7fd264ae9000 r--s 009b7000 08:13 2890503                    /home/luis/Programacion/workspace/gha/lib/smartgwt-3.1.jar
7fd264ae9000-7fd264aed000 r--s 0000c000 08:13 2892744                    /home/luis/Programacion/workspace/gha/domain/target/domain-1-sources.jar
7fd264aed000-7fd264af6000 r--s 0006d000 08:13 2895998                    /home/luis/.m2/repository/log4j/log4j/1.2.16/log4j-1.2.16.jar
7fd264af6000-7fd264afa000 r--s 00015000 08:13 2892741                    /home/luis/Programacion/workspace/gha/domain/target/domain-1.jar
7fd264afa000-7fd264afb000 r--s 00001000 08:13 3027880                    /home/luis/Programacion/workspace/gha/ejb/target/ejb-1-client.jar
7fd264afb000-7fd264b37000 rw-p 00000000 00:00 0 
7fd264b37000-7fd264c3b000 r--s 01a55000 08:13 2890501                    /home/luis/Programacion/workspace/gha/lib/gwt-user-2.5.1.jar
7fd264c3b000-7fd264c3c000 ---p 00000000 00:00 0 
7fd264c3c000-7fd264d3c000 rw-p 00000000 00:00 0 
7fd264d3c000-7fd264d3f000 ---p 00000000 00:00 0 
7fd264d3f000-7fd264e3d000 rw-p 00000000 00:00 0 
7fd264e3d000-7fd264e40000 ---p 00000000 00:00 0 
7fd264e40000-7fd264f3e000 rw-p 00000000 00:00 0 
7fd264f3e000-7fd264f41000 ---p 00000000 00:00 0 
7fd264f41000-7fd26503f000 rw-p 00000000 00:00 0 
7fd26503f000-7fd265042000 ---p 00000000 00:00 0 
7fd265042000-7fd265140000 rw-p 00000000 00:00 0 
7fd265140000-7fd265823000 r--p 00000000 08:13 3158712                    /usr/lib/locale/locale-archive
7fd265823000-7fd265826000 ---p 00000000 00:00 0 
7fd265826000-7fd265924000 rw-p 00000000 00:00 0 
7fd265924000-7fd265927000 ---p 00000000 00:00 0 
7fd265927000-7fd265a25000 rw-p 00000000 00:00 0 
7fd265a25000-7fd265a26000 ---p 00000000 00:00 0 
7fd265a26000-7fd266502000 rw-p 00000000 00:00 0 
7fd266502000-7fd2666bf000 r--s 039de000 08:13 3163680                    /usr/lib/jvm/jdk1.7.0_21/jre/lib/rt.jar
7fd2666bf000-7fd267e1b000 rw-p 00000000 00:00 0 
7fd267e1b000-7fd267e1c000 ---p 00000000 00:00 0 
7fd267e1c000-7fd267f1c000 rw-p 00000000 00:00 0 
7fd267f1c000-7fd267f1d000 ---p 00000000 00:00 0 
7fd267f1d000-7fd26802c000 rw-p 00000000 00:00 0 
7fd26802c000-7fd268046000 rw-p 00000000 00:00 0 
7fd268046000-7fd268055000 rw-p 00000000 00:00 0 
7fd268055000-7fd26806f000 rw-p 00000000 00:00 0 
7fd26806f000-7fd2680dc000 rw-p 00000000 00:00 0 
7fd2680dc000-7fd268119000 rw-p 00000000 00:00 0 
7fd268119000-7fd26816d000 rw-p 00000000 00:00 0 
7fd26816d000-7fd26816f000 ---p 00000000 00:00 0 
7fd26816f000-7fd268170000 rw-p 00000000 00:00 0 
7fd268170000-7fd2686d0000 rwxp 00000000 00:00 0 
7fd2686d0000-7fd26b170000 rw-p 00000000 00:00 0 
7fd26b170000-7fd26b18a000 r-xp 00000000 08:13 659488                     /usr/lib/jvm/jdk1.7.0_21/jre/lib/amd64/libzip.so
7fd26b18a000-7fd26b38a000 ---p 0001a000 08:13 659488                     /usr/lib/jvm/jdk1.7.0_21/jre/lib/amd64/libzip.so
7fd26b38a000-7fd26b38b000 rw-p 0001a000 08:13 659488                     /usr/lib/jvm/jdk1.7.0_21/jre/lib/amd64/libzip.so
7fd26b38b000-7fd26b397000 r-xp 00000000 08:13 1054176                    /lib/x86_64-linux-gnu/libnss_files-2.15.so
7fd26b397000-7fd26b596000 ---p 0000c000 08:13 1054176                    /lib/x86_64-linux-gnu/libnss_files-2.15.so
7fd26b596000-7fd26b597000 r--p 0000b000 08:13 1054176                    /lib/x86_64-linux-gnu/libnss_files-2.15.so
7fd26b597000-7fd26b598000 rw-p 0000c000 08:13 1054176                    /lib/x86_64-linux-gnu/libnss_files-2.15.so
7fd26b598000-7fd26b5a2000 r-xp 00000000 08:13 1051530                    /lib/x86_64-linux-gnu/libnss_nis-2.15.so
7fd26b5a2000-7fd26b7a2000 ---p 0000a000 08:13 1051530                    /lib/x86_64-linux-gnu/libnss_nis-2.15.so
7fd26b7a2000-7fd26b7a3000 r--p 0000a000 08:13 1051530                    /lib/x86_64-linux-gnu/libnss_nis-2.15.so
7fd26b7a3000-7fd26b7a4000 rw-p 0000b000 08:13 1051530                    /lib/x86_64-linux-gnu/libnss_nis-2.15.so
7fd26b7a4000-7fd26b7bb000 r-xp 00000000 08:13 1054461                    /lib/x86_64-linux-gnu/libnsl-2.15.so
7fd26b7bb000-7fd26b9ba000 ---p 00017000 08:13 1054461                    /lib/x86_64-linux-gnu/libnsl-2.15.so
7fd26b9ba000-7fd26b9bb000 r--p 00016000 08:13 1054461                    /lib/x86_64-linux-gnu/libnsl-2.15.so
7fd26b9bb000-7fd26b9bc000 rw-p 00017000 08:13 1054461                    /lib/x86_64-linux-gnu/libnsl-2.15.so
7fd26b9bc000-7fd26b9be000 rw-p 00000000 00:00 0 
7fd26b9be000-7fd26b9c6000 r-xp 00000000 08:13 1054177                    /lib/x86_64-linux-gnu/libnss_compat-2.15.so
7fd26b9c6000-7fd26bbc5000 ---p 00008000 08:13 1054177                    /lib/x86_64-linux-gnu/libnss_compat-2.15.so
7fd26bbc5000-7fd26bbc6000 r--p 00007000 08:13 1054177                    /lib/x86_64-linux-gnu/libnss_compat-2.15.so
7fd26bbc6000-7fd26bbc7000 rw-p 00008000 08:13 1054177                    /lib/x86_64-linux-gnu/libnss_compat-2.15.so
7fd26bbc7000-7fd26bbf0000 r-xp 00000000 08:13 659472                     /usr/lib/jvm/jdk1.7.0_21/jre/lib/amd64/libjava.so
7fd26bbf0000-7fd26bdf0000 ---p 00029000 08:13 659472                     /usr/lib/jvm/jdk1.7.0_21/jre/lib/amd64/libjava.so
7fd26bdf0000-7fd26bdf2000 rw-p 00029000 08:13 659472                     /usr/lib/jvm/jdk1.7.0_21/jre/lib/amd64/libjava.so
7fd26bdf2000-7fd26bdff000 r-xp 00000000 08:13 659470                     /usr/lib/jvm/jdk1.7.0_21/jre/lib/amd64/libverify.so
7fd26bdff000-7fd26bffe000 ---p 0000d000 08:13 659470                     /usr/lib/jvm/jdk1.7.0_21/jre/lib/amd64/libverify.so
7fd26bffe000-7fd26c000000 rw-p 0000c000 08:13 659470                     /usr/lib/jvm/jdk1.7.0_21/jre/lib/amd64/libverify.so
7fd26c000000-7fd26c7bf000 rw-p 00000000 00:00 0 
7fd26c7bf000-7fd270000000 ---p 00000000 00:00 0 
7fd270015000-7fd27001c000 r--s 00000000 08:13 3421126                    /usr/lib/x86_64-linux-gnu/gconv/gconv-modules.cache
7fd27001c000-7fd270089000 rw-p 00000000 00:00 0 
7fd270089000-7fd2700c7000 rw-p 00000000 00:00 0 
7fd2700c7000-7fd2700ce000 r-xp 00000000 08:13 1050759                    /lib/x86_64-linux-gnu/librt-2.15.so
7fd2700ce000-7fd2702cd000 ---p 00007000 08:13 1050759                    /lib/x86_64-linux-gnu/librt-2.15.so
7fd2702cd000-7fd2702ce000 r--p 00006000 08:13 1050759                    /lib/x86_64-linux-gnu/librt-2.15.so
7fd2702ce000-7fd2702cf000 rw-p 00007000 08:13 1050759                    /lib/x86_64-linux-gnu/librt-2.15.so
7fd2702cf000-7fd2703ca000 r-xp 00000000 08:13 1051532                    /lib/x86_64-linux-gnu/libm-2.15.so
7fd2703ca000-7fd2705c9000 ---p 000fb000 08:13 1051532                    /lib/x86_64-linux-gnu/libm-2.15.so
7fd2705c9000-7fd2705ca000 r--p 000fa000 08:13 1051532                    /lib/x86_64-linux-gnu/libm-2.15.so
7fd2705ca000-7fd2705cb000 rw-p 000fb000 08:13 1051532                    /lib/x86_64-linux-gnu/libm-2.15.so
7fd2705cb000-7fd271015000 r-xp 00000000 08:13 659478                     /usr/lib/jvm/jdk1.7.0_21/jre/lib/amd64/server/libjvm.so
7fd271015000-7fd271214000 ---p 00a4a000 08:13 659478                     /usr/lib/jvm/jdk1.7.0_21/jre/lib/amd64/server/libjvm.so
7fd271214000-7fd2712b8000 rw-p 00a49000 08:13 659478                     /usr/lib/jvm/jdk1.7.0_21/jre/lib/amd64/server/libjvm.so
7fd2712b8000-7fd2712f3000 rw-p 00000000 00:00 0 
7fd2712f3000-7fd2714a8000 r-xp 00000000 08:13 1050689                    /lib/x86_64-linux-gnu/libc-2.15.so
7fd2714a8000-7fd2716a7000 ---p 001b5000 08:13 1050689                    /lib/x86_64-linux-gnu/libc-2.15.so
7fd2716a7000-7fd2716ab000 r--p 001b4000 08:13 1050689                    /lib/x86_64-linux-gnu/libc-2.15.so
7fd2716ab000-7fd2716ad000 rw-p 001b8000 08:13 1050689                    /lib/x86_64-linux-gnu/libc-2.15.so
7fd2716ad000-7fd2716b2000 rw-p 00000000 00:00 0 
7fd2716b2000-7fd2716b4000 r-xp 00000000 08:13 1050688                    /lib/x86_64-linux-gnu/libdl-2.15.so
7fd2716b4000-7fd2718b4000 ---p 00002000 08:13 1050688                    /lib/x86_64-linux-gnu/libdl-2.15.so
7fd2718b4000-7fd2718b5000 r--p 00002000 08:13 1050688                    /lib/x86_64-linux-gnu/libdl-2.15.so
7fd2718b5000-7fd2718b6000 rw-p 00003000 08:13 1050688                    /lib/x86_64-linux-gnu/libdl-2.15.so
7fd2718b6000-7fd2718cc000 r-xp 00000000 08:13 659447                     /usr/lib/jvm/jdk1.7.0_21/jre/lib/amd64/jli/libjli.so
7fd2718cc000-7fd271acc000 ---p 00016000 08:13 659447                     /usr/lib/jvm/jdk1.7.0_21/jre/lib/amd64/jli/libjli.so
7fd271acc000-7fd271acd000 rw-p 00016000 08:13 659447                     /usr/lib/jvm/jdk1.7.0_21/jre/lib/amd64/jli/libjli.so
7fd271acd000-7fd271ae5000 r-xp 00000000 08:13 1050755                    /lib/x86_64-linux-gnu/libpthread-2.15.so
7fd271ae5000-7fd271ce4000 ---p 00018000 08:13 1050755                    /lib/x86_64-linux-gnu/libpthread-2.15.so
7fd271ce4000-7fd271ce5000 r--p 00017000 08:13 1050755                    /lib/x86_64-linux-gnu/libpthread-2.15.so
7fd271ce5000-7fd271ce6000 rw-p 00018000 08:13 1050755                    /lib/x86_64-linux-gnu/libpthread-2.15.so
7fd271ce6000-7fd271cea000 rw-p 00000000 00:00 0 
7fd271cea000-7fd271d0c000 r-xp 00000000 08:13 1054181                    /lib/x86_64-linux-gnu/ld-2.15.so
7fd271d11000-7fd271d15000 r--s 0008a000 08:13 3163660                    /usr/lib/jvm/jdk1.7.0_21/jre/lib/jsse.jar
7fd271d15000-7fd271d18000 r--s 000f7000 08:13 659521                     /usr/lib/jvm/jdk1.7.0_21/jre/lib/ext/localedata.jar
7fd271d18000-7fd271d1a000 r--s 00001000 08:13 659520                     /usr/lib/jvm/jdk1.7.0_21/jre/lib/ext/dnsns.jar
7fd271d1a000-7fd271d1e000 r--s 0002d000 08:13 659516                     /usr/lib/jvm/jdk1.7.0_21/jre/lib/ext/sunjce_provider.jar
7fd271d1e000-7fd271d1f000 r--s 00003000 08:13 659522                     /usr/lib/jvm/jdk1.7.0_21/jre/lib/ext/sunec.jar
7fd271d1f000-7fd271d20000 r--s 00010000 08:13 659518                     /usr/lib/jvm/jdk1.7.0_21/jre/lib/ext/zipfs.jar
7fd271d20000-7fd271d24000 r--s 00037000 08:13 659519                     /usr/lib/jvm/jdk1.7.0_21/jre/lib/ext/sunpkcs11.jar
7fd271d24000-7fd271d2e000 r--s 00254000 08:13 3163671                    /usr/lib/jvm/jdk1.7.0_21/jre/lib/resources.jar
7fd271d2e000-7fd271d44000 rw-p 00000000 00:00 0 
7fd271d44000-7fd271dee000 rw-p 00000000 00:00 0 
7fd271dee000-7fd271df1000 ---p 00000000 00:00 0 
7fd271df1000-7fd271ef3000 rw-p 00000000 00:00 0 
7fd271ef4000-7fd271ef5000 rw-p 00000000 00:00 0 
7fd271ef5000-7fd271ef9000 r--s 00029000 08:13 3028886                    /home/luis/.m2/repository/commons-io/commons-io/2.3/commons-io-2.3.jar
7fd271ef9000-7fd271efb000 r--s 0000d000 08:13 4089448                    /home/luis/.m2/repository/commons-fileupload/commons-fileupload/1.2.2/commons-fileupload-1.2.2.jar
7fd271efb000-7fd271f00000 r--s 0002c000 08:13 3028880                    /home/luis/.m2/repository/com/googlecode/gwtupload/gwtupload/0.6.6/gwtupload-0.6.6.jar
7fd271f00000-7fd271f08000 rw-s 00000000 08:13 3562683                    /tmp/hsperfdata_luis/17211
7fd271f08000-7fd271f09000 rw-p 00000000 00:00 0 
7fd271f09000-7fd271f0a000 ---p 00000000 00:00 0 
7fd271f0a000-7fd271f0c000 rw-p 00000000 00:00 0 
7fd271f0c000-7fd271f0d000 r--p 00022000 08:13 1054181                    /lib/x86_64-linux-gnu/ld-2.15.so
7fd271f0d000-7fd271f0f000 rw-p 00023000 08:13 1054181                    /lib/x86_64-linux-gnu/ld-2.15.so
7fff2bf70000-7fff2bf91000 rw-p 00000000 00:00 0                          [stack]
7fff2bfff000-7fff2c000000 r-xp 00000000 00:00 0                          [vdso]
ffffffffff600000-ffffffffff601000 r-xp 00000000 00:00 0                  [vsyscall]

VM Arguments:
jvm_args: -Xmx512m 
java_command: com.google.gwt.dev.Compiler -logLevel INFO -style OBF -war /home/luis/Programacion/workspace/gha/webclient/target/webclient-1 -localWorkers 2 -XfragmentCount -1 -gen /home/luis/Programacion/workspace/gha/webclient/target/.generated org.fourgeeks.gha.webclient.webclient
Launcher Type: SUN_STANDARD

Environment Variables:
PATH=/usr/local/sbin:/usr/local/bin:/usr/sbin:/usr/bin:/sbin:/bin:/usr/games
SHELL=/bin/bash
DISPLAY=:0

Signal Handlers:
SIGSEGV: [libjvm.so+0x8a80e0], sa_mask[0]=0x7ffbfeff, sa_flags=0x10000004
SIGBUS: [libjvm.so+0x8a80e0], sa_mask[0]=0x7ffbfeff, sa_flags=0x10000004
SIGFPE: [libjvm.so+0x744170], sa_mask[0]=0x7ffbfeff, sa_flags=0x10000004
SIGPIPE: [libjvm.so+0x744170], sa_mask[0]=0x7ffbfeff, sa_flags=0x10000004
SIGXFSZ: [libjvm.so+0x744170], sa_mask[0]=0x7ffbfeff, sa_flags=0x10000004
SIGILL: [libjvm.so+0x744170], sa_mask[0]=0x7ffbfeff, sa_flags=0x10000004
SIGUSR1: SIG_DFL, sa_mask[0]=0x00000000, sa_flags=0x00000000
SIGUSR2: [libjvm.so+0x743ac0], sa_mask[0]=0x00000004, sa_flags=0x10000004
SIGHUP: [libjvm.so+0x745e50], sa_mask[0]=0x7ffbfeff, sa_flags=0x10000004
SIGINT: [libjvm.so+0x745e50], sa_mask[0]=0x7ffbfeff, sa_flags=0x10000004
SIGTERM: [libjvm.so+0x745e50], sa_mask[0]=0x7ffbfeff, sa_flags=0x10000004
SIGQUIT: [libjvm.so+0x745e50], sa_mask[0]=0x7ffbfeff, sa_flags=0x10000004


---------------  S Y S T E M  ---------------

OS:wheezy/sid

uname:Linux 3.2.0-49-generic #75-Ubuntu SMP Tue Jun 18 17:39:32 UTC 2013 x86_64
libc:glibc 2.15 NPTL 2.15 
rlimit: STACK 8192k, CORE 0k, NPROC 30924, NOFILE 4096, AS infinity
load average:2,53 2,14 1,50

/proc/meminfo:
MemTotal:        4049168 kB
MemFree:          108700 kB
Buffers:            8132 kB
Cached:           837544 kB
SwapCached:        29216 kB
Active:          2653656 kB
Inactive:        1036508 kB
Active(anon):    2211308 kB
Inactive(anon):   663704 kB
Active(file):     442348 kB
Inactive(file):   372804 kB
Unevictable:           0 kB
Mlocked:               0 kB
SwapTotal:        975868 kB
SwapFree:         766612 kB
Dirty:            134516 kB
Writeback:             0 kB
AnonPages:       2818484 kB
Mapped:           106840 kB
Shmem:             30452 kB
Slab:              95852 kB
SReclaimable:      54572 kB
SUnreclaim:        41280 kB
KernelStack:        4328 kB
PageTables:        42968 kB
NFS_Unstable:          0 kB
Bounce:                0 kB
WritebackTmp:          0 kB
CommitLimit:     3000452 kB
Committed_AS:    5139612 kB
VmallocTotal:   34359738367 kB
VmallocUsed:      328408 kB
VmallocChunk:   34359407136 kB
HardwareCorrupted:     0 kB
AnonHugePages:         0 kB
HugePages_Total:       0
HugePages_Free:        0
HugePages_Rsvd:        0
HugePages_Surp:        0
Hugepagesize:       2048 kB
DirectMap4k:      140160 kB
DirectMap2M:     4052992 kB


CPU:total 2 (2 cores per cpu, 1 threads per core) family 15 model 107 stepping 2, cmov, cx8, fxsr, mmx, sse, sse2, sse3, mmxext, 3dnowpref, tsc

/proc/cpuinfo:
processor	: 0
vendor_id	: AuthenticAMD
cpu family	: 15
model		: 107
model name	: AMD Athlon(tm) 64 X2 Dual Core Processor 5000+
stepping	: 2
cpu MHz		: 2613.246
cache size	: 512 KB
physical id	: 0
siblings	: 2
core id		: 0
cpu cores	: 2
apicid		: 0
initial apicid	: 0
fpu		: yes
fpu_exception	: yes
cpuid level	: 1
wp		: yes
flags		: fpu vme de pse tsc msr pae mce cx8 apic sep mtrr pge mca cmov pat pse36 clflush mmx fxsr sse sse2 ht syscall nx mmxext fxsr_opt rdtscp lm 3dnowext 3dnow rep_good nopl pni cx16 lahf_lm cmp_legacy svm extapic cr8_legacy 3dnowprefetch lbrv
bogomips	: 5226.49
TLB size	: 1024 4K pages
clflush size	: 64
cache_alignment	: 64
address sizes	: 40 bits physical, 48 bits virtual
power management: ts fid vid ttp tm stc 100mhzsteps

processor	: 1
vendor_id	: AuthenticAMD
cpu family	: 15
model		: 107
model name	: AMD Athlon(tm) 64 X2 Dual Core Processor 5000+
stepping	: 2
cpu MHz		: 2613.246
cache size	: 512 KB
physical id	: 0
siblings	: 2
core id		: 1
cpu cores	: 2
apicid		: 1
initial apicid	: 1
fpu		: yes
fpu_exception	: yes
cpuid level	: 1
wp		: yes
flags		: fpu vme de pse tsc msr pae mce cx8 apic sep mtrr pge mca cmov pat pse36 clflush mmx fxsr sse sse2 ht syscall nx mmxext fxsr_opt rdtscp lm 3dnowext 3dnow rep_good nopl pni cx16 lahf_lm cmp_legacy svm extapic cr8_legacy 3dnowprefetch lbrv
bogomips	: 5226.81
TLB size	: 1024 4K pages
clflush size	: 64
cache_alignment	: 64
address sizes	: 40 bits physical, 48 bits virtual
power management: ts fid vid ttp tm stc 100mhzsteps



Memory: 4k page, physical 4049168k(108700k free), swap 975868k(766612k free)

vm_info: Java HotSpot(TM) 64-Bit Server VM (23.21-b01) for linux-amd64 JRE (1.7.0_21-b11), built on Apr  4 2013 04:03:29 by "java_re" with gcc 4.3.0 20080428 (Red Hat 4.3.0-8)

time: Wed Jul 17 09:14:28 2013
elapsed time: 33 seconds

