#
# A fatal error has been detected by the Java Runtime Environment:
#
#  SIGSEGV (0xb) at pc=0x00007fc3011d4c32, pid=2598, tid=140475712440064
#
# JRE version: 7.0_21-b11
# Java VM: Java HotSpot(TM) 64-Bit Server VM (23.21-b01 mixed mode linux-amd64 compressed oops)
# Problematic frame:
# v  ~BufferBlob::vtable chunks
#
# Failed to write core dump. Core dumps have been disabled. To enable core dumping, try "ulimit -c unlimited" before starting Java again
#
# If you would like to submit a bug report, please visit:
#   http://bugreport.sun.com/bugreport/crash.jsp
#

---------------  T H R E A D  ---------------

Current thread (0x00007fc304009800):  JavaThread "main" [_thread_in_Java, id=2599, stack(0x00007fc30ce08000,0x00007fc30cf09000)]

siginfo:si_signo=SIGSEGV: si_errno=0, si_code=1 (SEGV_MAPERR), si_addr=0x0000000000010071

Registers:
RAX=0x00000000db9529a0, RBX=0x0000000000010001, RCX=0x00000000e6e720b0, RDX=0x00000000f8012c08
RSP=0x00007fc30cf06cd8, RBP=0x00000000f7fcaa78, RSI=0x00000000f7fcaa78, RDI=0x00000000f84b09b8
R8 =0x00000000fcf583e8, R9 =0x00000000db7a0128, R10=0x00000000f8012c08, R11=0x00000000f7fcaa78
R12=0x0000000000000000, R13=0x00000000f84b0890, R14=0x00000000f59a1620, R15=0x00007fc304009800
RIP=0x00007fc3011d4c32, EFLAGS=0x0000000000010202, CSGSFS=0x0000000000000033, ERR=0x0000000000000004
  TRAPNO=0x000000000000000e

Top of Stack: (sp=0x00007fc30cf06cd8)
0x00007fc30cf06cd8:   00007fc30138e1a4 00000000dbf709b8
0x00007fc30cf06ce8:   0000000000000000 00000000fcf58568
0x00007fc30cf06cf8:   00007fc301115a90 00007fc32315492f
0x00007fc30cf06d08:   00000000fcf5a9d0 00000000fcf58568
0x00007fc30cf06d18:   00007fc301447000 00000000f8012c08
0x00007fc30cf06d28:   00000000e6e720b0 00000000e091c740
0x00007fc30cf06d38:   00000000fcf5bc50 00007fc3012b1628
0x00007fc30cf06d48:   00000000e6e720b0 00000000fcf58568
0x00007fc30cf06d58:   00007fc3012b16b4 00000000f8012c08
0x00007fc30cf06d68:   0000000200000000 00000000fcf583e8
0x00007fc30cf06d78:   00000000e091c740 00000000fcf583d0
0x00007fc30cf06d88:   00007fc3012ce60c 00000000db9112c0
0x00007fc30cf06d98:   fcfd8b08db902610 00000000fcf583e8
0x00007fc30cf06da8:   00007fc3013f2f90 00000000e08e0610
0x00007fc30cf06db8:   00007fc3012b1598 00000000fcf583d0
0x00007fc30cf06dc8:   00007fc3012b0840 00000000f8012c08
0x00007fc30cf06dd8:   00000000e6e720b0 00000000f8012c08
0x00007fc30cf06de8:   00007fc3013b28cc 00000000f84b09a0
0x00007fc30cf06df8:   00007fc3013f178c 00000000fcf583d0
0x00007fc30cf06e08:   00007fc30138e1a4 00000000fcf58540
0x00007fc30cf06e18:   00000000e6e720b0 00000000fcf583b0
0x00007fc30cf06e28:   00007fc30138f15c 00000000f8012c08
0x00007fc30cf06e38:   00000000e6e720b0 00000000f8012c08
0x00007fc30cf06e48:   0000000100000000 00000000fcf58688
0x00007fc30cf06e58:   00007fc300000004 00000000fcf583b0
0x00007fc30cf06e68:   00007fc30138e1a4 00000000f84b02a8
0x00007fc30cf06e78:   0000000000000007 00000000fcf583b0
0x00007fc30cf06e88:   00007fc301115a90 00000000dbf70548
0x00007fc30cf06e98:   0000000000000000 00000000fcf583b0
0x00007fc30cf06ea8:   00007fc3013b038c 00007fc3013e51bc
0x00007fc30cf06eb8:   00000000f8012c08 00000000e6e720b0
0x00007fc30cf06ec8:   00000000fcf58348 0000000000000000 

Instructions: (pc=0x00007fc3011d4c32)
0x00007fc3011d4c12:   00 00 00 00 00 00 00 00 00 00 00 00 00 00 07 00
0x00007fc3011d4c22:   0a 00 00 00 01 00 8b 46 08 48 8b 98 50 02 00 00
0x00007fc3011d4c32:   ff 63 70 00 00 00 00 00 00 00 00 00 00 00 00 00
0x00007fc3011d4c42:   00 00 00 00 00 00 00 00 00 00 00 00 00 00 00 00 

Register to memory mapping:

RAX=0x00000000db9529a0 is an oop
{constMethod} 
 - klass: {other class}
 - method:       0x00000000db9529c8 {method} 'isUsed' '()Z' in 'org/eclipse/jdt/internal/compiler/lookup/MethodBinding'
 - exceptions:   0x00000000dae01d50
bci_from(0xdb9529a0) = 0; print_codes():
RBX=0x0000000000010001 is an unknown value
RCX=0x00000000e6e720b0 is an oop
com.google.gwt.dev.jjs.ast.JVisitor$2 
 - klass: 'com/google/gwt/dev/jjs/ast/JVisitor$2'
RDX=0x00000000f8012c08 is an oop
com.google.gwt.dev.jjs.impl.TypeTightener$RecordVisitor 
 - klass: 'com/google/gwt/dev/jjs/impl/TypeTightener$RecordVisitor'
RSP=0x00007fc30cf06cd8 is pointing into the stack for thread: 0x00007fc304009800
RBP=0x00000000f7fcaa78 is an unknown value
RSI=0x00000000f7fcaa78 is an unknown value
RDI=0x00000000f84b09b8 is an oop
[Ljava.lang.Object; 
 - klass: 'java/lang/Object'[]
 - length: 4
R8 =0x00000000fcf583e8 is an oop
java.util.ArrayList 
 - klass: 'java/util/ArrayList'
R9 =0x00000000db7a0128 is an oop
{instance class} 
 - klass: {other class}
R10=0x00000000f8012c08 is an oop
com.google.gwt.dev.jjs.impl.TypeTightener$RecordVisitor 
 - klass: 'com/google/gwt/dev/jjs/impl/TypeTightener$RecordVisitor'
R11=0x00000000f7fcaa78 is an unknown value
R12=0x0000000000000000 is an unknown value
R13=0x00000000f84b0890 is an oop
java.util.ArrayList$Itr 
 - klass: 'java/util/ArrayList$Itr'
R14=0x00000000f59a1620 is an oop
com.google.gwt.dev.jjs.ast.js.JMultiExpression 
 - klass: 'com/google/gwt/dev/jjs/ast/js/JMultiExpression'
R15=0x00007fc304009800 is a thread


Stack: [0x00007fc30ce08000,0x00007fc30cf09000],  sp=0x00007fc30cf06cd8,  free space=1019k
Native frames: (J=compiled Java code, j=interpreted, Vv=VM code, C=native code)
v  ~BufferBlob::vtable chunks


---------------  P R O C E S S  ---------------

Java Threads: ( => current thread )
  0x00007fc304341000 JavaThread "pool-1-thread-1" [_thread_blocked, id=2612, stack(0x00007fc2eaa4d000,0x00007fc2eab4e000)]
  0x00007fc2cc018800 JavaThread "Timer-0" daemon [_thread_blocked, id=2611, stack(0x00007fc2eb38b000,0x00007fc2eb48c000)]
  0x00007fc3040ed000 JavaThread "Service Thread" daemon [_thread_blocked, id=2608, stack(0x00007fc2ebbfc000,0x00007fc2ebcfd000)]
  0x00007fc3040eb000 JavaThread "C2 CompilerThread1" daemon [_thread_in_native, id=2607, stack(0x00007fc2ebcfd000,0x00007fc2ebdfe000)]
  0x00007fc3040e8000 JavaThread "C2 CompilerThread0" daemon [_thread_in_native, id=2606, stack(0x00007fc2ebdfe000,0x00007fc2ebeff000)]
  0x00007fc3040e6000 JavaThread "Signal Dispatcher" daemon [_thread_blocked, id=2605, stack(0x00007fc2ebeff000,0x00007fc2ec000000)]
  0x00007fc304098000 JavaThread "Finalizer" daemon [_thread_blocked, id=2604, stack(0x00007fc3007b6000,0x00007fc3008b7000)]
  0x00007fc304096000 JavaThread "Reference Handler" daemon [_thread_blocked, id=2603, stack(0x00007fc3008b7000,0x00007fc3009b8000)]
=>0x00007fc304009800 JavaThread "main" [_thread_in_Java, id=2599, stack(0x00007fc30ce08000,0x00007fc30cf09000)]

Other Threads:
  0x00007fc30408e800 VMThread [stack: 0x00007fc3009b8000,0x00007fc300ab9000] [id=2602]
  0x00007fc3040f7800 WatcherThread [stack: 0x00007fc2ebafb000,0x00007fc2ebbfc000] [id=2609]

VM state:not at safepoint (normal execution)

VM Mutex/Monitor currently owned by a thread: None

Heap
 PSYoungGen      total 117248K, used 59279K [0x00000000f5560000, 0x00000000ff780000, 0x0000000100000000)
  eden space 75136K, 65% used [0x00000000f5560000,0x00000000f857e1c8,0x00000000f9ec0000)
  from space 42112K, 23% used [0x00000000fce60000,0x00000000fd825ba0,0x00000000ff780000)
  to   space 45440K, 0% used [0x00000000f9ec0000,0x00000000f9ec0000,0x00000000fcb20000)
 ParOldGen       total 212480K, used 174353K [0x00000000e0000000, 0x00000000ecf80000, 0x00000000f5560000)
  object space 212480K, 82% used [0x00000000e0000000,0x00000000eaa444e8,0x00000000ecf80000)
 PSPermGen       total 28352K, used 18269K [0x00000000dae00000, 0x00000000dc9b0000, 0x00000000e0000000)
  object space 28352K, 64% used [0x00000000dae00000,0x00000000dbfd77e0,0x00000000dc9b0000)

Card table byte_map: [0x00007fc30a127000,0x00007fc30a251000] byte_map_base: 0x00007fc309a50000

Polling page: 0x00007fc30cf23000

Code Cache  [0x00007fc301000000, 0x00007fc3014c0000, 0x00007fc304000000)
 total_blobs=1923 nmethods=1630 adapters=242 free_code_cache=44364Kb largest_free_block=45357888

Compilation events (10 events):
Event: 38,579 Thread 0x00007fc3040e8000 nmethod 1871 0x00007fc3014bb7d0 code [0x00007fc3014bb940, 0x00007fc3014bbba8]
Event: 38,580 Thread 0x00007fc3040eb000 nmethod 1870 0x00007fc3014b5ed0 code [0x00007fc3014b6080, 0x00007fc3014b6548]
Event: 38,580 Thread 0x00007fc3040eb000 1872             com.google.gwt.dev.jjs.impl.Finalizer$FinalizeVisitor::endVisit (6 bytes)
Event: 38,585 Thread 0x00007fc3040eb000 nmethod 1872 0x00007fc3014b5710 code [0x00007fc3014b5880, 0x00007fc3014b5ae8]
Event: 38,585 Thread 0x00007fc3040eb000 1873             com.google.gwt.dev.jjs.ast.JMethod::needsVtable (13 bytes)
Event: 38,585 Thread 0x00007fc3040eb000 nmethod 1873 0x00007fc301438850 code [0x00007fc301438980, 0x00007fc3014389d8]
Event: 38,585 Thread 0x00007fc3040eb000 1874             com.google.gwt.dev.jjs.impl.MakeCallsStatic$FindStaticDispatchSitesVisitor::endVisit (115 bytes)
Event: 38,588 Thread 0x00007fc3040e8000 1875             com.google.gwt.dev.jjs.ast.JMethodCall::<init> (85 bytes)
Event: 38,589 Thread 0x00007fc3040e8000 nmethod 1875 0x00007fc3012b0e50 code [0x00007fc3012b0f80, 0x00007fc3012b1018]
Event: 38,590 Thread 0x00007fc3040e8000 1876             com.google.gwt.dev.jjs.impl.MakeCallsStatic$RewriteCallSites::endVisit (71 bytes)

GC Heap History (10 events):
Event: 30,128 GC heap before
{Heap before GC invocations=23 (full 3):
 PSYoungGen      total 116480K, used 65504K [0x00000000f5560000, 0x0000000100000000, 0x0000000100000000)
  eden space 58240K, 100% used [0x00000000f5560000,0x00000000f8e40000,0x00000000f8e40000)
  from space 58240K, 12% used [0x00000000f8e40000,0x00000000f9558200,0x00000000fc720000)
  to   space 58240K, 0% used [0x00000000fc720000,0x00000000fc720000,0x0000000100000000)
 ParOldGen       total 212480K, used 149745K [0x00000000e0000000, 0x00000000ecf80000, 0x00000000f5560000)
  object space 212480K, 70% used [0x00000000e0000000,0x00000000e923c5f0,0x00000000ecf80000)
 PSPermGen       total 28352K, used 16914K [0x00000000dae00000, 0x00000000dc9b0000, 0x00000000e0000000)
  object space 28352K, 59% used [0x00000000dae00000,0x00000000dbe84930,0x00000000dc9b0000)
Event: 30,184 GC heap after
Heap after GC invocations=23 (full 3):
 PSYoungGen      total 113280K, used 9027K [0x00000000f5560000, 0x00000000ffce0000, 0x0000000100000000)
  eden space 58240K, 0% used [0x00000000f5560000,0x00000000f5560000,0x00000000f8e40000)
  from space 55040K, 16% used [0x00000000fc720000,0x00000000fcff0cd0,0x00000000ffce0000)
  to   space 56640K, 0% used [0x00000000f8e40000,0x00000000f8e40000,0x00000000fc590000)
 ParOldGen       total 212480K, used 156821K [0x00000000e0000000, 0x00000000ecf80000, 0x00000000f5560000)
  object space 212480K, 73% used [0x00000000e0000000,0x00000000e99256e8,0x00000000ecf80000)
 PSPermGen       total 28352K, used 16914K [0x00000000dae00000, 0x00000000dc9b0000, 0x00000000e0000000)
  object space 28352K, 59% used [0x00000000dae00000,0x00000000dbe84930,0x00000000dc9b0000)
}
Event: 30,556 GC heap before
{Heap before GC invocations=24 (full 3):
 PSYoungGen      total 113280K, used 67267K [0x00000000f5560000, 0x00000000ffce0000, 0x0000000100000000)
  eden space 58240K, 100% used [0x00000000f5560000,0x00000000f8e40000,0x00000000f8e40000)
  from space 55040K, 16% used [0x00000000fc720000,0x00000000fcff0cd0,0x00000000ffce0000)
  to   space 56640K, 0% used [0x00000000f8e40000,0x00000000f8e40000,0x00000000fc590000)
 ParOldGen       total 212480K, used 156821K [0x00000000e0000000, 0x00000000ecf80000, 0x00000000f5560000)
  object space 212480K, 73% used [0x00000000e0000000,0x00000000e99256e8,0x00000000ecf80000)
 PSPermGen       total 28352K, used 16916K [0x00000000dae00000, 0x00000000dc9b0000, 0x00000000e0000000)
  object space 28352K, 59% used [0x00000000dae00000,0x00000000dbe852e8,0x00000000dc9b0000)
Event: 30,616 GC heap after
Heap after GC invocations=24 (full 3):
 PSYoungGen      total 114880K, used 18115K [0x00000000f5560000, 0x00000000ffb10000, 0x0000000100000000)
  eden space 58240K, 0% used [0x00000000f5560000,0x00000000f5560000,0x00000000f8e40000)
  from space 56640K, 31% used [0x00000000f8e40000,0x00000000f9ff0ce0,0x00000000fc590000)
  to   space 53312K, 0% used [0x00000000fc700000,0x00000000fc700000,0x00000000ffb10000)
 ParOldGen       total 212480K, used 156821K [0x00000000e0000000, 0x00000000ecf80000, 0x00000000f5560000)
  object space 212480K, 73% used [0x00000000e0000000,0x00000000e99256e8,0x00000000ecf80000)
 PSPermGen       total 28352K, used 16916K [0x00000000dae00000, 0x00000000dc9b0000, 0x00000000e0000000)
  object space 28352K, 59% used [0x00000000dae00000,0x00000000dbe852e8,0x00000000dc9b0000)
}
Event: 31,258 GC heap before
{Heap before GC invocations=25 (full 3):
 PSYoungGen      total 114880K, used 76355K [0x00000000f5560000, 0x00000000ffb10000, 0x0000000100000000)
  eden space 58240K, 100% used [0x00000000f5560000,0x00000000f8e40000,0x00000000f8e40000)
  from space 56640K, 31% used [0x00000000f8e40000,0x00000000f9ff0ce0,0x00000000fc590000)
  to   space 53312K, 0% used [0x00000000fc700000,0x00000000fc700000,0x00000000ffb10000)
 ParOldGen       total 212480K, used 156821K [0x00000000e0000000, 0x00000000ecf80000, 0x00000000f5560000)
  object space 212480K, 73% used [0x00000000e0000000,0x00000000e99256e8,0x00000000ecf80000)
 PSPermGen       total 28352K, used 16937K [0x00000000dae00000, 0x00000000dc9b0000, 0x00000000e0000000)
  object space 28352K, 59% used [0x00000000dae00000,0x00000000dbe8a6a8,0x00000000dc9b0000)
Event: 31,328 GC heap after
Heap after GC invocations=25 (full 3):
 PSYoungGen      total 113280K, used 13898K [0x00000000f5560000, 0x00000000ff660000, 0x0000000100000000)
  eden space 64768K, 0% used [0x00000000f5560000,0x00000000f5560000,0x00000000f94a0000)
  from space 48512K, 28% used [0x00000000fc700000,0x00000000fd4929b8,0x00000000ff660000)
  to   space 50048K, 0% used [0x00000000f94a0000,0x00000000f94a0000,0x00000000fc580000)
 ParOldGen       total 212480K, used 165481K [0x00000000e0000000, 0x00000000ecf80000, 0x00000000f5560000)
  object space 212480K, 77% used [0x00000000e0000000,0x00000000ea19a4b8,0x00000000ecf80000)
 PSPermGen       total 28352K, used 16937K [0x00000000dae00000, 0x00000000dc9b0000, 0x00000000e0000000)
  object space 28352K, 59% used [0x00000000dae00000,0x00000000dbe8a6a8,0x00000000dc9b0000)
}
Event: 34,164 GC heap before
{Heap before GC invocations=26 (full 3):
 PSYoungGen      total 113280K, used 78666K [0x00000000f5560000, 0x00000000ff660000, 0x0000000100000000)
  eden space 64768K, 100% used [0x00000000f5560000,0x00000000f94a0000,0x00000000f94a0000)
  from space 48512K, 28% used [0x00000000fc700000,0x00000000fd4929b8,0x00000000ff660000)
  to   space 50048K, 0% used [0x00000000f94a0000,0x00000000f94a0000,0x00000000fc580000)
 ParOldGen       total 212480K, used 165481K [0x00000000e0000000, 0x00000000ecf80000, 0x00000000f5560000)
  object space 212480K, 77% used [0x00000000e0000000,0x00000000ea19a4b8,0x00000000ecf80000)
 PSPermGen       total 28352K, used 17787K [0x00000000dae00000, 0x00000000dc9b0000, 0x00000000e0000000)
  object space 28352K, 62% used [0x00000000dae00000,0x00000000dbf5ee20,0x00000000dc9b0000)
Event: 34,239 GC heap after
Heap after GC invocations=26 (full 3):
 PSYoungGen      total 114816K, used 9417K [0x00000000f5560000, 0x00000000ffd00000, 0x0000000100000000)
  eden space 64768K, 0% used [0x00000000f5560000,0x00000000f5560000,0x00000000f94a0000)
  from space 50048K, 18% used [0x00000000f94a0000,0x00000000f9dd2670,0x00000000fc580000)
  to   space 47744K, 0% used [0x00000000fce60000,0x00000000fce60000,0x00000000ffd00000)
 ParOldGen       total 212480K, used 174353K [0x00000000e0000000, 0x00000000ecf80000, 0x00000000f5560000)
  object space 212480K, 82% used [0x00000000e0000000,0x00000000eaa444e8,0x00000000ecf80000)
 PSPermGen       total 28352K, used 17787K [0x00000000dae00000, 0x00000000dc9b0000, 0x00000000e0000000)
  object space 28352K, 62% used [0x00000000dae00000,0x00000000dbf5ee20,0x00000000dc9b0000)
}
Event: 36,333 GC heap before
{Heap before GC invocations=27 (full 3):
 PSYoungGen      total 114816K, used 74185K [0x00000000f5560000, 0x00000000ffd00000, 0x0000000100000000)
  eden space 64768K, 100% used [0x00000000f5560000,0x00000000f94a0000,0x00000000f94a0000)
  from space 50048K, 18% used [0x00000000f94a0000,0x00000000f9dd2670,0x00000000fc580000)
  to   space 47744K, 0% used [0x00000000fce60000,0x00000000fce60000,0x00000000ffd00000)
 ParOldGen       total 212480K, used 174353K [0x00000000e0000000, 0x00000000ecf80000, 0x00000000f5560000)
  object space 212480K, 82% used [0x00000000e0000000,0x00000000eaa444e8,0x00000000ecf80000)
 PSPermGen       total 28352K, used 18109K [0x00000000dae00000, 0x00000000dc9b0000, 0x00000000e0000000)
  object space 28352K, 63% used [0x00000000dae00000,0x00000000dbfaf560,0x00000000dc9b0000)
Event: 36,371 GC heap after
Heap after GC invocations=27 (full 3):
 PSYoungGen      total 117248K, used 10006K [0x00000000f5560000, 0x00000000ff780000, 0x0000000100000000)
  eden space 75136K, 0% used [0x00000000f5560000,0x00000000f5560000,0x00000000f9ec0000)
  from space 42112K, 23% used [0x00000000fce60000,0x00000000fd825ba0,0x00000000ff780000)
  to   space 45440K, 0% used [0x00000000f9ec0000,0x00000000f9ec0000,0x00000000fcb20000)
 ParOldGen       total 212480K, used 174353K [0x00000000e0000000, 0x00000000ecf80000, 0x00000000f5560000)
  object space 212480K, 82% used [0x00000000e0000000,0x00000000eaa444e8,0x00000000ecf80000)
 PSPermGen       total 28352K, used 18109K [0x00000000dae00000, 0x00000000dc9b0000, 0x00000000e0000000)
  object space 28352K, 63% used [0x00000000dae00000,0x00000000dbfaf560,0x00000000dc9b0000)
}

Deoptimization events (10 events):
Event: 36,593 Thread 0x00007fc304009800 Uncommon trap -83 fr.pc 0x00007fc301460b38
Event: 36,599 Thread 0x00007fc304009800 Uncommon trap -34 fr.pc 0x00007fc3010cca14
Event: 36,599 Thread 0x00007fc304009800 Uncommon trap -34 fr.pc 0x00007fc3010cca14
Event: 36,599 Thread 0x00007fc304009800 Uncommon trap -34 fr.pc 0x00007fc3010cca14
Event: 36,599 Thread 0x00007fc304009800 Uncommon trap -34 fr.pc 0x00007fc3010cca14
Event: 37,079 Thread 0x00007fc304009800 Uncommon trap -83 fr.pc 0x00007fc30113ea88
Event: 37,666 Thread 0x00007fc304009800 Uncommon trap -83 fr.pc 0x00007fc30112bfd0
Event: 38,051 Thread 0x00007fc304009800 Uncommon trap -83 fr.pc 0x00007fc3013e81e0
Event: 38,246 Thread 0x00007fc304009800 Uncommon trap -83 fr.pc 0x00007fc3013eb484
Event: 38,457 Thread 0x00007fc304009800 Uncommon trap -83 fr.pc 0x00007fc30140da58

Internal exceptions (10 events):
Event: 36,263 Thread 0x00007fc304009800 Threw 0x00000000f92be260 at /HUDSON/workspace/jdk7u21-2-build-linux-amd64-product/jdk7u21/hotspot/src/share/vm/prims/jvm.cpp:1166
Event: 37,077 Thread 0x00007fc304009800 Threw 0x00000000f6da9110 at /HUDSON/workspace/jdk7u21-2-build-linux-amd64-product/jdk7u21/hotspot/src/share/vm/prims/jvm.cpp:1166
Event: 37,078 Thread 0x00007fc304009800 Threw 0x00000000f6db3310 at /HUDSON/workspace/jdk7u21-2-build-linux-amd64-product/jdk7u21/hotspot/src/share/vm/prims/jvm.cpp:1166
Event: 37,224 Thread 0x00007fc304009800 Threw 0x00000000f6ecd4a8 at /HUDSON/workspace/jdk7u21-2-build-linux-amd64-product/jdk7u21/hotspot/src/share/vm/prims/jvm.cpp:1166
Event: 37,233 Thread 0x00007fc304009800 Threw 0x00000000f6ee4368 at /HUDSON/workspace/jdk7u21-2-build-linux-amd64-product/jdk7u21/hotspot/src/share/vm/prims/jvm.cpp:1166
Event: 37,237 Thread 0x00007fc304009800 Threw 0x00000000f6ef1c88 at /HUDSON/workspace/jdk7u21-2-build-linux-amd64-product/jdk7u21/hotspot/src/share/vm/prims/jvm.cpp:1166
Event: 37,238 Thread 0x00007fc304009800 Threw 0x00000000f6f013c0 at /HUDSON/workspace/jdk7u21-2-build-linux-amd64-product/jdk7u21/hotspot/src/share/vm/prims/jvm.cpp:1166
Event: 37,531 Thread 0x00007fc304009800 Threw 0x00000000f6f39398 at /HUDSON/workspace/jdk7u21-2-build-linux-amd64-product/jdk7u21/hotspot/src/share/vm/prims/jvm.cpp:1166
Event: 37,532 Thread 0x00007fc304009800 Threw 0x00000000f6f46af8 at /HUDSON/workspace/jdk7u21-2-build-linux-amd64-product/jdk7u21/hotspot/src/share/vm/prims/jvm.cpp:1166
Event: 37,605 Thread 0x00007fc304009800 Threw 0x00000000f7234d70 at /HUDSON/workspace/jdk7u21-2-build-linux-amd64-product/jdk7u21/hotspot/src/share/vm/prims/jvm.cpp:1166

Events (10 events):
Event: 38,051 Thread 0x00007fc304009800 DEOPT PACKING pc=0x00007fc3013e81e0 sp=0x00007fc30cf06e00
Event: 38,051 Thread 0x00007fc304009800 DEOPT UNPACKING pc=0x00007fc301039145 sp=0x00007fc30cf06db8 mode 2
Event: 38,246 Thread 0x00007fc304009800 DEOPT PACKING pc=0x00007fc3013eb484 sp=0x00007fc30cf06af0
Event: 38,246 Thread 0x00007fc304009800 DEOPT UNPACKING pc=0x00007fc301039145 sp=0x00007fc30cf06ab8 mode 2
Event: 38,457 Thread 0x00007fc304009800 DEOPT PACKING pc=0x00007fc30140da58 sp=0x00007fc30cf06cb0
Event: 38,457 Thread 0x00007fc304009800 DEOPT UNPACKING pc=0x00007fc301039145 sp=0x00007fc30cf06bc8 mode 2
Event: 38,565 Thread 0x00007fc3040eb000 flushing nmethod 0x00007fc30114fdd0
Event: 38,570 Thread 0x00007fc3040eb000 flushing nmethod 0x00007fc301184ed0
Event: 38,588 Thread 0x00007fc3040e8000 flushing nmethod 0x00007fc3012b0e50
Event: 38,588 Thread 0x00007fc3040e8000 flushing nmethod 0x00007fc3012cda10


Dynamic libraries:
00400000-00401000 r-xp 00000000 08:13 3163647                            /usr/lib/jvm/jdk1.7.0_21/jre/bin/java
00600000-00601000 rw-p 00000000 08:13 3163647                            /usr/lib/jvm/jdk1.7.0_21/jre/bin/java
017a3000-017e5000 rw-p 00000000 00:00 0                                  [heap]
dae00000-dc9b0000 rw-p 00000000 00:00 0 
dc9b0000-e0000000 rw-p 00000000 00:00 0 
e0000000-ecf80000 rw-p 00000000 00:00 0 
ecf80000-f5560000 rw-p 00000000 00:00 0 
f5560000-ff780000 rw-p 00000000 00:00 0 
ff780000-100000000 ---p 00000000 00:00 0 
7fc2bc000000-7fc2bcd2b000 rw-p 00000000 00:00 0 
7fc2bcd2b000-7fc2c0000000 ---p 00000000 00:00 0 
7fc2c4000000-7fc2c40a0000 rw-p 00000000 00:00 0 
7fc2c40a0000-7fc2c8000000 ---p 00000000 00:00 0 
7fc2c8000000-7fc2c8021000 rw-p 00000000 00:00 0 
7fc2c8021000-7fc2cc000000 ---p 00000000 00:00 0 
7fc2cc000000-7fc2cc0ae000 rw-p 00000000 00:00 0 
7fc2cc0ae000-7fc2d0000000 ---p 00000000 00:00 0 
7fc2d0000000-7fc2d0021000 rw-p 00000000 00:00 0 
7fc2d0021000-7fc2d4000000 ---p 00000000 00:00 0 
7fc2d4000000-7fc2d4021000 rw-p 00000000 00:00 0 
7fc2d4021000-7fc2d8000000 ---p 00000000 00:00 0 
7fc2d8000000-7fc2d8021000 rw-p 00000000 00:00 0 
7fc2d8021000-7fc2dc000000 ---p 00000000 00:00 0 
7fc2dc000000-7fc2ddf3f000 rw-p 00000000 00:00 0 
7fc2ddf3f000-7fc2e0000000 ---p 00000000 00:00 0 
7fc2e0000000-7fc2e3ec9000 rw-p 00000000 00:00 0 
7fc2e3ec9000-7fc2e4000000 ---p 00000000 00:00 0 
7fc2e4000000-7fc2e4021000 rw-p 00000000 00:00 0 
7fc2e4021000-7fc2e8000000 ---p 00000000 00:00 0 
7fc2e9f59000-7fc2e9f69000 r-xp 00000000 08:13 659437                     /usr/lib/jvm/jdk1.7.0_21/jre/lib/amd64/libnio.so
7fc2e9f69000-7fc2ea169000 ---p 00010000 08:13 659437                     /usr/lib/jvm/jdk1.7.0_21/jre/lib/amd64/libnio.so
7fc2ea169000-7fc2ea16a000 rw-p 00010000 08:13 659437                     /usr/lib/jvm/jdk1.7.0_21/jre/lib/amd64/libnio.so
7fc2ea16a000-7fc2ea170000 r-xp 00000000 08:13 659491                     /usr/lib/jvm/jdk1.7.0_21/jre/lib/amd64/headless/libmawt.so
7fc2ea170000-7fc2ea370000 ---p 00006000 08:13 659491                     /usr/lib/jvm/jdk1.7.0_21/jre/lib/amd64/headless/libmawt.so
7fc2ea370000-7fc2ea371000 rw-p 00006000 08:13 659491                     /usr/lib/jvm/jdk1.7.0_21/jre/lib/amd64/headless/libmawt.so
7fc2ea371000-7fc2ea413000 r-xp 00000000 08:13 659451                     /usr/lib/jvm/jdk1.7.0_21/jre/lib/amd64/libawt.so
7fc2ea413000-7fc2ea613000 ---p 000a2000 08:13 659451                     /usr/lib/jvm/jdk1.7.0_21/jre/lib/amd64/libawt.so
7fc2ea613000-7fc2ea61f000 rw-p 000a2000 08:13 659451                     /usr/lib/jvm/jdk1.7.0_21/jre/lib/amd64/libawt.so
7fc2ea61f000-7fc2ea643000 rw-p 00000000 00:00 0 
7fc2ea643000-7fc2ea646000 ---p 00000000 00:00 0 
7fc2ea646000-7fc2ea744000 rw-p 00000000 00:00 0 
7fc2ea744000-7fc2ea74c000 r-xp 00000000 08:13 659485                     /usr/lib/jvm/jdk1.7.0_21/jre/lib/amd64/libmanagement.so
7fc2ea74c000-7fc2ea94b000 ---p 00008000 08:13 659485                     /usr/lib/jvm/jdk1.7.0_21/jre/lib/amd64/libmanagement.so
7fc2ea94b000-7fc2ea94c000 rw-p 00007000 08:13 659485                     /usr/lib/jvm/jdk1.7.0_21/jre/lib/amd64/libmanagement.so
7fc2ea94c000-7fc2ea94f000 ---p 00000000 00:00 0 
7fc2ea94f000-7fc2eaa4d000 rw-p 00000000 00:00 0 
7fc2eaa4d000-7fc2eaa50000 ---p 00000000 00:00 0 
7fc2eaa50000-7fc2eab4e000 rw-p 00000000 00:00 0 
7fc2eab4e000-7fc2eab66000 r-xp 00000000 08:13 1051529                    /lib/x86_64-linux-gnu/libresolv-2.15.so
7fc2eab66000-7fc2ead66000 ---p 00018000 08:13 1051529                    /lib/x86_64-linux-gnu/libresolv-2.15.so
7fc2ead66000-7fc2ead67000 r--p 00018000 08:13 1051529                    /lib/x86_64-linux-gnu/libresolv-2.15.so
7fc2ead67000-7fc2ead68000 rw-p 00019000 08:13 1051529                    /lib/x86_64-linux-gnu/libresolv-2.15.so
7fc2ead68000-7fc2ead6a000 rw-p 00000000 00:00 0 
7fc2ead6a000-7fc2ead71000 r-xp 00000000 08:13 1054189                    /lib/x86_64-linux-gnu/libnss_dns-2.15.so
7fc2ead71000-7fc2eaf70000 ---p 00007000 08:13 1054189                    /lib/x86_64-linux-gnu/libnss_dns-2.15.so
7fc2eaf70000-7fc2eaf71000 r--p 00006000 08:13 1054189                    /lib/x86_64-linux-gnu/libnss_dns-2.15.so
7fc2eaf71000-7fc2eaf72000 rw-p 00007000 08:13 1054189                    /lib/x86_64-linux-gnu/libnss_dns-2.15.so
7fc2eaf72000-7fc2eaf74000 r-xp 00000000 08:13 1050678                    /lib/libnss_mdns4_minimal.so.2
7fc2eaf74000-7fc2eb173000 ---p 00002000 08:13 1050678                    /lib/libnss_mdns4_minimal.so.2
7fc2eb173000-7fc2eb174000 r--p 00001000 08:13 1050678                    /lib/libnss_mdns4_minimal.so.2
7fc2eb174000-7fc2eb175000 rw-p 00002000 08:13 1050678                    /lib/libnss_mdns4_minimal.so.2
7fc2eb175000-7fc2eb18a000 r-xp 00000000 08:13 659442                     /usr/lib/jvm/jdk1.7.0_21/jre/lib/amd64/libnet.so
7fc2eb18a000-7fc2eb38a000 ---p 00015000 08:13 659442                     /usr/lib/jvm/jdk1.7.0_21/jre/lib/amd64/libnet.so
7fc2eb38a000-7fc2eb38b000 rw-p 00015000 08:13 659442                     /usr/lib/jvm/jdk1.7.0_21/jre/lib/amd64/libnet.so
7fc2eb38b000-7fc2eb38e000 ---p 00000000 00:00 0 
7fc2eb38e000-7fc2eb48c000 rw-p 00000000 00:00 0 
7fc2eb48c000-7fc2eb48f000 ---p 00000000 00:00 0 
7fc2eb48f000-7fc2eb5f7000 rw-p 00000000 00:00 0 
7fc2eb5f7000-7fc2eb7b2000 r--s 01e99000 08:13 3022401                    /home/luis/.m2/repository/com/google/gwt/gwt-dev/2.5.1/gwt-dev-2.5.1.jar
7fc2eb7b2000-7fc2eb7ee000 rw-p 00000000 00:00 0 
7fc2eb7ee000-7fc2eb8f3000 r--s 01a68000 08:13 3020957                    /home/luis/.m2/repository/com/google/gwt/gwt-user/2.5.1/gwt-user-2.5.1.jar
7fc2eb8f3000-7fc2eb8f5000 r--s 0000e000 08:13 4606659                    /home/luis/.m2/repository/javax/activation/activation/1.1/activation-1.1.jar
7fc2eb8f5000-7fc2eb8fd000 r--s 00078000 08:13 3028014                    /home/luis/.m2/repository/com/sun/mail/javax.mail/1.5.0/javax.mail-1.5.0.jar
7fc2eb8fd000-7fc2eb931000 r--s 001a4000 08:13 3028012                    /home/luis/.m2/repository/javax/javaee-api/7.0/javaee-api-7.0.jar
7fc2eb931000-7fc2eb9a8000 r--s 009b7000 08:13 2890503                    /home/luis/Programacion/workspace/gha/lib/smartgwt-3.1.jar
7fc2eb9a8000-7fc2eb9ac000 r--s 0000d000 08:13 2892744                    /home/luis/Programacion/workspace/gha/domain/target/domain-1-sources.jar
7fc2eb9ac000-7fc2eb9b5000 r--s 0006d000 08:13 2895998                    /home/luis/.m2/repository/log4j/log4j/1.2.16/log4j-1.2.16.jar
7fc2eb9b5000-7fc2eb9b9000 r--s 00016000 08:13 2892741                    /home/luis/Programacion/workspace/gha/domain/target/domain-1.jar
7fc2eb9b9000-7fc2eb9bb000 r--s 00001000 08:13 3027880                    /home/luis/Programacion/workspace/gha/ejb/target/ejb-1-client.jar
7fc2eb9bb000-7fc2eb9f7000 rw-p 00000000 00:00 0 
7fc2eb9f7000-7fc2ebafb000 r--s 01a55000 08:13 2890501                    /home/luis/Programacion/workspace/gha/lib/gwt-user-2.5.1.jar
7fc2ebafb000-7fc2ebafc000 ---p 00000000 00:00 0 
7fc2ebafc000-7fc2ebbfc000 rw-p 00000000 00:00 0 
7fc2ebbfc000-7fc2ebbff000 ---p 00000000 00:00 0 
7fc2ebbff000-7fc2ebcfd000 rw-p 00000000 00:00 0 
7fc2ebcfd000-7fc2ebd00000 ---p 00000000 00:00 0 
7fc2ebd00000-7fc2ebdfe000 rw-p 00000000 00:00 0 
7fc2ebdfe000-7fc2ebe01000 ---p 00000000 00:00 0 
7fc2ebe01000-7fc2ebeff000 rw-p 00000000 00:00 0 
7fc2ebeff000-7fc2ebf02000 ---p 00000000 00:00 0 
7fc2ebf02000-7fc2ec000000 rw-p 00000000 00:00 0 
7fc2ec000000-7fc2ec021000 rw-p 00000000 00:00 0 
7fc2ec021000-7fc2f0000000 ---p 00000000 00:00 0 
7fc2f0000000-7fc2f0021000 rw-p 00000000 00:00 0 
7fc2f0021000-7fc2f4000000 ---p 00000000 00:00 0 
7fc2f4000000-7fc2f4042000 rw-p 00000000 00:00 0 
7fc2f4042000-7fc2f8000000 ---p 00000000 00:00 0 
7fc2f8000000-7fc2f8021000 rw-p 00000000 00:00 0 
7fc2f8021000-7fc2fc000000 ---p 00000000 00:00 0 
7fc2fc000000-7fc2fc021000 rw-p 00000000 00:00 0 
7fc2fc021000-7fc300000000 ---p 00000000 00:00 0 
7fc3000d3000-7fc3007b6000 r--p 00000000 08:13 3158712                    /usr/lib/locale/locale-archive
7fc3007b6000-7fc3007b9000 ---p 00000000 00:00 0 
7fc3007b9000-7fc3008b7000 rw-p 00000000 00:00 0 
7fc3008b7000-7fc3008ba000 ---p 00000000 00:00 0 
7fc3008ba000-7fc3009b8000 rw-p 00000000 00:00 0 
7fc3009b8000-7fc3009b9000 ---p 00000000 00:00 0 
7fc3009b9000-7fc301000000 rw-p 00000000 00:00 0 
7fc301000000-7fc3014d0000 rwxp 00000000 00:00 0 
7fc3014d0000-7fc30463c000 rw-p 00000000 00:00 0 
7fc30463c000-7fc308000000 ---p 00000000 00:00 0 
7fc30804a000-7fc308051000 r--s 00000000 08:13 3421126                    /usr/lib/x86_64-linux-gnu/gconv/gconv-modules.cache
7fc308051000-7fc308076000 r--p 00000000 08:13 3680972                    /usr/share/locale-langpack/es/LC_MESSAGES/libc.mo
7fc308076000-7fc30807a000 r--s 0008a000 08:13 3163660                    /usr/lib/jvm/jdk1.7.0_21/jre/lib/jsse.jar
7fc30807a000-7fc30807c000 r--s 00001000 08:13 659520                     /usr/lib/jvm/jdk1.7.0_21/jre/lib/ext/dnsns.jar
7fc30807c000-7fc308080000 r--s 0002d000 08:13 659516                     /usr/lib/jvm/jdk1.7.0_21/jre/lib/ext/sunjce_provider.jar
7fc308080000-7fc308081000 r--s 00003000 08:13 659522                     /usr/lib/jvm/jdk1.7.0_21/jre/lib/ext/sunec.jar
7fc308081000-7fc308082000 r--s 00010000 08:13 659518                     /usr/lib/jvm/jdk1.7.0_21/jre/lib/ext/zipfs.jar
7fc308082000-7fc308086000 r--s 00037000 08:13 659519                     /usr/lib/jvm/jdk1.7.0_21/jre/lib/ext/sunpkcs11.jar
7fc308086000-7fc3080b7000 rw-p 00000000 00:00 0 
7fc3080b7000-7fc3080ba000 r--s 000f7000 08:13 659521                     /usr/lib/jvm/jdk1.7.0_21/jre/lib/ext/localedata.jar
7fc3080ba000-7fc3080c4000 r--s 00254000 08:13 3163671                    /usr/lib/jvm/jdk1.7.0_21/jre/lib/resources.jar
7fc3080c4000-7fc308538000 rw-p 00000000 00:00 0 
7fc308538000-7fc3086f5000 r--s 039de000 08:13 3163680                    /usr/lib/jvm/jdk1.7.0_21/jre/lib/rt.jar
7fc3086f5000-7fc309e51000 rw-p 00000000 00:00 0 
7fc309e51000-7fc309e52000 ---p 00000000 00:00 0 
7fc309e52000-7fc309f52000 rw-p 00000000 00:00 0 
7fc309f52000-7fc309f53000 ---p 00000000 00:00 0 
7fc309f53000-7fc30a061000 rw-p 00000000 00:00 0 
7fc30a061000-7fc30a07c000 rw-p 00000000 00:00 0 
7fc30a07c000-7fc30a0e4000 rw-p 00000000 00:00 0 
7fc30a0e4000-7fc30a127000 rw-p 00000000 00:00 0 
7fc30a127000-7fc30a135000 rw-p 00000000 00:00 0 
7fc30a135000-7fc30a150000 rw-p 00000000 00:00 0 
7fc30a150000-7fc30a1b8000 rw-p 00000000 00:00 0 
7fc30a1b8000-7fc30a1fa000 rw-p 00000000 00:00 0 
7fc30a1fa000-7fc30a24c000 rw-p 00000000 00:00 0 
7fc30a24c000-7fc30a250000 ---p 00000000 00:00 0 
7fc30a250000-7fc30a251000 rw-p 00000000 00:00 0 
7fc30a251000-7fc30a26b000 r-xp 00000000 08:13 659488                     /usr/lib/jvm/jdk1.7.0_21/jre/lib/amd64/libzip.so
7fc30a26b000-7fc30a46b000 ---p 0001a000 08:13 659488                     /usr/lib/jvm/jdk1.7.0_21/jre/lib/amd64/libzip.so
7fc30a46b000-7fc30a46c000 rw-p 0001a000 08:13 659488                     /usr/lib/jvm/jdk1.7.0_21/jre/lib/amd64/libzip.so
7fc30a46c000-7fc30a478000 r-xp 00000000 08:13 1054176                    /lib/x86_64-linux-gnu/libnss_files-2.15.so
7fc30a478000-7fc30a677000 ---p 0000c000 08:13 1054176                    /lib/x86_64-linux-gnu/libnss_files-2.15.so
7fc30a677000-7fc30a678000 r--p 0000b000 08:13 1054176                    /lib/x86_64-linux-gnu/libnss_files-2.15.so
7fc30a678000-7fc30a679000 rw-p 0000c000 08:13 1054176                    /lib/x86_64-linux-gnu/libnss_files-2.15.so
7fc30a679000-7fc30a683000 r-xp 00000000 08:13 1051530                    /lib/x86_64-linux-gnu/libnss_nis-2.15.so
7fc30a683000-7fc30a883000 ---p 0000a000 08:13 1051530                    /lib/x86_64-linux-gnu/libnss_nis-2.15.so
7fc30a883000-7fc30a884000 r--p 0000a000 08:13 1051530                    /lib/x86_64-linux-gnu/libnss_nis-2.15.so
7fc30a884000-7fc30a885000 rw-p 0000b000 08:13 1051530                    /lib/x86_64-linux-gnu/libnss_nis-2.15.so
7fc30a885000-7fc30a89c000 r-xp 00000000 08:13 1054461                    /lib/x86_64-linux-gnu/libnsl-2.15.so
7fc30a89c000-7fc30aa9b000 ---p 00017000 08:13 1054461                    /lib/x86_64-linux-gnu/libnsl-2.15.so
7fc30aa9b000-7fc30aa9c000 r--p 00016000 08:13 1054461                    /lib/x86_64-linux-gnu/libnsl-2.15.so
7fc30aa9c000-7fc30aa9d000 rw-p 00017000 08:13 1054461                    /lib/x86_64-linux-gnu/libnsl-2.15.so
7fc30aa9d000-7fc30aa9f000 rw-p 00000000 00:00 0 
7fc30aa9f000-7fc30aaa7000 r-xp 00000000 08:13 1054177                    /lib/x86_64-linux-gnu/libnss_compat-2.15.so
7fc30aaa7000-7fc30aca6000 ---p 00008000 08:13 1054177                    /lib/x86_64-linux-gnu/libnss_compat-2.15.so
7fc30aca6000-7fc30aca7000 r--p 00007000 08:13 1054177                    /lib/x86_64-linux-gnu/libnss_compat-2.15.so
7fc30aca7000-7fc30aca8000 rw-p 00008000 08:13 1054177                    /lib/x86_64-linux-gnu/libnss_compat-2.15.so
7fc30aca8000-7fc30acd1000 r-xp 00000000 08:13 659472                     /usr/lib/jvm/jdk1.7.0_21/jre/lib/amd64/libjava.so
7fc30acd1000-7fc30aed1000 ---p 00029000 08:13 659472                     /usr/lib/jvm/jdk1.7.0_21/jre/lib/amd64/libjava.so
7fc30aed1000-7fc30aed3000 rw-p 00029000 08:13 659472                     /usr/lib/jvm/jdk1.7.0_21/jre/lib/amd64/libjava.so
7fc30aed3000-7fc30aee0000 r-xp 00000000 08:13 659470                     /usr/lib/jvm/jdk1.7.0_21/jre/lib/amd64/libverify.so
7fc30aee0000-7fc30b0df000 ---p 0000d000 08:13 659470                     /usr/lib/jvm/jdk1.7.0_21/jre/lib/amd64/libverify.so
7fc30b0df000-7fc30b0e1000 rw-p 0000c000 08:13 659470                     /usr/lib/jvm/jdk1.7.0_21/jre/lib/amd64/libverify.so
7fc30b0e1000-7fc30b0e8000 r-xp 00000000 08:13 1050759                    /lib/x86_64-linux-gnu/librt-2.15.so
7fc30b0e8000-7fc30b2e7000 ---p 00007000 08:13 1050759                    /lib/x86_64-linux-gnu/librt-2.15.so
7fc30b2e7000-7fc30b2e8000 r--p 00006000 08:13 1050759                    /lib/x86_64-linux-gnu/librt-2.15.so
7fc30b2e8000-7fc30b2e9000 rw-p 00007000 08:13 1050759                    /lib/x86_64-linux-gnu/librt-2.15.so
7fc30b2e9000-7fc30b3e4000 r-xp 00000000 08:13 1051532                    /lib/x86_64-linux-gnu/libm-2.15.so
7fc30b3e4000-7fc30b5e3000 ---p 000fb000 08:13 1051532                    /lib/x86_64-linux-gnu/libm-2.15.so
7fc30b5e3000-7fc30b5e4000 r--p 000fa000 08:13 1051532                    /lib/x86_64-linux-gnu/libm-2.15.so
7fc30b5e4000-7fc30b5e5000 rw-p 000fb000 08:13 1051532                    /lib/x86_64-linux-gnu/libm-2.15.so
7fc30b5e5000-7fc30c02f000 r-xp 00000000 08:13 659478                     /usr/lib/jvm/jdk1.7.0_21/jre/lib/amd64/server/libjvm.so
7fc30c02f000-7fc30c22e000 ---p 00a4a000 08:13 659478                     /usr/lib/jvm/jdk1.7.0_21/jre/lib/amd64/server/libjvm.so
7fc30c22e000-7fc30c2d2000 rw-p 00a49000 08:13 659478                     /usr/lib/jvm/jdk1.7.0_21/jre/lib/amd64/server/libjvm.so
7fc30c2d2000-7fc30c30d000 rw-p 00000000 00:00 0 
7fc30c30d000-7fc30c4c2000 r-xp 00000000 08:13 1050689                    /lib/x86_64-linux-gnu/libc-2.15.so
7fc30c4c2000-7fc30c6c1000 ---p 001b5000 08:13 1050689                    /lib/x86_64-linux-gnu/libc-2.15.so
7fc30c6c1000-7fc30c6c5000 r--p 001b4000 08:13 1050689                    /lib/x86_64-linux-gnu/libc-2.15.so
7fc30c6c5000-7fc30c6c7000 rw-p 001b8000 08:13 1050689                    /lib/x86_64-linux-gnu/libc-2.15.so
7fc30c6c7000-7fc30c6cc000 rw-p 00000000 00:00 0 
7fc30c6cc000-7fc30c6ce000 r-xp 00000000 08:13 1050688                    /lib/x86_64-linux-gnu/libdl-2.15.so
7fc30c6ce000-7fc30c8ce000 ---p 00002000 08:13 1050688                    /lib/x86_64-linux-gnu/libdl-2.15.so
7fc30c8ce000-7fc30c8cf000 r--p 00002000 08:13 1050688                    /lib/x86_64-linux-gnu/libdl-2.15.so
7fc30c8cf000-7fc30c8d0000 rw-p 00003000 08:13 1050688                    /lib/x86_64-linux-gnu/libdl-2.15.so
7fc30c8d0000-7fc30c8e6000 r-xp 00000000 08:13 659447                     /usr/lib/jvm/jdk1.7.0_21/jre/lib/amd64/jli/libjli.so
7fc30c8e6000-7fc30cae6000 ---p 00016000 08:13 659447                     /usr/lib/jvm/jdk1.7.0_21/jre/lib/amd64/jli/libjli.so
7fc30cae6000-7fc30cae7000 rw-p 00016000 08:13 659447                     /usr/lib/jvm/jdk1.7.0_21/jre/lib/amd64/jli/libjli.so
7fc30cae7000-7fc30caff000 r-xp 00000000 08:13 1050755                    /lib/x86_64-linux-gnu/libpthread-2.15.so
7fc30caff000-7fc30ccfe000 ---p 00018000 08:13 1050755                    /lib/x86_64-linux-gnu/libpthread-2.15.so
7fc30ccfe000-7fc30ccff000 r--p 00017000 08:13 1050755                    /lib/x86_64-linux-gnu/libpthread-2.15.so
7fc30ccff000-7fc30cd00000 rw-p 00018000 08:13 1050755                    /lib/x86_64-linux-gnu/libpthread-2.15.so
7fc30cd00000-7fc30cd04000 rw-p 00000000 00:00 0 
7fc30cd04000-7fc30cd26000 r-xp 00000000 08:13 1054181                    /lib/x86_64-linux-gnu/ld-2.15.so
7fc30cd27000-7fc30cd5c000 rw-p 00000000 00:00 0 
7fc30cd5c000-7fc30ce08000 rw-p 00000000 00:00 0 
7fc30ce08000-7fc30ce0b000 ---p 00000000 00:00 0 
7fc30ce0b000-7fc30cf0d000 rw-p 00000000 00:00 0 
7fc30cf0f000-7fc30cf13000 r--s 00029000 08:13 3028886                    /home/luis/.m2/repository/commons-io/commons-io/2.3/commons-io-2.3.jar
7fc30cf13000-7fc30cf15000 r--s 0000d000 08:13 4089448                    /home/luis/.m2/repository/commons-fileupload/commons-fileupload/1.2.2/commons-fileupload-1.2.2.jar
7fc30cf15000-7fc30cf1a000 r--s 0002c000 08:13 3028880                    /home/luis/.m2/repository/com/googlecode/gwtupload/gwtupload/0.6.6/gwtupload-0.6.6.jar
7fc30cf1a000-7fc30cf22000 rw-s 00000000 08:13 3688942                    /tmp/hsperfdata_luis/2598
7fc30cf22000-7fc30cf23000 rw-p 00000000 00:00 0 
7fc30cf23000-7fc30cf24000 r--p 00000000 00:00 0 
7fc30cf24000-7fc30cf26000 rw-p 00000000 00:00 0 
7fc30cf26000-7fc30cf27000 r--p 00022000 08:13 1054181                    /lib/x86_64-linux-gnu/ld-2.15.so
7fc30cf27000-7fc30cf29000 rw-p 00023000 08:13 1054181                    /lib/x86_64-linux-gnu/ld-2.15.so
7fffb235c000-7fffb237d000 rw-p 00000000 00:00 0                          [stack]
7fffb23ff000-7fffb2400000 r-xp 00000000 00:00 0                          [vdso]
ffffffffff600000-ffffffffff601000 r-xp 00000000 00:00 0                  [vsyscall]

VM Arguments:
jvm_args: -Xmx512m 
java_command: com.google.gwt.dev.Compiler -logLevel INFO -style OBF -war /home/luis/Programacion/workspace/gha/webclient/target/webclient-1 -localWorkers 2 -XfragmentCount -1 -gen /home/luis/Programacion/workspace/gha/webclient/target/.generated org.fourgeeks.gha.webclient.webclient
Launcher Type: SUN_STANDARD

Environment Variables:
PATH=/usr/local/sbin:/usr/local/bin:/usr/sbin:/usr/bin:/sbin:/bin:/usr/games
SHELL=/bin/bash
DISPLAY=:0

Signal Handlers:
SIGSEGV: [libjvm.so+0x8a80e0], sa_mask[0]=0x7ffbfeff, sa_flags=0x10000004
SIGBUS: [libjvm.so+0x8a80e0], sa_mask[0]=0x7ffbfeff, sa_flags=0x10000004
SIGFPE: [libjvm.so+0x744170], sa_mask[0]=0x7ffbfeff, sa_flags=0x10000004
SIGPIPE: [libjvm.so+0x744170], sa_mask[0]=0x7ffbfeff, sa_flags=0x10000004
SIGXFSZ: [libjvm.so+0x744170], sa_mask[0]=0x7ffbfeff, sa_flags=0x10000004
SIGILL: [libjvm.so+0x744170], sa_mask[0]=0x7ffbfeff, sa_flags=0x10000004
SIGUSR1: SIG_DFL, sa_mask[0]=0x00000000, sa_flags=0x00000000
SIGUSR2: [libjvm.so+0x743ac0], sa_mask[0]=0x00000004, sa_flags=0x10000004
SIGHUP: [libjvm.so+0x745e50], sa_mask[0]=0x7ffbfeff, sa_flags=0x10000004
SIGINT: [libjvm.so+0x745e50], sa_mask[0]=0x7ffbfeff, sa_flags=0x10000004
SIGTERM: [libjvm.so+0x745e50], sa_mask[0]=0x7ffbfeff, sa_flags=0x10000004
SIGQUIT: [libjvm.so+0x745e50], sa_mask[0]=0x7ffbfeff, sa_flags=0x10000004


---------------  S Y S T E M  ---------------

OS:wheezy/sid

uname:Linux 3.2.0-49-generic #75-Ubuntu SMP Tue Jun 18 17:39:32 UTC 2013 x86_64
libc:glibc 2.15 NPTL 2.15 
rlimit: STACK 8192k, CORE 0k, NPROC 30924, NOFILE 4096, AS infinity
load average:2,77 2,53 1,25

/proc/meminfo:
MemTotal:        4049168 kB
MemFree:          209792 kB
Buffers:           97160 kB
Cached:          1342240 kB
SwapCached:            0 kB
Active:          2568980 kB
Inactive:        1033520 kB
Active(anon):    2164860 kB
Inactive(anon):    13936 kB
Active(file):     404120 kB
Inactive(file):  1019584 kB
Unevictable:           0 kB
Mlocked:               0 kB
SwapTotal:        975868 kB
SwapFree:         975868 kB
Dirty:             16332 kB
Writeback:             0 kB
AnonPages:       2163228 kB
Mapped:           236668 kB
Shmem:             15688 kB
Slab:             107696 kB
SReclaimable:      76636 kB
SUnreclaim:        31060 kB
KernelStack:        3952 kB
PageTables:        38212 kB
NFS_Unstable:          0 kB
Bounce:                0 kB
WritebackTmp:          0 kB
CommitLimit:     3000452 kB
Committed_AS:    4077924 kB
VmallocTotal:   34359738367 kB
VmallocUsed:      328336 kB
VmallocChunk:   34359401340 kB
HardwareCorrupted:     0 kB
AnonHugePages:         0 kB
HugePages_Total:       0
HugePages_Free:        0
HugePages_Rsvd:        0
HugePages_Surp:        0
Hugepagesize:       2048 kB
DirectMap4k:       60288 kB
DirectMap2M:     4132864 kB


CPU:total 2 (2 cores per cpu, 1 threads per core) family 15 model 107 stepping 2, cmov, cx8, fxsr, mmx, sse, sse2, sse3, mmxext, 3dnowpref, tsc

/proc/cpuinfo:
processor	: 0
vendor_id	: AuthenticAMD
cpu family	: 15
model		: 107
model name	: AMD Athlon(tm) 64 X2 Dual Core Processor 5000+
stepping	: 2
cpu MHz		: 2613.562
cache size	: 512 KB
physical id	: 0
siblings	: 2
core id		: 0
cpu cores	: 2
apicid		: 0
initial apicid	: 0
fpu		: yes
fpu_exception	: yes
cpuid level	: 1
wp		: yes
flags		: fpu vme de pse tsc msr pae mce cx8 apic sep mtrr pge mca cmov pat pse36 clflush mmx fxsr sse sse2 ht syscall nx mmxext fxsr_opt rdtscp lm 3dnowext 3dnow rep_good nopl pni cx16 lahf_lm cmp_legacy svm extapic cr8_legacy 3dnowprefetch lbrv
bogomips	: 5227.12
TLB size	: 1024 4K pages
clflush size	: 64
cache_alignment	: 64
address sizes	: 40 bits physical, 48 bits virtual
power management: ts fid vid ttp tm stc 100mhzsteps

processor	: 1
vendor_id	: AuthenticAMD
cpu family	: 15
model		: 107
model name	: AMD Athlon(tm) 64 X2 Dual Core Processor 5000+
stepping	: 2
cpu MHz		: 2613.562
cache size	: 512 KB
physical id	: 0
siblings	: 2
core id		: 1
cpu cores	: 2
apicid		: 1
initial apicid	: 1
fpu		: yes
fpu_exception	: yes
cpuid level	: 1
wp		: yes
flags		: fpu vme de pse tsc msr pae mce cx8 apic sep mtrr pge mca cmov pat pse36 clflush mmx fxsr sse sse2 ht syscall nx mmxext fxsr_opt rdtscp lm 3dnowext 3dnow rep_good nopl pni cx16 lahf_lm cmp_legacy svm extapic cr8_legacy 3dnowprefetch lbrv
bogomips	: 5226.81
TLB size	: 1024 4K pages
clflush size	: 64
cache_alignment	: 64
address sizes	: 40 bits physical, 48 bits virtual
power management: ts fid vid ttp tm stc 100mhzsteps



Memory: 4k page, physical 4049168k(209792k free), swap 975868k(975868k free)

vm_info: Java HotSpot(TM) 64-Bit Server VM (23.21-b01) for linux-amd64 JRE (1.7.0_21-b11), built on Apr  4 2013 04:03:29 by "java_re" with gcc 4.3.0 20080428 (Red Hat 4.3.0-8)

time: Sat Jul 20 08:35:06 2013
elapsed time: 38 seconds

