#
# A fatal error has been detected by the Java Runtime Environment:
#
#  SIGSEGV (0xb) at pc=0x00007fc09db0e9b4, pid=10733, tid=140465109030656
#
# JRE version: 7.0_21-b11
# Java VM: Java HotSpot(TM) 64-Bit Server VM (23.21-b01 mixed mode linux-amd64 compressed oops)
# Problematic frame:
# V  [libjvm.so+0x3fe9b4]  constMethodKlass::oop_follow_contents(ParCompactionManager*, oopDesc*)+0x124
#
# Failed to write core dump. Core dumps have been disabled. To enable core dumping, try "ulimit -c unlimited" before starting Java again
#
# If you would like to submit a bug report, please visit:
#   http://bugreport.sun.com/bugreport/crash.jsp
#

---------------  T H R E A D  ---------------

Current thread (0x00007fc098018800):  GCTaskThread [stack: 0x00007fc094dd5000,0x00007fc094ed6000] [id=10742]

siginfo:si_signo=SIGSEGV: si_errno=0, si_code=1 (SEGV_MAPERR), si_addr=0x000000000087009e

Registers:
RAX=0x00007fc09e3e94b0, RBX=0x00007fc09e40c460, RCX=0x0000000000000000, RDX=0x0000000000870086
RSP=0x00007fc094ed4a10, RBP=0x00007fc094ed4a40, RSI=0x00000000000064a5, RDI=0x0000000000870096
R8 =0x0000000000000001, R9 =0x0000000000000c9c, R10=0x000000000000000c, R11=0x00007fc09e407de0
R12=0x00007fc09808bbd0, R13=0x00000000bdc94ac0, R14=0x00007fc09e028625, R15=0x00000000bdc9ca60
RIP=0x00007fc09db0e9b4, EFLAGS=0x0000000000010202, CSGSFS=0x0000000000000033, ERR=0x0000000000000004
  TRAPNO=0x000000000000000e

Top of Stack: (sp=0x00007fc094ed4a10)
0x00007fc094ed4a10:   00007fc09808bbf0 00007fc09808bbd0
0x00007fc094ed4a20:   00007fc09e407de0 00007fc09e404428
0x00007fc094ed4a30:   00007fc09e028625 00007fc09808bbe0
0x00007fc094ed4a40:   00007fc094ed4b30 00007fc09dea53bc
0x00007fc094ed4a50:   0000000000000000 00007fc094ed4aa0
0x00007fc094ed4a60:   00007fc094ed4ab0 00007fc094ed4a90
0x00007fc094ed4a70:   00007fc094ed4ad0 00007fc094ed4ae0
0x00007fc094ed4a80:   00007fc09808bbf0 00007fc09808bc50
0x00007fc094ed4a90:   0000000000000000 00007fc09ec1de18
0x00007fc094ed4aa0:   0000000000000000 00007fc098019c50
0x00007fc094ed4ab0:   00007fc098018800 0000000000000018
0x00007fc094ed4ac0:   000001db000004c5 00007fc098019c00
0x00007fc094ed4ad0:   00000000c2c670e0 00007fc09808bbd0
0x00007fc094ed4ae0:   00007fc094ed4b10 00007fc09deb11ee
0x00007fc094ed4af0:   00000000bd0ac638 00007fc09808bbd0
0x00007fc094ed4b00:   00007fc094ed4b30 00007fc09801cb60
0x00007fc094ed4b10:   00007fc09808bbd0 0000000000000001
0x00007fc094ed4b20:   00007fc09e028625 0000000000000000
0x00007fc094ed4b30:   00007fc094ed4bb0 00007fc09de8c808
0x00007fc094ed4b40:   0000000000000002 0000000000000001
0x00007fc094ed4b50:   00007fc094ed4b70 00007fc09de1d93b
0x00007fc094ed4b60:   00007fc09e3cca70 00007fc09801cb00
0x00007fc094ed4b70:   0000000000000000 00007fc09808bbd0
0x00007fc094ed4b80:   00007fc09e006d6c 00007fc09801cb60
0x00007fc094ed4b90:   00007fc098018800 0000000000000001
0x00007fc094ed4ba0:   00007fc09e028625 0000000000000000
0x00007fc094ed4bb0:   00007fc094ed4c90 00007fc09dbc7ec0
0x00007fc094ed4bc0:   00007fc094ed4bf0 00007fc094ed4c50
0x00007fc094ed4bd0:   00007fc098018eb0 00007fc098018ec0
0x00007fc094ed4be0:   00007fc098019298 00007fc098018e80
0x00007fc094ed4bf0:   00007fc098018800 00007fc0980192a0
0x00007fc094ed4c00:   00007fc0980192d0 00007fc0980192e0 

Instructions: (pc=0x00007fc09db0e9b4)
0x00007fc09db0e994:   0f 1f 40 00 48 8b 05 f1 72 8c 00 44 0f b6 00 45
0x00007fc09db0e9a4:   84 c0 0f 85 5c 02 00 00 49 8b 55 08 48 8d 7a 10
0x00007fc09db0e9b4:   8b 77 08 83 fe 00 0f 8e e0 05 00 00 40 f6 c6 01
0x00007fc09db0e9c4:   0f 85 7e 03 00 00 89 f0 c1 f8 03 4c 63 f0 4c 89 

Register to memory mapping:

RAX=0x00007fc09e3e94b0: <offset 0xcd94b0> in /usr/lib/jvm/jdk1.7.0_21/jre/lib/amd64/server/libjvm.so at 0x00007fc09d710000
RBX=0x00007fc09e40c460: <offset 0xcfc460> in /usr/lib/jvm/jdk1.7.0_21/jre/lib/amd64/server/libjvm.so at 0x00007fc09d710000
RCX=0x0000000000000000 is an unknown value
RDX=0x0000000000870086 is an unknown value
RSP=0x00007fc094ed4a10 is an unknown value
RBP=0x00007fc094ed4a40 is an unknown value
RSI=0x00000000000064a5 is an unknown value
RDI=0x0000000000870096 is an unknown value
R8 =0x0000000000000001 is an unknown value
R9 =0x0000000000000c9c is an unknown value
R10=0x000000000000000c is an unknown value
R11=0x00007fc09e407de0: <offset 0xcf7de0> in /usr/lib/jvm/jdk1.7.0_21/jre/lib/amd64/server/libjvm.so at 0x00007fc09d710000
R12=0x00007fc09808bbd0 is an unknown value
R13=0x00000000bdc94ac0 is an oop
{constant pool} 
 - klass: {other class}
 - holder: 0x00000000bdc955b0
 - cache: 0x00000000bdc958a0
 -   1 :  : klass_index=28 name_and_type_index=78
 -   2 :  : 'java/util/Dictionary' {0xbd044e60}
 -   3 :  : klass_index=80 name_and_type_index=81
 -   4 :  : 'java/util/Map' {0xbd0416c8}
 -   5 :  : 'java/util/Collection' {0xbd0befc8}
 -   6 :  : klass_index=27 name_and_type_index=84
 -   7 :  : klass_index=27 name_and_type_index=85
 -   8 :  : klass_index=80 name_and_type_index=86
 -   9 :  : klass_index=87 name_and_type_index=88
 -  10 :  : klass_index=27 name_and_type_index=89
 -  11 :  : klass_index=27 name_and_type_index=90
 -  12 :  : klass_index=80 name_and_type_index=91
 -  13 :  : 'org/codehaus/plexus/component/configurator/converters/composite/ComponentDefaultValueSetter'
 -  14 :  : klass_index=13 name_and_type_index=93
 -  15 :  : klass_index=13 name_and_type_index=94
 -  16 :  : 'org/codehaus/plexus/component/configurator/ComponentConfigurationException'
 -  17 :  : klass_index=16 name_and_type_index=96
 -  18 :  : klass_index=16 name_and_type_index=97
 -  19 :  : klass_index=27 name_and_type_index=98
 -  20 :  : klass_index=87 name_and_type_index=99
 -  21 :  : klass_index=87 name_and_type_index=100
 -  22 :  : 'java/lang/Exception'
 -  23 :  : 'org/codehaus/plexus/component/configurator/converters/ComponentValueSetter' {0xbdc9b7c8}
 -  24 :  : klass_index=27 name_and_type_index=103
 -  25 :  : klass_index=23 name_and_type_index=104
 -  26 :  : klass_index=23 name_and_type_index=105
 -  27 :  : 'org/codehaus/plexus/component/configurator/converters/composite/ObjectWithFieldsConverter' {0xbdc955b0}
 -  28 :  : 'org/codehaus/plexus/component/configurator/converters/AbstractConfigurationConverter' {0xbdc823b8}
 -  29 :  : '<init>'
 -  30 :  : '()V'
 -  31 :  : 'Code'
 -  32 :  : 'LineNumberTable'
 -  33 :  : 'LocalVariableTable'
 -  34 :  : 'this'
 -  35 :  : 'Lorg/codehaus/plexus/component/configurator/converters/composite/ObjectWithFieldsConverter;'
 -  36 :  : 'canConvert'
 -  37 :  : '(Ljava/lang/Class;)Z'
 -  38 :  : 'type'
 -  39 :  : 'Ljava/lang/Class;'
 -  40 :  : 'retValue'
 -  41 :  : 'Z'
 -  42 :  : 'fromConfiguration'
 -  43 :  : '(Lorg/codehaus/plexus/component/configurator/converters/lookup/ConverterLookup;Lorg/codehaus/plexus/configuration/PlexusConfiguration;Ljava/lang/Class;Ljava/lang/Class;Ljava/lang/ClassLoader;Lorg/codehaus/plexus/component/configurator/expression/ExpressionEvaluator;Lorg/codehaus/plexus/component/configurator/ConfigurationListener;)Ljava/lang/Object;'
 -  44 :  : 'implementation'
 -  45 :  : 'propertyValue'
 -  46 :  : 'Ljava/lang/Object;'
 -  47 :  : 'valueSetter'
 -  48 :  : 'Lorg/codehaus/plexus/component/configurator/converters/composite/ComponentDefaultValueSetter;'
 -  49 :  : 'e'
 -  50 :  : 'Lorg/codehaus/plexus/component/configurator/ComponentConfigurationException;'
 -  51 :  : 'converterLookup'
 -  52 :  : 'Lorg/codehaus/plexus/component/configurator/converters/lookup/ConverterLookup;'
 -  53 :  : 'configuration'
 -  54 :  : 'Lorg/codehaus/plexus/configuration/PlexusConfiguration;'
 -  55 :  : 'baseType'
 -  56 :  : 'classLoader'
 -  57 :  : 'Ljava/lang/ClassLoader;'
 -  58 :  : 'expressionEvaluator'
 -  59 :  : 'Lorg/codehaus/plexus/component/configurator/expression/ExpressionEvaluator;'
 -  60 :  : 'listener'
 -  61 :  : 'Lorg/codehaus/plexus/component/configurator/ConfigurationListener;'
 -  62 :  : 'Exceptions'
 -  63 :  : 'processConfiguration'
 -  64 :  : '(Lorg/codehaus/plexus/component/configurator/converters/lookup/ConverterLookup;Ljava/lang/Object;Ljava/lang/ClassLoader;Lorg/codehaus/plexus/configuration/PlexusConfiguration;)V'
 -  65 :  : 'object'
 -  66 :  : '(Lorg/codehaus/plexus/component/configurator/converters/lookup/ConverterLookup;Ljava/lang/Object;Ljava/lang/ClassLoader;Lorg/codehaus/plexus/configuration/PlexusConfiguration;Lorg/codehaus/plexus/component/configurator/expression/ExpressionEvaluator;)V'
 -  67 :  : '(Lorg/codehaus/plexus/component/configurator/converters/lookup/ConverterLookup;Ljava/lang/Object;Ljava/lang/ClassLoader;Lorg/codehaus/plexus/configuration/PlexusConfiguration;Lorg/codehaus/plexus/component/configurator/expression/ExpressionEvaluator;Lorg/codehaus/plexus/component/configurator/ConfigurationListener;)V'
 -  68 :  : 'Ljava/lang/Exception;'
 -  69 :  : 'childConfiguration'
 -  70 :  : 'elementName'
 -  71 :  : 'Ljava/lang/String;'
 -  72 :  : 'Lorg/codehaus/plexus/component/configurator/converters/ComponentValueSetter;'
 -  73 :  : 'i'
 -  74 :  : 'I'
 -  75 :  : 'items'
 -  76 :  : 'SourceFile'
 -  77 :  : 'ObjectWithFieldsConverter.java'
 -  78 :  : name_index=29 signature_index=30
 -  79 :  : 'java/util/Dictionary'
 -  80 :  : 'java/lang/Class' {0xbd016478}
 -  81 :  : name_index=109 signature_index=37
 -  82 :  : 'java/util/Map'
 -  83 :  : 'java/util/Collection'
 -  84 :  : name_index=110 signature_index=111
 -  85 :  : name_index=112 signature_index=113
 -  86 :  : name_index=114 signature_index=115
 -  87 :  : 'org/codehaus/plexus/configuration/PlexusConfiguration' {0xbda212b8}
 -  88 :  : name_index=117 signature_index=118
 -  89 :  : name_index=119 signature_index=120
 -  90 :  : name_index=63 signature_index=67
 -  91 :  : name_index=121 signature_index=122
 -  92 :  : 'org/codehaus/plexus/component/configurator/converters/composite/ComponentDefaultValueSetter'
 -  93 :  : name_index=29 signature_index=123
 -  94 :  : name_index=124 signature_index=125
 -  95 :  : 'org/codehaus/plexus/component/configurator/ComponentConfigurationException'
 -  96 :  : name_index=126 signature_index=127
 -  97 :  : name_index=128 signature_index=129
 -  98 :  : name_index=63 signature_index=66
 -  99 :  : name_index=130 signature_index=131
 - 100 :  : name_index=132 signature_index=133
 - 101 :  : 'java/lang/Exception'
 - 102 :  : 'org/codehaus/plexus/component/configurator/converters/ComponentValueSetter'
 - 103 :  : name_index=134 signature_index=135
 - 104 :  : name_index=29 signature_index=136
 - 105 :  : name_index=124 signature_index=137
 - 106 :  : 'org/codehaus/plexus/component/configurator/converters/composite/ObjectWithFieldsConverter'
 - 107 :  : 'org/codehaus/plexus/component/configurator/converters/AbstractConfigurationConverter'
 - 108 :  : 'java/lang/Class'
 - 109 :  : 'isAssignableFrom'
 - 110 :  : 'fromExpression'
 - 111 :  : '(Lorg/codehaus/plexus/configuration/PlexusConfiguration;Lorg/codehaus/plexus/component/configurator/expression/ExpressionEvaluator;)Ljava/lang/Object;'
 - 112 :  : 'getClassForImplementationHint'
 - 113 :  : '(Ljava/lang/Class;Lorg/codehaus/plexus/configuration/PlexusConfiguration;Ljava/lang/ClassLoader;)Ljava/lang/Class;'
 - 114 :  : 'isInterface'
 - 115 :  : '()Z'
 - 116 :  : 'org/codehaus/plexus/configuration/PlexusConfiguration'
 - 117 :  : 'getChildCount'
 - 118 :  : '()I'
 - 119 :  : 'instantiateObject'
 - 120 :  : '(Ljava/lang/Class;)Ljava/lang/Object;'
 - 121 :  : 'isInstance'
 - 122 :  : '(Ljava/lang/Object;)Z'
 - 123 :  : '(Ljava/lang/Object;Lorg/codehaus/plexus/component/configurator/converters/lookup/ConverterLookup;Lorg/codehaus/plexus/component/configurator/ConfigurationListener;)V'
 - 124 :  : 'configure'
 - 125 :  : '(Ljava/lang/Object;Lorg/codehaus/plexus/configuration/PlexusConfiguration;Ljava/lang/ClassLoader;Lorg/codehaus/plexus/component/configurator/expression/ExpressionEvaluator;)V'
 - 126 :  : 'getFailedConfiguration'
 - 127 :  : '()Lorg/codehaus/plexus/configuration/PlexusConfiguration;'
 - 128 :  : 'setFailedConfiguration'
 - 129 :  : '(Lorg/codehaus/plexus/configuration/PlexusConfiguration;)V'
 - 130 :  : 'getChild'
 - 131 :  : '(I)Lorg/codehaus/plexus/configuration/PlexusConfiguration;'
 - 132 :  : 'getName'
 - 133 :  : '()Ljava/lang/String;'
 - 134 :  : 'fromXML'
 - 135 :  : '(Ljava/lang/String;)Ljava/lang/String;'
 - 136 :  : '(Ljava/lang/String;Ljava/lang/Class;Ljava/lang/Object;Lorg/codehaus/plexus/component/configurator/converters/lookup/ConverterLookup;Lorg/codehaus/plexus/component/configurator/ConfigurationListener;)V'
 - 137 :  : '(Lorg/codehaus/plexus/configuration/PlexusConfiguration;Ljava/lang/ClassLoader;Lorg/codehaus/plexus/component/configurator/expression/ExpressionEvaluator;)V'

R14=0x00007fc09e028625: <offset 0x918625> in /usr/lib/jvm/jdk1.7.0_21/jre/lib/amd64/server/libjvm.so at 0x00007fc09d710000
R15=0x00000000bdc9ca60 is an oop
{constMethod} 
 - klass: {other class}
 - method:       0x00000000bdc94ac0 
[error occurred during error reporting (printing register info), id 0xb]

Stack: [0x00007fc094dd5000,0x00007fc094ed6000],  sp=0x00007fc094ed4a10,  free space=1022k
Native frames: (J=compiled Java code, j=interpreted, Vv=VM code, C=native code)
V  [libjvm.so+0x3fe9b4]  constMethodKlass::oop_follow_contents(ParCompactionManager*, oopDesc*)+0x124
V  [libjvm.so+0x7953bc]  ParCompactionManager::follow_marking_stacks()+0x1ec
V  [libjvm.so+0x77c808]  MarkFromRootsTask::do_it(GCTaskManager*, unsigned int)+0x78
V  [libjvm.so+0x4b7ec0]  GCTaskThread::run()+0x130
V  [libjvm.so+0x749010]  java_start(Thread*)+0x100


---------------  P R O C E S S  ---------------

Java Threads: ( => current thread )
  0x00007fc06c0ef800 JavaThread "management-client-thread 1-1" [_thread_blocked, id=10968, stack(0x00007fc05ab83000,0x00007fc05ac84000)]
  0x00007fc0990e4800 JavaThread "Remoting "management-client" read-1" [_thread_blocked, id=10958, stack(0x00007fc05bdfe000,0x00007fc05beff000)]
  0x00007fc098922000 JavaThread "resolver-5" daemon [_thread_blocked, id=10774, stack(0x00007fc05beff000,0x00007fc05c000000)]
  0x00007fc098818800 JavaThread "resolver-4" daemon [_thread_blocked, id=10757, stack(0x00007fc08c004000,0x00007fc08c105000)]
  0x00007fc0987ed800 JavaThread "resolver-3" daemon [_thread_blocked, id=10756, stack(0x00007fc08c105000,0x00007fc08c206000)]
  0x00007fc0987fd000 JavaThread "resolver-2" daemon [_thread_blocked, id=10755, stack(0x00007fc08c206000,0x00007fc08c307000)]
  0x00007fc0987f6800 JavaThread "resolver-1" daemon [_thread_blocked, id=10754, stack(0x00007fc08c320000,0x00007fc08c421000)]
  0x00007fc09862e800 JavaThread "process reaper" daemon [_thread_blocked, id=10753, stack(0x00007fc08c463000,0x00007fc08c48b000)]
  0x00007fc0980ec800 JavaThread "Service Thread" daemon [_thread_blocked, id=10749, stack(0x00007fc08ca2d000,0x00007fc08cb2e000)]
  0x00007fc0980ea800 JavaThread "C2 CompilerThread1" daemon [_thread_blocked, id=10748, stack(0x00007fc08cb2e000,0x00007fc08cc2f000)]
  0x00007fc0980e7800 JavaThread "C2 CompilerThread0" daemon [_thread_blocked, id=10747, stack(0x00007fc08cc2f000,0x00007fc08cd30000)]
  0x00007fc0980e5800 JavaThread "Signal Dispatcher" daemon [_thread_blocked, id=10746, stack(0x00007fc08cd30000,0x00007fc08ce31000)]
  0x00007fc098098000 JavaThread "Finalizer" daemon [_thread_blocked, id=10745, stack(0x00007fc08d514000,0x00007fc08d615000)]
  0x00007fc098095800 JavaThread "Reference Handler" daemon [_thread_blocked, id=10744, stack(0x00007fc08d615000,0x00007fc08d716000)]
  0x00007fc098009000 JavaThread "main" [_thread_blocked, id=10740, stack(0x00007fc09ef33000,0x00007fc09f034000)]

Other Threads:
  0x00007fc09808e000 VMThread [stack: 0x00007fc08d716000,0x00007fc08d817000] [id=10743]
  0x00007fc0980f7800 WatcherThread [stack: 0x00007fc08c92c000,0x00007fc08ca2d000] [id=10750]

=>0x00007fc098018800 (exited) GCTaskThread [stack: 0x00007fc094dd5000,0x00007fc094ed6000] [id=10742]

VM state:at safepoint (normal execution)

VM Mutex/Monitor currently owned by a thread:  ([mutex/lock_event])
[0x00007fc0980054c0] Threads_lock - owner thread: 0x00007fc09808e000
[0x00007fc0980059c0] Heap_lock - owner thread: 0x00007fc098009000

Heap
 PSYoungGen      total 265920K, used 5587K [0x00000000eb600000, 0x00000000fd4e0000, 0x0000000100000000)
  eden space 239872K, 0% used [0x00000000eb600000,0x00000000eb600000,0x00000000fa040000)
  from space 26048K, 21% used [0x00000000fbb70000,0x00000000fc0e4d20,0x00000000fd4e0000)
  to   space 26944K, 0% used [0x00000000fa040000,0x00000000fa040000,0x00000000fba90000)
 ParOldGen       total 75072K, used 55247K [0x00000000c2200000, 0x00000000c6b50000, 0x00000000eb600000)
  object space 75072K, 73% used [0x00000000c2200000,0x00000000c57f3da0,0x00000000c6b50000)
 PSPermGen       total 26624K, used 26453K [0x00000000bd000000, 0x00000000bea00000, 0x00000000c2200000)
  object space 26624K, 99% used [0x00000000bd000000,0x00000000be9d54b8,0x00000000bea00000)

Card table byte_map: [0x00007fc09c163000,0x00007fc09c37c000] byte_map_base: 0x00007fc09bb7b000

Polling page: 0x00007fc09f04e000

Code Cache  [0x00007fc095000000, 0x00007fc0952b0000, 0x00007fc098000000)
 total_blobs=1167 nmethods=831 adapters=287 free_code_cache=46461Kb largest_free_block=47533760

Compilation events (10 events):
Event: 106,816 Thread 0x00007fc0980e7800  874             sun.nio.ch.EPollArrayWrapper::putEventOps (18 bytes)
Event: 106,817 Thread 0x00007fc0980e7800 nmethod 874 0x00007fc09529a610 code [0x00007fc09529a740, 0x00007fc09529a7b8]
Event: 106,817 Thread 0x00007fc0980e7800  876             java.util.TreeMap$KeySet::iterator (32 bytes)
Event: 106,820 Thread 0x00007fc0980e7800 nmethod 876 0x00007fc0952a9590 code [0x00007fc0952a96e0, 0x00007fc0952a9858]
Event: 106,880 Thread 0x00007fc0980e7800  878             java.util.concurrent.atomic.AtomicReferenceArray::length (6 bytes)
Event: 106,880 Thread 0x00007fc0980e7800 nmethod 878 0x00007fc09529a3d0 code [0x00007fc09529a500, 0x00007fc09529a578]
Event: 106,988 Thread 0x00007fc0980e7800  879             java.lang.Thread::isInterrupted (6 bytes)
Event: 106,989 Thread 0x00007fc0980e7800 nmethod 879 0x00007fc0952a99d0 code [0x00007fc0952a9b20, 0x00007fc0952a9bc8]
Event: 117,326 Thread 0x00007fc0980e7800  880             java.util.concurrent.ConcurrentHashMap::entryAt (29 bytes)
Event: 117,327 Thread 0x00007fc0980e7800 nmethod 880 0x00007fc095295ad0 code [0x00007fc095295c00, 0x00007fc095295c78]

GC Heap History (10 events):
Event: 8,590 GC heap after
Heap after GC invocations=6 (full 0):
 PSYoungGen      total 134400K, used 5899K [0x00000000eb600000, 0x00000000f41c0000, 0x0000000100000000)
  eden space 126272K, 0% used [0x00000000eb600000,0x00000000eb600000,0x00000000f3150000)
  from space 8128K, 72% used [0x00000000f3970000,0x00000000f3f32fb8,0x00000000f4160000)
  to   space 8320K, 0% used [0x00000000f3150000,0x00000000f3150000,0x00000000f3970000)
 ParOldGen       total 42240K, used 10351K [0x00000000c2200000, 0x00000000c4b40000, 0x00000000eb600000)
  object space 42240K, 24% used [0x00000000c2200000,0x00000000c2c1bd50,0x00000000c4b40000)
 PSPermGen       total 21248K, used 15944K [0x00000000bd000000, 0x00000000be4c0000, 0x00000000c2200000)
  object space 21248K, 75% used [0x00000000bd000000,0x00000000bdf92218,0x00000000be4c0000)
}
Event: 11,392 GC heap before
{Heap before GC invocations=7 (full 0):
 PSYoungGen      total 134400K, used 132171K [0x00000000eb600000, 0x00000000f41c0000, 0x0000000100000000)
  eden space 126272K, 100% used [0x00000000eb600000,0x00000000f3150000,0x00000000f3150000)
  from space 8128K, 72% used [0x00000000f3970000,0x00000000f3f32fb8,0x00000000f4160000)
  to   space 8320K, 0% used [0x00000000f3150000,0x00000000f3150000,0x00000000f3970000)
 ParOldGen       total 42240K, used 10351K [0x00000000c2200000, 0x00000000c4b40000, 0x00000000eb600000)
  object space 42240K, 24% used [0x00000000c2200000,0x00000000c2c1bd50,0x00000000c4b40000)
 PSPermGen       total 21248K, used 17262K [0x00000000bd000000, 0x00000000be4c0000, 0x00000000c2200000)
  object space 21248K, 81% used [0x00000000bd000000,0x00000000be0dba28,0x00000000be4c0000)
Event: 11,442 GC heap after
Heap after GC invocations=7 (full 0):
 PSYoungGen      total 134592K, used 8304K [0x00000000eb600000, 0x00000000fc0e0000, 0x0000000100000000)
  eden space 126272K, 0% used [0x00000000eb600000,0x00000000eb600000,0x00000000f3150000)
  from space 8320K, 99% used [0x00000000f3150000,0x00000000f396c160,0x00000000f3970000)
  to   space 10368K, 0% used [0x00000000fb6c0000,0x00000000fb6c0000,0x00000000fc0e0000)
 ParOldGen       total 42240K, used 11925K [0x00000000c2200000, 0x00000000c4b40000, 0x00000000eb600000)
  object space 42240K, 28% used [0x00000000c2200000,0x00000000c2da5438,0x00000000c4b40000)
 PSPermGen       total 21248K, used 17262K [0x00000000bd000000, 0x00000000be4c0000, 0x00000000c2200000)
  object space 21248K, 81% used [0x00000000bd000000,0x00000000be0dba28,0x00000000be4c0000)
}
Event: 93,479 GC heap before
{Heap before GC invocations=8 (full 0):
 PSYoungGen      total 134592K, used 134576K [0x00000000eb600000, 0x00000000fc0e0000, 0x0000000100000000)
  eden space 126272K, 100% used [0x00000000eb600000,0x00000000f3150000,0x00000000f3150000)
  from space 8320K, 99% used [0x00000000f3150000,0x00000000f396c160,0x00000000f3970000)
  to   space 10368K, 0% used [0x00000000fb6c0000,0x00000000fb6c0000,0x00000000fc0e0000)
 ParOldGen       total 42240K, used 11925K [0x00000000c2200000, 0x00000000c4b40000, 0x00000000eb600000)
  object space 42240K, 28% used [0x00000000c2200000,0x00000000c2da5438,0x00000000c4b40000)
 PSPermGen       total 21248K, used 19657K [0x00000000bd000000, 0x00000000be4c0000, 0x00000000c2200000)
  object space 21248K, 92% used [0x00000000bd000000,0x00000000be332720,0x00000000be4c0000)
Event: 93,509 GC heap after
Heap after GC invocations=8 (full 0):
 PSYoungGen      total 262016K, used 8796K [0x00000000eb600000, 0x00000000fc2a0000, 0x0000000100000000)
  eden space 251648K, 0% used [0x00000000eb600000,0x00000000eb600000,0x00000000fabc0000)
  from space 10368K, 84% used [0x00000000fb6c0000,0x00000000fbf573f0,0x00000000fc0e0000)
  to   space 11264K, 0% used [0x00000000fabc0000,0x00000000fabc0000,0x00000000fb6c0000)
 ParOldGen       total 42240K, used 13739K [0x00000000c2200000, 0x00000000c4b40000, 0x00000000eb600000)
  object space 42240K, 32% used [0x00000000c2200000,0x00000000c2f6ac58,0x00000000c4b40000)
 PSPermGen       total 21248K, used 19657K [0x00000000bd000000, 0x00000000be4c0000, 0x00000000c2200000)
  object space 21248K, 92% used [0x00000000bd000000,0x00000000be332720,0x00000000be4c0000)
}
Event: 105,358 GC heap before
{Heap before GC invocations=9 (full 0):
 PSYoungGen      total 262016K, used 244146K [0x00000000eb600000, 0x00000000fc2a0000, 0x0000000100000000)
  eden space 251648K, 93% used [0x00000000eb600000,0x00000000f9bd5470,0x00000000fabc0000)
  from space 10368K, 84% used [0x00000000fb6c0000,0x00000000fbf573f0,0x00000000fc0e0000)
  to   space 11264K, 0% used [0x00000000fabc0000,0x00000000fabc0000,0x00000000fb6c0000)
 ParOldGen       total 42240K, used 13739K [0x00000000c2200000, 0x00000000c4b40000, 0x00000000eb600000)
  object space 42240K, 32% used [0x00000000c2200000,0x00000000c2f6ac58,0x00000000c4b40000)
 PSPermGen       total 26432K, used 26366K [0x00000000bd000000, 0x00000000be9d0000, 0x00000000c2200000)
  object space 26432K, 99% used [0x00000000bd000000,0x00000000be9bfa78,0x00000000be9d0000)
Event: 105,446 GC heap after
Heap after GC invocations=9 (full 0):
 PSYoungGen      total 251136K, used 11247K [0x00000000eb600000, 0x00000000fd6a0000, 0x0000000100000000)
  eden space 239872K, 0% used [0x00000000eb600000,0x00000000eb600000,0x00000000fa040000)
  from space 11264K, 99% used [0x00000000fabc0000,0x00000000fb6bbd68,0x00000000fb6c0000)
  to   space 27840K, 0% used [0x00000000fbb70000,0x00000000fbb70000,0x00000000fd6a0000)
 ParOldGen       total 75072K, used 50935K [0x00000000c2200000, 0x00000000c6b50000, 0x00000000eb600000)
  object space 75072K, 67% used [0x00000000c2200000,0x00000000c53bdd80,0x00000000c6b50000)
 PSPermGen       total 26432K, used 26366K [0x00000000bd000000, 0x00000000be9d0000, 0x00000000c2200000)
  object space 26432K, 99% used [0x00000000bd000000,0x00000000be9bfa78,0x00000000be9d0000)
}
Event: 117,360 GC heap before
{Heap before GC invocations=10 (full 0):
 PSYoungGen      total 251136K, used 63757K [0x00000000eb600000, 0x00000000fd6a0000, 0x0000000100000000)
  eden space 239872K, 21% used [0x00000000eb600000,0x00000000ee947930,0x00000000fa040000)
  from space 11264K, 99% used [0x00000000fabc0000,0x00000000fb6bbd68,0x00000000fb6c0000)
  to   space 27840K, 0% used [0x00000000fbb70000,0x00000000fbb70000,0x00000000fd6a0000)
 ParOldGen       total 75072K, used 50935K [0x00000000c2200000, 0x00000000c6b50000, 0x00000000eb600000)
  object space 75072K, 67% used [0x00000000c2200000,0x00000000c53bdd80,0x00000000c6b50000)
 PSPermGen       total 26624K, used 26453K [0x00000000bd000000, 0x00000000bea00000, 0x00000000c2200000)
  object space 26624K, 99% used [0x00000000bd000000,0x00000000be9d54b8,0x00000000bea00000)
Event: 117,388 GC heap after
Heap after GC invocations=10 (full 0):
 PSYoungGen      total 265920K, used 5587K [0x00000000eb600000, 0x00000000fd4e0000, 0x0000000100000000)
  eden space 239872K, 0% used [0x00000000eb600000,0x00000000eb600000,0x00000000fa040000)
  from space 26048K, 21% used [0x00000000fbb70000,0x00000000fc0e4d20,0x00000000fd4e0000)
  to   space 26944K, 0% used [0x00000000fa040000,0x00000000fa040000,0x00000000fba90000)
 ParOldGen       total 75072K, used 55247K [0x00000000c2200000, 0x00000000c6b50000, 0x00000000eb600000)
  object space 75072K, 73% used [0x00000000c2200000,0x00000000c57f3da0,0x00000000c6b50000)
 PSPermGen       total 26624K, used 26453K [0x00000000bd000000, 0x00000000bea00000, 0x00000000c2200000)
  object space 26624K, 99% used [0x00000000bd000000,0x00000000be9d54b8,0x00000000bea00000)
}
Event: 117,388 GC heap before
{Heap before GC invocations=11 (full 1):
 PSYoungGen      total 265920K, used 5587K [0x00000000eb600000, 0x00000000fd4e0000, 0x0000000100000000)
  eden space 239872K, 0% used [0x00000000eb600000,0x00000000eb600000,0x00000000fa040000)
  from space 26048K, 21% used [0x00000000fbb70000,0x00000000fc0e4d20,0x00000000fd4e0000)
  to   space 26944K, 0% used [0x00000000fa040000,0x00000000fa040000,0x00000000fba90000)
 ParOldGen       total 75072K, used 55247K [0x00000000c2200000, 0x00000000c6b50000, 0x00000000eb600000)
  object space 75072K, 73% used [0x00000000c2200000,0x00000000c57f3da0,0x00000000c6b50000)
 PSPermGen       total 26624K, used 26453K [0x00000000bd000000, 0x00000000bea00000, 0x00000000c2200000)
  object space 26624K, 99% used [0x00000000bd000000,0x00000000be9d54b8,0x00000000bea00000)

Deoptimization events (10 events):
Event: 104,582 Thread 0x00007fc0990e4800 Uncommon trap -34 fr.pc 0x00007fc09511d3f8
Event: 104,679 Thread 0x00007fc0990e4800 Uncommon trap -58 fr.pc 0x00007fc0950b72d8
Event: 104,681 Thread 0x00007fc0990e4800 Uncommon trap -34 fr.pc 0x00007fc09506d604
Event: 104,681 Thread 0x00007fc0990e4800 Uncommon trap -34 fr.pc 0x00007fc09506d604
Event: 104,681 Thread 0x00007fc0990e4800 Uncommon trap -34 fr.pc 0x00007fc09506d604
Event: 104,681 Thread 0x00007fc0990e4800 Uncommon trap -34 fr.pc 0x00007fc09506d604
Event: 104,706 Thread 0x00007fc0990e4800 Uncommon trap -122 fr.pc 0x00007fc0952684d4
Event: 104,718 Thread 0x00007fc0990e4800 Uncommon trap -83 fr.pc 0x00007fc0952916d4
Event: 104,791 Thread 0x00007fc0990e4800 Uncommon trap -58 fr.pc 0x00007fc0952891fc
Event: 104,791 Thread 0x00007fc0990e4800 Uncommon trap -58 fr.pc 0x00007fc0952891fc

Internal exceptions (10 events):
Event: 117,323 Thread 0x00007fc098009000 Threw 0x00000000ee3d43e0 at /HUDSON/workspace/jdk7u21-2-build-linux-amd64-product/jdk7u21/hotspot/src/share/vm/prims/jvm.cpp:1166
Event: 117,324 Thread 0x00007fc098009000 Threw 0x00000000ee3dd1c8 at /HUDSON/workspace/jdk7u21-2-build-linux-amd64-product/jdk7u21/hotspot/src/share/vm/prims/jvm.cpp:1166
Event: 117,325 Thread 0x00007fc098009000 Threw 0x00000000ee3e2198 at /HUDSON/workspace/jdk7u21-2-build-linux-amd64-product/jdk7u21/hotspot/src/share/vm/prims/jvm.cpp:1166
Event: 117,327 Thread 0x00007fc098009000 Threw 0x00000000ee3eb9a8 at /HUDSON/workspace/jdk7u21-2-build-linux-amd64-product/jdk7u21/hotspot/src/share/vm/prims/jvm.cpp:1166
Event: 117,328 Thread 0x00007fc098009000 Threw 0x00000000ee3f2e80 at /HUDSON/workspace/jdk7u21-2-build-linux-amd64-product/jdk7u21/hotspot/src/share/vm/prims/jvm.cpp:1166
Event: 117,329 Thread 0x00007fc098009000 Threw 0x00000000ee3fb640 at /HUDSON/workspace/jdk7u21-2-build-linux-amd64-product/jdk7u21/hotspot/src/share/vm/prims/jvm.cpp:1166
Event: 117,334 Thread 0x00007fc098009000 Threw 0x00000000ee40dbf0 at /HUDSON/workspace/jdk7u21-2-build-linux-amd64-product/jdk7u21/hotspot/src/share/vm/prims/jvm.cpp:1166
Event: 117,339 Thread 0x00007fc098009000 Threw 0x00000000ee41d798 at /HUDSON/workspace/jdk7u21-2-build-linux-amd64-product/jdk7u21/hotspot/src/share/vm/prims/jvm.cpp:1166
Event: 117,344 Thread 0x00007fc0990e4800 Threw 0x00000000ee13aba0 at /HUDSON/workspace/jdk7u21-2-build-linux-amd64-product/jdk7u21/hotspot/src/share/vm/prims/jvm.cpp:1166
Event: 117,354 Thread 0x00007fc098009000 Threw 0x00000000ee4243e8 at /HUDSON/workspace/jdk7u21-2-build-linux-amd64-product/jdk7u21/hotspot/src/share/vm/prims/jvm.cpp:1166

Events (10 events):
Event: 117,356 Thread 0x00007fc09910b800 Thread exited: 0x00007fc09910b800
Event: 117,356 Thread 0x00007fc060058800 Thread exited: 0x00007fc060058800
Event: 117,356 Thread 0x00007fc060054000 Thread exited: 0x00007fc060054000
Event: 117,356 Thread 0x00007fc060053000 Thread exited: 0x00007fc060053000
Event: 117,356 Executing VM operation: RevokeBias
Event: 117,357 Executing VM operation: RevokeBias done
Event: 117,357 Thread 0x00007fc060056000 Thread exited: 0x00007fc060056000
Event: 117,357 loading class 0x00007fc098027e10
Event: 117,357 loading class 0x00007fc098027e10 done
Event: 117,360 Executing VM operation: ParallelGCSystemGC


Dynamic libraries:
00400000-00401000 r-xp 00000000 08:13 3163569                            /usr/lib/jvm/jdk1.7.0_21/bin/java
00600000-00601000 rw-p 00000000 08:13 3163569                            /usr/lib/jvm/jdk1.7.0_21/bin/java
02168000-02189000 rw-p 00000000 00:00 0                                  [heap]
bd000000-bea00000 rw-p 00000000 00:00 0 
bea00000-c2200000 rw-p 00000000 00:00 0 
c2200000-c6b50000 rw-p 00000000 00:00 0 
c6b50000-eb600000 rw-p 00000000 00:00 0 
eb600000-fd4e0000 rw-p 00000000 00:00 0 
fd4e0000-fd6a0000 ---p 00000000 00:00 0 
fd6a0000-100000000 rw-p 00000000 00:00 0 
7fc054000000-7fc054021000 rw-p 00000000 00:00 0 
7fc054021000-7fc058000000 ---p 00000000 00:00 0 
7fc05ab83000-7fc05ab86000 ---p 00000000 00:00 0 
7fc05ab86000-7fc05ac84000 rw-p 00000000 00:00 0 
7fc05ac84000-7fc05ac87000 ---p 00000000 00:00 0 
7fc05ac87000-7fc05ad85000 rw-p 00000000 00:00 0 
7fc05ad85000-7fc05ad88000 ---p 00000000 00:00 0 
7fc05ad88000-7fc05ae86000 rw-p 00000000 00:00 0 
7fc05ae86000-7fc05ae89000 ---p 00000000 00:00 0 
7fc05ae89000-7fc05af87000 rw-p 00000000 00:00 0 
7fc05af87000-7fc05af9c000 r-xp 00000000 08:13 1054273                    /lib/x86_64-linux-gnu/libgcc_s.so.1
7fc05af9c000-7fc05b19b000 ---p 00015000 08:13 1054273                    /lib/x86_64-linux-gnu/libgcc_s.so.1
7fc05b19b000-7fc05b19c000 r--p 00014000 08:13 1054273                    /lib/x86_64-linux-gnu/libgcc_s.so.1
7fc05b19c000-7fc05b19d000 rw-p 00015000 08:13 1054273                    /lib/x86_64-linux-gnu/libgcc_s.so.1
7fc05b1af000-7fc05b1b0000 rw-p 00000000 00:00 0 
7fc05b1b0000-7fc05b1b4000 r--s 0002d000 08:13 659516                     /usr/lib/jvm/jdk1.7.0_21/jre/lib/ext/sunjce_provider.jar
7fc05b1b4000-7fc05b1e6000 r-xp 00000000 08:13 659462                     /usr/lib/jvm/jdk1.7.0_21/jre/lib/amd64/libsunec.so
7fc05b1e6000-7fc05b3e5000 ---p 00032000 08:13 659462                     /usr/lib/jvm/jdk1.7.0_21/jre/lib/amd64/libsunec.so
7fc05b3e5000-7fc05b3eb000 rw-p 00031000 08:13 659462                     /usr/lib/jvm/jdk1.7.0_21/jre/lib/amd64/libsunec.so
7fc05b3eb000-7fc05b3fb000 rw-p 00000000 00:00 0 
7fc05b3fb000-7fc05b3fc000 r--s 00003000 08:13 659522                     /usr/lib/jvm/jdk1.7.0_21/jre/lib/ext/sunec.jar
7fc05b3fc000-7fc05b400000 r--s 00037000 08:13 659519                     /usr/lib/jvm/jdk1.7.0_21/jre/lib/ext/sunpkcs11.jar
7fc05b400000-7fc05b408000 r-xp 00000000 08:13 659485                     /usr/lib/jvm/jdk1.7.0_21/jre/lib/amd64/libmanagement.so
7fc05b408000-7fc05b607000 ---p 00008000 08:13 659485                     /usr/lib/jvm/jdk1.7.0_21/jre/lib/amd64/libmanagement.so
7fc05b607000-7fc05b608000 rw-p 00007000 08:13 659485                     /usr/lib/jvm/jdk1.7.0_21/jre/lib/amd64/libmanagement.so
7fc05b608000-7fc05b60c000 r--s 00035000 08:13 4347364                    /home/luis/.m2/repository/org/codehaus/plexus/plexus-utils/3.0.10/plexus-utils-3.0.10.jar
7fc05b60c000-7fc05b60d000 r--s 00003000 08:13 4474884                    /home/luis/.m2/repository/org/apache/maven/plugin-tools/maven-plugin-annotations/3.2/maven-plugin-annotations-3.2.jar
7fc05b60d000-7fc05b613000 r--s 00036000 08:13 4474883                    /home/luis/.m2/repository/org/jboss/xnio/xnio-api/3.0.7.GA/xnio-api-3.0.7.GA.jar
7fc05b613000-7fc05b619000 r--s 00035000 08:13 4474882                    /home/luis/.m2/repository/org/jboss/remoting3/jboss-remoting/3.2.12.GA/jboss-remoting-3.2.12.GA.jar
7fc05b619000-7fc05b61d000 r--s 0001a000 08:13 4347363                    /home/luis/.m2/repository/org/jboss/threads/jboss-threads/2.0.0.GA/jboss-threads-2.0.0.GA.jar
7fc05b61d000-7fc05b627000 r--s 00254000 08:13 3163671                    /usr/lib/jvm/jdk1.7.0_21/jre/lib/resources.jar
7fc05b627000-7fc05b629000 r--s 00005000 08:13 2634713                    /home/luis/.m2/repository/xpp3/xpp3_min/1.1.4c/xpp3_min-1.1.4c.jar
7fc05b629000-7fc05b634000 r--s 0005f000 08:13 3295929                    /home/luis/.m2/repository/com/thoughtworks/xstream/xstream/1.3.1/xstream-1.3.1.jar
7fc05b634000-7fc05b637000 r--s 0000a000 08:13 3168333                    /home/luis/.m2/repository/org/codehaus/plexus/plexus-io/1.0.1/plexus-io-1.0.1.jar
7fc05b637000-7fc05b63b000 r--s 00029000 08:13 3168332                    /home/luis/.m2/repository/org/codehaus/plexus/plexus-archiver/1.2/plexus-archiver-1.2.jar
7fc05b63b000-7fc05b63d000 r--s 00011000 08:13 2892167                    /home/luis/.m2/repository/org/apache/maven/plugins/maven-war-plugin/2.1.1/maven-war-plugin-2.1.1.jar
7fc05b63d000-7fc05b6b4000 r--s 009b7000 08:13 2890503                    /home/luis/Programacion/workspace/gha/lib/smartgwt-3.1.jar
7fc05b6b4000-7fc05b6b6000 r--s 00019000 08:13 3163693                    /usr/lib/jvm/jdk1.7.0_21/jre/lib/jce.jar
7fc05b6b6000-7fc05b6b8000 r--s 00014000 08:13 4347362                    /home/luis/.m2/repository/org/jboss/jboss-dmr/1.1.1.Final/jboss-dmr-1.1.1.Final.jar
7fc05b6b8000-7fc05b6bb000 r--s 00016000 08:13 4212489                    /home/luis/.m2/repository/org/jboss/as/jboss-as-protocol/7.1.2.Final/jboss-as-protocol-7.1.2.Final.jar
7fc05b6bb000-7fc05b6c0000 r--s 00028000 08:13 4087764                    /home/luis/.m2/repository/org/jboss/as/jboss-as-controller-client/7.1.2.Final/jboss-as-controller-client-7.1.2.Final.jar
7fc05b6c0000-7fc05b6c1000 r--s 00000000 08:13 4347361                    /home/luis/.m2/repository/org/jboss/as/jboss-as-build-config/7.1.2.Final/jboss-as-build-config-7.1.2.Final.jar
7fc05b6c1000-7fc05b6c5000 r--s 00016000 08:13 2889860                    /home/luis/Programacion/workspace/gha/domain/target/domain-1.jar
7fc05b6c5000-7fc05b6cb000 r--s 0005f000 08:13 3163759                    /usr/lib/jvm/jdk1.7.0_21/lib/jconsole.jar
7fc05b6cb000-7fc05b6ce000 r--s 00018000 08:13 4347360                    /home/luis/.m2/repository/org/jboss/jboss-vfs/3.1.0.Final/jboss-vfs-3.1.0.Final.jar
7fc05b6ce000-7fc05b6d0000 r--s 00012000 08:13 4347359                    /home/luis/.m2/repository/org/jboss/xnio/xnio-nio/3.0.3.GA/xnio-nio-3.0.3.GA.jar
7fc05b6d0000-7fc05b6d3000 r--s 00012000 08:13 4347358                    /home/luis/.m2/repository/org/jboss/marshalling/jboss-marshalling-river/1.3.14.GA/jboss-marshalling-river-1.3.14.GA.jar
7fc05b6d3000-7fc05b6d9000 r--s 00033000 08:13 3819270                    /home/luis/.m2/repository/org/jboss/marshalling/jboss-marshalling/1.3.14.GA/jboss-marshalling-1.3.14.GA.jar
7fc05b6d9000-7fc05b743000 r--s 00e18000 08:13 3163757                    /usr/lib/jvm/jdk1.7.0_21/lib/tools.jar
7fc05b743000-7fc05b748000 r--s 00025000 08:13 3168367                    /home/luis/.m2/repository/org/jboss/logging/jboss-logging-processor/1.0.2.Final/jboss-logging-processor-1.0.2.Final.jar
7fc05b748000-7fc05b74e000 r--s 00039000 08:13 4347357                    /home/luis/.m2/repository/org/jboss/logmanager/jboss-logmanager/1.3.0.Final/jboss-logmanager-1.3.0.Final.jar
7fc05b74e000-7fc05b753000 r--s 00021000 08:13 4347356                    /home/luis/.m2/repository/org/jboss/remotingjmx/remoting-jmx/1.0.3.Final/remoting-jmx-1.0.3.Final.jar
7fc05b753000-7fc05b757000 r--s 00030000 08:13 4347355                    /home/luis/.m2/repository/org/jboss/msc/jboss-msc/1.0.2.GA/jboss-msc-1.0.2.GA.jar
7fc05b757000-7fc05b75c000 r--s 0003d000 08:13 4347354                    /home/luis/.m2/repository/org/jboss/modules/jboss-modules/1.1.2.GA/jboss-modules-1.1.2.GA.jar
7fc05b75c000-7fc05b76f000 r--s 000ea000 08:13 4347353                    /home/luis/.m2/repository/org/jboss/as/jboss-as-controller/7.1.2.Final/jboss-as-controller-7.1.2.Final.jar
7fc05b76f000-7fc05b771000 r--s 00014000 08:13 4347352                    /home/luis/.m2/repository/org/jboss/sasl/jboss-sasl/1.0.1.Final/jboss-sasl-1.0.1.Final.jar
7fc05b771000-7fc05b773000 r--s 0000d000 08:13 4212488                    /home/luis/.m2/repository/org/jboss/logging/jboss-logging/3.1.1.GA/jboss-logging-3.1.1.GA.jar
7fc05b773000-7fc05b775000 r--s 00007000 08:13 3687749                    /home/luis/.m2/repository/org/jboss/staxmapper/1.1.0.Final/staxmapper-1.1.0.Final.jar
7fc05b775000-7fc05b777000 r--s 00014000 08:13 2634766                    /home/luis/.m2/repository/jline/jline/0.9.94/jline-0.9.94.jar
7fc05b777000-7fc05b783000 r--s 00082000 08:13 3168366                    /home/luis/.m2/repository/org/jboss/as/jboss-as-cli/7.1.2.Final/jboss-as-cli-7.1.2.Final.jar
7fc05b783000-7fc05b787000 r--s 0001c000 08:13 4212487                    /home/luis/.m2/repository/org/sonatype/aether/aether-util/1.13.1/aether-util-1.13.1.jar
7fc05b787000-7fc05b789000 r--s 0000b000 08:13 2895959                    /home/luis/.m2/repository/org/codehaus/plexus/plexus-interpolation/1.11/plexus-interpolation-1.11.jar
7fc05b789000-7fc05b791000 r--s 00049000 08:13 2895958                    /home/luis/.m2/repository/backport-util-concurrent/backport-util-concurrent/3.1/backport-util-concurrent-3.1.jar
7fc05b791000-7fc05b7b0000 r--s 00152000 08:13 4212486                    /home/luis/.m2/repository/org/sonatype/sisu/sisu-guava/0.9.9/sisu-guava-0.9.9.jar
7fc05b7b0000-7fc05b7b8000 r--s 00050000 08:13 4212485                    /home/luis/.m2/repository/org/sonatype/sisu/sisu-guice/3.1.0/sisu-guice-3.1.0-no_aop.jar
7fc05b7b8000-7fc05b7bf000 r--s 00040000 08:13 4212484                    /home/luis/.m2/repository/org/sonatype/sisu/sisu-inject-bean/2.3.0/sisu-inject-bean-2.3.0.jar
7fc05b7bf000-7fc05b7c1000 r--s 00016000 08:13 2891979                    /home/luis/.m2/repository/org/jboss/as/plugins/jboss-as-maven-plugin/7.4.Final/jboss-as-maven-plugin-7.4.Final.jar
7fc05b7c1000-7fc05b7c3000 r--s 00007000 08:13 3029024                    /home/luis/.m2/repository/org/apache/maven/shared/maven-filtering/1.0-beta-4/maven-filtering-1.0-beta-4.jar
7fc05b7c3000-7fc05b7c4000 r--s 00005000 08:13 2891968                    /home/luis/.m2/repository/org/apache/maven/plugins/maven-resources-plugin/2.4.3/maven-resources-plugin-2.4.3.jar
7fc05b7c4000-7fc05b7c6000 r--s 0000b000 08:13 3022259                    /home/luis/.m2/repository/org/codehaus/plexus/plexus-interpolation/1.6/plexus-interpolation-1.6.jar
7fc05b7c6000-7fc05b7cb000 r--s 0003c000 08:13 3427512                    /home/luis/.m2/repository/org/codehaus/plexus/plexus-utils/1.5.7/plexus-utils-1.5.7.jar
7fc05b7cb000-7fc05b7ce000 r--s 00020000 08:13 3168349                    /home/luis/.m2/repository/org/codehaus/plexus/plexus-archiver/1.0-alpha-7/plexus-archiver-1.0-alpha-7.jar
7fc05b7ce000-7fc05b7cf000 r--s 00002000 08:13 3168348                    /home/luis/.m2/repository/org/apache/maven/maven-archiver/2.2/maven-archiver-2.2.jar
7fc05b7cf000-7fc05b7d1000 r--s 0000e000 08:13 2891962                    /home/luis/.m2/repository/org/apache/maven/plugins/maven-ear-plugin/2.4.1/maven-ear-plugin-2.4.1.jar
7fc05b7d1000-7fc05b7d6000 r--s 0002c000 08:13 3028880                    /home/luis/.m2/repository/com/googlecode/gwtupload/gwtupload/0.6.6/gwtupload-0.6.6.jar
7fc05b7d6000-7fc05b7dd000 r--s 00020000 08:13 3166821                    /home/luis/.m2/repository/com/google/code/gwtx/gwtx/1.5.3/gwtx-1.5.3.jar
7fc05b7dd000-7fc05b7df000 r--s 00002000 08:13 2892297                    /home/luis/.m2/repository/org/codehaus/plexus/plexus-compiler-javac/1.8.1/plexus-compiler-javac-1.8.1.jar
7fc05b7df000-7fc05b7e1000 r--s 00000000 08:13 2892296                    /home/luis/.m2/repository/org/codehaus/plexus/plexus-compiler-manager/1.8.1/plexus-compiler-manager-1.8.1.jar
7fc05b7e1000-7fc05b7e2000 r--s 00004000 08:13 2892295                    /home/luis/.m2/repository/org/codehaus/plexus/plexus-compiler-api/1.8.1/plexus-compiler-api-1.8.1.jar
7fc05b7e2000-7fc05b7e4000 r--s 00006000 08:13 2891981                    /home/luis/.m2/repository/org/apache/maven/plugins/maven-compiler-plugin/2.3.2/maven-compiler-plugin-2.3.2.jar
7fc05b7e4000-7fc05b7eb000 r--s 00000000 08:13 3421126                    /usr/lib/x86_64-linux-gnu/gconv/gconv-modules.cache
7fc05b7eb000-7fc05b810000 r--p 00000000 08:13 3680972                    /usr/share/locale-langpack/es/LC_MESSAGES/libc.mo
7fc05b810000-7fc05b811000 r--s 00003000 08:13 3028811                    /home/luis/.m2/repository/org/codehaus/plexus/plexus-compiler-javac/1.5.3/plexus-compiler-javac-1.5.3.jar
7fc05b811000-7fc05b813000 r--s 00001000 08:13 3028810                    /home/luis/.m2/repository/org/sonatype/plexus/plexus-build-api/0.0.7/plexus-build-api-0.0.7.jar
7fc05b813000-7fc05b814000 r--s 00004000 08:13 2892703                    /home/luis/.m2/repository/org/codehaus/plexus/plexus-compiler-api/1.5.3/plexus-compiler-api-1.5.3.jar
7fc05b814000-7fc05b82c000 r--s 00115000 08:13 3028809                    /home/luis/.m2/repository/xerces/xercesImpl/2.9.1/xercesImpl-2.9.1.jar
7fc05b82c000-7fc05b82d000 r--s 00006000 08:13 3028808                    /home/luis/.m2/repository/jakarta-regexp/jakarta-regexp/1.4/jakarta-regexp-1.4.jar
7fc05b82d000-7fc05b837000 r--s 00079000 08:13 3028807                    /home/luis/.m2/repository/org/apache/bcel/bcel/5.2/bcel-5.2.jar
7fc05b837000-7fc05b849000 r--s 00245000 08:13 3029522                    /home/luis/.m2/repository/com/ibm/icu/icu4j/2.6.1/icu4j-2.6.1.jar
7fc05b849000-7fc05b86e000 r--s 002dc000 08:13 3028805                    /home/luis/.m2/repository/xalan/xalan/2.6.0/xalan-2.6.0.jar
7fc05b86e000-7fc05b874000 r--s 00019000 08:13 3028804                    /home/luis/.m2/repository/xerces/xmlParserAPIs/2.6.2/xmlParserAPIs-2.6.2.jar
7fc05b874000-7fc05b877000 r--s 00018000 08:13 3028803                    /home/luis/.m2/repository/xom/xom/1.0/xom-1.0.jar
7fc05b877000-7fc05b87f000 r--s 00028000 08:13 3028802                    /home/luis/.m2/repository/xml-apis/xml-apis/1.3.02/xml-apis-1.3.02.jar
7fc05b87f000-7fc05b882000 r--s 00023000 08:13 3028801                    /home/luis/.m2/repository/jdom/jdom/1.0/jdom-1.0.jar
7fc05b882000-7fc05b887000 r--s 00048000 08:13 2892113                    /home/luis/.m2/repository/dom4j/dom4j/1.6.1/dom4j-1.6.1.jar
7fc05b887000-7fc05b88d000 r--s 00032000 08:13 3028800                    /home/luis/.m2/repository/jaxen/jaxen/1.1.1/jaxen-1.1.1.jar
7fc05b88d000-7fc05b890000 r--s 00023000 08:13 3028799                    /home/luis/.m2/repository/org/jdom/jdom/1.1/jdom-1.1.jar
7fc05b890000-7fc05b895000 r--s 00040000 08:13 3028798                    /home/luis/.m2/repository/commons-lang/commons-lang/2.5/commons-lang-2.5.jar
7fc05b895000-7fc05b898000 r--s 00024000 08:13 3028797                    /home/luis/.m2/repository/commons-io/commons-io/2.0.1/commons-io-2.0.1.jar
7fc05b898000-7fc05b8a1000 r--s 00075000 08:13 3028796                    /home/luis/.m2/repository/org/apache/maven/surefire/surefire-api/2.4.3/surefire-api-2.4.3.jar
7fc05b8a1000-7fc05b8a7000 r--s 0003c000 08:13 3028795                    /home/luis/.m2/repository/org/apache/maven/surefire/surefire-booter/2.4.3/surefire-booter-2.4.3.jar
7fc05b8a7000-7fc05b8ad000 r--s 00034000 08:13 3028794                    /home/luis/.m2/repository/junit/junit/4.8.1/junit-4.8.1.jar
7fc05b8ad000-7fc05b8ae000 r--s 00002000 08:13 3028792                    /home/luis/.m2/repository/org/codehaus/plexus/plexus-io/1.0-alpha-1/plexus-io-1.0-alpha-1.jar
7fc05b8ae000-7fc05b8b2000 r--s 00023000 08:13 3028791                    /home/luis/.m2/repository/org/codehaus/plexus/plexus-archiver/1.0-alpha-9/plexus-archiver-1.0-alpha-9.jar
7fc05b8b2000-7fc05b8b4000 r--s 0000e000 08:13 2892351                    /home/luis/.m2/repository/javax/validation/validation-api/1.0.0.GA/validation-api-1.0.0.GA-sources.jar
7fc05b8b4000-7fc05b8b7000 r--s 00009000 08:13 2892350                    /home/luis/.m2/repository/javax/validation/validation-api/1.0.0.GA/validation-api-1.0.0.GA.jar
7fc05b8b7000-7fc05b9bc000 r--s 01a68000 08:13 3020957                    /home/luis/.m2/repository/com/google/gwt/gwt-user/2.5.1/gwt-user-2.5.1.jar
7fc05b9bc000-7fc05b9be000 r--s 00013000 08:13 3022474                    /home/luis/.m2/repository/com/google/gwt/gwt-codeserver/2.5.1/gwt-codeserver-2.5.1.jar
7fc05b9be000-7fc05b9c0000 r--s 0000a000 08:13 3028788                    /home/luis/.m2/repository/org/json/json/20090211/json-20090211.jar
7fc05b9c0000-7fc05bb7b000 r--s 01e99000 08:13 3022401                    /home/luis/.m2/repository/com/google/gwt/gwt-dev/2.5.1/gwt-dev-2.5.1.jar
7fc05bb7b000-7fc05bb8a000 r--s 000b3000 08:13 3028786                    /home/luis/.m2/repository/freemarker/freemarker/2.3.6/freemarker-2.3.6.jar
7fc05bb8a000-7fc05bb8e000 r--s 00028000 08:13 3028785                    /home/luis/.m2/repository/com/thoughtworks/qdox/qdox/1.12/qdox-1.12.jar
7fc05bb8e000-7fc05bb90000 r--s 0000d000 08:13 3028784                    /home/luis/.m2/repository/commons-logging/commons-logging/1.1.1/commons-logging-1.1.1.jar
7fc05bb90000-7fc05bb91000 r--s 0000c000 08:13 3028783                    /home/luis/.m2/repository/org/springframework/spring-asm/3.0.5.RELEASE/spring-asm-3.0.5.RELEASE.jar
7fc05bb91000-7fc05bb9a000 r--s 00055000 08:13 3028782                    /home/luis/.m2/repository/org/springframework/spring-core/3.0.5.RELEASE/spring-core-3.0.5.RELEASE.jar
7fc05bb9a000-7fc05bba7000 r--s 0007f000 08:13 3028781                    /home/luis/.m2/repository/commons-collections/commons-collections/3.2/commons-collections-3.2.jar
7fc05bba7000-7fc05bbaf000 r--s 00058000 08:13 3028780                    /home/luis/.m2/repository/org/apache/velocity/velocity/1.5/velocity-1.5.jar
7fc05bbaf000-7fc05bbb0000 r--s 00001000 08:13 3028779                    /home/luis/.m2/repository/org/codehaus/plexus/plexus-velocity/1.1.7/plexus-velocity-1.1.7.jar
7fc05bbb0000-7fc05bbb1000 r--s 00002000 08:13 3028778                    /home/luis/.m2/repository/org/codehaus/plexus/plexus-i18n/1.0-beta-7/plexus-i18n-1.0-beta-7.jar
7fc05bbb1000-7fc05bbb3000 r--s 00008000 08:13 3028777                    /home/luis/.m2/repository/org/apache/maven/doxia/doxia-module-fml/1.1.4/doxia-module-fml-1.1.4.jar
7fc05bbb3000-7fc05bbb4000 r--s 00003000 08:13 3028776                    /home/luis/.m2/repository/org/apache/maven/doxia/doxia-module-xhtml/1.1.4/doxia-module-xhtml-1.1.4.jar
7fc05bbb4000-7fc05bbb6000 r--s 0000b000 08:13 3028775                    /home/luis/.m2/repository/org/apache/maven/doxia/doxia-decoration-model/1.1.4/doxia-decoration-model-1.1.4.jar
7fc05bbb6000-7fc05bbb8000 r--s 0000b000 08:13 3028774                    /home/luis/.m2/repository/org/apache/maven/doxia/doxia-site-renderer/1.1.4/doxia-site-renderer-1.1.4.jar
7fc05bbb8000-7fc05bbb9000 r--s 00002000 08:13 3028773                    /home/luis/.m2/repository/org/apache/maven/doxia/doxia-logging-api/1.1.4/doxia-logging-api-1.1.4.jar
7fc05bbb9000-7fc05bbbb000 r--s 00002000 08:13 3028772                    /home/luis/.m2/repository/org/apache/maven/doxia/doxia-sink-api/1.1.4/doxia-sink-api-1.1.4.jar
7fc05bbbb000-7fc05bbbd000 r--s 0000e000 08:13 3028771                    /home/luis/.m2/repository/oro/oro/2.0.8/oro-2.0.8.jar
7fc05bbbd000-7fc05bbc1000 r--s 00026000 08:13 3028770                    /home/luis/.m2/repository/commons-digester/commons-digester/1.6/commons-digester-1.6.jar
7fc05bbc1000-7fc05bbc6000 r--s 0002a000 08:13 3028769                    /home/luis/.m2/repository/commons-beanutils/commons-beanutils/1.7.0/commons-beanutils-1.7.0.jar
7fc05bbc6000-7fc05bbc9000 r--s 00014000 08:13 3028768                    /home/luis/.m2/repository/commons-validator/commons-validator/1.2.0/commons-validator-1.2.0.jar
7fc05bbc9000-7fc05bbcb000 r--s 00006000 08:13 3028767                    /home/luis/.m2/repository/commons-codec/commons-codec/1.2/commons-codec-1.2.jar
7fc05bbcb000-7fc05bbd1000 r--s 00045000 08:13 3028766                    /home/luis/.m2/repository/commons-httpclient/commons-httpclient/3.1/commons-httpclient-3.1.jar
7fc05bbd1000-7fc05bbd5000 r--s 00023000 08:13 2892702                    /home/luis/.m2/repository/org/apache/maven/doxia/doxia-core/1.1.2/doxia-core-1.1.2.jar
7fc05bbd5000-7fc05bbd7000 r--s 00003000 08:13 2892701                    /home/luis/.m2/repository/org/apache/maven/reporting/maven-reporting-impl/2.1/maven-reporting-impl-2.1.jar
7fc05bbd7000-7fc05bbd8000 r--s 00002000 08:13 2892700                    /home/luis/.m2/repository/org/apache/maven/reporting/maven-reporting-api/3.0/maven-reporting-api-3.0.jar
7fc05bbd8000-7fc05bbdc000 r--s 0002a000 08:13 2892026                    /home/luis/.m2/repository/org/codehaus/mojo/gwt-maven-plugin/2.5.1/gwt-maven-plugin-2.5.1.jar
7fc05bbdc000-7fc05bbdf000 r--s 0000a000 08:13 3029510                    /home/luis/.m2/repository/org/codehaus/plexus/plexus-io/1.0/plexus-io-1.0.jar
7fc05bbdf000-7fc05bbe3000 r--s 00028000 08:13 3029509                    /home/luis/.m2/repository/org/codehaus/plexus/plexus-archiver/1.0/plexus-archiver-1.0.jar
7fc05bbe3000-7fc05bbe5000 r--s 00007000 08:13 3029508                    /home/luis/.m2/repository/org/apache/maven/shared/maven-filtering/1.0-beta-2/maven-filtering-1.0-beta-2.jar
7fc05bbe5000-7fc05bbe8000 ---p 00000000 00:00 0 
7fc05bbe8000-7fc05bce6000 rw-p 00000000 00:00 0 
7fc05bce6000-7fc05bcea000 r--s 00034000 08:13 3029469                    /home/luis/.m2/repository/org/codehaus/plexus/plexus-utils/3.0.1/plexus-utils-3.0.1.jar
7fc05bcea000-7fc05bced000 r--s 0000c000 08:13 3029468                    /home/luis/.m2/repository/org/codehaus/plexus/plexus-io/2.0.4/plexus-io-2.0.4.jar
7fc05bced000-7fc05bcf2000 r--s 00029000 08:13 3029467                    /home/luis/.m2/repository/org/codehaus/plexus/plexus-archiver/2.1.2/plexus-archiver-2.1.2.jar
7fc05bcf2000-7fc05bcf3000 r--s 00004000 08:13 3028793                    /home/luis/.m2/repository/org/apache/maven/maven-archiver/2.4.1/maven-archiver-2.4.1.jar
7fc05bcf3000-7fc05bcf5000 r--s 00006000 08:13 2891356                    /home/luis/.m2/repository/org/apache/maven/plugins/maven-source-plugin/2.2/maven-source-plugin-2.2.jar
7fc05bcf5000-7fc05bcf9000 r--s 00034000 08:13 3029439                    /home/luis/.m2/repository/org/codehaus/plexus/plexus-utils/3.0/plexus-utils-3.0.jar
7fc05bcf9000-7fc05bcfd000 r--s 0002f000 08:13 3029438                    /home/luis/.m2/repository/commons-lang/commons-lang/2.1/commons-lang-2.1.jar
7fc05bcfd000-7fc05bd00000 ---p 00000000 00:00 0 
7fc05bd00000-7fc05bdfe000 rw-p 00000000 00:00 0 
7fc05bdfe000-7fc05be01000 ---p 00000000 00:00 0 
7fc05be01000-7fc05beff000 rw-p 00000000 00:00 0 
7fc05beff000-7fc05bf02000 ---p 00000000 00:00 0 
7fc05bf02000-7fc05c000000 rw-p 00000000 00:00 0 
7fc05c000000-7fc05c021000 rw-p 00000000 00:00 0 
7fc05c021000-7fc060000000 ---p 00000000 00:00 0 
7fc060000000-7fc06005c000 rw-p 00000000 00:00 0 
7fc06005c000-7fc064000000 ---p 00000000 00:00 0 
7fc064000000-7fc064021000 rw-p 00000000 00:00 0 
7fc064021000-7fc068000000 ---p 00000000 00:00 0 
7fc068000000-7fc068021000 rw-p 00000000 00:00 0 
7fc068021000-7fc06c000000 ---p 00000000 00:00 0 
7fc06c000000-7fc06da50000 rw-p 00000000 00:00 0 
7fc06da50000-7fc070000000 ---p 00000000 00:00 0 
7fc070000000-7fc070021000 rw-p 00000000 00:00 0 
7fc070021000-7fc074000000 ---p 00000000 00:00 0 
7fc074000000-7fc074021000 rw-p 00000000 00:00 0 
7fc074021000-7fc078000000 ---p 00000000 00:00 0 
7fc078000000-7fc07998d000 rw-p 00000000 00:00 0 
7fc07998d000-7fc07c000000 ---p 00000000 00:00 0 
7fc07c000000-7fc07c021000 rw-p 00000000 00:00 0 
7fc07c021000-7fc080000000 ---p 00000000 00:00 0 
7fc080000000-7fc080021000 rw-p 00000000 00:00 0 
7fc080021000-7fc084000000 ---p 00000000 00:00 0 
7fc084000000-7fc084029000 rw-p 00000000 00:00 0 
7fc084029000-7fc088000000 ---p 00000000 00:00 0 
7fc088000000-7fc088223000 rw-p 00000000 00:00 0 
7fc088223000-7fc08c000000 ---p 00000000 00:00 0 
7fc08c000000-7fc08c001000 r--s 00004000 08:13 2891952                    /home/luis/.m2/repository/org/apache/maven/plugins/maven-ejb-plugin/2.3/maven-ejb-plugin-2.3.jar
7fc08c001000-7fc08c004000 r--s 0000c000 08:13 3029437                    /home/luis/.m2/repository/org/codehaus/plexus/plexus-io/2.0.1/plexus-io-2.0.1.jar
7fc08c004000-7fc08c007000 ---p 00000000 00:00 0 
7fc08c007000-7fc08c105000 rw-p 00000000 00:00 0 
7fc08c105000-7fc08c108000 ---p 00000000 00:00 0 
7fc08c108000-7fc08c206000 rw-p 00000000 00:00 0 
7fc08c206000-7fc08c209000 ---p 00000000 00:00 0 
7fc08c209000-7fc08c307000 rw-p 00000000 00:00 0 
7fc08c307000-7fc08c30e000 r--s 00051000 08:13 2891934                    /home/luis/.m2/repository/log4j/log4j/1.2.12/log4j-1.2.12.jar
7fc08c30e000-7fc08c312000 r--s 0001d000 08:13 2891933                    /home/luis/.m2/repository/org/apache/xbean/xbean-reflect/3.4/xbean-reflect-3.4.jar
7fc08c312000-7fc08c313000 r--s 00004000 08:13 2891932                    /home/luis/.m2/repository/org/codehaus/plexus/plexus-compiler-javac/2.2/plexus-compiler-javac-2.2.jar
7fc08c313000-7fc08c315000 r--s 00000000 08:13 2891931                    /home/luis/.m2/repository/org/codehaus/plexus/plexus-compiler-manager/2.2/plexus-compiler-manager-2.2.jar
7fc08c315000-7fc08c317000 r--s 00005000 08:13 2891930                    /home/luis/.m2/repository/org/codehaus/plexus/plexus-compiler-api/2.2/plexus-compiler-api-2.2.jar
7fc08c317000-7fc08c319000 r--s 00000000 08:13 2891929                    /home/luis/.m2/repository/org/codehaus/plexus/plexus-component-annotations/1.5.5/plexus-component-annotations-1.5.5.jar
7fc08c319000-7fc08c31b000 r--s 00002000 08:13 2891928                    /home/luis/.m2/repository/org/apache/maven/shared/maven-shared-incremental/1.1/maven-shared-incremental-1.1.jar
7fc08c31b000-7fc08c31f000 r--s 00028000 08:13 3029436                    /home/luis/.m2/repository/org/codehaus/plexus/plexus-archiver/2.0.1/plexus-archiver-2.0.1.jar
7fc08c31f000-7fc08c320000 r--s 00004000 08:13 3029435                    /home/luis/.m2/repository/org/apache/maven/maven-archiver/2.4.2/maven-archiver-2.4.2.jar
7fc08c320000-7fc08c323000 ---p 00000000 00:00 0 
7fc08c323000-7fc08c421000 rw-p 00000000 00:00 0 
7fc08c421000-7fc08c424000 r--s 00034000 08:13 3029387                    /home/luis/.m2/repository/org/codehaus/plexus/plexus-utils/2.1/plexus-utils-2.1.jar
7fc08c424000-7fc08c426000 r--s 00006000 08:13 3029386                    /home/luis/.m2/repository/org/apache/maven/shared/maven-common-artifact-filters/1.3/maven-common-artifact-filters-1.3.jar
7fc08c426000-7fc08c428000 r--s 0000d000 08:13 3029385                    /home/luis/.m2/repository/org/apache/maven/surefire/maven-surefire-common/2.10/maven-surefire-common-2.10.jar
7fc08c428000-7fc08c42d000 r--s 00023000 08:13 3029384                    /home/luis/.m2/repository/org/apache/maven/surefire/surefire-api/2.10/surefire-api-2.10.jar
7fc08c42d000-7fc08c42f000 r--s 00007000 08:13 3029383                    /home/luis/.m2/repository/org/apache/maven/surefire/surefire-booter/2.10/surefire-booter-2.10.jar
7fc08c42f000-7fc08c431000 r--s 00006000 08:13 2891342                    /home/luis/.m2/repository/org/apache/maven/plugins/maven-surefire-plugin/2.10/maven-surefire-plugin-2.10.jar
7fc08c431000-7fc08c434000 r--s 0001b000 08:13 2891937                    /home/luis/.m2/repository/junit/junit/3.8.2/junit-3.8.2.jar
7fc08c434000-7fc08c442000 r--s 0008f000 08:13 2891936                    /home/luis/.m2/repository/com/google/collections/google-collections/1.0/google-collections-1.0.jar
7fc08c442000-7fc08c443000 r--s 0000a000 08:13 2891935                    /home/luis/.m2/repository/commons-logging/commons-logging-api/1.1/commons-logging-api-1.1.jar
7fc08c443000-7fc08c445000 r--s 00006000 08:13 2891927                    /home/luis/.m2/repository/com/google/code/findbugs/jsr305/2.0.1/jsr305-2.0.1.jar
7fc08c445000-7fc08c448000 r--s 00023000 08:13 2891926                    /home/luis/.m2/repository/org/apache/maven/shared/maven-shared-utils/0.1/maven-shared-utils-0.1.jar
7fc08c448000-7fc08c44c000 r--s 00030000 08:13 2891925                    /home/luis/.m2/repository/org/codehaus/plexus/plexus-utils/1.5.1/plexus-utils-1.5.1.jar
7fc08c44c000-7fc08c44e000 r--s 00009000 08:13 2891335                    /home/luis/.m2/repository/org/apache/maven/plugins/maven-compiler-plugin/3.1/maven-compiler-plugin-3.1.jar
7fc08c44e000-7fc08c450000 r--s 0000d000 08:13 2892503                    /home/luis/.m2/repository/org/codehaus/plexus/plexus-interpolation/1.13/plexus-interpolation-1.13.jar
7fc08c450000-7fc08c451000 r--s 00001000 08:13 2892502                    /home/luis/.m2/repository/org/sonatype/plexus/plexus-build-api/0.0.4/plexus-build-api-0.0.4.jar
7fc08c451000-7fc08c453000 r--s 00009000 08:13 2892501                    /home/luis/.m2/repository/org/apache/maven/shared/maven-filtering/1.0/maven-filtering-1.0.jar
7fc08c453000-7fc08c455000 r--s 00002000 08:13 2892499                    /home/luis/.m2/repository/org/codehaus/plexus/plexus-interactivity-api/1.0-alpha-4/plexus-interactivity-api-1.0-alpha-4.jar
7fc08c455000-7fc08c457000 r--s 00006000 08:13 2892498                    /home/luis/.m2/repository/commons-cli/commons-cli/1.0/commons-cli-1.0.jar
7fc08c457000-7fc08c458000 r--s 00001000 08:13 2892497                    /home/luis/.m2/repository/org/apache/maven/doxia/doxia-sink-api/1.0-alpha-7/doxia-sink-api-1.0-alpha-7.jar
7fc08c458000-7fc08c459000 r--s 00002000 08:13 2892496                    /home/luis/.m2/repository/org/apache/maven/reporting/maven-reporting-api/2.0.6/maven-reporting-api-2.0.6.jar
7fc08c459000-7fc08c45b000 r--s 00005000 08:13 2891327                    /home/luis/.m2/repository/org/apache/maven/plugins/maven-resources-plugin/2.5/maven-resources-plugin-2.5.jar
7fc08c45b000-7fc08c45c000 r--s 00002000 08:13 3029307                    /home/luis/.m2/repository/org/codehaus/plexus/plexus-digest/1.0/plexus-digest-1.0.jar
7fc08c45c000-7fc08c460000 r--s 00033000 08:13 2892294                    /home/luis/.m2/repository/org/codehaus/plexus/plexus-utils/2.0.5/plexus-utils-2.0.5.jar
7fc08c460000-7fc08c463000 r--s 0001b000 08:13 2892500                    /home/luis/.m2/repository/junit/junit/3.8.1/junit-3.8.1.jar
7fc08c463000-7fc08c466000 ---p 00000000 00:00 0 
7fc08c466000-7fc08c48b000 rw-p 00000000 00:00 0 
7fc08c48b000-7fc08c48c000 r--p 00000000 00:00 0 
7fc08c48c000-7fc08c490000 r--s 0008a000 08:13 3163660                    /usr/lib/jvm/jdk1.7.0_21/jre/lib/jsse.jar
7fc08c490000-7fc08c4a0000 r--s 000b2000 08:13 2891313                    /home/luis/Programacion/IDEs/eclipse/configuration/org.eclipse.osgi/bundles/819/1/.cp/netty-3.2.5.Final.jar
7fc08c4a0000-7fc08c4a7000 r--s 0004d000 08:13 2891288                    /home/luis/Programacion/IDEs/eclipse/configuration/org.eclipse.osgi/bundles/802/1/.cp/async-http-client-1.6.5.jar
7fc08c4a7000-7fc08c4a8000 r--s 00002000 08:13 2891262                    /home/luis/Programacion/IDEs/eclipse/configuration/org.eclipse.osgi/bundles/815/1/.cp/jars/wagon-file-2.2.jar
7fc08c4a8000-7fc08c4a9000 r--s 00004000 08:13 2891261                    /home/luis/Programacion/IDEs/eclipse/configuration/org.eclipse.osgi/bundles/815/1/.cp/jars/wagon-ahc-1.2.1.jar
7fc08c4a9000-7fc08c4ab000 r--s 0000b000 08:13 2891260                    /home/luis/Programacion/IDEs/eclipse/configuration/org.eclipse.osgi/bundles/815/1/.cp/jars/aether-connector-asynchttpclient-1.13.1.jar
7fc08c4ab000-7fc08c4ae000 r--s 0001d000 08:13 2891259                    /home/luis/Programacion/IDEs/eclipse/configuration/org.eclipse.osgi/bundles/815/1/.cp/jars/aether-impl-1.13.1.jar
7fc08c4ae000-7fc08c4cc000 r--s 00151000 08:13 2891254                    /home/luis/Programacion/IDEs/eclipse/configuration/org.eclipse.osgi/bundles/815/1/.cp/jars/guava-10.0.1.jar
7fc08c4cc000-7fc08c4d4000 r--s 00050000 08:13 2891253                    /home/luis/Programacion/IDEs/eclipse/configuration/org.eclipse.osgi/bundles/815/1/.cp/jars/sisu-guice-3.1.0-no_aop.jar
7fc08c4d4000-7fc08c505000 rw-p 00000000 00:00 0 
7fc08c505000-7fc08c51a000 r-xp 00000000 08:13 659442                     /usr/lib/jvm/jdk1.7.0_21/jre/lib/amd64/libnet.so
7fc08c51a000-7fc08c71a000 ---p 00015000 08:13 659442                     /usr/lib/jvm/jdk1.7.0_21/jre/lib/amd64/libnet.so
7fc08c71a000-7fc08c71b000 rw-p 00015000 08:13 659442                     /usr/lib/jvm/jdk1.7.0_21/jre/lib/amd64/libnet.so
7fc08c71b000-7fc08c72b000 r-xp 00000000 08:13 659437                     /usr/lib/jvm/jdk1.7.0_21/jre/lib/amd64/libnio.so
7fc08c72b000-7fc08c92b000 ---p 00010000 08:13 659437                     /usr/lib/jvm/jdk1.7.0_21/jre/lib/amd64/libnio.so
7fc08c92b000-7fc08c92c000 rw-p 00010000 08:13 659437                     /usr/lib/jvm/jdk1.7.0_21/jre/lib/amd64/libnio.so
7fc08c92c000-7fc08c92d000 ---p 00000000 00:00 0 
7fc08c92d000-7fc08ca2d000 rw-p 00000000 00:00 0 
7fc08ca2d000-7fc08ca30000 ---p 00000000 00:00 0 
7fc08ca30000-7fc08cb2e000 rw-p 00000000 00:00 0 
7fc08cb2e000-7fc08cb31000 ---p 00000000 00:00 0 
7fc08cb31000-7fc08cc2f000 rw-p 00000000 00:00 0 
7fc08cc2f000-7fc08cc32000 ---p 00000000 00:00 0 
7fc08cc32000-7fc08cd30000 rw-p 00000000 00:00 0 
7fc08cd30000-7fc08cd33000 ---p 00000000 00:00 0 
7fc08cd33000-7fc08ce31000 rw-p 00000000 00:00 0 
7fc08ce31000-7fc08d514000 r--p 00000000 08:13 3158712                    /usr/lib/locale/locale-archive
7fc08d514000-7fc08d517000 ---p 00000000 00:00 0 
7fc08d517000-7fc08d615000 rw-p 00000000 00:00 0 
7fc08d615000-7fc08d618000 ---p 00000000 00:00 0 
7fc08d618000-7fc08d716000 rw-p 00000000 00:00 0 
7fc08d716000-7fc08d717000 ---p 00000000 00:00 0 
7fc08d717000-7fc090000000 rw-p 00000000 00:00 0 
7fc090000000-7fc09003a000 rw-p 00000000 00:00 0 
7fc09003a000-7fc094000000 ---p 00000000 00:00 0 
7fc094000000-7fc094001000 r--s 00007000 08:13 2891349                    /home/luis/.m2/repository/org/apache/maven/plugins/maven-jar-plugin/2.3.2/maven-jar-plugin-2.3.2.jar
7fc094001000-7fc094002000 r--s 00003000 08:13 2891258                    /home/luis/Programacion/IDEs/eclipse/configuration/org.eclipse.osgi/bundles/815/1/.cp/jars/aether-spi-1.13.1.jar
7fc094002000-7fc094004000 r--s 00006000 08:13 2891257                    /home/luis/Programacion/IDEs/eclipse/configuration/org.eclipse.osgi/bundles/815/1/.cp/jars/aether-connector-wagon-1.13.1.jar
7fc094004000-7fc094007000 r--s 00006000 08:13 2891255                    /home/luis/Programacion/IDEs/eclipse/configuration/org.eclipse.osgi/bundles/815/1/.cp/jars/jsr305-1.3.9.jar
7fc094007000-7fc094009000 r--s 00003000 08:13 2891252                    /home/luis/Programacion/IDEs/eclipse/configuration/org.eclipse.osgi/bundles/815/1/.cp/jars/guice-plexus-lifecycles-2.3.0.jar
7fc094009000-7fc09400b000 r--s 00003000 08:13 2891251                    /home/luis/Programacion/IDEs/eclipse/configuration/org.eclipse.osgi/bundles/815/1/.cp/jars/guice-plexus-scanners-2.3.0.jar
7fc09400b000-7fc09400c000 r--s 00001000 08:13 2891250                    /home/luis/Programacion/IDEs/eclipse/configuration/org.eclipse.osgi/bundles/815/1/.cp/jars/guice-bean-inject-2.3.0.jar
7fc09400c000-7fc09400e000 r--s 00005000 08:13 2891249                    /home/luis/Programacion/IDEs/eclipse/configuration/org.eclipse.osgi/bundles/815/1/.cp/jars/guice-plexus-binders-2.3.0.jar
7fc09400e000-7fc094010000 r--s 00002000 08:13 2891248                    /home/luis/Programacion/IDEs/eclipse/configuration/org.eclipse.osgi/bundles/815/1/.cp/jars/guice-plexus-locators-2.3.0.jar
7fc094010000-7fc094012000 r--s 00001000 08:13 2891247                    /home/luis/Programacion/IDEs/eclipse/configuration/org.eclipse.osgi/bundles/815/1/.cp/jars/guice-plexus-converters-2.3.0.jar
7fc094012000-7fc094014000 r--s 00002000 08:13 2891246                    /home/luis/Programacion/IDEs/eclipse/configuration/org.eclipse.osgi/bundles/815/1/.cp/jars/guice-plexus-metadata-2.3.0.jar
7fc094014000-7fc094016000 r--s 00000000 08:13 2891245                    /home/luis/Programacion/IDEs/eclipse/configuration/org.eclipse.osgi/bundles/815/1/.cp/jars/guice-bean-converters-2.3.0.jar
7fc094016000-7fc094018000 r--s 00013000 08:13 2891244                    /home/luis/Programacion/IDEs/eclipse/configuration/org.eclipse.osgi/bundles/815/1/.cp/jars/guice-bean-scanners-2.3.0.jar
7fc094018000-7fc09401a000 r--s 00009000 08:13 2891243                    /home/luis/Programacion/IDEs/eclipse/configuration/org.eclipse.osgi/bundles/815/1/.cp/jars/guice-bean-binders-2.3.0.jar
7fc09401a000-7fc09401d000 r--s 0000b000 08:13 2891242                    /home/luis/Programacion/IDEs/eclipse/configuration/org.eclipse.osgi/bundles/815/1/.cp/jars/guice-bean-locators-2.3.0.jar
7fc09401d000-7fc094390000 rw-p 00000000 00:00 0 
7fc094390000-7fc09454d000 r--s 039de000 08:13 3163680                    /usr/lib/jvm/jdk1.7.0_21/jre/lib/rt.jar
7fc09454d000-7fc094dd5000 rw-p 00000000 00:00 0 
7fc094dd5000-7fc094dd6000 ---p 00000000 00:00 0 
7fc094dd6000-7fc094ed6000 rw-p 00000000 00:00 0 
7fc094ed6000-7fc094ed7000 ---p 00000000 00:00 0 
7fc094ed7000-7fc094fe4000 rw-p 00000000 00:00 0 
7fc094fe4000-7fc095000000 rw-p 00000000 00:00 0 
7fc095000000-7fc0952b0000 rwxp 00000000 00:00 0 
7fc0952b0000-7fc0991fa000 rw-p 00000000 00:00 0 
7fc0991fa000-7fc09c000000 ---p 00000000 00:00 0 
7fc09c000000-7fc09c001000 r--s 00002000 08:13 3029388                    /home/luis/.m2/repository/org/apache/maven/reporting/maven-reporting-api/2.0.9/maven-reporting-api-2.0.9.jar
7fc09c001000-7fc09c003000 r--s 0000e000 08:13 2891241                    /home/luis/Programacion/IDEs/eclipse/configuration/org.eclipse.osgi/bundles/815/1/.cp/jars/guice-bean-reflect-2.3.0.jar
7fc09c003000-7fc09c004000 r--s 00000000 08:13 2891240                    /home/luis/Programacion/IDEs/eclipse/configuration/org.eclipse.osgi/bundles/815/1/.cp/jars/javax.inject-1.jar
7fc09c004000-7fc09c009000 r--s 00019000 08:13 2891239                    /home/luis/Programacion/IDEs/eclipse/configuration/org.eclipse.osgi/bundles/815/1/.cp/jars/guice-plexus-shim-2.3.0.jar
7fc09c009000-7fc09c00b000 r--s 0000b000 08:13 2891238                    /home/luis/Programacion/IDEs/eclipse/configuration/org.eclipse.osgi/bundles/815/1/.cp/jars/wagon-provider-api-2.2.jar
7fc09c00b000-7fc09c011000 r--s 0003f000 08:13 2891237                    /home/luis/Programacion/IDEs/eclipse/configuration/org.eclipse.osgi/bundles/815/1/.cp/jars/maven-compat-3.0.4.jar
7fc09c011000-7fc09c013000 r--s 00009000 08:13 2891236                    /home/luis/Programacion/IDEs/eclipse/configuration/org.eclipse.osgi/bundles/815/1/.cp/jars/commons-cli-1.2.jar
7fc09c013000-7fc09c015000 r--s 00002000 08:13 2891235                    /home/luis/Programacion/IDEs/eclipse/configuration/org.eclipse.osgi/bundles/815/1/.cp/jars/plexus-cipher-1.7.jar
7fc09c015000-7fc09c016000 r--s 0000a000 08:13 2891234                    /home/luis/Programacion/IDEs/eclipse/configuration/org.eclipse.osgi/bundles/815/1/.cp/jars/maven-embedder-3.0.4.jar
7fc09c016000-7fc09c017000 r--s 00006000 08:13 2891233                    /home/luis/Programacion/IDEs/eclipse/configuration/org.eclipse.osgi/bundles/815/1/.cp/jars/plexus-sec-dispatcher-1.3.jar
7fc09c017000-7fc09c019000 r--s 00000000 08:13 2891232                    /home/luis/Programacion/IDEs/eclipse/configuration/org.eclipse.osgi/bundles/815/1/.cp/jars/plexus-component-annotations-1.5.5.jar
7fc09c019000-7fc09c03e000 rw-p 00000000 00:00 0 
7fc09c03e000-7fc09c163000 rw-p 00000000 00:00 0 
7fc09c163000-7fc09c170000 rw-p 00000000 00:00 0 
7fc09c170000-7fc09c18c000 rw-p 00000000 00:00 0 
7fc09c18c000-7fc09c1b1000 rw-p 00000000 00:00 0 
7fc09c1b1000-7fc09c2d6000 rw-p 00000000 00:00 0 
7fc09c2d6000-7fc09c366000 rw-p 00000000 00:00 0 
7fc09c366000-7fc09c367000 ---p 00000000 00:00 0 
7fc09c367000-7fc09c37b000 rw-p 00000000 00:00 0 
7fc09c37b000-7fc09c37c000 rw-p 00000000 00:00 0 
7fc09c37c000-7fc09c396000 r-xp 00000000 08:13 659488                     /usr/lib/jvm/jdk1.7.0_21/jre/lib/amd64/libzip.so
7fc09c396000-7fc09c596000 ---p 0001a000 08:13 659488                     /usr/lib/jvm/jdk1.7.0_21/jre/lib/amd64/libzip.so
7fc09c596000-7fc09c597000 rw-p 0001a000 08:13 659488                     /usr/lib/jvm/jdk1.7.0_21/jre/lib/amd64/libzip.so
7fc09c597000-7fc09c5a3000 r-xp 00000000 08:13 1054176                    /lib/x86_64-linux-gnu/libnss_files-2.15.so
7fc09c5a3000-7fc09c7a2000 ---p 0000c000 08:13 1054176                    /lib/x86_64-linux-gnu/libnss_files-2.15.so
7fc09c7a2000-7fc09c7a3000 r--p 0000b000 08:13 1054176                    /lib/x86_64-linux-gnu/libnss_files-2.15.so
7fc09c7a3000-7fc09c7a4000 rw-p 0000c000 08:13 1054176                    /lib/x86_64-linux-gnu/libnss_files-2.15.so
7fc09c7a4000-7fc09c7ae000 r-xp 00000000 08:13 1051530                    /lib/x86_64-linux-gnu/libnss_nis-2.15.so
7fc09c7ae000-7fc09c9ae000 ---p 0000a000 08:13 1051530                    /lib/x86_64-linux-gnu/libnss_nis-2.15.so
7fc09c9ae000-7fc09c9af000 r--p 0000a000 08:13 1051530                    /lib/x86_64-linux-gnu/libnss_nis-2.15.so
7fc09c9af000-7fc09c9b0000 rw-p 0000b000 08:13 1051530                    /lib/x86_64-linux-gnu/libnss_nis-2.15.so
7fc09c9b0000-7fc09c9c7000 r-xp 00000000 08:13 1054461                    /lib/x86_64-linux-gnu/libnsl-2.15.so
7fc09c9c7000-7fc09cbc6000 ---p 00017000 08:13 1054461                    /lib/x86_64-linux-gnu/libnsl-2.15.so
7fc09cbc6000-7fc09cbc7000 r--p 00016000 08:13 1054461                    /lib/x86_64-linux-gnu/libnsl-2.15.so
7fc09cbc7000-7fc09cbc8000 rw-p 00017000 08:13 1054461                    /lib/x86_64-linux-gnu/libnsl-2.15.so
7fc09cbc8000-7fc09cbca000 rw-p 00000000 00:00 0 
7fc09cbca000-7fc09cbd2000 r-xp 00000000 08:13 1054177                    /lib/x86_64-linux-gnu/libnss_compat-2.15.so
7fc09cbd2000-7fc09cdd1000 ---p 00008000 08:13 1054177                    /lib/x86_64-linux-gnu/libnss_compat-2.15.so
7fc09cdd1000-7fc09cdd2000 r--p 00007000 08:13 1054177                    /lib/x86_64-linux-gnu/libnss_compat-2.15.so
7fc09cdd2000-7fc09cdd3000 rw-p 00008000 08:13 1054177                    /lib/x86_64-linux-gnu/libnss_compat-2.15.so
7fc09cdd3000-7fc09cdfc000 r-xp 00000000 08:13 659472                     /usr/lib/jvm/jdk1.7.0_21/jre/lib/amd64/libjava.so
7fc09cdfc000-7fc09cffc000 ---p 00029000 08:13 659472                     /usr/lib/jvm/jdk1.7.0_21/jre/lib/amd64/libjava.so
7fc09cffc000-7fc09cffe000 rw-p 00029000 08:13 659472                     /usr/lib/jvm/jdk1.7.0_21/jre/lib/amd64/libjava.so
7fc09cffe000-7fc09d00b000 r-xp 00000000 08:13 659470                     /usr/lib/jvm/jdk1.7.0_21/jre/lib/amd64/libverify.so
7fc09d00b000-7fc09d20a000 ---p 0000d000 08:13 659470                     /usr/lib/jvm/jdk1.7.0_21/jre/lib/amd64/libverify.so
7fc09d20a000-7fc09d20c000 rw-p 0000c000 08:13 659470                     /usr/lib/jvm/jdk1.7.0_21/jre/lib/amd64/libverify.so
7fc09d20c000-7fc09d213000 r-xp 00000000 08:13 1050759                    /lib/x86_64-linux-gnu/librt-2.15.so
7fc09d213000-7fc09d412000 ---p 00007000 08:13 1050759                    /lib/x86_64-linux-gnu/librt-2.15.so
7fc09d412000-7fc09d413000 r--p 00006000 08:13 1050759                    /lib/x86_64-linux-gnu/librt-2.15.so
7fc09d413000-7fc09d414000 rw-p 00007000 08:13 1050759                    /lib/x86_64-linux-gnu/librt-2.15.so
7fc09d414000-7fc09d50f000 r-xp 00000000 08:13 1051532                    /lib/x86_64-linux-gnu/libm-2.15.so
7fc09d50f000-7fc09d70e000 ---p 000fb000 08:13 1051532                    /lib/x86_64-linux-gnu/libm-2.15.so
7fc09d70e000-7fc09d70f000 r--p 000fa000 08:13 1051532                    /lib/x86_64-linux-gnu/libm-2.15.so
7fc09d70f000-7fc09d710000 rw-p 000fb000 08:13 1051532                    /lib/x86_64-linux-gnu/libm-2.15.so
7fc09d710000-7fc09e15a000 r-xp 00000000 08:13 659478                     /usr/lib/jvm/jdk1.7.0_21/jre/lib/amd64/server/libjvm.so
7fc09e15a000-7fc09e359000 ---p 00a4a000 08:13 659478                     /usr/lib/jvm/jdk1.7.0_21/jre/lib/amd64/server/libjvm.so
7fc09e359000-7fc09e3fd000 rw-p 00a49000 08:13 659478                     /usr/lib/jvm/jdk1.7.0_21/jre/lib/amd64/server/libjvm.so
7fc09e3fd000-7fc09e438000 rw-p 00000000 00:00 0 
7fc09e438000-7fc09e5ed000 r-xp 00000000 08:13 1050689                    /lib/x86_64-linux-gnu/libc-2.15.so
7fc09e5ed000-7fc09e7ec000 ---p 001b5000 08:13 1050689                    /lib/x86_64-linux-gnu/libc-2.15.so
7fc09e7ec000-7fc09e7f0000 r--p 001b4000 08:13 1050689                    /lib/x86_64-linux-gnu/libc-2.15.so
7fc09e7f0000-7fc09e7f2000 rw-p 001b8000 08:13 1050689                    /lib/x86_64-linux-gnu/libc-2.15.so
7fc09e7f2000-7fc09e7f7000 rw-p 00000000 00:00 0 
7fc09e7f7000-7fc09e7f9000 r-xp 00000000 08:13 1050688                    /lib/x86_64-linux-gnu/libdl-2.15.so
7fc09e7f9000-7fc09e9f9000 ---p 00002000 08:13 1050688                    /lib/x86_64-linux-gnu/libdl-2.15.so
7fc09e9f9000-7fc09e9fa000 r--p 00002000 08:13 1050688                    /lib/x86_64-linux-gnu/libdl-2.15.so
7fc09e9fa000-7fc09e9fb000 rw-p 00003000 08:13 1050688                    /lib/x86_64-linux-gnu/libdl-2.15.so
7fc09e9fb000-7fc09ea11000 r-xp 00000000 08:13 659447                     /usr/lib/jvm/jdk1.7.0_21/jre/lib/amd64/jli/libjli.so
7fc09ea11000-7fc09ec11000 ---p 00016000 08:13 659447                     /usr/lib/jvm/jdk1.7.0_21/jre/lib/amd64/jli/libjli.so
7fc09ec11000-7fc09ec12000 rw-p 00016000 08:13 659447                     /usr/lib/jvm/jdk1.7.0_21/jre/lib/amd64/jli/libjli.so
7fc09ec12000-7fc09ec2a000 r-xp 00000000 08:13 1050755                    /lib/x86_64-linux-gnu/libpthread-2.15.so
7fc09ec2a000-7fc09ee29000 ---p 00018000 08:13 1050755                    /lib/x86_64-linux-gnu/libpthread-2.15.so
7fc09ee29000-7fc09ee2a000 r--p 00017000 08:13 1050755                    /lib/x86_64-linux-gnu/libpthread-2.15.so
7fc09ee2a000-7fc09ee2b000 rw-p 00018000 08:13 1050755                    /lib/x86_64-linux-gnu/libpthread-2.15.so
7fc09ee2b000-7fc09ee2f000 rw-p 00000000 00:00 0 
7fc09ee2f000-7fc09ee51000 r-xp 00000000 08:13 1054181                    /lib/x86_64-linux-gnu/ld-2.15.so
7fc09ee51000-7fc09ee52000 r--s 00005000 08:13 2891363                    /home/luis/.m2/repository/org/apache/maven/plugins/maven-install-plugin/2.3.1/maven-install-plugin-2.3.1.jar
7fc09ee52000-7fc09ee56000 r--s 00033000 08:13 2891230                    /home/luis/Programacion/IDEs/eclipse/configuration/org.eclipse.osgi/bundles/815/1/.cp/jars/plexus-utils-2.0.6.jar
7fc09ee56000-7fc09ee58000 r--s 0000d000 08:13 2891229                    /home/luis/Programacion/IDEs/eclipse/configuration/org.eclipse.osgi/bundles/815/1/.cp/jars/plexus-interpolation-1.14.jar
7fc09ee58000-7fc09ee5c000 r--s 0001c000 08:13 2891228                    /home/luis/Programacion/IDEs/eclipse/configuration/org.eclipse.osgi/bundles/815/1/.cp/jars/aether-util-1.13.1.jar
7fc09ee5c000-7fc09ee5f000 r--s 00013000 08:13 2891227                    /home/luis/Programacion/IDEs/eclipse/configuration/org.eclipse.osgi/bundles/815/1/.cp/jars/aether-api-1.13.1.jar
7fc09ee5f000-7fc09ee61000 r--s 0000c000 08:13 2891226                    /home/luis/Programacion/IDEs/eclipse/configuration/org.eclipse.osgi/bundles/815/1/.cp/jars/maven-aether-provider-3.0.4.jar
7fc09ee61000-7fc09ee65000 r--s 00021000 08:13 2891225                    /home/luis/Programacion/IDEs/eclipse/configuration/org.eclipse.osgi/bundles/815/1/.cp/jars/maven-model-builder-3.0.4.jar
7fc09ee65000-7fc09ee67000 r--s 0000b000 08:13 2891224                    /home/luis/Programacion/IDEs/eclipse/configuration/org.eclipse.osgi/bundles/815/1/.cp/jars/maven-plugin-api-3.0.4.jar
7fc09ee67000-7fc09ee73000 r--s 0007d000 08:13 2891218                    /home/luis/Programacion/IDEs/eclipse/configuration/org.eclipse.osgi/bundles/815/1/.cp/jars/maven-core-3.0.4.jar
7fc09ee73000-7fc09ee7e000 rw-p 00000000 00:00 0 
7fc09ee7e000-7fc09ef33000 rw-p 00000000 00:00 0 
7fc09ef33000-7fc09ef36000 ---p 00000000 00:00 0 
7fc09ef36000-7fc09f038000 rw-p 00000000 00:00 0 
7fc09f038000-7fc09f03a000 r--s 0000b000 08:13 2891223                    /home/luis/Programacion/IDEs/eclipse/configuration/org.eclipse.osgi/bundles/815/1/.cp/jars/maven-artifact-3.0.4.jar
7fc09f03a000-7fc09f03c000 r--s 00006000 08:13 2891222                    /home/luis/Programacion/IDEs/eclipse/configuration/org.eclipse.osgi/bundles/815/1/.cp/jars/maven-repository-metadata-3.0.4.jar
7fc09f03c000-7fc09f03f000 r--s 00008000 08:13 2891221                    /home/luis/Programacion/IDEs/eclipse/configuration/org.eclipse.osgi/bundles/815/1/.cp/jars/maven-settings-builder-3.0.4.jar
7fc09f03f000-7fc09f041000 r--s 0000a000 08:13 2891220                    /home/luis/Programacion/IDEs/eclipse/configuration/org.eclipse.osgi/bundles/815/1/.cp/jars/maven-settings-3.0.4.jar
7fc09f041000-7fc09f043000 r--s 00026000 08:13 2891219                    /home/luis/Programacion/IDEs/eclipse/configuration/org.eclipse.osgi/bundles/815/1/.cp/jars/maven-model-3.0.4.jar
7fc09f043000-7fc09f045000 r--s 0000a000 08:13 2891231                    /home/luis/Programacion/IDEs/eclipse/configuration/org.eclipse.osgi/bundles/815/1/.cp/jars/plexus-classworlds-2.4.jar
7fc09f045000-7fc09f04d000 rw-s 00000000 08:13 3688962                    /tmp/hsperfdata_luis/10733
7fc09f04d000-7fc09f04e000 rw-p 00000000 00:00 0 
7fc09f04e000-7fc09f04f000 ---p 00000000 00:00 0 
7fc09f04f000-7fc09f051000 rw-p 00000000 00:00 0 
7fc09f051000-7fc09f052000 r--p 00022000 08:13 1054181                    /lib/x86_64-linux-gnu/ld-2.15.so
7fc09f052000-7fc09f054000 rw-p 00023000 08:13 1054181                    /lib/x86_64-linux-gnu/ld-2.15.so
7fff58b94000-7fff58bb5000 rw-p 00000000 00:00 0                          [stack]
7fff58bff000-7fff58c00000 r-xp 00000000 00:00 0                          [vdso]
ffffffffff600000-ffffffffff601000 r-xp 00000000 00:00 0                  [vsyscall]

VM Arguments:
jvm_args: -Dmaven.home=EMBEDDED -Dclassworlds.conf=/home/luis/Programacion/workspace/.metadata/.plugins/org.eclipse.m2e.core/launches/m2conf2983332125968841798.tmp -Dfile.encoding=UTF-8 
java_command: org.codehaus.plexus.classworlds.launcher.Launcher -B install
Launcher Type: SUN_STANDARD

Environment Variables:
PATH=/usr/local/sbin:/usr/local/bin:/usr/sbin:/usr/bin:/sbin:/bin:/usr/games
SHELL=/bin/bash
DISPLAY=:0

Signal Handlers:
SIGSEGV: [libjvm.so+0x8a80e0], sa_mask[0]=0x7ffbfeff, sa_flags=0x10000004
SIGBUS: [libjvm.so+0x8a80e0], sa_mask[0]=0x7ffbfeff, sa_flags=0x10000004
SIGFPE: [libjvm.so+0x744170], sa_mask[0]=0x7ffbfeff, sa_flags=0x10000004
SIGPIPE: [libjvm.so+0x744170], sa_mask[0]=0x7ffbfeff, sa_flags=0x10000004
SIGXFSZ: [libjvm.so+0x744170], sa_mask[0]=0x7ffbfeff, sa_flags=0x10000004
SIGILL: [libjvm.so+0x744170], sa_mask[0]=0x7ffbfeff, sa_flags=0x10000004
SIGUSR1: SIG_DFL, sa_mask[0]=0x00000000, sa_flags=0x00000000
SIGUSR2: [libjvm.so+0x743ac0], sa_mask[0]=0x00000004, sa_flags=0x10000004
SIGHUP: [libjvm.so+0x745e50], sa_mask[0]=0x7ffbfeff, sa_flags=0x10000004
SIGINT: [libjvm.so+0x745e50], sa_mask[0]=0x7ffbfeff, sa_flags=0x10000004
SIGTERM: [libjvm.so+0x745e50], sa_mask[0]=0x7ffbfeff, sa_flags=0x10000004
SIGQUIT: [libjvm.so+0x745e50], sa_mask[0]=0x7ffbfeff, sa_flags=0x10000004


---------------  S Y S T E M  ---------------

OS:wheezy/sid

uname:Linux 3.2.0-49-generic #75-Ubuntu SMP Tue Jun 18 17:39:32 UTC 2013 x86_64
libc:glibc 2.15 NPTL 2.15 
rlimit: STACK 8192k, CORE 0k, NPROC 30924, NOFILE 4096, AS infinity
load average:2,95 1,12 0,58

/proc/meminfo:
MemTotal:        4049168 kB
MemFree:          775348 kB
Buffers:           32356 kB
Cached:           804112 kB
SwapCached:          388 kB
Active:          2006988 kB
Inactive:        1001624 kB
Active(anon):    1585464 kB
Inactive(anon):   605028 kB
Active(file):     421524 kB
Inactive(file):   396596 kB
Unevictable:           0 kB
Mlocked:               0 kB
SwapTotal:        975868 kB
SwapFree:         959984 kB
Dirty:             85284 kB
Writeback:             0 kB
AnonPages:       2171948 kB
Mapped:           161708 kB
Shmem:             18124 kB
Slab:             135440 kB
SReclaimable:     101980 kB
SUnreclaim:        33460 kB
KernelStack:        4032 kB
PageTables:        38472 kB
NFS_Unstable:          0 kB
Bounce:                0 kB
WritebackTmp:          0 kB
CommitLimit:     3000452 kB
Committed_AS:    4133000 kB
VmallocTotal:   34359738367 kB
VmallocUsed:      328336 kB
VmallocChunk:   34359401340 kB
HardwareCorrupted:     0 kB
AnonHugePages:         0 kB
HugePages_Total:       0
HugePages_Free:        0
HugePages_Rsvd:        0
HugePages_Surp:        0
Hugepagesize:       2048 kB
DirectMap4k:       58240 kB
DirectMap2M:     4134912 kB


CPU:total 2 (2 cores per cpu, 1 threads per core) family 15 model 107 stepping 2, cmov, cx8, fxsr, mmx, sse, sse2, sse3, mmxext, 3dnowpref, tsc

/proc/cpuinfo:
processor	: 0
vendor_id	: AuthenticAMD
cpu family	: 15
model		: 107
model name	: AMD Athlon(tm) 64 X2 Dual Core Processor 5000+
stepping	: 2
cpu MHz		: 2613.431
cache size	: 512 KB
physical id	: 0
siblings	: 2
core id		: 0
cpu cores	: 2
apicid		: 0
initial apicid	: 0
fpu		: yes
fpu_exception	: yes
cpuid level	: 1
wp		: yes
flags		: fpu vme de pse tsc msr pae mce cx8 apic sep mtrr pge mca cmov pat pse36 clflush mmx fxsr sse sse2 ht syscall nx mmxext fxsr_opt rdtscp lm 3dnowext 3dnow rep_good nopl pni cx16 lahf_lm cmp_legacy svm extapic cr8_legacy 3dnowprefetch lbrv
bogomips	: 5226.86
TLB size	: 1024 4K pages
clflush size	: 64
cache_alignment	: 64
address sizes	: 40 bits physical, 48 bits virtual
power management: ts fid vid ttp tm stc 100mhzsteps

processor	: 1
vendor_id	: AuthenticAMD
cpu family	: 15
model		: 107
model name	: AMD Athlon(tm) 64 X2 Dual Core Processor 5000+
stepping	: 2
cpu MHz		: 2613.431
cache size	: 512 KB
physical id	: 0
siblings	: 2
core id		: 1
cpu cores	: 2
apicid		: 1
initial apicid	: 1
fpu		: yes
fpu_exception	: yes
cpuid level	: 1
wp		: yes
flags		: fpu vme de pse tsc msr pae mce cx8 apic sep mtrr pge mca cmov pat pse36 clflush mmx fxsr sse sse2 ht syscall nx mmxext fxsr_opt rdtscp lm 3dnowext 3dnow rep_good nopl pni cx16 lahf_lm cmp_legacy svm extapic cr8_legacy 3dnowprefetch lbrv
bogomips	: 5226.81
TLB size	: 1024 4K pages
clflush size	: 64
cache_alignment	: 64
address sizes	: 40 bits physical, 48 bits virtual
power management: ts fid vid ttp tm stc 100mhzsteps



Memory: 4k page, physical 4049168k(775348k free), swap 975868k(959984k free)

vm_info: Java HotSpot(TM) 64-Bit Server VM (23.21-b01) for linux-amd64 JRE (1.7.0_21-b11), built on Apr  4 2013 04:03:29 by "java_re" with gcc 4.3.0 20080428 (Red Hat 4.3.0-8)

time: Tue Jul 30 03:18:33 2013
elapsed time: 117 seconds

