#
# A fatal error has been detected by the Java Runtime Environment:
#
#  SIGSEGV (0xb) at pc=0x00007f8a7aca2234, pid=2971, tid=140232760067840
#
# JRE version: 7.0_21-b11
# Java VM: Java HotSpot(TM) 64-Bit Server VM (23.21-b01 mixed mode linux-amd64 compressed oops)
# Problematic frame:
# V  [libjvm.so+0x82e234]  ObjectSynchronizer::inflate(Thread*, oopDesc*)+0x354
#
# Failed to write core dump. Core dumps have been disabled. To enable core dumping, try "ulimit -c unlimited" before starting Java again
#
# If you would like to submit a bug report, please visit:
#   http://bugreport.sun.com/bugreport/crash.jsp
#

---------------  T H R E A D  ---------------

Current thread (0x00007f8a74009800):  JavaThread "main" [_thread_in_vm, id=2972, stack(0x00007f8a7bc98000,0x00007f8a7bd99000)]

siginfo:si_signo=SIGSEGV: si_errno=0, si_code=1 (SEGV_MAPERR), si_addr=0x00000008db05c340

Registers:
RAX=0x00000008db05c340, RBX=0x00007f8a58005990, RCX=0x00000008db05c340, RDX=0x0000000000000001
RSP=0x00007f8a7bd96e70, RBP=0x00007f8a7bd96ec0, RSI=0x00000000f81f35a0, RDI=0x00007f8a74009800
R8 =0x00000000f81f35a0, R9 =0x00000000f7c2c0e0, R10=0x00007f8a7110b5af, R11=0x00000000000014ea
R12=0x00000008db05c340, R13=0x00007f8a74009800, R14=0x0000000000000000, R15=0x00000000f81f35a0
RIP=0x00007f8a7aca2234, EFLAGS=0x0000000000010202, CSGSFS=0x0000000000000033, ERR=0x0000000000000004
  TRAPNO=0x000000000000000e

Top of Stack: (sp=0x00007f8a7bd96e70)
0x00007f8a7bd96e70:   0000000000000000 0000000000000000
0x00007f8a7bd96e80:   0000000000000000 0000000000000000
0x00007f8a7bd96e90:   0000000000000000 00000008db05c340
0x00007f8a7bd96ea0:   00000000f81f35a0 00007f8a74009800
0x00007f8a7bd96eb0:   00007f8a7bd96f80 00007f8a74009800
0x00007f8a7bd96ec0:   00007f8a7bd96ef0 00007f8a7aca2f68
0x00007f8a7bd96ed0:   00007f8a74009800 0000000000000000
0x00007f8a7bd96ee0:   00007f8a7bd96f50 00007f8a7bd96f80
0x00007f8a7bd96ef0:   00007f8a7bd96f40 00007f8a7aa19493
0x00007f8a7bd96f00:   00007f8a74009800 00000000db8c3d50
0x00007f8a7bd96f10:   00007f8a74009800 0000000000000000
0x00007f8a7bd96f20:   00000000000014ea 00000000dae1fe58
0x00007f8a7bd96f30:   0000000000000000 00000000f7f716c8
0x00007f8a7bd96f40:   00007f8a7bd96f90 00007f8a7110b61f
0x00007f8a7bd96f50:   00000000f81f35a0 00007f8a7bd96f80
0x00007f8a7bd96f60:   00000000dae1fe58 00000000f82f3940
0x00007f8a7bd96f70:   00000008db05c340 00007f8a7110b578
0x00007f8a7bd96f80:   00000000e059b240 0000000000000297
0x00007f8a7bd96f90:   00000000f7c2c0e0 00007f8a710fffc4
0x00007f8a7bd96fa0:   00000000f7c2c0e0 00002000f7f716c8
0x00007f8a7bd96fb0:   000014eadb8c3d50 00000000f7f716c8
0x00007f8a7bd96fc0:   00000000f81f35a0 00000000f81f35a0
0x00007f8a7bd96fd0:   00000000e059b240 00007f8a7110e40c
0x00007f8a7bd96fe0:   00000000f7c2c0e0 00007f8a71120f40
0x00007f8a7bd96ff0:   00000000f7c2c0e0 0000002c00000025
0x00007f8a7bd97000:   0000000600000006 00000000f82ee878
0x00007f8a7bd97010:   db8c3d5000001485 00000000f7c2c0e0
0x00007f8a7bd97020:   00000000f82ee878 0000005fc58dbaab
0x00007f8a7bd97030:   0000000000000019 00007f8a7bd97138
0x00007f8a7bd97040:   00000000f82ee7a8 00007f8a71134b50
0x00007f8a7bd97050:   00000000e03a9408 00000000e0e870b8
0x00007f8a7bd97060:   00000000f7c2c0e0 00000000f7c2c118 

Instructions: (pc=0x00007f8a7aca2234)
0x00007f8a7aca2214:   c8 ee ff ff e9 da fc ff ff 48 8b 83 90 00 00 00
0x00007f8a7aca2224:   49 89 85 f0 00 00 00 eb d1 4c 89 e0 48 83 e0 fd
0x00007f8a7aca2234:   48 8b 00 48 89 03 4c 89 63 18 48 c7 43 20 00 00
0x00007f8a7aca2244:   00 00 48 c7 43 70 00 00 00 00 4c 89 7b 08 49 8b 

Register to memory mapping:

RAX=0x00000008db05c340 is an unknown value
RBX=0x00007f8a58005990 is an unknown value
RCX=0x00000008db05c340 is an unknown value
RDX=0x0000000000000001 is an unknown value
RSP=0x00007f8a7bd96e70 is pointing into the stack for thread: 0x00007f8a74009800
RBP=0x00007f8a7bd96ec0 is pointing into the stack for thread: 0x00007f8a74009800
RSI=0x00000000f81f35a0 is an unknown value
RDI=0x00007f8a74009800 is a thread
R8 =0x00000000f81f35a0 is an unknown value
R9 =0x00000000f7c2c0e0 is an oop
com.google.gwt.dev.util.collect.IdentityHashSet 
 - klass: 'com/google/gwt/dev/util/collect/IdentityHashSet'
R10=0x00007f8a7110b3d0 [CodeBlob (0x00007f8a7110b3d0)]
Framesize: 10
R11=0x00000000000014ea is an unknown value
R12=0x00000008db05c340 is an unknown value
R13=0x00007f8a74009800 is a thread
R14=0x0000000000000000 is an unknown value
R15=0x00000000f81f35a0 is an unknown value


Stack: [0x00007f8a7bc98000,0x00007f8a7bd99000],  sp=0x00007f8a7bd96e70,  free space=1019k
Native frames: (J=compiled Java code, j=interpreted, Vv=VM code, C=native code)
V  [libjvm.so+0x82e234]  ObjectSynchronizer::inflate(Thread*, oopDesc*)+0x354
V  [libjvm.so+0x82ef68]  ObjectSynchronizer::FastHashCode(Thread*, oopDesc*)+0x78
V  [libjvm.so+0x5a5493]  JVM_IHashCode+0x83
J  java.lang.System.identityHashCode(Ljava/lang/Object;)I

Java frames: (J=compiled Java code, j=interpreted, Vv=VM code)
J  java.lang.System.identityHashCode(Ljava/lang/Object;)I
J  com.google.gwt.dev.util.collect.HashSet.ensureSizeFor(I)Z
J  com.google.gwt.dev.util.collect.HashSet.add(Ljava/lang/Object;)Z
J  com.google.gwt.dev.resource.impl.ZipFileClassPathEntry.buildIndex(Lcom/google/gwt/core/ext/TreeLogger;)Ljava/util/Set;
j  com.google.gwt.dev.resource.impl.ZipFileClassPathEntry.index(Lcom/google/gwt/core/ext/TreeLogger;)V+10
j  com.google.gwt.dev.resource.impl.ZipFileClassPathEntry.findApplicableResources(Lcom/google/gwt/core/ext/TreeLogger;Lcom/google/gwt/dev/resource/impl/PathPrefixSet;)Ljava/util/Map;+2
j  com.google.gwt.dev.resource.impl.ClassPathEntry.findApplicableResources(Lcom/google/gwt/core/ext/TreeLogger;Ljava/util/List;)Ljava/util/List;+49
j  com.google.gwt.dev.resource.impl.ResourceOracleImpl.refresh(Lcom/google/gwt/core/ext/TreeLogger;Lcom/google/gwt/dev/resource/impl/ResourceOracleImpl;[Lcom/google/gwt/dev/resource/impl/ResourceOracleImpl;)V+227
j  com.google.gwt.dev.cfg.ModuleDef.doRefresh()V+66
j  com.google.gwt.dev.cfg.ModuleDef.getCompilationState(Lcom/google/gwt/core/ext/TreeLogger;Z)Lcom/google/gwt/dev/javac/CompilationState;+1
j  com.google.gwt.dev.Precompile.precompile(Lcom/google/gwt/core/ext/TreeLogger;Lcom/google/gwt/dev/jjs/JJSOptions;Lcom/google/gwt/dev/cfg/ModuleDef;ILcom/google/gwt/dev/cfg/PropertyPermutations;Ljava/io/File;J)Lcom/google/gwt/dev/Precompilation;+43
j  com.google.gwt.dev.Precompile.precompile(Lcom/google/gwt/core/ext/TreeLogger;Lcom/google/gwt/dev/jjs/JJSOptions;Lcom/google/gwt/dev/cfg/ModuleDef;ILcom/google/gwt/dev/cfg/PropertyPermutations;Ljava/io/File;)Lcom/google/gwt/dev/Precompilation;+16
j  com.google.gwt.dev.Precompile.precompile(Lcom/google/gwt/core/ext/TreeLogger;Lcom/google/gwt/dev/jjs/JJSOptions;Lcom/google/gwt/dev/cfg/ModuleDef;Ljava/io/File;)Lcom/google/gwt/dev/Precompilation;+24
j  com.google.gwt.dev.Compiler.run(Lcom/google/gwt/core/ext/TreeLogger;[Lcom/google/gwt/dev/cfg/ModuleDef;)Z+258
j  com.google.gwt.dev.Compiler.run(Lcom/google/gwt/core/ext/TreeLogger;)Z+73
j  com.google.gwt.dev.Compiler$1.run(Lcom/google/gwt/core/ext/TreeLogger;)Z+34
j  com.google.gwt.dev.CompileTaskRunner.doRun(Lcom/google/gwt/core/ext/TreeLogger;Lcom/google/gwt/dev/CompileTaskRunner$CompileTask;)Z+2
j  com.google.gwt.dev.CompileTaskRunner.runWithAppropriateLogger(Lcom/google/gwt/dev/CompileTaskOptions;Lcom/google/gwt/dev/CompileTaskRunner$CompileTask;)Z+39
j  com.google.gwt.dev.Compiler.main([Ljava/lang/String;)V+77
v  ~StubRoutines::call_stub

---------------  P R O C E S S  ---------------

Java Threads: ( => current thread )
  0x00007f8a74370000 JavaThread "pool-1-thread-1" [_thread_blocked, id=2985, stack(0x00007f8a6e47e000,0x00007f8a6e57f000)]
  0x00007f8a4400e000 JavaThread "Timer-0" daemon [_thread_blocked, id=2984, stack(0x00007f8a6e37d000,0x00007f8a6e47e000)]
  0x00007f8a740ed000 JavaThread "Service Thread" daemon [_thread_blocked, id=2981, stack(0x00007f8a6eb61000,0x00007f8a6ec62000)]
  0x00007f8a740eb000 JavaThread "C2 CompilerThread1" daemon [_thread_blocked, id=2980, stack(0x00007f8a6ec62000,0x00007f8a6ed63000)]
  0x00007f8a740e8000 JavaThread "C2 CompilerThread0" daemon [_thread_blocked, id=2979, stack(0x00007f8a6ed63000,0x00007f8a6ee64000)]
  0x00007f8a740e6000 JavaThread "Signal Dispatcher" daemon [_thread_blocked, id=2978, stack(0x00007f8a6ee64000,0x00007f8a6ef65000)]
  0x00007f8a74098000 JavaThread "Finalizer" daemon [_thread_blocked, id=2977, stack(0x00007f8a6f648000,0x00007f8a6f749000)]
  0x00007f8a74096000 JavaThread "Reference Handler" daemon [_thread_blocked, id=2976, stack(0x00007f8a6f749000,0x00007f8a6f84a000)]
=>0x00007f8a74009800 JavaThread "main" [_thread_in_vm, id=2972, stack(0x00007f8a7bc98000,0x00007f8a7bd99000)]

Other Threads:
  0x00007f8a7408e800 VMThread [stack: 0x00007f8a6f84a000,0x00007f8a6f94b000] [id=2975]
  0x00007f8a740f7800 WatcherThread [stack: 0x00007f8a6ea60000,0x00007f8a6eb61000] [id=2982]

VM state:not at safepoint (normal execution)

VM Mutex/Monitor currently owned by a thread: None

Heap
 PSYoungGen      total 107456K, used 69211K [0x00000000f5560000, 0x00000000ff900000, 0x0000000100000000)
  eden space 84928K, 55% used [0x00000000f5560000,0x00000000f8303950,0x00000000fa850000)
  from space 22528K, 99% used [0x00000000fe300000,0x00000000ff8f35d0,0x00000000ff900000)
  to   space 32064K, 0% used [0x00000000fba60000,0x00000000fba60000,0x00000000fd9b0000)
 ParOldGen       total 84736K, used 42238K [0x00000000e0000000, 0x00000000e52c0000, 0x00000000f5560000)
  object space 84736K, 49% used [0x00000000e0000000,0x00000000e293f960,0x00000000e52c0000)
 PSPermGen       total 22272K, used 11169K [0x00000000dae00000, 0x00000000dc3c0000, 0x00000000e0000000)
  object space 22272K, 50% used [0x00000000dae00000,0x00000000db8e8570,0x00000000dc3c0000)

Card table byte_map: [0x00007f8a78fb6000,0x00007f8a790e0000] byte_map_base: 0x00007f8a788df000

Polling page: 0x00007f8a7bdb2000

Code Cache  [0x00007f8a71000000, 0x00007f8a71270000, 0x00007f8a74000000)
 total_blobs=676 nmethods=412 adapters=216 free_code_cache=47845Kb largest_free_block=48942400

Compilation events (10 events):
Event: 10,411 Thread 0x00007f8a740eb000 nmethod 402 0x00007f8a71139410 code [0x00007f8a71139640, 0x00007f8a71139de8]
Event: 10,411 Thread 0x00007f8a740eb000  403             java.util.zip.ZipCoder::decoder (35 bytes)
Event: 10,413 Thread 0x00007f8a740eb000 nmethod 403 0x00007f8a7113fe10 code [0x00007f8a7113ff80, 0x00007f8a711400c8]
Event: 10,434 Thread 0x00007f8a740e8000 nmethod 401 0x00007f8a71148f50 code [0x00007f8a71149220, 0x00007f8a71149e60]
Event: 10,448 Thread 0x00007f8a740eb000  404             com.google.gwt.dev.util.collect.HashMap::put (76 bytes)
Event: 10,457 Thread 0x00007f8a740eb000 nmethod 404 0x00007f8a7113b290 code [0x00007f8a7113b460, 0x00007f8a7113ba68]
Event: 10,470 Thread 0x00007f8a740e8000  405             java.util.regex.Pattern$Curly::match0 (174 bytes)
Event: 10,480 Thread 0x00007f8a740eb000  406             java.util.regex.Pattern$GroupHead::match (47 bytes)
Event: 10,496 Thread 0x00007f8a740e8000 nmethod 405 0x00007f8a7114ae50 code [0x00007f8a7114b0c0, 0x00007f8a7114bca0]
Event: 10,549 Thread 0x00007f8a740eb000 nmethod 406 0x00007f8a7114fa90 code [0x00007f8a7114fd60, 0x00007f8a71151230]

GC Heap History (10 events):
Event: 3,836 GC heap before
{Heap before GC invocations=5 (full 0):
 PSYoungGen      total 34240K, used 34240K [0x00000000f5560000, 0x00000000f7960000, 0x0000000100000000)
  eden space 31616K, 100% used [0x00000000f5560000,0x00000000f7440000,0x00000000f7440000)
  from space 2624K, 100% used [0x00000000f76d0000,0x00000000f7960000,0x00000000f7960000)
  to   space 2624K, 0% used [0x00000000f7440000,0x00000000f7440000,0x00000000f76d0000)
 ParOldGen       total 42240K, used 12123K [0x00000000e0000000, 0x00000000e2940000, 0x00000000f5560000)
  object space 42240K, 28% used [0x00000000e0000000,0x00000000e0bd6f70,0x00000000e2940000)
 PSPermGen       total 21248K, used 10602K [0x00000000dae00000, 0x00000000dc2c0000, 0x00000000e0000000)
  object space 21248K, 49% used [0x00000000dae00000,0x00000000db85a828,0x00000000dc2c0000)
Event: 3,879 GC heap after
Heap after GC invocations=5 (full 0):
 PSYoungGen      total 34240K, used 2624K [0x00000000f5560000, 0x00000000fae80000, 0x0000000100000000)
  eden space 31616K, 0% used [0x00000000f5560000,0x00000000f5560000,0x00000000f7440000)
  from space 2624K, 100% used [0x00000000f7440000,0x00000000f76d0000,0x00000000f76d0000)
  to   space 14016K, 0% used [0x00000000fa0d0000,0x00000000fa0d0000,0x00000000fae80000)
 ParOldGen       total 42240K, used 22531K [0x00000000e0000000, 0x00000000e2940000, 0x00000000f5560000)
  object space 42240K, 53% used [0x00000000e0000000,0x00000000e1600fd0,0x00000000e2940000)
 PSPermGen       total 21248K, used 10602K [0x00000000dae00000, 0x00000000dc2c0000, 0x00000000e0000000)
  object space 21248K, 49% used [0x00000000dae00000,0x00000000db85a828,0x00000000dc2c0000)
}
Event: 4,349 GC heap before
{Heap before GC invocations=6 (full 0):
 PSYoungGen      total 34240K, used 33059K [0x00000000f5560000, 0x00000000fae80000, 0x0000000100000000)
  eden space 31616K, 96% used [0x00000000f5560000,0x00000000f7318e20,0x00000000f7440000)
  from space 2624K, 100% used [0x00000000f7440000,0x00000000f76d0000,0x00000000f76d0000)
  to   space 14016K, 0% used [0x00000000fa0d0000,0x00000000fa0d0000,0x00000000fae80000)
 ParOldGen       total 42240K, used 22531K [0x00000000e0000000, 0x00000000e2940000, 0x00000000f5560000)
  object space 42240K, 53% used [0x00000000e0000000,0x00000000e1600fd0,0x00000000e2940000)
 PSPermGen       total 21248K, used 10630K [0x00000000dae00000, 0x00000000dc2c0000, 0x00000000e0000000)
  object space 21248K, 50% used [0x00000000dae00000,0x00000000db861850,0x00000000dc2c0000)
Event: 4,397 GC heap after
Heap after GC invocations=6 (full 0):
 PSYoungGen      total 74304K, used 13984K [0x00000000f5560000, 0x00000000fb440000, 0x0000000100000000)
  eden space 60288K, 0% used [0x00000000f5560000,0x00000000f5560000,0x00000000f9040000)
  from space 14016K, 99% used [0x00000000fa0d0000,0x00000000fae78050,0x00000000fae80000)
  to   space 16960K, 0% used [0x00000000f9040000,0x00000000f9040000,0x00000000fa0d0000)
 ParOldGen       total 42240K, used 22819K [0x00000000e0000000, 0x00000000e2940000, 0x00000000f5560000)
  object space 42240K, 54% used [0x00000000e0000000,0x00000000e1648fd0,0x00000000e2940000)
 PSPermGen       total 21248K, used 10630K [0x00000000dae00000, 0x00000000dc2c0000, 0x00000000e0000000)
  object space 21248K, 50% used [0x00000000dae00000,0x00000000db861850,0x00000000dc2c0000)
}
Event: 5,544 GC heap before
{Heap before GC invocations=7 (full 0):
 PSYoungGen      total 74304K, used 74272K [0x00000000f5560000, 0x00000000fb440000, 0x0000000100000000)
  eden space 60288K, 100% used [0x00000000f5560000,0x00000000f9040000,0x00000000f9040000)
  from space 14016K, 99% used [0x00000000fa0d0000,0x00000000fae78050,0x00000000fae80000)
  to   space 16960K, 0% used [0x00000000f9040000,0x00000000f9040000,0x00000000fa0d0000)
 ParOldGen       total 42240K, used 22819K [0x00000000e0000000, 0x00000000e2940000, 0x00000000f5560000)
  object space 42240K, 54% used [0x00000000e0000000,0x00000000e1648fd0,0x00000000e2940000)
 PSPermGen       total 21248K, used 10860K [0x00000000dae00000, 0x00000000dc2c0000, 0x00000000e0000000)
  object space 21248K, 51% used [0x00000000dae00000,0x00000000db89b2b0,0x00000000dc2c0000)
Event: 5,651 GC heap after
Heap after GC invocations=7 (full 0):
 PSYoungGen      total 77248K, used 16960K [0x00000000f5560000, 0x0000000100000000, 0x0000000100000000)
  eden space 60288K, 0% used [0x00000000f5560000,0x00000000f5560000,0x00000000f9040000)
  from space 16960K, 100% used [0x00000000f9040000,0x00000000fa0d0000,0x00000000fa0d0000)
  to   space 29696K, 0% used [0x00000000fe300000,0x00000000fe300000,0x0000000100000000)
 ParOldGen       total 42240K, used 41958K [0x00000000e0000000, 0x00000000e2940000, 0x00000000f5560000)
  object space 42240K, 99% used [0x00000000e0000000,0x00000000e28f9a00,0x00000000e2940000)
 PSPermGen       total 21248K, used 10860K [0x00000000dae00000, 0x00000000dc2c0000, 0x00000000e0000000)
  object space 21248K, 51% used [0x00000000dae00000,0x00000000db89b2b0,0x00000000dc2c0000)
}
Event: 5,651 GC heap before
{Heap before GC invocations=8 (full 1):
 PSYoungGen      total 77248K, used 16960K [0x00000000f5560000, 0x0000000100000000, 0x0000000100000000)
  eden space 60288K, 0% used [0x00000000f5560000,0x00000000f5560000,0x00000000f9040000)
  from space 16960K, 100% used [0x00000000f9040000,0x00000000fa0d0000,0x00000000fa0d0000)
  to   space 29696K, 0% used [0x00000000fe300000,0x00000000fe300000,0x0000000100000000)
 ParOldGen       total 42240K, used 41958K [0x00000000e0000000, 0x00000000e2940000, 0x00000000f5560000)
  object space 42240K, 99% used [0x00000000e0000000,0x00000000e28f9a00,0x00000000e2940000)
 PSPermGen       total 21248K, used 10860K [0x00000000dae00000, 0x00000000dc2c0000, 0x00000000e0000000)
  object space 21248K, 51% used [0x00000000dae00000,0x00000000db89b2b0,0x00000000dc2c0000)
Event: 6,138 GC heap after
Heap after GC invocations=8 (full 1):
 PSYoungGen      total 77248K, used 5304K [0x00000000f5560000, 0x0000000100000000, 0x0000000100000000)
  eden space 60288K, 0% used [0x00000000f5560000,0x00000000f5560000,0x00000000f9040000)
  from space 16960K, 31% used [0x00000000f9040000,0x00000000f956e0f0,0x00000000fa0d0000)
  to   space 29696K, 0% used [0x00000000fe300000,0x00000000fe300000,0x0000000100000000)
 ParOldGen       total 84736K, used 42238K [0x00000000e0000000, 0x00000000e52c0000, 0x00000000f5560000)
  object space 84736K, 49% used [0x00000000e0000000,0x00000000e293f960,0x00000000e52c0000)
 PSPermGen       total 22272K, used 10856K [0x00000000dae00000, 0x00000000dc3c0000, 0x00000000e0000000)
  object space 22272K, 48% used [0x00000000dae00000,0x00000000db89a098,0x00000000dc3c0000)
}
Event: 8,809 GC heap before
{Heap before GC invocations=9 (full 1):
 PSYoungGen      total 77248K, used 65592K [0x00000000f5560000, 0x0000000100000000, 0x0000000100000000)
  eden space 60288K, 100% used [0x00000000f5560000,0x00000000f9040000,0x00000000f9040000)
  from space 16960K, 31% used [0x00000000f9040000,0x00000000f956e0f0,0x00000000fa0d0000)
  to   space 29696K, 0% used [0x00000000fe300000,0x00000000fe300000,0x0000000100000000)
 ParOldGen       total 84736K, used 42238K [0x00000000e0000000, 0x00000000e52c0000, 0x00000000f5560000)
  object space 84736K, 49% used [0x00000000e0000000,0x00000000e293f960,0x00000000e52c0000)
 PSPermGen       total 22272K, used 10945K [0x00000000dae00000, 0x00000000dc3c0000, 0x00000000e0000000)
  object space 22272K, 49% used [0x00000000dae00000,0x00000000db8b06c0,0x00000000dc3c0000)
Event: 8,899 GC heap after
Heap after GC invocations=9 (full 1):
 PSYoungGen      total 107456K, used 22477K [0x00000000f5560000, 0x00000000ff900000, 0x0000000100000000)
  eden space 84928K, 0% used [0x00000000f5560000,0x00000000f5560000,0x00000000fa850000)
  from space 22528K, 99% used [0x00000000fe300000,0x00000000ff8f35d0,0x00000000ff900000)
  to   space 32064K, 0% used [0x00000000fba60000,0x00000000fba60000,0x00000000fd9b0000)
 ParOldGen       total 84736K, used 42238K [0x00000000e0000000, 0x00000000e52c0000, 0x00000000f5560000)
  object space 84736K, 49% used [0x00000000e0000000,0x00000000e293f960,0x00000000e52c0000)
 PSPermGen       total 22272K, used 10945K [0x00000000dae00000, 0x00000000dc3c0000, 0x00000000e0000000)
  object space 22272K, 49% used [0x00000000dae00000,0x00000000db8b06c0,0x00000000dc3c0000)
}

Deoptimization events (10 events):
Event: 10,156 Thread 0x00007f8a74009800 Uncommon trap -34 fr.pc 0x00007f8a7107bd88
Event: 10,158 Thread 0x00007f8a74009800 Uncommon trap -34 fr.pc 0x00007f8a7107bd88
Event: 10,161 Thread 0x00007f8a74009800 Uncommon trap -34 fr.pc 0x00007f8a7107bd88
Event: 10,176 Thread 0x00007f8a74009800 Uncommon trap -83 fr.pc 0x00007f8a7111bb08
Event: 10,176 Thread 0x00007f8a74009800 Uncommon trap -83 fr.pc 0x00007f8a7111d974
Event: 10,178 Thread 0x00007f8a74009800 Uncommon trap -83 fr.pc 0x00007f8a7111d148
Event: 10,235 Thread 0x00007f8a74009800 Uncommon trap -83 fr.pc 0x00007f8a7112ff54
Event: 10,235 Thread 0x00007f8a74009800 Uncommon trap -83 fr.pc 0x00007f8a7112b0ac
Event: 10,235 Thread 0x00007f8a74009800 Uncommon trap -83 fr.pc 0x00007f8a71128f04
Event: 10,469 Thread 0x00007f8a74009800 Uncommon trap -34 fr.pc 0x00007f8a7112e388

Internal exceptions (10 events):
Event: 9,528 Thread 0x00007f8a74009800 Threw 0x00000000f5e6a1f0 at /HUDSON/workspace/jdk7u21-2-build-linux-amd64-product/jdk7u21/hotspot/src/share/vm/prims/jvm.cpp:1166
Event: 9,529 Thread 0x00007f8a74009800 Threw 0x00000000f5e72cb8 at /HUDSON/workspace/jdk7u21-2-build-linux-amd64-product/jdk7u21/hotspot/src/share/vm/prims/jvm.cpp:1166
Event: 9,533 Thread 0x00007f8a74009800 Threw 0x00000000f5e7cf08 at /HUDSON/workspace/jdk7u21-2-build-linux-amd64-product/jdk7u21/hotspot/src/share/vm/prims/jvm.cpp:1166
Event: 9,534 Thread 0x00007f8a74009800 Threw 0x00000000f5e85b20 at /HUDSON/workspace/jdk7u21-2-build-linux-amd64-product/jdk7u21/hotspot/src/share/vm/prims/jvm.cpp:1166
Event: 9,534 Thread 0x00007f8a74009800 Threw 0x00000000f5e8cdb0 at /HUDSON/workspace/jdk7u21-2-build-linux-amd64-product/jdk7u21/hotspot/src/share/vm/prims/jvm.cpp:1166
Event: 9,537 Thread 0x00007f8a74009800 Threw 0x00000000f5e94400 at /HUDSON/workspace/jdk7u21-2-build-linux-amd64-product/jdk7u21/hotspot/src/share/vm/prims/jvm.cpp:1166
Event: 10,116 Thread 0x00007f8a74009800 Threw 0x00000000f69666e8 at /HUDSON/workspace/jdk7u21-2-build-linux-amd64-product/jdk7u21/hotspot/src/share/vm/prims/jvm.cpp:1166
Event: 10,235 Thread 0x00007f8a74009800 Implicit null exception at 0x00007f8a7112fce7 to 0x00007f8a7112ff42
Event: 10,235 Thread 0x00007f8a74009800 Implicit null exception at 0x00007f8a7112aeb1 to 0x00007f8a7112b09d
Event: 10,235 Thread 0x00007f8a74009800 Implicit null exception at 0x00007f8a71128d46 to 0x00007f8a71128ef5

Events (10 events):
Event: 10,235 Thread 0x00007f8a74009800 DEOPT PACKING pc=0x00007f8a7112ff54 sp=0x00007f8a7bd96fe0
Event: 10,235 Thread 0x00007f8a74009800 DEOPT UNPACKING pc=0x00007f8a71039145 sp=0x00007f8a7bd96ef8 mode 2
Event: 10,235 Thread 0x00007f8a74009800 DEOPT PACKING pc=0x00007f8a7112b0ac sp=0x00007f8a7bd96f90
Event: 10,235 Thread 0x00007f8a74009800 DEOPT UNPACKING pc=0x00007f8a71039145 sp=0x00007f8a7bd96ef8 mode 2
Event: 10,235 Thread 0x00007f8a74009800 DEOPT PACKING pc=0x00007f8a71128f04 sp=0x00007f8a7bd96f30
Event: 10,235 Thread 0x00007f8a74009800 DEOPT UNPACKING pc=0x00007f8a71039145 sp=0x00007f8a7bd96ef8 mode 2
Event: 10,273 loading class 0x00007f8a7409adb0
Event: 10,273 loading class 0x00007f8a7409adb0 done
Event: 10,469 Thread 0x00007f8a74009800 DEOPT PACKING pc=0x00007f8a7112e388 sp=0x00007f8a7bd96920
Event: 10,469 Thread 0x00007f8a74009800 DEOPT UNPACKING pc=0x00007f8a71039145 sp=0x00007f8a7bd96920 mode 2


Dynamic libraries:
00400000-00401000 r-xp 00000000 08:13 3163647                            /usr/lib/jvm/jdk1.7.0_21/jre/bin/java
00600000-00601000 rw-p 00000000 08:13 3163647                            /usr/lib/jvm/jdk1.7.0_21/jre/bin/java
01c19000-01c3a000 rw-p 00000000 00:00 0                                  [heap]
dae00000-dc3c0000 rw-p 00000000 00:00 0 
dc3c0000-e0000000 rw-p 00000000 00:00 0 
e0000000-e52c0000 rw-p 00000000 00:00 0 
e52c0000-f5560000 rw-p 00000000 00:00 0 
f5560000-ff900000 rw-p 00000000 00:00 0 
ff900000-100000000 ---p 00000000 00:00 0 
7f8a38000000-7f8a38021000 rw-p 00000000 00:00 0 
7f8a38021000-7f8a3c000000 ---p 00000000 00:00 0 
7f8a3c000000-7f8a3c022000 rw-p 00000000 00:00 0 
7f8a3c022000-7f8a40000000 ---p 00000000 00:00 0 
7f8a40000000-7f8a40021000 rw-p 00000000 00:00 0 
7f8a40021000-7f8a44000000 ---p 00000000 00:00 0 
7f8a44000000-7f8a44148000 rw-p 00000000 00:00 0 
7f8a44148000-7f8a48000000 ---p 00000000 00:00 0 
7f8a48000000-7f8a484e3000 rw-p 00000000 00:00 0 
7f8a484e3000-7f8a4c000000 ---p 00000000 00:00 0 
7f8a4c000000-7f8a4c021000 rw-p 00000000 00:00 0 
7f8a4c021000-7f8a50000000 ---p 00000000 00:00 0 
7f8a50000000-7f8a50021000 rw-p 00000000 00:00 0 
7f8a50021000-7f8a54000000 ---p 00000000 00:00 0 
7f8a54000000-7f8a545d1000 rw-p 00000000 00:00 0 
7f8a545d1000-7f8a58000000 ---p 00000000 00:00 0 
7f8a58000000-7f8a58021000 rw-p 00000000 00:00 0 
7f8a58021000-7f8a5c000000 ---p 00000000 00:00 0 
7f8a5c000000-7f8a5c021000 rw-p 00000000 00:00 0 
7f8a5c021000-7f8a60000000 ---p 00000000 00:00 0 
7f8a60000000-7f8a60021000 rw-p 00000000 00:00 0 
7f8a60021000-7f8a64000000 ---p 00000000 00:00 0 
7f8a64000000-7f8a64021000 rw-p 00000000 00:00 0 
7f8a64021000-7f8a68000000 ---p 00000000 00:00 0 
7f8a68000000-7f8a68021000 rw-p 00000000 00:00 0 
7f8a68021000-7f8a6c000000 ---p 00000000 00:00 0 
7f8a6d526000-7f8a6d71e000 rw-p 00000000 00:00 0 
7f8a6d71e000-7f8a6d743000 r--p 00000000 08:13 3680972                    /usr/share/locale-langpack/es/LC_MESSAGES/libc.mo
7f8a6d743000-7f8a6d749000 r-xp 00000000 08:13 659491                     /usr/lib/jvm/jdk1.7.0_21/jre/lib/amd64/headless/libmawt.so
7f8a6d749000-7f8a6d949000 ---p 00006000 08:13 659491                     /usr/lib/jvm/jdk1.7.0_21/jre/lib/amd64/headless/libmawt.so
7f8a6d949000-7f8a6d94a000 rw-p 00006000 08:13 659491                     /usr/lib/jvm/jdk1.7.0_21/jre/lib/amd64/headless/libmawt.so
7f8a6d94a000-7f8a6d9ec000 r-xp 00000000 08:13 659451                     /usr/lib/jvm/jdk1.7.0_21/jre/lib/amd64/libawt.so
7f8a6d9ec000-7f8a6dbec000 ---p 000a2000 08:13 659451                     /usr/lib/jvm/jdk1.7.0_21/jre/lib/amd64/libawt.so
7f8a6dbec000-7f8a6dbf8000 rw-p 000a2000 08:13 659451                     /usr/lib/jvm/jdk1.7.0_21/jre/lib/amd64/libawt.so
7f8a6dbf8000-7f8a6dc1c000 rw-p 00000000 00:00 0 
7f8a6dc1c000-7f8a6dc1f000 ---p 00000000 00:00 0 
7f8a6dc1f000-7f8a6dd1d000 rw-p 00000000 00:00 0 
7f8a6dd1d000-7f8a6dd25000 r-xp 00000000 08:13 659485                     /usr/lib/jvm/jdk1.7.0_21/jre/lib/amd64/libmanagement.so
7f8a6dd25000-7f8a6df24000 ---p 00008000 08:13 659485                     /usr/lib/jvm/jdk1.7.0_21/jre/lib/amd64/libmanagement.so
7f8a6df24000-7f8a6df25000 rw-p 00007000 08:13 659485                     /usr/lib/jvm/jdk1.7.0_21/jre/lib/amd64/libmanagement.so
7f8a6df25000-7f8a6df56000 rw-p 00000000 00:00 0 
7f8a6df56000-7f8a6df6b000 r-xp 00000000 08:13 659442                     /usr/lib/jvm/jdk1.7.0_21/jre/lib/amd64/libnet.so
7f8a6df6b000-7f8a6e16b000 ---p 00015000 08:13 659442                     /usr/lib/jvm/jdk1.7.0_21/jre/lib/amd64/libnet.so
7f8a6e16b000-7f8a6e16c000 rw-p 00015000 08:13 659442                     /usr/lib/jvm/jdk1.7.0_21/jre/lib/amd64/libnet.so
7f8a6e16c000-7f8a6e17c000 r-xp 00000000 08:13 659437                     /usr/lib/jvm/jdk1.7.0_21/jre/lib/amd64/libnio.so
7f8a6e17c000-7f8a6e37c000 ---p 00010000 08:13 659437                     /usr/lib/jvm/jdk1.7.0_21/jre/lib/amd64/libnio.so
7f8a6e37c000-7f8a6e37d000 rw-p 00010000 08:13 659437                     /usr/lib/jvm/jdk1.7.0_21/jre/lib/amd64/libnio.so
7f8a6e37d000-7f8a6e380000 ---p 00000000 00:00 0 
7f8a6e380000-7f8a6e47e000 rw-p 00000000 00:00 0 
7f8a6e47e000-7f8a6e481000 ---p 00000000 00:00 0 
7f8a6e481000-7f8a6e5e9000 rw-p 00000000 00:00 0 
7f8a6e5e9000-7f8a6e7a4000 r--s 01e99000 08:13 3022401                    /home/luis/.m2/repository/com/google/gwt/gwt-dev/2.5.1/gwt-dev-2.5.1.jar
7f8a6e7a4000-7f8a6e7e0000 rw-p 00000000 00:00 0 
7f8a6e7e0000-7f8a6e8e5000 r--s 01a68000 08:13 3020957                    /home/luis/.m2/repository/com/google/gwt/gwt-user/2.5.1/gwt-user-2.5.1.jar
7f8a6e8e5000-7f8a6e95c000 r--s 009b7000 08:13 2890503                    /home/luis/Programacion/workspace/gha/lib/smartgwt-3.1.jar
7f8a6e95c000-7f8a6ea60000 r--s 01a55000 08:13 2890501                    /home/luis/Programacion/workspace/gha/lib/gwt-user-2.5.1.jar
7f8a6ea60000-7f8a6ea61000 ---p 00000000 00:00 0 
7f8a6ea61000-7f8a6eb61000 rw-p 00000000 00:00 0 
7f8a6eb61000-7f8a6eb64000 ---p 00000000 00:00 0 
7f8a6eb64000-7f8a6ec62000 rw-p 00000000 00:00 0 
7f8a6ec62000-7f8a6ec65000 ---p 00000000 00:00 0 
7f8a6ec65000-7f8a6ed63000 rw-p 00000000 00:00 0 
7f8a6ed63000-7f8a6ed66000 ---p 00000000 00:00 0 
7f8a6ed66000-7f8a6ee64000 rw-p 00000000 00:00 0 
7f8a6ee64000-7f8a6ee67000 ---p 00000000 00:00 0 
7f8a6ee67000-7f8a6ef65000 rw-p 00000000 00:00 0 
7f8a6ef65000-7f8a6f648000 r--p 00000000 08:13 3158712                    /usr/lib/locale/locale-archive
7f8a6f648000-7f8a6f64b000 ---p 00000000 00:00 0 
7f8a6f64b000-7f8a6f749000 rw-p 00000000 00:00 0 
7f8a6f749000-7f8a6f74c000 ---p 00000000 00:00 0 
7f8a6f74c000-7f8a6f84a000 rw-p 00000000 00:00 0 
7f8a6f84a000-7f8a6f84b000 ---p 00000000 00:00 0 
7f8a6f84b000-7f8a71000000 rw-p 00000000 00:00 0 
7f8a71000000-7f8a71270000 rwxp 00000000 00:00 0 
7f8a71270000-7f8a743a6000 rw-p 00000000 00:00 0 
7f8a743a6000-7f8a78000000 ---p 00000000 00:00 0 
7f8a78011000-7f8a78018000 r--s 00000000 08:13 3421126                    /usr/lib/x86_64-linux-gnu/gconv/gconv-modules.cache
7f8a78018000-7f8a7801c000 r--s 0008a000 08:13 3163660                    /usr/lib/jvm/jdk1.7.0_21/jre/lib/jsse.jar
7f8a7801c000-7f8a7801f000 r--s 000f7000 08:13 659521                     /usr/lib/jvm/jdk1.7.0_21/jre/lib/ext/localedata.jar
7f8a7801f000-7f8a78021000 r--s 00001000 08:13 659520                     /usr/lib/jvm/jdk1.7.0_21/jre/lib/ext/dnsns.jar
7f8a78021000-7f8a78025000 r--s 0002d000 08:13 659516                     /usr/lib/jvm/jdk1.7.0_21/jre/lib/ext/sunjce_provider.jar
7f8a78025000-7f8a78026000 r--s 00003000 08:13 659522                     /usr/lib/jvm/jdk1.7.0_21/jre/lib/ext/sunec.jar
7f8a78026000-7f8a78027000 r--s 00010000 08:13 659518                     /usr/lib/jvm/jdk1.7.0_21/jre/lib/ext/zipfs.jar
7f8a78027000-7f8a7802b000 r--s 00037000 08:13 659519                     /usr/lib/jvm/jdk1.7.0_21/jre/lib/ext/sunpkcs11.jar
7f8a7802b000-7f8a78035000 r--s 00254000 08:13 3163671                    /usr/lib/jvm/jdk1.7.0_21/jre/lib/resources.jar
7f8a78035000-7f8a78037000 r--s 0000e000 08:13 4606659                    /home/luis/.m2/repository/javax/activation/activation/1.1/activation-1.1.jar
7f8a78037000-7f8a7803f000 r--s 00078000 08:13 3028014                    /home/luis/.m2/repository/com/sun/mail/javax.mail/1.5.0/javax.mail-1.5.0.jar
7f8a7803f000-7f8a78073000 r--s 001a4000 08:13 3028012                    /home/luis/.m2/repository/javax/javaee-api/7.0/javaee-api-7.0.jar
7f8a78073000-7f8a78077000 r--s 0000d000 08:13 2892744                    /home/luis/Programacion/workspace/gha/domain/target/domain-1-sources.jar
7f8a78077000-7f8a78080000 r--s 0006d000 08:13 2895998                    /home/luis/.m2/repository/log4j/log4j/1.2.16/log4j-1.2.16.jar
7f8a78080000-7f8a78084000 r--s 00016000 08:13 2892741                    /home/luis/Programacion/workspace/gha/domain/target/domain-1.jar
7f8a78084000-7f8a78085000 r--s 00002000 08:13 3027880                    /home/luis/Programacion/workspace/gha/ejb/target/ejb-1-client.jar
7f8a78085000-7f8a78657000 rw-p 00000000 00:00 0 
7f8a78657000-7f8a78814000 r--s 039de000 08:13 3163680                    /usr/lib/jvm/jdk1.7.0_21/jre/lib/rt.jar
7f8a78814000-7f8a78ce0000 rw-p 00000000 00:00 0 
7f8a78ce0000-7f8a78ce1000 ---p 00000000 00:00 0 
7f8a78ce1000-7f8a78de1000 rw-p 00000000 00:00 0 
7f8a78de1000-7f8a78de2000 ---p 00000000 00:00 0 
7f8a78de2000-7f8a78eed000 rw-p 00000000 00:00 0 
7f8a78eed000-7f8a78f0b000 rw-p 00000000 00:00 0 
7f8a78f0b000-7f8a78f35000 rw-p 00000000 00:00 0 
7f8a78f35000-7f8a78fb6000 rw-p 00000000 00:00 0 
7f8a78fb6000-7f8a78fc1000 rw-p 00000000 00:00 0 
7f8a78fc1000-7f8a78fdf000 rw-p 00000000 00:00 0 
7f8a78fdf000-7f8a79009000 rw-p 00000000 00:00 0 
7f8a79009000-7f8a79089000 rw-p 00000000 00:00 0 
7f8a79089000-7f8a790dc000 rw-p 00000000 00:00 0 
7f8a790dc000-7f8a790df000 ---p 00000000 00:00 0 
7f8a790df000-7f8a790e0000 rw-p 00000000 00:00 0 
7f8a790e0000-7f8a790fa000 r-xp 00000000 08:13 659488                     /usr/lib/jvm/jdk1.7.0_21/jre/lib/amd64/libzip.so
7f8a790fa000-7f8a792fa000 ---p 0001a000 08:13 659488                     /usr/lib/jvm/jdk1.7.0_21/jre/lib/amd64/libzip.so
7f8a792fa000-7f8a792fb000 rw-p 0001a000 08:13 659488                     /usr/lib/jvm/jdk1.7.0_21/jre/lib/amd64/libzip.so
7f8a792fb000-7f8a79307000 r-xp 00000000 08:13 1054176                    /lib/x86_64-linux-gnu/libnss_files-2.15.so
7f8a79307000-7f8a79506000 ---p 0000c000 08:13 1054176                    /lib/x86_64-linux-gnu/libnss_files-2.15.so
7f8a79506000-7f8a79507000 r--p 0000b000 08:13 1054176                    /lib/x86_64-linux-gnu/libnss_files-2.15.so
7f8a79507000-7f8a79508000 rw-p 0000c000 08:13 1054176                    /lib/x86_64-linux-gnu/libnss_files-2.15.so
7f8a79508000-7f8a79512000 r-xp 00000000 08:13 1051530                    /lib/x86_64-linux-gnu/libnss_nis-2.15.so
7f8a79512000-7f8a79712000 ---p 0000a000 08:13 1051530                    /lib/x86_64-linux-gnu/libnss_nis-2.15.so
7f8a79712000-7f8a79713000 r--p 0000a000 08:13 1051530                    /lib/x86_64-linux-gnu/libnss_nis-2.15.so
7f8a79713000-7f8a79714000 rw-p 0000b000 08:13 1051530                    /lib/x86_64-linux-gnu/libnss_nis-2.15.so
7f8a79714000-7f8a7972b000 r-xp 00000000 08:13 1054461                    /lib/x86_64-linux-gnu/libnsl-2.15.so
7f8a7972b000-7f8a7992a000 ---p 00017000 08:13 1054461                    /lib/x86_64-linux-gnu/libnsl-2.15.so
7f8a7992a000-7f8a7992b000 r--p 00016000 08:13 1054461                    /lib/x86_64-linux-gnu/libnsl-2.15.so
7f8a7992b000-7f8a7992c000 rw-p 00017000 08:13 1054461                    /lib/x86_64-linux-gnu/libnsl-2.15.so
7f8a7992c000-7f8a7992e000 rw-p 00000000 00:00 0 
7f8a7992e000-7f8a79936000 r-xp 00000000 08:13 1054177                    /lib/x86_64-linux-gnu/libnss_compat-2.15.so
7f8a79936000-7f8a79b35000 ---p 00008000 08:13 1054177                    /lib/x86_64-linux-gnu/libnss_compat-2.15.so
7f8a79b35000-7f8a79b36000 r--p 00007000 08:13 1054177                    /lib/x86_64-linux-gnu/libnss_compat-2.15.so
7f8a79b36000-7f8a79b37000 rw-p 00008000 08:13 1054177                    /lib/x86_64-linux-gnu/libnss_compat-2.15.so
7f8a79b37000-7f8a79b60000 r-xp 00000000 08:13 659472                     /usr/lib/jvm/jdk1.7.0_21/jre/lib/amd64/libjava.so
7f8a79b60000-7f8a79d60000 ---p 00029000 08:13 659472                     /usr/lib/jvm/jdk1.7.0_21/jre/lib/amd64/libjava.so
7f8a79d60000-7f8a79d62000 rw-p 00029000 08:13 659472                     /usr/lib/jvm/jdk1.7.0_21/jre/lib/amd64/libjava.so
7f8a79d62000-7f8a79d6f000 r-xp 00000000 08:13 659470                     /usr/lib/jvm/jdk1.7.0_21/jre/lib/amd64/libverify.so
7f8a79d6f000-7f8a79f6e000 ---p 0000d000 08:13 659470                     /usr/lib/jvm/jdk1.7.0_21/jre/lib/amd64/libverify.so
7f8a79f6e000-7f8a79f70000 rw-p 0000c000 08:13 659470                     /usr/lib/jvm/jdk1.7.0_21/jre/lib/amd64/libverify.so
7f8a79f70000-7f8a79f77000 r-xp 00000000 08:13 1050759                    /lib/x86_64-linux-gnu/librt-2.15.so
7f8a79f77000-7f8a7a176000 ---p 00007000 08:13 1050759                    /lib/x86_64-linux-gnu/librt-2.15.so
7f8a7a176000-7f8a7a177000 r--p 00006000 08:13 1050759                    /lib/x86_64-linux-gnu/librt-2.15.so
7f8a7a177000-7f8a7a178000 rw-p 00007000 08:13 1050759                    /lib/x86_64-linux-gnu/librt-2.15.so
7f8a7a178000-7f8a7a273000 r-xp 00000000 08:13 1051532                    /lib/x86_64-linux-gnu/libm-2.15.so
7f8a7a273000-7f8a7a472000 ---p 000fb000 08:13 1051532                    /lib/x86_64-linux-gnu/libm-2.15.so
7f8a7a472000-7f8a7a473000 r--p 000fa000 08:13 1051532                    /lib/x86_64-linux-gnu/libm-2.15.so
7f8a7a473000-7f8a7a474000 rw-p 000fb000 08:13 1051532                    /lib/x86_64-linux-gnu/libm-2.15.so
7f8a7a474000-7f8a7aebe000 r-xp 00000000 08:13 659478                     /usr/lib/jvm/jdk1.7.0_21/jre/lib/amd64/server/libjvm.so
7f8a7aebe000-7f8a7b0bd000 ---p 00a4a000 08:13 659478                     /usr/lib/jvm/jdk1.7.0_21/jre/lib/amd64/server/libjvm.so
7f8a7b0bd000-7f8a7b161000 rw-p 00a49000 08:13 659478                     /usr/lib/jvm/jdk1.7.0_21/jre/lib/amd64/server/libjvm.so
7f8a7b161000-7f8a7b19c000 rw-p 00000000 00:00 0 
7f8a7b19c000-7f8a7b351000 r-xp 00000000 08:13 1050689                    /lib/x86_64-linux-gnu/libc-2.15.so
7f8a7b351000-7f8a7b550000 ---p 001b5000 08:13 1050689                    /lib/x86_64-linux-gnu/libc-2.15.so
7f8a7b550000-7f8a7b554000 r--p 001b4000 08:13 1050689                    /lib/x86_64-linux-gnu/libc-2.15.so
7f8a7b554000-7f8a7b556000 rw-p 001b8000 08:13 1050689                    /lib/x86_64-linux-gnu/libc-2.15.so
7f8a7b556000-7f8a7b55b000 rw-p 00000000 00:00 0 
7f8a7b55b000-7f8a7b55d000 r-xp 00000000 08:13 1050688                    /lib/x86_64-linux-gnu/libdl-2.15.so
7f8a7b55d000-7f8a7b75d000 ---p 00002000 08:13 1050688                    /lib/x86_64-linux-gnu/libdl-2.15.so
7f8a7b75d000-7f8a7b75e000 r--p 00002000 08:13 1050688                    /lib/x86_64-linux-gnu/libdl-2.15.so
7f8a7b75e000-7f8a7b75f000 rw-p 00003000 08:13 1050688                    /lib/x86_64-linux-gnu/libdl-2.15.so
7f8a7b75f000-7f8a7b775000 r-xp 00000000 08:13 659447                     /usr/lib/jvm/jdk1.7.0_21/jre/lib/amd64/jli/libjli.so
7f8a7b775000-7f8a7b975000 ---p 00016000 08:13 659447                     /usr/lib/jvm/jdk1.7.0_21/jre/lib/amd64/jli/libjli.so
7f8a7b975000-7f8a7b976000 rw-p 00016000 08:13 659447                     /usr/lib/jvm/jdk1.7.0_21/jre/lib/amd64/jli/libjli.so
7f8a7b976000-7f8a7b98e000 r-xp 00000000 08:13 1050755                    /lib/x86_64-linux-gnu/libpthread-2.15.so
7f8a7b98e000-7f8a7bb8d000 ---p 00018000 08:13 1050755                    /lib/x86_64-linux-gnu/libpthread-2.15.so
7f8a7bb8d000-7f8a7bb8e000 r--p 00017000 08:13 1050755                    /lib/x86_64-linux-gnu/libpthread-2.15.so
7f8a7bb8e000-7f8a7bb8f000 rw-p 00018000 08:13 1050755                    /lib/x86_64-linux-gnu/libpthread-2.15.so
7f8a7bb8f000-7f8a7bb93000 rw-p 00000000 00:00 0 
7f8a7bb93000-7f8a7bbb5000 r-xp 00000000 08:13 1054181                    /lib/x86_64-linux-gnu/ld-2.15.so
7f8a7bbb7000-7f8a7bbe2000 rw-p 00000000 00:00 0 
7f8a7bbe2000-7f8a7bc98000 rw-p 00000000 00:00 0 
7f8a7bc98000-7f8a7bc9b000 ---p 00000000 00:00 0 
7f8a7bc9b000-7f8a7bd9e000 rw-p 00000000 00:00 0 
7f8a7bd9e000-7f8a7bda2000 r--s 00029000 08:13 3028886                    /home/luis/.m2/repository/commons-io/commons-io/2.3/commons-io-2.3.jar
7f8a7bda2000-7f8a7bda4000 r--s 0000d000 08:13 4089448                    /home/luis/.m2/repository/commons-fileupload/commons-fileupload/1.2.2/commons-fileupload-1.2.2.jar
7f8a7bda4000-7f8a7bda9000 r--s 0002c000 08:13 3028880                    /home/luis/.m2/repository/com/googlecode/gwtupload/gwtupload/0.6.6/gwtupload-0.6.6.jar
7f8a7bda9000-7f8a7bdb1000 rw-s 00000000 08:13 663055                     /tmp/hsperfdata_luis/2971
7f8a7bdb1000-7f8a7bdb2000 rw-p 00000000 00:00 0 
7f8a7bdb2000-7f8a7bdb3000 r--p 00000000 00:00 0 
7f8a7bdb3000-7f8a7bdb5000 rw-p 00000000 00:00 0 
7f8a7bdb5000-7f8a7bdb6000 r--p 00022000 08:13 1054181                    /lib/x86_64-linux-gnu/ld-2.15.so
7f8a7bdb6000-7f8a7bdb8000 rw-p 00023000 08:13 1054181                    /lib/x86_64-linux-gnu/ld-2.15.so
7fffe2baf000-7fffe2bd0000 rw-p 00000000 00:00 0                          [stack]
7fffe2bff000-7fffe2c00000 r-xp 00000000 00:00 0                          [vdso]
ffffffffff600000-ffffffffff601000 r-xp 00000000 00:00 0                  [vsyscall]

VM Arguments:
jvm_args: -Xmx512m 
java_command: com.google.gwt.dev.Compiler -logLevel INFO -style OBF -war /home/luis/Programacion/workspace/gha/webclient/target/webclient-1 -localWorkers 2 -XfragmentCount -1 -gen /home/luis/Programacion/workspace/gha/webclient/target/.generated org.fourgeeks.gha.webclient.webclient
Launcher Type: SUN_STANDARD

Environment Variables:
PATH=/usr/local/sbin:/usr/local/bin:/usr/sbin:/usr/bin:/sbin:/bin:/usr/games
SHELL=/bin/bash
DISPLAY=:0

Signal Handlers:
SIGSEGV: [libjvm.so+0x8a80e0], sa_mask[0]=0x7ffbfeff, sa_flags=0x10000004
SIGBUS: [libjvm.so+0x8a80e0], sa_mask[0]=0x7ffbfeff, sa_flags=0x10000004
SIGFPE: [libjvm.so+0x744170], sa_mask[0]=0x7ffbfeff, sa_flags=0x10000004
SIGPIPE: [libjvm.so+0x744170], sa_mask[0]=0x7ffbfeff, sa_flags=0x10000004
SIGXFSZ: [libjvm.so+0x744170], sa_mask[0]=0x7ffbfeff, sa_flags=0x10000004
SIGILL: [libjvm.so+0x744170], sa_mask[0]=0x7ffbfeff, sa_flags=0x10000004
SIGUSR1: SIG_DFL, sa_mask[0]=0x00000000, sa_flags=0x00000000
SIGUSR2: [libjvm.so+0x743ac0], sa_mask[0]=0x00000004, sa_flags=0x10000004
SIGHUP: [libjvm.so+0x745e50], sa_mask[0]=0x7ffbfeff, sa_flags=0x10000004
SIGINT: [libjvm.so+0x745e50], sa_mask[0]=0x7ffbfeff, sa_flags=0x10000004
SIGTERM: [libjvm.so+0x745e50], sa_mask[0]=0x7ffbfeff, sa_flags=0x10000004
SIGQUIT: [libjvm.so+0x745e50], sa_mask[0]=0x7ffbfeff, sa_flags=0x10000004


---------------  S Y S T E M  ---------------

OS:wheezy/sid

uname:Linux 3.2.0-49-generic #75-Ubuntu SMP Tue Jun 18 17:39:32 UTC 2013 x86_64
libc:glibc 2.15 NPTL 2.15 
rlimit: STACK 8192k, CORE 0k, NPROC 30924, NOFILE 4096, AS infinity
load average:1,47 0,88 0,57

/proc/meminfo:
MemTotal:        4049168 kB
MemFree:          514980 kB
Buffers:           82108 kB
Cached:          1399584 kB
SwapCached:            0 kB
Active:          2343956 kB
Inactive:         955136 kB
Active(anon):    1819000 kB
Inactive(anon):    11788 kB
Active(file):     524956 kB
Inactive(file):   943348 kB
Unevictable:           0 kB
Mlocked:               0 kB
SwapTotal:        975868 kB
SwapFree:         975868 kB
Dirty:             35844 kB
Writeback:             0 kB
AnonPages:       1817676 kB
Mapped:           214860 kB
Shmem:             13268 kB
Slab:             109196 kB
SReclaimable:      78840 kB
SUnreclaim:        30356 kB
KernelStack:        3664 kB
PageTables:        32380 kB
NFS_Unstable:          0 kB
Bounce:                0 kB
WritebackTmp:          0 kB
CommitLimit:     3000452 kB
Committed_AS:    3605792 kB
VmallocTotal:   34359738367 kB
VmallocUsed:      328336 kB
VmallocChunk:   34359401340 kB
HardwareCorrupted:     0 kB
AnonHugePages:         0 kB
HugePages_Total:       0
HugePages_Free:        0
HugePages_Rsvd:        0
HugePages_Surp:        0
Hugepagesize:       2048 kB
DirectMap4k:       70528 kB
DirectMap2M:     4122624 kB


CPU:total 2 (2 cores per cpu, 1 threads per core) family 15 model 107 stepping 2, cmov, cx8, fxsr, mmx, sse, sse2, sse3, mmxext, 3dnowpref, tsc

/proc/cpuinfo:
processor	: 0
vendor_id	: AuthenticAMD
cpu family	: 15
model		: 107
model name	: AMD Athlon(tm) 64 X2 Dual Core Processor 5000+
stepping	: 2
cpu MHz		: 2613.167
cache size	: 512 KB
physical id	: 0
siblings	: 2
core id		: 0
cpu cores	: 2
apicid		: 0
initial apicid	: 0
fpu		: yes
fpu_exception	: yes
cpuid level	: 1
wp		: yes
flags		: fpu vme de pse tsc msr pae mce cx8 apic sep mtrr pge mca cmov pat pse36 clflush mmx fxsr sse sse2 ht syscall nx mmxext fxsr_opt rdtscp lm 3dnowext 3dnow rep_good nopl pni cx16 lahf_lm cmp_legacy svm extapic cr8_legacy 3dnowprefetch lbrv
bogomips	: 5226.33
TLB size	: 1024 4K pages
clflush size	: 64
cache_alignment	: 64
address sizes	: 40 bits physical, 48 bits virtual
power management: ts fid vid ttp tm stc 100mhzsteps

processor	: 1
vendor_id	: AuthenticAMD
cpu family	: 15
model		: 107
model name	: AMD Athlon(tm) 64 X2 Dual Core Processor 5000+
stepping	: 2
cpu MHz		: 2613.167
cache size	: 512 KB
physical id	: 0
siblings	: 2
core id		: 1
cpu cores	: 2
apicid		: 1
initial apicid	: 1
fpu		: yes
fpu_exception	: yes
cpuid level	: 1
wp		: yes
flags		: fpu vme de pse tsc msr pae mce cx8 apic sep mtrr pge mca cmov pat pse36 clflush mmx fxsr sse sse2 ht syscall nx mmxext fxsr_opt rdtscp lm 3dnowext 3dnow rep_good nopl pni cx16 lahf_lm cmp_legacy svm extapic cr8_legacy 3dnowprefetch lbrv
bogomips	: 5226.80
TLB size	: 1024 4K pages
clflush size	: 64
cache_alignment	: 64
address sizes	: 40 bits physical, 48 bits virtual
power management: ts fid vid ttp tm stc 100mhzsteps



Memory: 4k page, physical 4049168k(514980k free), swap 975868k(975868k free)

vm_info: Java HotSpot(TM) 64-Bit Server VM (23.21-b01) for linux-amd64 JRE (1.7.0_21-b11), built on Apr  4 2013 04:03:29 by "java_re" with gcc 4.3.0 20080428 (Red Hat 4.3.0-8)

time: Thu Jul 11 03:39:38 2013
elapsed time: 10 seconds

