#
# A fatal error has been detected by the Java Runtime Environment:
#
#  SIGSEGV (0xb) at pc=0x00007f0346aeebf5, pid=13440, tid=139651757750016
#
# JRE version: 7.0_21-b11
# Java VM: Java HotSpot(TM) 64-Bit Server VM (23.21-b01 mixed mode linux-amd64 compressed oops)
# Problematic frame:
# V  [libjvm.so+0x676bf5]  PhaseIdealLoop::get_ctrl(Node*)+0x35
#
# Failed to write core dump. Core dumps have been disabled. To enable core dumping, try "ulimit -c unlimited" before starting Java again
#
# If you would like to submit a bug report, please visit:
#   http://bugreport.sun.com/bugreport/crash.jsp
#

---------------  T H R E A D  ---------------

Current thread (0x00007f03400e7800):  JavaThread "C2 CompilerThread0" daemon [_thread_in_native, id=13453, stack(0x00007f033559b000,0x00007f033569c000)]

siginfo:si_signo=SIGSEGV: si_errno=0, si_code=1 (SEGV_MAPERR), si_addr=0x0000000000000008

Registers:
RAX=0x00007f0320d15ac8, RBX=0x0000000000000000, RCX=0x0000000000000800, RDX=0x00007f032024dd80
RSP=0x00007f0335696ea0, RBP=0x00007f0335696ec0, RSI=0x000000004669be40, RDI=0x00007f0335698710
R8 =0x000000000000000a, R9 =0x00007f0335698730, R10=0x00007f0320426e18, R11=0x00007f0346d08630
R12=0x00007f0335698710, R13=0x000000004669be40, R14=0x00007f0320251d80, R15=0x00007f0335697270
RIP=0x00007f0346aeebf5, EFLAGS=0x0000000000010202, CSGSFS=0x0001000000000033, ERR=0x0000000000000004
  TRAPNO=0x000000000000000e

Top of Stack: (sp=0x00007f0335696ea0)
0x00007f0335696ea0:   00007f0335696f00 00007f03205f8120
0x00007f0335696eb0:   00007f0335698710 00007f0320d1da78
0x00007f0335696ec0:   00007f0335696fa0 00007f0346b07a7b
0x00007f0335696ed0:   00000078000005b1 0000000000000000
0x00007f0335696ee0:   00007f0320426c60 00007f0320251d80
0x00007f0335696ef0:   00007f0320251d80 00007f0320608c40
0x00007f0335696f00:   0000000000000000 00007f03149641e0
0x00007f0335696f10:   000000000000030a 00007f0335698710
0x00007f0335696f20:   00007f0335697250 00007f0320608f80
0x00007f0335696f30:   00007f0335696fd0 00007f0346b10e37
0x00007f0335696f40:   00007f0335696fa0 000000b246b0a625
0x00007f0335696f50:   00007f0320d17770 00007f0320608c40
0x00007f0335696f60:   00007f03149641e0 00007f0320426c60
0x00007f0335696f70:   0000000000000000 00000000000000b2
0x00007f0335696f80:   00007f0320d1da78 00007f0335698710
0x00007f0335696f90:   00007f0335697250 00007f0335697270
0x00007f0335696fa0:   00007f0335696fd0 00007f0346b0bf03
0x00007f0335696fb0:   0000000000000006 00007f0320426c60
0x00007f0335696fc0:   00007f0320d1da78 00007f0335697250
0x00007f0335696fd0:   00007f0335697010 00007f0346b11ad6
0x00007f0335696fe0:   00007f0335698710 0000000000000000
0x00007f0335696ff0:   00007f0347144525 00007f0335698710
0x00007f0335697000:   00007f0320251d80 00007f0335697250
0x00007f0335697010:   00007f03356972c0 00007f0346b07377
0x00007f0335697020:   00007f0314965ed0 00007f0335697270
0x00007f0335697030:   00007f0335697230 01007f0346ce9ead
0x00007f0335697040:   00007f0335698730 00000002468cbcc8
0x00007f0335697050:   00007f03204b4ee0 00007f03204b8f30
0x00007f0335697060:   00007f03204bcec8 00007f03400e8070
0x00007f0335697070:   00007f03400e8070 0000000000000004
0x00007f0335697080:   00007f0320061740 00007f0300000000
0x00007f0335697090:   00007f03471514a0 0000000000000000 

Instructions: (pc=0x00007f0346aeebf5)
0x00007f0346aeebd5:   20 8b 76 28 8b 4f 28 49 89 fc 41 89 f5 39 ce 73
0x00007f0346aeebe5:   0f 48 8b 47 30 41 89 f5 4a 8b 1c e8 48 83 e3 fe
0x00007f0346aeebf5:   48 8b 43 08 48 83 38 00 74 31 39 ce 72 0a 49 8d
0x00007f0346aeec05:   7c 24 20 e8 93 5b 0a 00 49 8b 54 24 30 48 8d 43 

Register to memory mapping:

RAX=0x00007f0320d15ac8 is an unknown value
RBX=0x0000000000000000 is an unknown value
RCX=0x0000000000000800 is an unknown value
RDX=0x00007f032024dd80 is an unknown value
RSP=0x00007f0335696ea0 is pointing into the stack for thread: 0x00007f03400e7800
RBP=0x00007f0335696ec0 is pointing into the stack for thread: 0x00007f03400e7800
RSI=0x000000004669be40 is an unknown value
RDI=0x00007f0335698710 is pointing into the stack for thread: 0x00007f03400e7800
R8 =0x000000000000000a is an unknown value
R9 =0x00007f0335698730 is pointing into the stack for thread: 0x00007f03400e7800
R10=0x00007f0320426e18 is an unknown value
R11=0x00007f0346d08630: <offset 0x890630> in /usr/lib/jvm/jdk1.7.0_21/jre/lib/amd64/server/libjvm.so at 0x00007f0346478000
R12=0x00007f0335698710 is pointing into the stack for thread: 0x00007f03400e7800
R13=0x000000004669be40 is an unknown value
R14=0x00007f0320251d80 is an unknown value
R15=0x00007f0335697270 is pointing into the stack for thread: 0x00007f03400e7800


Stack: [0x00007f033559b000,0x00007f033569c000],  sp=0x00007f0335696ea0,  free space=1007k
Native frames: (J=compiled Java code, j=interpreted, Vv=VM code, C=native code)
V  [libjvm.so+0x676bf5]  PhaseIdealLoop::get_ctrl(Node*)+0x35
V  [libjvm.so+0x68fa7b]  PhaseIdealLoop::remix_address_expressions(Node*)+0xab
V  [libjvm.so+0x693f03]  PhaseIdealLoop::split_if_with_blocks_pre(Node*)+0xe3
V  [libjvm.so+0x699ad6]  PhaseIdealLoop::split_if_with_blocks(VectorSet&, Node_Stack&)+0xc6
V  [libjvm.so+0x68f377]  PhaseIdealLoop::build_and_optimize(bool, bool)+0xea7
V  [libjvm.so+0x3bc402]  Compile::Optimize()+0xbf2
V  [libjvm.so+0x3bd34c]  Compile::Compile(ciEnv*, C2Compiler*, ciMethod*, int, bool, bool)+0xdbc
V  [libjvm.so+0x32f082]  C2Compiler::compile_method(ciEnv*, ciMethod*, int)+0x142
V  [libjvm.so+0x3c22e3]  CompileBroker::invoke_compiler_on_method(CompileTask*)+0x323
V  [libjvm.so+0x3c344d]  CompileBroker::compiler_thread_loop()+0x43d
V  [libjvm.so+0x867578]  JavaThread::thread_main_inner()+0xc8
V  [libjvm.so+0x8676c8]  JavaThread::run()+0x138
V  [libjvm.so+0x749010]  java_start(Thread*)+0x100


Current CompileTask:
C2:  10776  544             org.apache.maven.model.merge.ModelMerger::mergePlugin_Version (41 bytes)


---------------  P R O C E S S  ---------------

Java Threads: ( => current thread )
  0x00007f0340990000 JavaThread "resolver-5" daemon [_thread_blocked, id=13482, stack(0x00007f0334c6f000,0x00007f0334d70000)]
  0x00007f0340814000 JavaThread "resolver-4" daemon [_thread_blocked, id=13465, stack(0x00007f0334d70000,0x00007f0334e71000)]
  0x00007f03407e2800 JavaThread "resolver-3" daemon [_thread_blocked, id=13464, stack(0x00007f0334e71000,0x00007f0334f72000)]
  0x00007f0340801800 JavaThread "resolver-2" daemon [_thread_blocked, id=13463, stack(0x00007f0334f72000,0x00007f0335073000)]
  0x00007f03407de800 JavaThread "resolver-1" daemon [_thread_blocked, id=13462, stack(0x00007f0335073000,0x00007f0335174000)]
  0x00007f034064b800 JavaThread "process reaper" daemon [_thread_blocked, id=13458, stack(0x00007f033c05a000,0x00007f033c082000)]
  0x00007f03400ec800 JavaThread "Service Thread" daemon [_thread_blocked, id=13455, stack(0x00007f033c1f2000,0x00007f033c2f3000)]
  0x00007f03400ea800 JavaThread "C2 CompilerThread1" daemon [_thread_in_native, id=13454, stack(0x00007f033c2f3000,0x00007f033c3f4000)]
=>0x00007f03400e7800 JavaThread "C2 CompilerThread0" daemon [_thread_in_native, id=13453, stack(0x00007f033559b000,0x00007f033569c000)]
  0x00007f03400e5800 JavaThread "Signal Dispatcher" daemon [_thread_blocked, id=13452, stack(0x00007f033569c000,0x00007f033579d000)]
  0x00007f0340098000 JavaThread "Finalizer" daemon [_thread_blocked, id=13451, stack(0x00007f033c3f4000,0x00007f033c4f5000)]
  0x00007f0340095800 JavaThread "Reference Handler" daemon [_thread_blocked, id=13450, stack(0x00007f033c4f5000,0x00007f033c5f6000)]
  0x00007f0340009000 JavaThread "main" [_thread_in_Java, id=13446, stack(0x00007f0347c9b000,0x00007f0347d9c000)]

Other Threads:
  0x00007f034008e000 VMThread [stack: 0x00007f033c5f6000,0x00007f033c6f7000] [id=13449]
  0x00007f03400f7800 WatcherThread [stack: 0x00007f033c0f1000,0x00007f033c1f2000] [id=13456]

VM state:not at safepoint (normal execution)

VM Mutex/Monitor currently owned by a thread: None

Heap
 PSYoungGen      total 134464K, used 122829K [0x00000000eb600000, 0x00000000f41e0000, 0x0000000100000000)
  eden space 126272K, 92% used [0x00000000eb600000,0x00000000f2827a18,0x00000000f3150000)
  from space 8192K, 72% used [0x00000000f3980000,0x00000000f3f4bda8,0x00000000f4180000)
  to   space 8384K, 0% used [0x00000000f3150000,0x00000000f3150000,0x00000000f3980000)
 ParOldGen       total 42240K, used 10344K [0x00000000c2200000, 0x00000000c4b40000, 0x00000000eb600000)
  object space 42240K, 24% used [0x00000000c2200000,0x00000000c2c1a320,0x00000000c4b40000)
 PSPermGen       total 21248K, used 16994K [0x00000000bd000000, 0x00000000be4c0000, 0x00000000c2200000)
  object space 21248K, 79% used [0x00000000bd000000,0x00000000be098a18,0x00000000be4c0000)

Card table byte_map: [0x00007f0344ecb000,0x00007f03450e4000] byte_map_base: 0x00007f03448e3000

Polling page: 0x00007f0347db6000

Code Cache  [0x00007f033d000000, 0x00007f033d270000, 0x00007f0340000000)
 total_blobs=796 nmethods=516 adapters=231 free_code_cache=47200Kb largest_free_block=48283072

Compilation events (10 events):
Event: 10,646 Thread 0x00007f03400e7800 nmethod 539 0x00007f033d1c7c10 code [0x00007f033d1c7d40, 0x00007f033d1c7d98]
Event: 10,646 Thread 0x00007f03400e7800  540             org.sonatype.guice.plexus.locators.DefaultPlexusBeans$Itr::hasNext (10 bytes)
Event: 10,647 Thread 0x00007f03400e7800 nmethod 540 0x00007f033d1ea610 code [0x00007f033d1ea760, 0x00007f033d1ea808]
Event: 10,647 Thread 0x00007f03400e7800  541             org.apache.maven.model.merge.ModelMerger::mergeConfigurationContainer (19 bytes)
Event: 10,652 Thread 0x00007f03400e7800 nmethod 541 0x00007f033d0d6f10 code [0x00007f033d0d70c0, 0x00007f033d0d73a0]
Event: 10,652 Thread 0x00007f03400e7800  542             org.apache.maven.model.merge.ModelMerger::mergePlugin_GroupId (41 bytes)
Event: 10,675 Thread 0x00007f03400e7800 nmethod 542 0x00007f033d0d2b50 code [0x00007f033d0d2d20, 0x00007f033d0d31f0]
Event: 10,675 Thread 0x00007f03400e7800  543             org.apache.maven.model.merge.ModelMerger::mergePlugin_ArtifactId (41 bytes)
Event: 10,701 Thread 0x00007f03400e7800 nmethod 543 0x00007f033d1eb450 code [0x00007f033d1eb620, 0x00007f033d1ebb30]
Event: 10,701 Thread 0x00007f03400e7800  544             org.apache.maven.model.merge.ModelMerger::mergePlugin_Version (41 bytes)

GC Heap History (10 events):
Event: 1,430 GC heap before
{Heap before GC invocations=2 (full 0):
 PSYoungGen      total 18432K, used 18415K [0x00000000eb600000, 0x00000000eda00000, 0x0000000100000000)
  eden space 15808K, 100% used [0x00000000eb600000,0x00000000ec570000,0x00000000ec570000)
  from space 2624K, 99% used [0x00000000ec570000,0x00000000ec7fbfe0,0x00000000ec800000)
  to   space 2624K, 0% used [0x00000000ed770000,0x00000000ed770000,0x00000000eda00000)
 ParOldGen       total 42240K, used 183K [0x00000000c2200000, 0x00000000c4b40000, 0x00000000eb600000)
  object space 42240K, 0% used [0x00000000c2200000,0x00000000c222de90,0x00000000c4b40000)
 PSPermGen       total 21248K, used 7029K [0x00000000bd000000, 0x00000000be4c0000, 0x00000000c2200000)
  object space 21248K, 33% used [0x00000000bd000000,0x00000000bd6dd448,0x00000000be4c0000)
Event: 1,444 GC heap after
Heap after GC invocations=2 (full 0):
 PSYoungGen      total 34240K, used 2133K [0x00000000eb600000, 0x00000000eda00000, 0x0000000100000000)
  eden space 31616K, 0% used [0x00000000eb600000,0x00000000eb600000,0x00000000ed4e0000)
  from space 2624K, 81% used [0x00000000ed770000,0x00000000ed9857c0,0x00000000eda00000)
  to   space 2624K, 0% used [0x00000000ed4e0000,0x00000000ed4e0000,0x00000000ed770000)
 ParOldGen       total 42240K, used 191K [0x00000000c2200000, 0x00000000c4b40000, 0x00000000eb600000)
  object space 42240K, 0% used [0x00000000c2200000,0x00000000c222fe90,0x00000000c4b40000)
 PSPermGen       total 21248K, used 7029K [0x00000000bd000000, 0x00000000be4c0000, 0x00000000c2200000)
  object space 21248K, 33% used [0x00000000bd000000,0x00000000bd6dd448,0x00000000be4c0000)
}
Event: 2,819 GC heap before
{Heap before GC invocations=3 (full 0):
 PSYoungGen      total 34240K, used 33749K [0x00000000eb600000, 0x00000000eda00000, 0x0000000100000000)
  eden space 31616K, 100% used [0x00000000eb600000,0x00000000ed4e0000,0x00000000ed4e0000)
  from space 2624K, 81% used [0x00000000ed770000,0x00000000ed9857c0,0x00000000eda00000)
  to   space 2624K, 0% used [0x00000000ed4e0000,0x00000000ed4e0000,0x00000000ed770000)
 ParOldGen       total 42240K, used 191K [0x00000000c2200000, 0x00000000c4b40000, 0x00000000eb600000)
  object space 42240K, 0% used [0x00000000c2200000,0x00000000c222fe90,0x00000000c4b40000)
 PSPermGen       total 21248K, used 11201K [0x00000000bd000000, 0x00000000be4c0000, 0x00000000c2200000)
  object space 21248K, 52% used [0x00000000bd000000,0x00000000bdaf0738,0x00000000be4c0000)
Event: 2,833 GC heap after
Heap after GC invocations=3 (full 0):
 PSYoungGen      total 34240K, used 2608K [0x00000000eb600000, 0x00000000ef8e0000, 0x0000000100000000)
  eden space 31616K, 0% used [0x00000000eb600000,0x00000000eb600000,0x00000000ed4e0000)
  from space 2624K, 99% used [0x00000000ed4e0000,0x00000000ed76c010,0x00000000ed770000)
  to   space 2624K, 0% used [0x00000000ef650000,0x00000000ef650000,0x00000000ef8e0000)
 ParOldGen       total 42240K, used 3327K [0x00000000c2200000, 0x00000000c4b40000, 0x00000000eb600000)
  object space 42240K, 7% used [0x00000000c2200000,0x00000000c253fc38,0x00000000c4b40000)
 PSPermGen       total 21248K, used 11201K [0x00000000bd000000, 0x00000000be4c0000, 0x00000000c2200000)
  object space 21248K, 52% used [0x00000000bd000000,0x00000000bdaf0738,0x00000000be4c0000)
}
Event: 4,669 GC heap before
{Heap before GC invocations=4 (full 0):
 PSYoungGen      total 34240K, used 34224K [0x00000000eb600000, 0x00000000ef8e0000, 0x0000000100000000)
  eden space 31616K, 100% used [0x00000000eb600000,0x00000000ed4e0000,0x00000000ed4e0000)
  from space 2624K, 99% used [0x00000000ed4e0000,0x00000000ed76c010,0x00000000ed770000)
  to   space 2624K, 0% used [0x00000000ef650000,0x00000000ef650000,0x00000000ef8e0000)
 ParOldGen       total 42240K, used 3327K [0x00000000c2200000, 0x00000000c4b40000, 0x00000000eb600000)
  object space 42240K, 7% used [0x00000000c2200000,0x00000000c253fc38,0x00000000c4b40000)
 PSPermGen       total 21248K, used 13188K [0x00000000bd000000, 0x00000000be4c0000, 0x00000000c2200000)
  object space 21248K, 62% used [0x00000000bd000000,0x00000000bdce1230,0x00000000be4c0000)
Event: 4,689 GC heap after
Heap after GC invocations=4 (full 0):
 PSYoungGen      total 65856K, used 2624K [0x00000000eb600000, 0x00000000ef8e0000, 0x0000000100000000)
  eden space 63232K, 0% used [0x00000000eb600000,0x00000000eb600000,0x00000000ef3c0000)
  from space 2624K, 100% used [0x00000000ef650000,0x00000000ef8e0000,0x00000000ef8e0000)
  to   space 2624K, 0% used [0x00000000ef3c0000,0x00000000ef3c0000,0x00000000ef650000)
 ParOldGen       total 42240K, used 6996K [0x00000000c2200000, 0x00000000c4b40000, 0x00000000eb600000)
  object space 42240K, 16% used [0x00000000c2200000,0x00000000c28d5130,0x00000000c4b40000)
 PSPermGen       total 21248K, used 13188K [0x00000000bd000000, 0x00000000be4c0000, 0x00000000c2200000)
  object space 21248K, 62% used [0x00000000bd000000,0x00000000bdce1230,0x00000000be4c0000)
}
Event: 6,486 GC heap before
{Heap before GC invocations=5 (full 0):
 PSYoungGen      total 65856K, used 65856K [0x00000000eb600000, 0x00000000ef8e0000, 0x0000000100000000)
  eden space 63232K, 100% used [0x00000000eb600000,0x00000000ef3c0000,0x00000000ef3c0000)
  from space 2624K, 100% used [0x00000000ef650000,0x00000000ef8e0000,0x00000000ef8e0000)
  to   space 2624K, 0% used [0x00000000ef3c0000,0x00000000ef3c0000,0x00000000ef650000)
 ParOldGen       total 42240K, used 6996K [0x00000000c2200000, 0x00000000c4b40000, 0x00000000eb600000)
  object space 42240K, 16% used [0x00000000c2200000,0x00000000c28d5130,0x00000000c4b40000)
 PSPermGen       total 21248K, used 13938K [0x00000000bd000000, 0x00000000be4c0000, 0x00000000c2200000)
  object space 21248K, 65% used [0x00000000bd000000,0x00000000bdd9caf8,0x00000000be4c0000)
Event: 6,507 GC heap after
Heap after GC invocations=5 (full 0):
 PSYoungGen      total 65856K, used 2592K [0x00000000eb600000, 0x00000000f4180000, 0x0000000100000000)
  eden space 63232K, 0% used [0x00000000eb600000,0x00000000eb600000,0x00000000ef3c0000)
  from space 2624K, 98% used [0x00000000ef3c0000,0x00000000ef648020,0x00000000ef650000)
  to   space 8192K, 0% used [0x00000000f3980000,0x00000000f3980000,0x00000000f4180000)
 ParOldGen       total 42240K, used 10344K [0x00000000c2200000, 0x00000000c4b40000, 0x00000000eb600000)
  object space 42240K, 24% used [0x00000000c2200000,0x00000000c2c1a320,0x00000000c4b40000)
 PSPermGen       total 21248K, used 13938K [0x00000000bd000000, 0x00000000be4c0000, 0x00000000c2200000)
  object space 21248K, 65% used [0x00000000bd000000,0x00000000bdd9caf8,0x00000000be4c0000)
}
Event: 8,606 GC heap before
{Heap before GC invocations=6 (full 0):
 PSYoungGen      total 65856K, used 65824K [0x00000000eb600000, 0x00000000f4180000, 0x0000000100000000)
  eden space 63232K, 100% used [0x00000000eb600000,0x00000000ef3c0000,0x00000000ef3c0000)
  from space 2624K, 98% used [0x00000000ef3c0000,0x00000000ef648020,0x00000000ef650000)
  to   space 8192K, 0% used [0x00000000f3980000,0x00000000f3980000,0x00000000f4180000)
 ParOldGen       total 42240K, used 10344K [0x00000000c2200000, 0x00000000c4b40000, 0x00000000eb600000)
  object space 42240K, 24% used [0x00000000c2200000,0x00000000c2c1a320,0x00000000c4b40000)
 PSPermGen       total 21248K, used 15946K [0x00000000bd000000, 0x00000000be4c0000, 0x00000000c2200000)
  object space 21248K, 75% used [0x00000000bd000000,0x00000000bdf92a88,0x00000000be4c0000)
Event: 8,625 GC heap after
Heap after GC invocations=6 (full 0):
 PSYoungGen      total 134464K, used 5935K [0x00000000eb600000, 0x00000000f41e0000, 0x0000000100000000)
  eden space 126272K, 0% used [0x00000000eb600000,0x00000000eb600000,0x00000000f3150000)
  from space 8192K, 72% used [0x00000000f3980000,0x00000000f3f4bda8,0x00000000f4180000)
  to   space 8384K, 0% used [0x00000000f3150000,0x00000000f3150000,0x00000000f3980000)
 ParOldGen       total 42240K, used 10344K [0x00000000c2200000, 0x00000000c4b40000, 0x00000000eb600000)
  object space 42240K, 24% used [0x00000000c2200000,0x00000000c2c1a320,0x00000000c4b40000)
 PSPermGen       total 21248K, used 15946K [0x00000000bd000000, 0x00000000be4c0000, 0x00000000c2200000)
  object space 21248K, 75% used [0x00000000bd000000,0x00000000bdf92a88,0x00000000be4c0000)
}

Deoptimization events (10 events):
Event: 8,762 Thread 0x00007f0340009000 Uncommon trap -34 fr.pc 0x00007f033d10cf74
Event: 8,776 Thread 0x00007f0340009000 Uncommon trap -83 fr.pc 0x00007f033d13a770
Event: 8,778 Thread 0x00007f0340009000 Uncommon trap -12 fr.pc 0x00007f033d149634
Event: 8,883 Thread 0x00007f0340009000 Uncommon trap -34 fr.pc 0x00007f033d08207c
Event: 9,416 Thread 0x00007f0340009000 Uncommon trap -83 fr.pc 0x00007f033d0766bc
Event: 9,416 Thread 0x00007f0340009000 Uncommon trap -58 fr.pc 0x00007f033d0ed29c
Event: 9,416 Thread 0x00007f0340009000 Uncommon trap -58 fr.pc 0x00007f033d0ed29c
Event: 9,416 Thread 0x00007f0340009000 Uncommon trap -34 fr.pc 0x00007f033d08207c
Event: 9,448 Thread 0x00007f0340009000 Uncommon trap -34 fr.pc 0x00007f033d08207c
Event: 10,132 Thread 0x00007f0340009000 Uncommon trap -83 fr.pc 0x00007f033d073808

Internal exceptions (10 events):
Event: 9,671 Thread 0x00007f0340009000 Threw 0x00000000edbab9a0 at /HUDSON/workspace/jdk7u21-2-build-linux-amd64-product/jdk7u21/hotspot/src/share/vm/prims/jvm.cpp:1166
Event: 9,675 Thread 0x00007f0340009000 Threw 0x00000000edbc5028 at /HUDSON/workspace/jdk7u21-2-build-linux-amd64-product/jdk7u21/hotspot/src/share/vm/prims/jvm.cpp:1166
Event: 9,754 Thread 0x00007f0340009000 Threw 0x00000000edc2e2e8 at /HUDSON/workspace/jdk7u21-2-build-linux-amd64-product/jdk7u21/hotspot/src/share/vm/prims/jvm.cpp:1166
Event: 9,754 Thread 0x00007f0340009000 Threw 0x00000000edc31bc8 at /HUDSON/workspace/jdk7u21-2-build-linux-amd64-product/jdk7u21/hotspot/src/share/vm/prims/jvm.cpp:1166
Event: 9,756 Thread 0x00007f0340009000 Threw 0x00000000edc38bd8 at /HUDSON/workspace/jdk7u21-2-build-linux-amd64-product/jdk7u21/hotspot/src/share/vm/prims/jvm.cpp:1166
Event: 9,756 Thread 0x00007f0340009000 Threw 0x00000000edc3f0e0 at /HUDSON/workspace/jdk7u21-2-build-linux-amd64-product/jdk7u21/hotspot/src/share/vm/prims/jvm.cpp:1166
Event: 9,868 Thread 0x00007f0340009000 Threw 0x00000000ee4afb60 at /HUDSON/workspace/jdk7u21-2-build-linux-amd64-product/jdk7u21/hotspot/src/share/vm/prims/jvm.cpp:1166
Event: 9,868 Thread 0x00007f0340009000 Threw 0x00000000ee4b0310 at /HUDSON/workspace/jdk7u21-2-build-linux-amd64-product/jdk7u21/hotspot/src/share/vm/prims/jvm.cpp:1166
Event: 10,460 Thread 0x00007f0340009000 Threw 0x00000000f1061048 at /HUDSON/workspace/jdk7u21-2-build-linux-amd64-product/jdk7u21/hotspot/src/share/vm/prims/jvm.cpp:1166
Event: 10,461 Thread 0x00007f0340009000 Threw 0x00000000f1061788 at /HUDSON/workspace/jdk7u21-2-build-linux-amd64-product/jdk7u21/hotspot/src/share/vm/prims/jvm.cpp:1166

Events (10 events):
Event: 10,060 Thread 0x00007f03400e7800 flushing nmethod 0x00007f033d0f1250
Event: 10,091 Thread 0x00007f03400e7800 flushing nmethod 0x00007f033d139690
Event: 10,091 Thread 0x00007f03400e7800 flushing nmethod 0x00007f033d13e1d0
Event: 10,092 Thread 0x00007f03400e7800 flushing nmethod 0x00007f033d14b210
Event: 10,102 loading class 0x00007f03400a0be0
Event: 10,102 loading class 0x00007f03400a0be0 done
Event: 10,132 Thread 0x00007f0340009000 DEOPT PACKING pc=0x00007f033d073808 sp=0x00007f0347d98950
Event: 10,132 Thread 0x00007f0340009000 DEOPT UNPACKING pc=0x00007f033d039145 sp=0x00007f0347d98918 mode 2
Event: 10,460 loading class 0x00007f0340603e80
Event: 10,460 loading class 0x00007f0340603e80 done


Dynamic libraries:
00400000-00401000 r-xp 00000000 08:13 3163569                            /usr/lib/jvm/jdk1.7.0_21/bin/java
00600000-00601000 rw-p 00000000 08:13 3163569                            /usr/lib/jvm/jdk1.7.0_21/bin/java
00a1a000-00a3b000 rw-p 00000000 00:00 0                                  [heap]
bd000000-be4c0000 rw-p 00000000 00:00 0 
be4c0000-c2200000 rw-p 00000000 00:00 0 
c2200000-c4b40000 rw-p 00000000 00:00 0 
c4b40000-eb600000 rw-p 00000000 00:00 0 
eb600000-f41e0000 rw-p 00000000 00:00 0 
f41e0000-100000000 rw-p 00000000 00:00 0 
7f02fc000000-7f02fc021000 rw-p 00000000 00:00 0 
7f02fc021000-7f0300000000 ---p 00000000 00:00 0 
7f0304000000-7f0304021000 rw-p 00000000 00:00 0 
7f0304021000-7f0308000000 ---p 00000000 00:00 0 
7f0308000000-7f0308021000 rw-p 00000000 00:00 0 
7f0308021000-7f030c000000 ---p 00000000 00:00 0 
7f030c000000-7f030c021000 rw-p 00000000 00:00 0 
7f030c021000-7f0310000000 ---p 00000000 00:00 0 
7f0310000000-7f0310021000 rw-p 00000000 00:00 0 
7f0310021000-7f0314000000 ---p 00000000 00:00 0 
7f0314000000-7f0314dca000 rw-p 00000000 00:00 0 
7f0314dca000-7f0318000000 ---p 00000000 00:00 0 
7f0318000000-7f0318021000 rw-p 00000000 00:00 0 
7f0318021000-7f031c000000 ---p 00000000 00:00 0 
7f031c000000-7f031c021000 rw-p 00000000 00:00 0 
7f031c021000-7f0320000000 ---p 00000000 00:00 0 
7f0320000000-7f03212cf000 rw-p 00000000 00:00 0 
7f03212cf000-7f0324000000 ---p 00000000 00:00 0 
7f0324000000-7f0324021000 rw-p 00000000 00:00 0 
7f0324021000-7f0328000000 ---p 00000000 00:00 0 
7f0328000000-7f0328021000 rw-p 00000000 00:00 0 
7f0328021000-7f032c000000 ---p 00000000 00:00 0 
7f032c000000-7f032c021000 rw-p 00000000 00:00 0 
7f032c021000-7f0330000000 ---p 00000000 00:00 0 
7f0330000000-7f0330021000 rw-p 00000000 00:00 0 
7f0330021000-7f0334000000 ---p 00000000 00:00 0 
7f0334928000-7f033492d000 r--s 0002a000 08:13 3028769                    /home/luis/.m2/repository/commons-beanutils/commons-beanutils/1.7.0/commons-beanutils-1.7.0.jar
7f033492d000-7f0334930000 r--s 00014000 08:13 3028768                    /home/luis/.m2/repository/commons-validator/commons-validator/1.2.0/commons-validator-1.2.0.jar
7f0334930000-7f0334932000 r--s 00006000 08:13 3028767                    /home/luis/.m2/repository/commons-codec/commons-codec/1.2/commons-codec-1.2.jar
7f0334932000-7f0334938000 r--s 00045000 08:13 3028766                    /home/luis/.m2/repository/commons-httpclient/commons-httpclient/3.1/commons-httpclient-3.1.jar
7f0334938000-7f033493c000 r--s 00023000 08:13 2892702                    /home/luis/.m2/repository/org/apache/maven/doxia/doxia-core/1.1.2/doxia-core-1.1.2.jar
7f033493c000-7f033493e000 r--s 00003000 08:13 2892701                    /home/luis/.m2/repository/org/apache/maven/reporting/maven-reporting-impl/2.1/maven-reporting-impl-2.1.jar
7f033493e000-7f033493f000 r--s 00002000 08:13 2892700                    /home/luis/.m2/repository/org/apache/maven/reporting/maven-reporting-api/3.0/maven-reporting-api-3.0.jar
7f033493f000-7f0334943000 r--s 0002a000 08:13 2892026                    /home/luis/.m2/repository/org/codehaus/mojo/gwt-maven-plugin/2.5.1/gwt-maven-plugin-2.5.1.jar
7f0334943000-7f0334944000 rw-p 00000000 00:00 0 
7f0334944000-7f0334947000 r--s 0000a000 08:13 3029510                    /home/luis/.m2/repository/org/codehaus/plexus/plexus-io/1.0/plexus-io-1.0.jar
7f0334947000-7f033494b000 r--s 00028000 08:13 3029509                    /home/luis/.m2/repository/org/codehaus/plexus/plexus-archiver/1.0/plexus-archiver-1.0.jar
7f033494b000-7f033494d000 r--s 00007000 08:13 3029508                    /home/luis/.m2/repository/org/apache/maven/shared/maven-filtering/1.0-beta-2/maven-filtering-1.0-beta-2.jar
7f033494d000-7f033494e000 r--s 00004000 08:13 2891952                    /home/luis/.m2/repository/org/apache/maven/plugins/maven-ejb-plugin/2.3/maven-ejb-plugin-2.3.jar
7f033494e000-7f0334951000 ---p 00000000 00:00 0 
7f0334951000-7f0334a4f000 rw-p 00000000 00:00 0 
7f0334a4f000-7f0334a53000 r--s 00034000 08:13 3029469                    /home/luis/.m2/repository/org/codehaus/plexus/plexus-utils/3.0.1/plexus-utils-3.0.1.jar
7f0334a53000-7f0334a56000 r--s 0000c000 08:13 3029468                    /home/luis/.m2/repository/org/codehaus/plexus/plexus-io/2.0.4/plexus-io-2.0.4.jar
7f0334a56000-7f0334a5b000 r--s 00029000 08:13 3029467                    /home/luis/.m2/repository/org/codehaus/plexus/plexus-archiver/2.1.2/plexus-archiver-2.1.2.jar
7f0334a5b000-7f0334a5c000 r--s 00004000 08:13 3028793                    /home/luis/.m2/repository/org/apache/maven/maven-archiver/2.4.1/maven-archiver-2.4.1.jar
7f0334a5c000-7f0334a5e000 r--s 00006000 08:13 2891356                    /home/luis/.m2/repository/org/apache/maven/plugins/maven-source-plugin/2.2/maven-source-plugin-2.2.jar
7f0334a5e000-7f0334a62000 r--s 00034000 08:13 3029439                    /home/luis/.m2/repository/org/codehaus/plexus/plexus-utils/3.0/plexus-utils-3.0.jar
7f0334a62000-7f0334a66000 r--s 0002f000 08:13 3029438                    /home/luis/.m2/repository/commons-lang/commons-lang/2.1/commons-lang-2.1.jar
7f0334a66000-7f0334a69000 r--s 0000c000 08:13 3029437                    /home/luis/.m2/repository/org/codehaus/plexus/plexus-io/2.0.1/plexus-io-2.0.1.jar
7f0334a69000-7f0334a6d000 r--s 00028000 08:13 3029436                    /home/luis/.m2/repository/org/codehaus/plexus/plexus-archiver/2.0.1/plexus-archiver-2.0.1.jar
7f0334a6d000-7f0334a70000 ---p 00000000 00:00 0 
7f0334a70000-7f0334b6e000 rw-p 00000000 00:00 0 
7f0334b6e000-7f0334b71000 ---p 00000000 00:00 0 
7f0334b71000-7f0334c6f000 rw-p 00000000 00:00 0 
7f0334c6f000-7f0334c72000 ---p 00000000 00:00 0 
7f0334c72000-7f0334d70000 rw-p 00000000 00:00 0 
7f0334d70000-7f0334d73000 ---p 00000000 00:00 0 
7f0334d73000-7f0334e71000 rw-p 00000000 00:00 0 
7f0334e71000-7f0334e74000 ---p 00000000 00:00 0 
7f0334e74000-7f0334f72000 rw-p 00000000 00:00 0 
7f0334f72000-7f0334f75000 ---p 00000000 00:00 0 
7f0334f75000-7f0335073000 rw-p 00000000 00:00 0 
7f0335073000-7f0335076000 ---p 00000000 00:00 0 
7f0335076000-7f0335174000 rw-p 00000000 00:00 0 
7f0335174000-7f0335189000 r-xp 00000000 08:13 659442                     /usr/lib/jvm/jdk1.7.0_21/jre/lib/amd64/libnet.so
7f0335189000-7f0335389000 ---p 00015000 08:13 659442                     /usr/lib/jvm/jdk1.7.0_21/jre/lib/amd64/libnet.so
7f0335389000-7f033538a000 rw-p 00015000 08:13 659442                     /usr/lib/jvm/jdk1.7.0_21/jre/lib/amd64/libnet.so
7f033538a000-7f033539a000 r-xp 00000000 08:13 659437                     /usr/lib/jvm/jdk1.7.0_21/jre/lib/amd64/libnio.so
7f033539a000-7f033559a000 ---p 00010000 08:13 659437                     /usr/lib/jvm/jdk1.7.0_21/jre/lib/amd64/libnio.so
7f033559a000-7f033559b000 rw-p 00010000 08:13 659437                     /usr/lib/jvm/jdk1.7.0_21/jre/lib/amd64/libnio.so
7f033559b000-7f033559e000 ---p 00000000 00:00 0 
7f033559e000-7f033569c000 rw-p 00000000 00:00 0 
7f033569c000-7f033569f000 ---p 00000000 00:00 0 
7f033569f000-7f033579d000 rw-p 00000000 00:00 0 
7f033579d000-7f0335e80000 r--p 00000000 08:13 3158712                    /usr/lib/locale/locale-archive
7f0335e80000-7f0338000000 rw-p 00000000 00:00 0 
7f0338000000-7f0338021000 rw-p 00000000 00:00 0 
7f0338021000-7f033c000000 ---p 00000000 00:00 0 
7f033c000000-7f033c001000 r--s 00004000 08:13 3029435                    /home/luis/.m2/repository/org/apache/maven/maven-archiver/2.4.2/maven-archiver-2.4.2.jar
7f033c001000-7f033c002000 r--s 00007000 08:13 2891349                    /home/luis/.m2/repository/org/apache/maven/plugins/maven-jar-plugin/2.3.2/maven-jar-plugin-2.3.2.jar
7f033c002000-7f033c003000 r--s 00002000 08:13 3029388                    /home/luis/.m2/repository/org/apache/maven/reporting/maven-reporting-api/2.0.9/maven-reporting-api-2.0.9.jar
7f033c003000-7f033c006000 r--s 00034000 08:13 3029387                    /home/luis/.m2/repository/org/codehaus/plexus/plexus-utils/2.1/plexus-utils-2.1.jar
7f033c006000-7f033c008000 r--s 00006000 08:13 3029386                    /home/luis/.m2/repository/org/apache/maven/shared/maven-common-artifact-filters/1.3/maven-common-artifact-filters-1.3.jar
7f033c008000-7f033c00a000 r--s 0000d000 08:13 3029385                    /home/luis/.m2/repository/org/apache/maven/surefire/maven-surefire-common/2.10/maven-surefire-common-2.10.jar
7f033c00a000-7f033c00f000 r--s 00023000 08:13 3029384                    /home/luis/.m2/repository/org/apache/maven/surefire/surefire-api/2.10/surefire-api-2.10.jar
7f033c00f000-7f033c011000 r--s 00007000 08:13 3029383                    /home/luis/.m2/repository/org/apache/maven/surefire/surefire-booter/2.10/surefire-booter-2.10.jar
7f033c011000-7f033c013000 r--s 00006000 08:13 2891342                    /home/luis/.m2/repository/org/apache/maven/plugins/maven-surefire-plugin/2.10/maven-surefire-plugin-2.10.jar
7f033c013000-7f033c016000 r--s 0001b000 08:13 2891937                    /home/luis/.m2/repository/junit/junit/3.8.2/junit-3.8.2.jar
7f033c016000-7f033c024000 r--s 0008f000 08:13 2891936                    /home/luis/.m2/repository/com/google/collections/google-collections/1.0/google-collections-1.0.jar
7f033c024000-7f033c025000 r--s 0000a000 08:13 2891935                    /home/luis/.m2/repository/commons-logging/commons-logging-api/1.1/commons-logging-api-1.1.jar
7f033c025000-7f033c02c000 r--s 00051000 08:13 2891934                    /home/luis/.m2/repository/log4j/log4j/1.2.12/log4j-1.2.12.jar
7f033c02c000-7f033c030000 r--s 0001d000 08:13 2891933                    /home/luis/.m2/repository/org/apache/xbean/xbean-reflect/3.4/xbean-reflect-3.4.jar
7f033c030000-7f033c031000 r--s 00004000 08:13 2891932                    /home/luis/.m2/repository/org/codehaus/plexus/plexus-compiler-javac/2.2/plexus-compiler-javac-2.2.jar
7f033c031000-7f033c033000 r--s 00000000 08:13 2891931                    /home/luis/.m2/repository/org/codehaus/plexus/plexus-compiler-manager/2.2/plexus-compiler-manager-2.2.jar
7f033c033000-7f033c035000 r--s 00005000 08:13 2891930                    /home/luis/.m2/repository/org/codehaus/plexus/plexus-compiler-api/2.2/plexus-compiler-api-2.2.jar
7f033c035000-7f033c037000 r--s 00000000 08:13 2891929                    /home/luis/.m2/repository/org/codehaus/plexus/plexus-component-annotations/1.5.5/plexus-component-annotations-1.5.5.jar
7f033c037000-7f033c039000 r--s 00002000 08:13 2891928                    /home/luis/.m2/repository/org/apache/maven/shared/maven-shared-incremental/1.1/maven-shared-incremental-1.1.jar
7f033c039000-7f033c03b000 r--s 00006000 08:13 2891927                    /home/luis/.m2/repository/com/google/code/findbugs/jsr305/2.0.1/jsr305-2.0.1.jar
7f033c03b000-7f033c03e000 r--s 00023000 08:13 2891926                    /home/luis/.m2/repository/org/apache/maven/shared/maven-shared-utils/0.1/maven-shared-utils-0.1.jar
7f033c03e000-7f033c042000 r--s 00030000 08:13 2891925                    /home/luis/.m2/repository/org/codehaus/plexus/plexus-utils/1.5.1/plexus-utils-1.5.1.jar
7f033c042000-7f033c044000 r--s 00009000 08:13 2891335                    /home/luis/.m2/repository/org/apache/maven/plugins/maven-compiler-plugin/3.1/maven-compiler-plugin-3.1.jar
7f033c044000-7f033c046000 r--s 0000d000 08:13 2892503                    /home/luis/.m2/repository/org/codehaus/plexus/plexus-interpolation/1.13/plexus-interpolation-1.13.jar
7f033c046000-7f033c047000 r--s 00001000 08:13 2892502                    /home/luis/.m2/repository/org/sonatype/plexus/plexus-build-api/0.0.4/plexus-build-api-0.0.4.jar
7f033c047000-7f033c049000 r--s 00009000 08:13 2892501                    /home/luis/.m2/repository/org/apache/maven/shared/maven-filtering/1.0/maven-filtering-1.0.jar
7f033c049000-7f033c04b000 r--s 00002000 08:13 2892499                    /home/luis/.m2/repository/org/codehaus/plexus/plexus-interactivity-api/1.0-alpha-4/plexus-interactivity-api-1.0-alpha-4.jar
7f033c04b000-7f033c04d000 r--s 00006000 08:13 2892498                    /home/luis/.m2/repository/commons-cli/commons-cli/1.0/commons-cli-1.0.jar
7f033c04d000-7f033c04e000 r--s 00001000 08:13 2892497                    /home/luis/.m2/repository/org/apache/maven/doxia/doxia-sink-api/1.0-alpha-7/doxia-sink-api-1.0-alpha-7.jar
7f033c04e000-7f033c04f000 r--s 00002000 08:13 2892496                    /home/luis/.m2/repository/org/apache/maven/reporting/maven-reporting-api/2.0.6/maven-reporting-api-2.0.6.jar
7f033c04f000-7f033c051000 r--s 00005000 08:13 2891327                    /home/luis/.m2/repository/org/apache/maven/plugins/maven-resources-plugin/2.5/maven-resources-plugin-2.5.jar
7f033c051000-7f033c052000 r--s 00002000 08:13 3029307                    /home/luis/.m2/repository/org/codehaus/plexus/plexus-digest/1.0/plexus-digest-1.0.jar
7f033c052000-7f033c056000 r--s 00033000 08:13 2892294                    /home/luis/.m2/repository/org/codehaus/plexus/plexus-utils/2.0.5/plexus-utils-2.0.5.jar
7f033c056000-7f033c059000 r--s 0001b000 08:13 2892500                    /home/luis/.m2/repository/junit/junit/3.8.1/junit-3.8.1.jar
7f033c059000-7f033c05a000 r--s 00005000 08:13 2891363                    /home/luis/.m2/repository/org/apache/maven/plugins/maven-install-plugin/2.3.1/maven-install-plugin-2.3.1.jar
7f033c05a000-7f033c05d000 ---p 00000000 00:00 0 
7f033c05d000-7f033c082000 rw-p 00000000 00:00 0 
7f033c082000-7f033c083000 r--p 00000000 00:00 0 
7f033c083000-7f033c087000 r--s 0008a000 08:13 3163660                    /usr/lib/jvm/jdk1.7.0_21/jre/lib/jsse.jar
7f033c087000-7f033c097000 r--s 000b2000 08:13 2891313                    /home/luis/Programacion/IDEs/eclipse/configuration/org.eclipse.osgi/bundles/819/1/.cp/netty-3.2.5.Final.jar
7f033c097000-7f033c09e000 r--s 0004d000 08:13 2891288                    /home/luis/Programacion/IDEs/eclipse/configuration/org.eclipse.osgi/bundles/802/1/.cp/async-http-client-1.6.5.jar
7f033c09e000-7f033c09f000 r--s 00002000 08:13 2891262                    /home/luis/Programacion/IDEs/eclipse/configuration/org.eclipse.osgi/bundles/815/1/.cp/jars/wagon-file-2.2.jar
7f033c09f000-7f033c0a0000 r--s 00004000 08:13 2891261                    /home/luis/Programacion/IDEs/eclipse/configuration/org.eclipse.osgi/bundles/815/1/.cp/jars/wagon-ahc-1.2.1.jar
7f033c0a0000-7f033c0a2000 r--s 0000b000 08:13 2891260                    /home/luis/Programacion/IDEs/eclipse/configuration/org.eclipse.osgi/bundles/815/1/.cp/jars/aether-connector-asynchttpclient-1.13.1.jar
7f033c0a2000-7f033c0c0000 r--s 00151000 08:13 2891254                    /home/luis/Programacion/IDEs/eclipse/configuration/org.eclipse.osgi/bundles/815/1/.cp/jars/guava-10.0.1.jar
7f033c0c0000-7f033c0f1000 rw-p 00000000 00:00 0 
7f033c0f1000-7f033c0f2000 ---p 00000000 00:00 0 
7f033c0f2000-7f033c1f2000 rw-p 00000000 00:00 0 
7f033c1f2000-7f033c1f5000 ---p 00000000 00:00 0 
7f033c1f5000-7f033c2f3000 rw-p 00000000 00:00 0 
7f033c2f3000-7f033c2f6000 ---p 00000000 00:00 0 
7f033c2f6000-7f033c3f4000 rw-p 00000000 00:00 0 
7f033c3f4000-7f033c3f7000 ---p 00000000 00:00 0 
7f033c3f7000-7f033c4f5000 rw-p 00000000 00:00 0 
7f033c4f5000-7f033c4f8000 ---p 00000000 00:00 0 
7f033c4f8000-7f033c5f6000 rw-p 00000000 00:00 0 
7f033c5f6000-7f033c5f7000 ---p 00000000 00:00 0 
7f033c5f7000-7f033d000000 rw-p 00000000 00:00 0 
7f033d000000-7f033d270000 rwxp 00000000 00:00 0 
7f033d270000-7f0340a9f000 rw-p 00000000 00:00 0 
7f0340a9f000-7f0344000000 ---p 00000000 00:00 0 
7f0344000000-7f0344003000 r--s 0001d000 08:13 2891259                    /home/luis/Programacion/IDEs/eclipse/configuration/org.eclipse.osgi/bundles/815/1/.cp/jars/aether-impl-1.13.1.jar
7f0344003000-7f0344005000 r--s 00006000 08:13 2891257                    /home/luis/Programacion/IDEs/eclipse/configuration/org.eclipse.osgi/bundles/815/1/.cp/jars/aether-connector-wagon-1.13.1.jar
7f0344005000-7f0344008000 r--s 00006000 08:13 2891255                    /home/luis/Programacion/IDEs/eclipse/configuration/org.eclipse.osgi/bundles/815/1/.cp/jars/jsr305-1.3.9.jar
7f0344008000-7f0344010000 r--s 00050000 08:13 2891253                    /home/luis/Programacion/IDEs/eclipse/configuration/org.eclipse.osgi/bundles/815/1/.cp/jars/sisu-guice-3.1.0-no_aop.jar
7f0344010000-7f0344012000 r--s 00003000 08:13 2891252                    /home/luis/Programacion/IDEs/eclipse/configuration/org.eclipse.osgi/bundles/815/1/.cp/jars/guice-plexus-lifecycles-2.3.0.jar
7f0344012000-7f0344014000 r--s 00003000 08:13 2891251                    /home/luis/Programacion/IDEs/eclipse/configuration/org.eclipse.osgi/bundles/815/1/.cp/jars/guice-plexus-scanners-2.3.0.jar
7f0344014000-7f0344015000 r--s 00001000 08:13 2891250                    /home/luis/Programacion/IDEs/eclipse/configuration/org.eclipse.osgi/bundles/815/1/.cp/jars/guice-bean-inject-2.3.0.jar
7f0344015000-7f0344017000 r--s 00005000 08:13 2891249                    /home/luis/Programacion/IDEs/eclipse/configuration/org.eclipse.osgi/bundles/815/1/.cp/jars/guice-plexus-binders-2.3.0.jar
7f0344017000-7f0344019000 r--s 00002000 08:13 2891248                    /home/luis/Programacion/IDEs/eclipse/configuration/org.eclipse.osgi/bundles/815/1/.cp/jars/guice-plexus-locators-2.3.0.jar
7f0344019000-7f034401b000 r--s 00001000 08:13 2891247                    /home/luis/Programacion/IDEs/eclipse/configuration/org.eclipse.osgi/bundles/815/1/.cp/jars/guice-plexus-converters-2.3.0.jar
7f034401b000-7f034401d000 r--s 00002000 08:13 2891246                    /home/luis/Programacion/IDEs/eclipse/configuration/org.eclipse.osgi/bundles/815/1/.cp/jars/guice-plexus-metadata-2.3.0.jar
7f034401d000-7f034401f000 r--s 00000000 08:13 2891245                    /home/luis/Programacion/IDEs/eclipse/configuration/org.eclipse.osgi/bundles/815/1/.cp/jars/guice-bean-converters-2.3.0.jar
7f034401f000-7f0344021000 r--s 00013000 08:13 2891244                    /home/luis/Programacion/IDEs/eclipse/configuration/org.eclipse.osgi/bundles/815/1/.cp/jars/guice-bean-scanners-2.3.0.jar
7f0344021000-7f0344023000 r--s 00009000 08:13 2891243                    /home/luis/Programacion/IDEs/eclipse/configuration/org.eclipse.osgi/bundles/815/1/.cp/jars/guice-bean-binders-2.3.0.jar
7f0344023000-7f0344026000 r--s 0000b000 08:13 2891242                    /home/luis/Programacion/IDEs/eclipse/configuration/org.eclipse.osgi/bundles/815/1/.cp/jars/guice-bean-locators-2.3.0.jar
7f0344026000-7f0344028000 r--s 0000e000 08:13 2891241                    /home/luis/Programacion/IDEs/eclipse/configuration/org.eclipse.osgi/bundles/815/1/.cp/jars/guice-bean-reflect-2.3.0.jar
7f0344028000-7f0344029000 r--s 00000000 08:13 2891240                    /home/luis/Programacion/IDEs/eclipse/configuration/org.eclipse.osgi/bundles/815/1/.cp/jars/javax.inject-1.jar
7f0344029000-7f034402e000 r--s 00019000 08:13 2891239                    /home/luis/Programacion/IDEs/eclipse/configuration/org.eclipse.osgi/bundles/815/1/.cp/jars/guice-plexus-shim-2.3.0.jar
7f034402e000-7f0344030000 r--s 0000b000 08:13 2891238                    /home/luis/Programacion/IDEs/eclipse/configuration/org.eclipse.osgi/bundles/815/1/.cp/jars/wagon-provider-api-2.2.jar
7f0344030000-7f0344036000 r--s 0003f000 08:13 2891237                    /home/luis/Programacion/IDEs/eclipse/configuration/org.eclipse.osgi/bundles/815/1/.cp/jars/maven-compat-3.0.4.jar
7f0344036000-7f0344038000 r--s 00009000 08:13 2891236                    /home/luis/Programacion/IDEs/eclipse/configuration/org.eclipse.osgi/bundles/815/1/.cp/jars/commons-cli-1.2.jar
7f0344038000-7f034403a000 r--s 00002000 08:13 2891235                    /home/luis/Programacion/IDEs/eclipse/configuration/org.eclipse.osgi/bundles/815/1/.cp/jars/plexus-cipher-1.7.jar
7f034403a000-7f034403b000 r--s 0000a000 08:13 2891234                    /home/luis/Programacion/IDEs/eclipse/configuration/org.eclipse.osgi/bundles/815/1/.cp/jars/maven-embedder-3.0.4.jar
7f034403b000-7f034403c000 r--s 00006000 08:13 2891233                    /home/luis/Programacion/IDEs/eclipse/configuration/org.eclipse.osgi/bundles/815/1/.cp/jars/plexus-sec-dispatcher-1.3.jar
7f034403c000-7f034403e000 r--s 00000000 08:13 2891232                    /home/luis/Programacion/IDEs/eclipse/configuration/org.eclipse.osgi/bundles/815/1/.cp/jars/plexus-component-annotations-1.5.5.jar
7f034403e000-7f0344042000 r--s 00033000 08:13 2891230                    /home/luis/Programacion/IDEs/eclipse/configuration/org.eclipse.osgi/bundles/815/1/.cp/jars/plexus-utils-2.0.6.jar
7f0344042000-7f0344044000 r--s 0000d000 08:13 2891229                    /home/luis/Programacion/IDEs/eclipse/configuration/org.eclipse.osgi/bundles/815/1/.cp/jars/plexus-interpolation-1.14.jar
7f0344044000-7f0344048000 r--s 0001c000 08:13 2891228                    /home/luis/Programacion/IDEs/eclipse/configuration/org.eclipse.osgi/bundles/815/1/.cp/jars/aether-util-1.13.1.jar
7f0344048000-7f034404b000 r--s 00013000 08:13 2891227                    /home/luis/Programacion/IDEs/eclipse/configuration/org.eclipse.osgi/bundles/815/1/.cp/jars/aether-api-1.13.1.jar
7f034404b000-7f034404d000 r--s 0000c000 08:13 2891226                    /home/luis/Programacion/IDEs/eclipse/configuration/org.eclipse.osgi/bundles/815/1/.cp/jars/maven-aether-provider-3.0.4.jar
7f034404d000-7f0344051000 r--s 00021000 08:13 2891225                    /home/luis/Programacion/IDEs/eclipse/configuration/org.eclipse.osgi/bundles/815/1/.cp/jars/maven-model-builder-3.0.4.jar
7f0344051000-7f0344053000 r--s 0000b000 08:13 2891224                    /home/luis/Programacion/IDEs/eclipse/configuration/org.eclipse.osgi/bundles/815/1/.cp/jars/maven-plugin-api-3.0.4.jar
7f0344053000-7f034405f000 r--s 0007d000 08:13 2891218                    /home/luis/Programacion/IDEs/eclipse/configuration/org.eclipse.osgi/bundles/815/1/.cp/jars/maven-core-3.0.4.jar
7f034405f000-7f0344111000 rw-p 00000000 00:00 0 
7f0344111000-7f03442ce000 r--s 039de000 08:13 3163680                    /usr/lib/jvm/jdk1.7.0_21/jre/lib/rt.jar
7f03442ce000-7f0344b56000 rw-p 00000000 00:00 0 
7f0344b56000-7f0344b57000 ---p 00000000 00:00 0 
7f0344b57000-7f0344c57000 rw-p 00000000 00:00 0 
7f0344c57000-7f0344c58000 ---p 00000000 00:00 0 
7f0344c58000-7f0344d63000 rw-p 00000000 00:00 0 
7f0344d63000-7f0344d81000 rw-p 00000000 00:00 0 
7f0344d81000-7f0344d96000 rw-p 00000000 00:00 0 
7f0344d96000-7f0344ecb000 rw-p 00000000 00:00 0 
7f0344ecb000-7f0344ed6000 rw-p 00000000 00:00 0 
7f0344ed6000-7f0344ef4000 rw-p 00000000 00:00 0 
7f0344ef4000-7f0344f09000 rw-p 00000000 00:00 0 
7f0344f09000-7f034503e000 rw-p 00000000 00:00 0 
7f034503e000-7f0345084000 rw-p 00000000 00:00 0 
7f0345084000-7f03450e3000 rw-p 00000000 00:00 0 
7f03450e3000-7f03450e4000 rw-p 00000000 00:00 0 
7f03450e4000-7f03450fe000 r-xp 00000000 08:13 659488                     /usr/lib/jvm/jdk1.7.0_21/jre/lib/amd64/libzip.so
7f03450fe000-7f03452fe000 ---p 0001a000 08:13 659488                     /usr/lib/jvm/jdk1.7.0_21/jre/lib/amd64/libzip.so
7f03452fe000-7f03452ff000 rw-p 0001a000 08:13 659488                     /usr/lib/jvm/jdk1.7.0_21/jre/lib/amd64/libzip.so
7f03452ff000-7f034530b000 r-xp 00000000 08:13 1054176                    /lib/x86_64-linux-gnu/libnss_files-2.15.so
7f034530b000-7f034550a000 ---p 0000c000 08:13 1054176                    /lib/x86_64-linux-gnu/libnss_files-2.15.so
7f034550a000-7f034550b000 r--p 0000b000 08:13 1054176                    /lib/x86_64-linux-gnu/libnss_files-2.15.so
7f034550b000-7f034550c000 rw-p 0000c000 08:13 1054176                    /lib/x86_64-linux-gnu/libnss_files-2.15.so
7f034550c000-7f0345516000 r-xp 00000000 08:13 1051530                    /lib/x86_64-linux-gnu/libnss_nis-2.15.so
7f0345516000-7f0345716000 ---p 0000a000 08:13 1051530                    /lib/x86_64-linux-gnu/libnss_nis-2.15.so
7f0345716000-7f0345717000 r--p 0000a000 08:13 1051530                    /lib/x86_64-linux-gnu/libnss_nis-2.15.so
7f0345717000-7f0345718000 rw-p 0000b000 08:13 1051530                    /lib/x86_64-linux-gnu/libnss_nis-2.15.so
7f0345718000-7f034572f000 r-xp 00000000 08:13 1054461                    /lib/x86_64-linux-gnu/libnsl-2.15.so
7f034572f000-7f034592e000 ---p 00017000 08:13 1054461                    /lib/x86_64-linux-gnu/libnsl-2.15.so
7f034592e000-7f034592f000 r--p 00016000 08:13 1054461                    /lib/x86_64-linux-gnu/libnsl-2.15.so
7f034592f000-7f0345930000 rw-p 00017000 08:13 1054461                    /lib/x86_64-linux-gnu/libnsl-2.15.so
7f0345930000-7f0345932000 rw-p 00000000 00:00 0 
7f0345932000-7f034593a000 r-xp 00000000 08:13 1054177                    /lib/x86_64-linux-gnu/libnss_compat-2.15.so
7f034593a000-7f0345b39000 ---p 00008000 08:13 1054177                    /lib/x86_64-linux-gnu/libnss_compat-2.15.so
7f0345b39000-7f0345b3a000 r--p 00007000 08:13 1054177                    /lib/x86_64-linux-gnu/libnss_compat-2.15.so
7f0345b3a000-7f0345b3b000 rw-p 00008000 08:13 1054177                    /lib/x86_64-linux-gnu/libnss_compat-2.15.so
7f0345b3b000-7f0345b64000 r-xp 00000000 08:13 659472                     /usr/lib/jvm/jdk1.7.0_21/jre/lib/amd64/libjava.so
7f0345b64000-7f0345d64000 ---p 00029000 08:13 659472                     /usr/lib/jvm/jdk1.7.0_21/jre/lib/amd64/libjava.so
7f0345d64000-7f0345d66000 rw-p 00029000 08:13 659472                     /usr/lib/jvm/jdk1.7.0_21/jre/lib/amd64/libjava.so
7f0345d66000-7f0345d73000 r-xp 00000000 08:13 659470                     /usr/lib/jvm/jdk1.7.0_21/jre/lib/amd64/libverify.so
7f0345d73000-7f0345f72000 ---p 0000d000 08:13 659470                     /usr/lib/jvm/jdk1.7.0_21/jre/lib/amd64/libverify.so
7f0345f72000-7f0345f74000 rw-p 0000c000 08:13 659470                     /usr/lib/jvm/jdk1.7.0_21/jre/lib/amd64/libverify.so
7f0345f74000-7f0345f7b000 r-xp 00000000 08:13 1050759                    /lib/x86_64-linux-gnu/librt-2.15.so
7f0345f7b000-7f034617a000 ---p 00007000 08:13 1050759                    /lib/x86_64-linux-gnu/librt-2.15.so
7f034617a000-7f034617b000 r--p 00006000 08:13 1050759                    /lib/x86_64-linux-gnu/librt-2.15.so
7f034617b000-7f034617c000 rw-p 00007000 08:13 1050759                    /lib/x86_64-linux-gnu/librt-2.15.so
7f034617c000-7f0346277000 r-xp 00000000 08:13 1051532                    /lib/x86_64-linux-gnu/libm-2.15.so
7f0346277000-7f0346476000 ---p 000fb000 08:13 1051532                    /lib/x86_64-linux-gnu/libm-2.15.so
7f0346476000-7f0346477000 r--p 000fa000 08:13 1051532                    /lib/x86_64-linux-gnu/libm-2.15.so
7f0346477000-7f0346478000 rw-p 000fb000 08:13 1051532                    /lib/x86_64-linux-gnu/libm-2.15.so
7f0346478000-7f0346ec2000 r-xp 00000000 08:13 659478                     /usr/lib/jvm/jdk1.7.0_21/jre/lib/amd64/server/libjvm.so
7f0346ec2000-7f03470c1000 ---p 00a4a000 08:13 659478                     /usr/lib/jvm/jdk1.7.0_21/jre/lib/amd64/server/libjvm.so
7f03470c1000-7f0347165000 rw-p 00a49000 08:13 659478                     /usr/lib/jvm/jdk1.7.0_21/jre/lib/amd64/server/libjvm.so
7f0347165000-7f03471a0000 rw-p 00000000 00:00 0 
7f03471a0000-7f0347355000 r-xp 00000000 08:13 1050689                    /lib/x86_64-linux-gnu/libc-2.15.so
7f0347355000-7f0347554000 ---p 001b5000 08:13 1050689                    /lib/x86_64-linux-gnu/libc-2.15.so
7f0347554000-7f0347558000 r--p 001b4000 08:13 1050689                    /lib/x86_64-linux-gnu/libc-2.15.so
7f0347558000-7f034755a000 rw-p 001b8000 08:13 1050689                    /lib/x86_64-linux-gnu/libc-2.15.so
7f034755a000-7f034755f000 rw-p 00000000 00:00 0 
7f034755f000-7f0347561000 r-xp 00000000 08:13 1050688                    /lib/x86_64-linux-gnu/libdl-2.15.so
7f0347561000-7f0347761000 ---p 00002000 08:13 1050688                    /lib/x86_64-linux-gnu/libdl-2.15.so
7f0347761000-7f0347762000 r--p 00002000 08:13 1050688                    /lib/x86_64-linux-gnu/libdl-2.15.so
7f0347762000-7f0347763000 rw-p 00003000 08:13 1050688                    /lib/x86_64-linux-gnu/libdl-2.15.so
7f0347763000-7f0347779000 r-xp 00000000 08:13 659447                     /usr/lib/jvm/jdk1.7.0_21/jre/lib/amd64/jli/libjli.so
7f0347779000-7f0347979000 ---p 00016000 08:13 659447                     /usr/lib/jvm/jdk1.7.0_21/jre/lib/amd64/jli/libjli.so
7f0347979000-7f034797a000 rw-p 00016000 08:13 659447                     /usr/lib/jvm/jdk1.7.0_21/jre/lib/amd64/jli/libjli.so
7f034797a000-7f0347992000 r-xp 00000000 08:13 1050755                    /lib/x86_64-linux-gnu/libpthread-2.15.so
7f0347992000-7f0347b91000 ---p 00018000 08:13 1050755                    /lib/x86_64-linux-gnu/libpthread-2.15.so
7f0347b91000-7f0347b92000 r--p 00017000 08:13 1050755                    /lib/x86_64-linux-gnu/libpthread-2.15.so
7f0347b92000-7f0347b93000 rw-p 00018000 08:13 1050755                    /lib/x86_64-linux-gnu/libpthread-2.15.so
7f0347b93000-7f0347b97000 rw-p 00000000 00:00 0 
7f0347b97000-7f0347bb9000 r-xp 00000000 08:13 1054181                    /lib/x86_64-linux-gnu/ld-2.15.so
7f0347bb9000-7f0347bba000 r--s 00003000 08:13 2891258                    /home/luis/Programacion/IDEs/eclipse/configuration/org.eclipse.osgi/bundles/815/1/.cp/jars/aether-spi-1.13.1.jar
7f0347bba000-7f0347be5000 rw-p 00000000 00:00 0 
7f0347be5000-7f0347c9b000 rw-p 00000000 00:00 0 
7f0347c9b000-7f0347c9e000 ---p 00000000 00:00 0 
7f0347c9e000-7f0347da0000 rw-p 00000000 00:00 0 
7f0347da0000-7f0347da2000 r--s 0000b000 08:13 2891223                    /home/luis/Programacion/IDEs/eclipse/configuration/org.eclipse.osgi/bundles/815/1/.cp/jars/maven-artifact-3.0.4.jar
7f0347da2000-7f0347da4000 r--s 00006000 08:13 2891222                    /home/luis/Programacion/IDEs/eclipse/configuration/org.eclipse.osgi/bundles/815/1/.cp/jars/maven-repository-metadata-3.0.4.jar
7f0347da4000-7f0347da7000 r--s 00008000 08:13 2891221                    /home/luis/Programacion/IDEs/eclipse/configuration/org.eclipse.osgi/bundles/815/1/.cp/jars/maven-settings-builder-3.0.4.jar
7f0347da7000-7f0347da9000 r--s 0000a000 08:13 2891220                    /home/luis/Programacion/IDEs/eclipse/configuration/org.eclipse.osgi/bundles/815/1/.cp/jars/maven-settings-3.0.4.jar
7f0347da9000-7f0347dab000 r--s 00026000 08:13 2891219                    /home/luis/Programacion/IDEs/eclipse/configuration/org.eclipse.osgi/bundles/815/1/.cp/jars/maven-model-3.0.4.jar
7f0347dab000-7f0347dad000 r--s 0000a000 08:13 2891231                    /home/luis/Programacion/IDEs/eclipse/configuration/org.eclipse.osgi/bundles/815/1/.cp/jars/plexus-classworlds-2.4.jar
7f0347dad000-7f0347db5000 rw-s 00000000 08:13 3562682                    /tmp/hsperfdata_luis/13440
7f0347db5000-7f0347db6000 rw-p 00000000 00:00 0 
7f0347db6000-7f0347db7000 r--p 00000000 00:00 0 
7f0347db7000-7f0347db9000 rw-p 00000000 00:00 0 
7f0347db9000-7f0347dba000 r--p 00022000 08:13 1054181                    /lib/x86_64-linux-gnu/ld-2.15.so
7f0347dba000-7f0347dbc000 rw-p 00023000 08:13 1054181                    /lib/x86_64-linux-gnu/ld-2.15.so
7fff02381000-7fff023a2000 rw-p 00000000 00:00 0                          [stack]
7fff023da000-7fff023db000 r-xp 00000000 00:00 0                          [vdso]
ffffffffff600000-ffffffffff601000 r-xp 00000000 00:00 0                  [vsyscall]
7f0347db5000-7f0347db6000 rw-p 00000000 00:00 0 
7f0347db6000-7f0347db7000 r--p 00000000 00:00 0 
7f0347db7000-7f0347db9000 rw-p 00000000 00:00 0 
7f0347db9000-7f0347dba000 r--p 00022000 08:13 1054181                    /lib/x86_64-linux-gnu/ld-2.15.so
7f0347dba000-7f0347dbc000 rw-p 00023000 08:13 1054181                    /lib/x86_64-linux-gnu/ld-2.15.so
7fff02381000-7fff023a2000 rw-p 00000000 00:00 0                          [stack]
7fff023da000-7fff023db000 r-xp 00000000 00:00 0                          [vdso]
ffffffffff600000-ffffffffff601000 r-xp 00000000 00:00 0                  [vsyscall]

VM Arguments:
jvm_args: -Dmaven.home=EMBEDDED -Dclassworlds.conf=/home/luis/Programacion/workspace/.metadata/.plugins/org.eclipse.m2e.core/launches/m2conf2854644161301771768.tmp -Dfile.encoding=UTF-8 
java_command: org.codehaus.plexus.classworlds.launcher.Launcher -B install
Launcher Type: SUN_STANDARD

Environment Variables:
PATH=/usr/local/sbin:/usr/local/bin:/usr/sbin:/usr/bin:/sbin:/bin:/usr/games
SHELL=/bin/bash
DISPLAY=:0

Signal Handlers:
SIGSEGV: [libjvm.so+0x8a80e0], sa_mask[0]=0x7ffbfeff, sa_flags=0x10000004
SIGBUS: [libjvm.so+0x8a80e0], sa_mask[0]=0x7ffbfeff, sa_flags=0x10000004
SIGFPE: [libjvm.so+0x744170], sa_mask[0]=0x7ffbfeff, sa_flags=0x10000004
SIGPIPE: [libjvm.so+0x744170], sa_mask[0]=0x7ffbfeff, sa_flags=0x10000004
SIGXFSZ: [libjvm.so+0x744170], sa_mask[0]=0x7ffbfeff, sa_flags=0x10000004
SIGILL: [libjvm.so+0x744170], sa_mask[0]=0x7ffbfeff, sa_flags=0x10000004
SIGUSR1: SIG_DFL, sa_mask[0]=0x00000000, sa_flags=0x00000000
SIGUSR2: [libjvm.so+0x743ac0], sa_mask[0]=0x00000004, sa_flags=0x10000004
SIGHUP: [libjvm.so+0x745e50], sa_mask[0]=0x7ffbfeff, sa_flags=0x10000004
SIGINT: [libjvm.so+0x745e50], sa_mask[0]=0x7ffbfeff, sa_flags=0x10000004
SIGTERM: [libjvm.so+0x745e50], sa_mask[0]=0x7ffbfeff, sa_flags=0x10000004
SIGQUIT: [libjvm.so+0x745e50], sa_mask[0]=0x7ffbfeff, sa_flags=0x10000004


---------------  S Y S T E M  ---------------

OS:wheezy/sid

uname:Linux 3.2.0-49-generic #75-Ubuntu SMP Tue Jun 18 17:39:32 UTC 2013 x86_64
libc:glibc 2.15 NPTL 2.15 
rlimit: STACK 8192k, CORE 0k, NPROC 30924, NOFILE 4096, AS infinity
load average:0,60 0,37 0,29

/proc/meminfo:
MemTotal:        4049168 kB
MemFree:          587360 kB
Buffers:           36108 kB
Cached:           895756 kB
SwapCached:        16396 kB
Active:          2222860 kB
Inactive:         993184 kB
Active(anon):    1667184 kB
Inactive(anon):   642812 kB
Active(file):     555676 kB
Inactive(file):   350372 kB
Unevictable:           0 kB
Mlocked:               0 kB
SwapTotal:        975868 kB
SwapFree:         896612 kB
Dirty:               164 kB
Writeback:             0 kB
AnonPages:       2269672 kB
Mapped:           142072 kB
Shmem:             25744 kB
Slab:             115692 kB
SReclaimable:      77460 kB
SUnreclaim:        38232 kB
KernelStack:        4136 kB
PageTables:        39636 kB
NFS_Unstable:          0 kB
Bounce:                0 kB
WritebackTmp:          0 kB
CommitLimit:     3000452 kB
Committed_AS:    4409920 kB
VmallocTotal:   34359738367 kB
VmallocUsed:      328336 kB
VmallocChunk:   34359407136 kB
HardwareCorrupted:     0 kB
AnonHugePages:         0 kB
HugePages_Total:       0
HugePages_Free:        0
HugePages_Rsvd:        0
HugePages_Surp:        0
Hugepagesize:       2048 kB
DirectMap4k:       58240 kB
DirectMap2M:     4134912 kB


CPU:total 2 (2 cores per cpu, 1 threads per core) family 15 model 107 stepping 2, cmov, cx8, fxsr, mmx, sse, sse2, sse3, mmxext, 3dnowpref, tsc

/proc/cpuinfo:
processor	: 0
vendor_id	: AuthenticAMD
cpu family	: 15
model		: 107
model name	: AMD Athlon(tm) 64 X2 Dual Core Processor 5000+
stepping	: 2
cpu MHz		: 2613.246
cache size	: 512 KB
physical id	: 0
siblings	: 2
core id		: 0
cpu cores	: 2
apicid		: 0
initial apicid	: 0
fpu		: yes
fpu_exception	: yes
cpuid level	: 1
wp		: yes
flags		: fpu vme de pse tsc msr pae mce cx8 apic sep mtrr pge mca cmov pat pse36 clflush mmx fxsr sse sse2 ht syscall nx mmxext fxsr_opt rdtscp lm 3dnowext 3dnow rep_good nopl pni cx16 lahf_lm cmp_legacy svm extapic cr8_legacy 3dnowprefetch lbrv
bogomips	: 5226.49
TLB size	: 1024 4K pages
clflush size	: 64
cache_alignment	: 64
address sizes	: 40 bits physical, 48 bits virtual
power management: ts fid vid ttp tm stc 100mhzsteps

processor	: 1
vendor_id	: AuthenticAMD
cpu family	: 15
model		: 107
model name	: AMD Athlon(tm) 64 X2 Dual Core Processor 5000+
stepping	: 2
cpu MHz		: 2613.246
cache size	: 512 KB
physical id	: 0
siblings	: 2
core id		: 1
cpu cores	: 2
apicid		: 1
initial apicid	: 1
fpu		: yes
fpu_exception	: yes
cpuid level	: 1
wp		: yes
flags		: fpu vme de pse tsc msr pae mce cx8 apic sep mtrr pge mca cmov pat pse36 clflush mmx fxsr sse sse2 ht syscall nx mmxext fxsr_opt rdtscp lm 3dnowext 3dnow rep_good nopl pni cx16 lahf_lm cmp_legacy svm extapic cr8_legacy 3dnowprefetch lbrv
bogomips	: 5226.81
TLB size	: 1024 4K pages
clflush size	: 64
cache_alignment	: 64
address sizes	: 40 bits physical, 48 bits virtual
power management: ts fid vid ttp tm stc 100mhzsteps



Memory: 4k page, physical 4049168k(587360k free), swap 975868k(896612k free)

vm_info: Java HotSpot(TM) 64-Bit Server VM (23.21-b01) for linux-amd64 JRE (1.7.0_21-b11), built on Apr  4 2013 04:03:29 by "java_re" with gcc 4.3.0 20080428 (Red Hat 4.3.0-8)

time: Wed Jul 17 07:50:21 2013
elapsed time: 10 seconds

