#
# A fatal error has been detected by the Java Runtime Environment:
#
#  SIGSEGV (0xb) at pc=0x00007fddf3d00ce1, pid=31659, tid=140590952470272
#
# JRE version: 7.0_21-b11
# Java VM: Java HotSpot(TM) 64-Bit Server VM (23.21-b01 mixed mode linux-amd64 compressed oops)
# Problematic frame:
# V  [libjvm.so+0x82bce1]  SymbolTable::lookup_only(char const*, int, unsigned int&)+0xa1
#
# Failed to write core dump. Core dumps have been disabled. To enable core dumping, try "ulimit -c unlimited" before starting Java again
#
# If you would like to submit a bug report, please visit:
#   http://bugreport.sun.com/bugreport/crash.jsp
#

---------------  T H R E A D  ---------------

Current thread (0x00007fdded097800):  JavaThread "Remoting "management-client" read-1" [_thread_in_vm, id=31881, stack(0x00007fdde1b7d000,0x00007fdde1c7e000)]

siginfo:si_signo=SIGSEGV: si_errno=0, si_code=128 (), si_addr=0x0000000000000000

Registers:
RAX=0x9090909090c3c9e5, RBX=0x9090909090c3c9e4, RCX=0x00007fddcc780016, RDX=0x00007fddf134ca80
RSP=0x00007fdde1c7b280, RBP=0x00007fdde1c7b2c0, RSI=0x00007fddcc780016, RDI=0x0000000000000000
R8 =0x00000000be900700, R9 =0x0000000000000016, R10=0x0000000000000016, R11=0x00007fddf38d6b90
R12=0x0000000000000003, R13=0x000000002e618cc5, R14=0x00007fdded097800, R15=0x00007fddec01a930
RIP=0x00007fddf3d00ce1, EFLAGS=0x0000000000010286, CSGSFS=0x0000000000000033, ERR=0x0000000000000000
  TRAPNO=0x000000000000000d

Top of Stack: (sp=0x00007fdde1c7b280)
0x00007fdde1c7b280:   00007fdded15d810 0000001be1c7b4c0
0x00007fdde1c7b290:   00007fddcc77fffb 00007fddcc77fffb
0x00007fdde1c7b2a0:   0000000000000011 000000000000001b
0x00007fdde1c7b2b0:   00007fdded097800 00007fddcc5915c8
0x00007fdde1c7b2c0:   00007fdde1c7b450 00007fddf384f1ed
0x00007fdde1c7b2d0:   00007fdde1c7b390 00007fddf3c37250
0x00007fdde1c7b2e0:   00007fdde1c7b300 00007fdde1c7b410
0x00007fdde1c7b2f0:   00007fdde1c7b380 00007fdde1c7b340
0x00007fdde1c7b300:   00007fdde1c7b3f0 00007fdde1c7b3d0
0x00007fdde1c7b310:   00007fdde1c7b3b0 00007fdde1c7b418
0x00007fdde1c7b320:   000000b6e1c7b3e0 00007fdde1c7b940
0x00007fdde1c7b330:   00007fddcc780ef0 00000003e1c7b350
0x00007fdde1c7b340:   00007fddcc77ff39 00007fddcc77ffc6
0x00007fdde1c7b350:   00007fddcc77ffd8 00007fdde1c7b4c0
0x00007fdde1c7b360:   00007fddcc5915b8 00007fddcc5915b8
0x00007fdde1c7b370:   00007fdded097800 00000000be9006e8
0x00007fdde1c7b380:   00007fddcc77ff20 00007fddcc780eec
0x00007fdde1c7b390:   00007fddcc780016 00007fddec6143b0
0x00007fdde1c7b3a0:   00007fddcc591700 00000001cc5916d8
0x00007fdde1c7b3b0:   49f42c8e19b97f68 00007fdd999dab22
0x00007fdde1c7b3c0:   00007fddcc5915b0 00007fddf41ccd50
0x00007fdde1c7b3d0:   0000000e00000005 00007fdd0000000f
0x00007fdde1c7b3e0:   00007fdde1c7b450 00007fddf38d490e
0x00007fdde1c7b3f0:   0000000f00000023 010000000000001c
0x00007fdde1c7b400:   00007fddcc5915c0 00007fddf3888075
0x00007fdde1c7b410:   00007fddcc5915b0 000000002e618cc5
0x00007fdde1c7b420:   00007fdde1c7b4e0 0000000000000033
0x00007fdde1c7b430:   00000000000000b6 00007fddcc780ef0
0x00007fdde1c7b440:   00007fdded097800 00007fdde1c7b940
0x00007fdde1c7b450:   00007fdde1c7b600 00007fddf3853bb0
0x00007fdde1c7b460:   00007fdde1c7b700 00007fdde1c7b4a0
0x00007fdde1c7b470:   00007fdde1c7b490 00007fddf3a22bf5 

Instructions: (pc=0x00007fddf3d00ce1)
0x00007fddf3d00cc1:   48 85 db 0f 84 76 00 00 00 45 31 e4 eb 12 90 48
0x00007fddf3d00cd1:   8b 43 08 41 83 c4 01 48 89 c3 48 83 e3 fe 74 2f
0x00007fddf3d00ce1:   44 3b 2b 75 ea 4c 8b 73 10 8b 55 cc 48 8b 75 d0
0x00007fddf3d00cf1:   4c 89 f7 e8 87 dd ff ff 84 c0 74 d3 4c 89 f7 e8 

Register to memory mapping:

RAX=0x9090909090c3c9e5 is an unknown value
RBX=0x9090909090c3c9e4 is an unknown value
RCX=0x00007fddcc780016 is an unknown value
RDX=0x00007fddf134ca80 is an unknown value
RSP=0x00007fdde1c7b280 is pointing into the stack for thread: 0x00007fdded097800
RBP=0x00007fdde1c7b2c0 is pointing into the stack for thread: 0x00007fdded097800
RSI=0x00007fddcc780016 is an unknown value
RDI=0x0000000000000000 is an unknown value
R8 =0x00000000be900700 is an oop
[B 
 - klass: {type array byte}
 - length: 182
R9 =0x0000000000000016 is an unknown value
R10=0x0000000000000016 is an unknown value
R11=0x00007fddf38d6b90: <offset 0x401b90> in /usr/lib/jvm/jdk1.7.0_21/jre/lib/amd64/server/libjvm.so at 0x00007fddf34d5000
R12=0x0000000000000003 is an unknown value
R13=0x000000002e618cc5 is an unknown value
R14=0x00007fdded097800 is a thread
R15=0x00007fddec01a930 is an unknown value


Stack: [0x00007fdde1b7d000,0x00007fdde1c7e000],  sp=0x00007fdde1c7b280,  free space=1016k
Native frames: (J=compiled Java code, j=interpreted, Vv=VM code, C=native code)
V  [libjvm.so+0x82bce1]  SymbolTable::lookup_only(char const*, int, unsigned int&)+0xa1
V  [libjvm.so+0x37a1ed]  ClassFileParser::parse_constant_pool_entries(constantPoolHandle, int, Thread*)+0x92d
V  [libjvm.so+0x37ebb0]  ClassFileParser::parse_constant_pool(Thread*)+0xf0
V  [libjvm.so+0x38120e]  ClassFileParser::parseClassFile(Symbol*, Handle, Handle, KlassHandle, GrowableArray<Handle>*, TempNewSymbol&, bool, Thread*)+0x43e
V  [libjvm.so+0x385715]  ClassLoader::load_classfile(Symbol*, Thread*)+0x2d5
V  [libjvm.so+0x835557]  SystemDictionary::load_instance_class(Symbol*, Handle, Thread*)+0x3d7
V  [libjvm.so+0x835d41]  SystemDictionary::resolve_instance_class_or_null(Symbol*, Handle, Handle, Thread*)+0x761
V  [libjvm.so+0x836304]  SystemDictionary::resolve_or_fail(Symbol*, Handle, Handle, bool, Thread*)+0x34
V  [libjvm.so+0x404860]  constantPoolOopDesc::klass_at_impl(constantPoolHandle, int, Thread*)+0x270
V  [libjvm.so+0x549d24]  InterpreterRuntime::_new(JavaThread*, constantPoolOopDesc*, int)+0x74
j  sun.security.ssl.SSLContextImpl.getApplicableCipherSuiteList(Lsun/security/ssl/ProtocolList;Z)Lsun/security/ssl/CipherSuiteList;+315
j  sun.security.ssl.SSLContextImpl.getDefaultCipherSuiteList(Z)Lsun/security/ssl/CipherSuiteList;+27
j  sun.security.ssl.SSLEngineImpl.init(Lsun/security/ssl/SSLContextImpl;)V+105
j  sun.security.ssl.SSLEngineImpl.<init>(Lsun/security/ssl/SSLContextImpl;Ljava/lang/String;I)V+45
j  sun.security.ssl.SSLContextImpl.engineCreateSSLEngine(Ljava/lang/String;I)Ljavax/net/ssl/SSLEngine;+24
j  javax.net.ssl.SSLContext.createSSLEngine(Ljava/lang/String;I)Ljavax/net/ssl/SSLEngine;+6
j  org.xnio.ssl.JsseSslUtils.createSSLEngine(Ljavax/net/ssl/SSLContext;Lorg/xnio/OptionMap;Ljava/net/InetSocketAddress;)Ljavax/net/ssl/SSLEngine;+26
j  org.xnio.ssl.JsseXnioSsl.createSslConnectedStreamChannel(Ljavax/net/ssl/SSLContext;Lorg/xnio/channels/ConnectedStreamChannel;Lorg/xnio/OptionMap;)Lorg/xnio/channels/ConnectedSslStreamChannel;+19
j  org.xnio.ssl.JsseXnioSsl$2.handleEvent(Lorg/xnio/channels/ConnectedStreamChannel;)V+16
j  org.xnio.ssl.JsseXnioSsl$2.handleEvent(Ljava/nio/channels/Channel;)V+5
j  org.xnio.ChannelListeners.invokeChannelListener(Ljava/nio/channels/Channel;Lorg/xnio/ChannelListener;)Z+16
j  org.xnio.nio.NioXnioWorker$1.handleEvent(Lorg/xnio/nio/NioTcpChannel;)V+59
j  org.xnio.nio.NioXnioWorker$1.handleEvent(Ljava/nio/channels/Channel;)V+5
j  org.xnio.ChannelListeners.invokeChannelListener(Ljava/nio/channels/Channel;Lorg/xnio/ChannelListener;)Z+16
j  org.xnio.nio.NioHandle.run()V+52
j  org.xnio.nio.WorkerThread.run()V+654
v  ~StubRoutines::call_stub
V  [libjvm.so+0x552275]  JavaCalls::call_helper(JavaValue*, methodHandle*, JavaCallArguments*, Thread*)+0x355
V  [libjvm.so+0x550d98]  JavaCalls::call(JavaValue*, methodHandle, JavaCallArguments*, Thread*)+0x28
V  [libjvm.so+0x55102c]  JavaCalls::call_virtual(JavaValue*, KlassHandle, Symbol*, Symbol*, JavaCallArguments*, Thread*)+0x17c
V  [libjvm.so+0x551157]  JavaCalls::call_virtual(JavaValue*, Handle, KlassHandle, Symbol*, Symbol*, Thread*)+0x47
V  [libjvm.so+0x5aba1f]  thread_entry(JavaThread*, Thread*)+0xdf
V  [libjvm.so+0x867578]  JavaThread::thread_main_inner()+0xc8
V  [libjvm.so+0x8676c8]  JavaThread::run()+0x138
V  [libjvm.so+0x749010]  java_start(Thread*)+0x100

Java frames: (J=compiled Java code, j=interpreted, Vv=VM code)
j  sun.security.ssl.SSLContextImpl.getApplicableCipherSuiteList(Lsun/security/ssl/ProtocolList;Z)Lsun/security/ssl/CipherSuiteList;+315
j  sun.security.ssl.SSLContextImpl.getDefaultCipherSuiteList(Z)Lsun/security/ssl/CipherSuiteList;+27
j  sun.security.ssl.SSLEngineImpl.init(Lsun/security/ssl/SSLContextImpl;)V+105
j  sun.security.ssl.SSLEngineImpl.<init>(Lsun/security/ssl/SSLContextImpl;Ljava/lang/String;I)V+45
j  sun.security.ssl.SSLContextImpl.engineCreateSSLEngine(Ljava/lang/String;I)Ljavax/net/ssl/SSLEngine;+24
j  javax.net.ssl.SSLContext.createSSLEngine(Ljava/lang/String;I)Ljavax/net/ssl/SSLEngine;+6
j  org.xnio.ssl.JsseSslUtils.createSSLEngine(Ljavax/net/ssl/SSLContext;Lorg/xnio/OptionMap;Ljava/net/InetSocketAddress;)Ljavax/net/ssl/SSLEngine;+26
j  org.xnio.ssl.JsseXnioSsl.createSslConnectedStreamChannel(Ljavax/net/ssl/SSLContext;Lorg/xnio/channels/ConnectedStreamChannel;Lorg/xnio/OptionMap;)Lorg/xnio/channels/ConnectedSslStreamChannel;+19
j  org.xnio.ssl.JsseXnioSsl$2.handleEvent(Lorg/xnio/channels/ConnectedStreamChannel;)V+16
j  org.xnio.ssl.JsseXnioSsl$2.handleEvent(Ljava/nio/channels/Channel;)V+5
j  org.xnio.ChannelListeners.invokeChannelListener(Ljava/nio/channels/Channel;Lorg/xnio/ChannelListener;)Z+16
j  org.xnio.nio.NioXnioWorker$1.handleEvent(Lorg/xnio/nio/NioTcpChannel;)V+59
j  org.xnio.nio.NioXnioWorker$1.handleEvent(Ljava/nio/channels/Channel;)V+5
j  org.xnio.ChannelListeners.invokeChannelListener(Ljava/nio/channels/Channel;Lorg/xnio/ChannelListener;)Z+16
j  org.xnio.nio.NioHandle.run()V+52
j  org.xnio.nio.WorkerThread.run()V+654
v  ~StubRoutines::call_stub

---------------  P R O C E S S  ---------------

Java Threads: ( => current thread )
  0x00007fdded0be800 JavaThread "Remoting "management-client" write-1" [_thread_in_native, id=31882, stack(0x00007fdde1a7c000,0x00007fdde1b7d000)]
=>0x00007fdded097800 JavaThread "Remoting "management-client" read-1" [_thread_in_vm, id=31881, stack(0x00007fdde1b7d000,0x00007fdde1c7e000)]
  0x00007fddec8b3000 JavaThread "resolver-5" daemon [_thread_blocked, id=31699, stack(0x00007fdde1c7e000,0x00007fdde1d7f000)]
  0x00007fddec6f7800 JavaThread "resolver-4" daemon [_thread_blocked, id=31682, stack(0x00007fdde1d7f000,0x00007fdde1e80000)]
  0x00007fddec6ea000 JavaThread "resolver-3" daemon [_thread_blocked, id=31681, stack(0x00007fdde8050000,0x00007fdde8151000)]
  0x00007fddec6dc800 JavaThread "resolver-2" daemon [_thread_blocked, id=31680, stack(0x00007fdde8151000,0x00007fdde8252000)]
  0x00007fddec6d2000 JavaThread "resolver-1" daemon [_thread_blocked, id=31679, stack(0x00007fdde8252000,0x00007fdde8353000)]
  0x00007fddec631000 JavaThread "process reaper" daemon [_thread_blocked, id=31677, stack(0x00007fdde83aa000,0x00007fdde83d2000)]
  0x00007fddec0ec800 JavaThread "Service Thread" daemon [_thread_blocked, id=31674, stack(0x00007fddf008b000,0x00007fddf018c000)]
  0x00007fddec0ea800 JavaThread "C2 CompilerThread1" daemon [_thread_blocked, id=31673, stack(0x00007fddf018c000,0x00007fddf028d000)]
  0x00007fddec0e7800 JavaThread "C2 CompilerThread0" daemon [_thread_blocked, id=31672, stack(0x00007fddf028d000,0x00007fddf038e000)]
  0x00007fddec0e5800 JavaThread "Signal Dispatcher" daemon [_thread_blocked, id=31671, stack(0x00007fddf038e000,0x00007fddf048f000)]
  0x00007fddec098000 JavaThread "Finalizer" daemon [_thread_blocked, id=31670, stack(0x00007fddf048f000,0x00007fddf0590000)]
  0x00007fddec095800 JavaThread "Reference Handler" daemon [_thread_blocked, id=31669, stack(0x00007fddf0590000,0x00007fddf0691000)]
  0x00007fddec009000 JavaThread "main" [_thread_blocked, id=31665, stack(0x00007fddf4cf8000,0x00007fddf4df9000)]

Other Threads:
  0x00007fddec08e000 VMThread [stack: 0x00007fddf0691000,0x00007fddf0792000] [id=31668]
  0x00007fddec0f7800 WatcherThread [stack: 0x00007fdde881c000,0x00007fdde891d000] [id=31675]

VM state:not at safepoint (normal execution)

VM Mutex/Monitor currently owned by a thread: None

Heap
 PSYoungGen      total 211328K, used 129756K [0x00000000eb600000, 0x00000000f8f10000, 0x0000000100000000)
  eden space 201344K, 60% used [0x00000000eb600000,0x00000000f2d8fbe0,0x00000000f7aa0000)
  from space 9984K, 73% used [0x00000000f84b0000,0x00000000f8bd7518,0x00000000f8e70000)
  to   space 10304K, 0% used [0x00000000f7aa0000,0x00000000f7aa0000,0x00000000f84b0000)
 ParOldGen       total 42240K, used 13105K [0x00000000c2200000, 0x00000000c4b40000, 0x00000000eb600000)
  object space 42240K, 31% used [0x00000000c2200000,0x00000000c2ecc480,0x00000000c4b40000)
 PSPermGen       total 25664K, used 25601K [0x00000000bd000000, 0x00000000be910000, 0x00000000c2200000)
  object space 25664K, 99% used [0x00000000bd000000,0x00000000be9007b0,0x00000000be910000)

Card table byte_map: [0x00007fddf1f28000,0x00007fddf2141000] byte_map_base: 0x00007fddf1940000

Polling page: 0x00007fddf4e13000

Code Cache  [0x00007fdde9000000, 0x00007fdde92c0000, 0x00007fddec000000)
 total_blobs=1101 nmethods=773 adapters=279 free_code_cache=46442Kb largest_free_block=47504064

Compilation events (10 events):
Event: 105,739 Thread 0x00007fddec0e7800 nmethod 819 0x00007fdde92a1b10 code [0x00007fdde92a1c40, 0x00007fdde92a1c98]
Event: 105,745 Thread 0x00007fddec0ea800  820             java.io.PushbackInputStream::read (42 bytes)
Event: 105,747 Thread 0x00007fddec0ea800 nmethod 820 0x00007fdde92a4d10 code [0x00007fdde92a4e60, 0x00007fdde92a5198]
Event: 105,748 Thread 0x00007fddec0ea800  822             java.io.FilterInputStream::read (8 bytes)
Event: 105,748 Thread 0x00007fddec0e7800  821             java.io.PushbackInputStream::ensureOpen (18 bytes)
Event: 105,749 Thread 0x00007fddec0e7800 nmethod 821 0x00007fdde92a4a50 code [0x00007fdde92a4b80, 0x00007fdde92a4bf8]
Event: 105,750 Thread 0x00007fddec0ea800 nmethod 822 0x00007fdde92a8cd0 code [0x00007fdde92a8e20, 0x00007fdde92a90d8]
Event: 105,751 Thread 0x00007fddec0e7800  823             java.lang.String::getBytes (90 bytes)
Event: 105,754 Thread 0x00007fddec0e7800 nmethod 823 0x00007fdde92a9210 code [0x00007fdde92a9360, 0x00007fdde92a9538]
Event: 105,759 Thread 0x00007fddec0e7800   11 %           com.sun.crypto.provider.AESCrypt::<clinit> @ 724 (1577 bytes)

GC Heap History (10 events):
Event: 5,646 GC heap before
{Heap before GC invocations=6 (full 0):
 PSYoungGen      total 34240K, used 34240K [0x00000000eb600000, 0x00000000f00c0000, 0x0000000100000000)
  eden space 31616K, 100% used [0x00000000eb600000,0x00000000ed4e0000,0x00000000ed4e0000)
  from space 2624K, 100% used [0x00000000ed4e0000,0x00000000ed770000,0x00000000ed770000)
  to   space 6656K, 0% used [0x00000000efa40000,0x00000000efa40000,0x00000000f00c0000)
 ParOldGen       total 42240K, used 6443K [0x00000000c2200000, 0x00000000c4b40000, 0x00000000eb600000)
  object space 42240K, 15% used [0x00000000c2200000,0x00000000c284ac10,0x00000000c4b40000)
 PSPermGen       total 21248K, used 13546K [0x00000000bd000000, 0x00000000be4c0000, 0x00000000c2200000)
  object space 21248K, 63% used [0x00000000bd000000,0x00000000bdd3a980,0x00000000be4c0000)
Event: 5,673 GC heap after
Heap after GC invocations=6 (full 0):
 PSYoungGen      total 69888K, used 4560K [0x00000000eb600000, 0x00000000f00c0000, 0x0000000100000000)
  eden space 63232K, 0% used [0x00000000eb600000,0x00000000eb600000,0x00000000ef3c0000)
  from space 6656K, 68% used [0x00000000efa40000,0x00000000efeb40d8,0x00000000f00c0000)
  to   space 6656K, 0% used [0x00000000ef3c0000,0x00000000ef3c0000,0x00000000efa40000)
 ParOldGen       total 42240K, used 6443K [0x00000000c2200000, 0x00000000c4b40000, 0x00000000eb600000)
  object space 42240K, 15% used [0x00000000c2200000,0x00000000c284ac10,0x00000000c4b40000)
 PSPermGen       total 21248K, used 13546K [0x00000000bd000000, 0x00000000be4c0000, 0x00000000c2200000)
  object space 21248K, 63% used [0x00000000bd000000,0x00000000bdd3a980,0x00000000be4c0000)
}
Event: 7,789 GC heap before
{Heap before GC invocations=7 (full 0):
 PSYoungGen      total 69888K, used 67792K [0x00000000eb600000, 0x00000000f00c0000, 0x0000000100000000)
  eden space 63232K, 100% used [0x00000000eb600000,0x00000000ef3c0000,0x00000000ef3c0000)
  from space 6656K, 68% used [0x00000000efa40000,0x00000000efeb40d8,0x00000000f00c0000)
  to   space 6656K, 0% used [0x00000000ef3c0000,0x00000000ef3c0000,0x00000000efa40000)
 ParOldGen       total 42240K, used 6443K [0x00000000c2200000, 0x00000000c4b40000, 0x00000000eb600000)
  object space 42240K, 15% used [0x00000000c2200000,0x00000000c284ac10,0x00000000c4b40000)
 PSPermGen       total 21248K, used 15083K [0x00000000bd000000, 0x00000000be4c0000, 0x00000000c2200000)
  object space 21248K, 70% used [0x00000000bd000000,0x00000000bdebac70,0x00000000be4c0000)
Event: 7,824 GC heap after
Heap after GC invocations=7 (full 0):
 PSYoungGen      total 69888K, used 6363K [0x00000000eb600000, 0x00000000f4020000, 0x0000000100000000)
  eden space 63232K, 0% used [0x00000000eb600000,0x00000000eb600000,0x00000000ef3c0000)
  from space 6656K, 95% used [0x00000000ef3c0000,0x00000000ef9f6cd8,0x00000000efa40000)
  to   space 7488K, 0% used [0x00000000f38d0000,0x00000000f38d0000,0x00000000f4020000)
 ParOldGen       total 42240K, used 7295K [0x00000000c2200000, 0x00000000c4b40000, 0x00000000eb600000)
  object space 42240K, 17% used [0x00000000c2200000,0x00000000c291fc70,0x00000000c4b40000)
 PSPermGen       total 21248K, used 15083K [0x00000000bd000000, 0x00000000be4c0000, 0x00000000c2200000)
  object space 21248K, 70% used [0x00000000bd000000,0x00000000bdebac70,0x00000000be4c0000)
}
Event: 9,533 GC heap before
{Heap before GC invocations=8 (full 0):
 PSYoungGen      total 69888K, used 69595K [0x00000000eb600000, 0x00000000f4020000, 0x0000000100000000)
  eden space 63232K, 100% used [0x00000000eb600000,0x00000000ef3c0000,0x00000000ef3c0000)
  from space 6656K, 95% used [0x00000000ef3c0000,0x00000000ef9f6cd8,0x00000000efa40000)
  to   space 7488K, 0% used [0x00000000f38d0000,0x00000000f38d0000,0x00000000f4020000)
 ParOldGen       total 42240K, used 7295K [0x00000000c2200000, 0x00000000c4b40000, 0x00000000eb600000)
  object space 42240K, 17% used [0x00000000c2200000,0x00000000c291fc70,0x00000000c4b40000)
 PSPermGen       total 21248K, used 16496K [0x00000000bd000000, 0x00000000be4c0000, 0x00000000c2200000)
  object space 21248K, 77% used [0x00000000bd000000,0x00000000be01c248,0x00000000be4c0000)
Event: 9,552 GC heap after
Heap after GC invocations=8 (full 0):
 PSYoungGen      total 133504K, used 6163K [0x00000000eb600000, 0x00000000f4100000, 0x0000000100000000)
  eden space 126016K, 0% used [0x00000000eb600000,0x00000000eb600000,0x00000000f3110000)
  from space 7488K, 82% used [0x00000000f38d0000,0x00000000f3ed4d08,0x00000000f4020000)
  to   space 7936K, 0% used [0x00000000f3110000,0x00000000f3110000,0x00000000f38d0000)
 ParOldGen       total 42240K, used 8135K [0x00000000c2200000, 0x00000000c4b40000, 0x00000000eb600000)
  object space 42240K, 19% used [0x00000000c2200000,0x00000000c29f1c70,0x00000000c4b40000)
 PSPermGen       total 21248K, used 16496K [0x00000000bd000000, 0x00000000be4c0000, 0x00000000c2200000)
  object space 21248K, 77% used [0x00000000bd000000,0x00000000be01c248,0x00000000be4c0000)
}
Event: 12,854 GC heap before
{Heap before GC invocations=9 (full 0):
 PSYoungGen      total 133504K, used 132179K [0x00000000eb600000, 0x00000000f4100000, 0x0000000100000000)
  eden space 126016K, 100% used [0x00000000eb600000,0x00000000f3110000,0x00000000f3110000)
  from space 7488K, 82% used [0x00000000f38d0000,0x00000000f3ed4d08,0x00000000f4020000)
  to   space 7936K, 0% used [0x00000000f3110000,0x00000000f3110000,0x00000000f38d0000)
 ParOldGen       total 42240K, used 8135K [0x00000000c2200000, 0x00000000c4b40000, 0x00000000eb600000)
  object space 42240K, 19% used [0x00000000c2200000,0x00000000c29f1c70,0x00000000c4b40000)
 PSPermGen       total 21248K, used 17804K [0x00000000bd000000, 0x00000000be4c0000, 0x00000000c2200000)
  object space 21248K, 83% used [0x00000000bd000000,0x00000000be1633e0,0x00000000be4c0000)
Event: 12,905 GC heap after
Heap after GC invocations=9 (full 0):
 PSYoungGen      total 133952K, used 7916K [0x00000000eb600000, 0x00000000f8e70000, 0x0000000100000000)
  eden space 126016K, 0% used [0x00000000eb600000,0x00000000eb600000,0x00000000f3110000)
  from space 7936K, 99% used [0x00000000f3110000,0x00000000f38cb008,0x00000000f38d0000)
  to   space 9984K, 0% used [0x00000000f84b0000,0x00000000f84b0000,0x00000000f8e70000)
 ParOldGen       total 42240K, used 10817K [0x00000000c2200000, 0x00000000c4b40000, 0x00000000eb600000)
  object space 42240K, 25% used [0x00000000c2200000,0x00000000c2c90480,0x00000000c4b40000)
 PSPermGen       total 21248K, used 17804K [0x00000000bd000000, 0x00000000be4c0000, 0x00000000c2200000)
  object space 21248K, 83% used [0x00000000bd000000,0x00000000be1633e0,0x00000000be4c0000)
}
Event: 93,810 GC heap before
{Heap before GC invocations=10 (full 0):
 PSYoungGen      total 133952K, used 133932K [0x00000000eb600000, 0x00000000f8e70000, 0x0000000100000000)
  eden space 126016K, 100% used [0x00000000eb600000,0x00000000f3110000,0x00000000f3110000)
  from space 7936K, 99% used [0x00000000f3110000,0x00000000f38cb008,0x00000000f38d0000)
  to   space 9984K, 0% used [0x00000000f84b0000,0x00000000f84b0000,0x00000000f8e70000)
 ParOldGen       total 42240K, used 10817K [0x00000000c2200000, 0x00000000c4b40000, 0x00000000eb600000)
  object space 42240K, 25% used [0x00000000c2200000,0x00000000c2c90480,0x00000000c4b40000)
 PSPermGen       total 21248K, used 19742K [0x00000000bd000000, 0x00000000be4c0000, 0x00000000c2200000)
  object space 21248K, 92% used [0x00000000bd000000,0x00000000be347938,0x00000000be4c0000)
Event: 93,844 GC heap after
Heap after GC invocations=10 (full 0):
 PSYoungGen      total 211328K, used 7325K [0x00000000eb600000, 0x00000000f8f10000, 0x0000000100000000)
  eden space 201344K, 0% used [0x00000000eb600000,0x00000000eb600000,0x00000000f7aa0000)
  from space 9984K, 73% used [0x00000000f84b0000,0x00000000f8bd7518,0x00000000f8e70000)
  to   space 10304K, 0% used [0x00000000f7aa0000,0x00000000f7aa0000,0x00000000f84b0000)
 ParOldGen       total 42240K, used 13105K [0x00000000c2200000, 0x00000000c4b40000, 0x00000000eb600000)
  object space 42240K, 31% used [0x00000000c2200000,0x00000000c2ecc480,0x00000000c4b40000)
 PSPermGen       total 21248K, used 19742K [0x00000000bd000000, 0x00000000be4c0000, 0x00000000c2200000)
  object space 21248K, 92% used [0x00000000bd000000,0x00000000be347938,0x00000000be4c0000)
}

Deoptimization events (10 events):
Event: 105,401 Thread 0x00007fdded097800 Uncommon trap -34 fr.pc 0x00007fdde91196b8
Event: 105,608 Thread 0x00007fdded097800 Uncommon trap -58 fr.pc 0x00007fdde90b5358
Event: 105,609 Thread 0x00007fdded097800 Uncommon trap -34 fr.pc 0x00007fdde906dec4
Event: 105,609 Thread 0x00007fdded097800 Uncommon trap -34 fr.pc 0x00007fdde906dec4
Event: 105,609 Thread 0x00007fdded097800 Uncommon trap -34 fr.pc 0x00007fdde906dec4
Event: 105,609 Thread 0x00007fdded097800 Uncommon trap -34 fr.pc 0x00007fdde906dec4
Event: 105,733 Thread 0x00007fdded097800 Uncommon trap -58 fr.pc 0x00007fdde929b8b8
Event: 105,733 Thread 0x00007fdded097800 Uncommon trap -58 fr.pc 0x00007fdde929b8b8
Event: 105,733 Thread 0x00007fdded097800 Uncommon trap -58 fr.pc 0x00007fdde929b8b8
Event: 105,733 Thread 0x00007fdded097800 Uncommon trap -58 fr.pc 0x00007fdde929b8b8

Internal exceptions (10 events):
Event: 105,309 Thread 0x00007fddec009000 Threw 0x00000000f27fd9a0 at /HUDSON/workspace/jdk7u21-2-build-linux-amd64-product/jdk7u21/hotspot/src/share/vm/prims/jvm.cpp:1166
Event: 105,310 Thread 0x00007fddec009000 Threw 0x00000000f2802e98 at /HUDSON/workspace/jdk7u21-2-build-linux-amd64-product/jdk7u21/hotspot/src/share/vm/prims/jvm.cpp:1166
Event: 105,311 Thread 0x00007fdded097800 Threw 0x00000000f22c2038 at /HUDSON/workspace/jdk7u21-2-build-linux-amd64-product/jdk7u21/hotspot/src/share/vm/prims/jvm.cpp:1166
Event: 105,329 Thread 0x00007fdded097800 Threw 0x00000000f22d7408 at /HUDSON/workspace/jdk7u21-2-build-linux-amd64-product/jdk7u21/hotspot/src/share/vm/prims/jvm.cpp:1166
Event: 105,330 Thread 0x00007fdded097800 Threw 0x00000000f22ecb10 at /HUDSON/workspace/jdk7u21-2-build-linux-amd64-product/jdk7u21/hotspot/src/share/vm/prims/jvm.cpp:1166
Event: 105,331 Thread 0x00007fddec009000 Threw 0x00000000f2809258 at /HUDSON/workspace/jdk7u21-2-build-linux-amd64-product/jdk7u21/hotspot/src/share/vm/prims/jvm.cpp:1166
Event: 105,332 Thread 0x00007fddec009000 Threw 0x00000000f280f338 at /HUDSON/workspace/jdk7u21-2-build-linux-amd64-product/jdk7u21/hotspot/src/share/vm/prims/jvm.cpp:1166
Event: 105,333 Thread 0x00007fddec009000 Threw 0x00000000f2815380 at /HUDSON/workspace/jdk7u21-2-build-linux-amd64-product/jdk7u21/hotspot/src/share/vm/prims/jvm.cpp:1166
Event: 105,334 Thread 0x00007fddec009000 Threw 0x00000000f281ae30 at /HUDSON/workspace/jdk7u21-2-build-linux-amd64-product/jdk7u21/hotspot/src/share/vm/prims/jvm.cpp:1166
Event: 105,334 Thread 0x00007fdded097800 Threw 0x00000000f22f3b98 at /HUDSON/workspace/jdk7u21-2-build-linux-amd64-product/jdk7u21/hotspot/src/share/vm/prims/jvm.cpp:1166

Events (10 events):
Event: 105,844 Executing VM operation: RevokeBias done
Event: 105,844 Executing VM operation: RevokeBias
Event: 105,844 Executing VM operation: RevokeBias done
Event: 105,845 Executing VM operation: RevokeBias
Event: 105,845 Executing VM operation: RevokeBias done
Event: 105,845 Executing VM operation: RevokeBias
Event: 105,845 Executing VM operation: RevokeBias done
Event: 105,845 loading class 0x00007fdded15cfa0
Event: 105,845 loading class 0x00007fdded15cfa0 done
Event: 105,846 loading class 0x00007fdded15b540


Dynamic libraries:
00400000-00401000 r-xp 00000000 08:13 3163569                            /usr/lib/jvm/jdk1.7.0_21/bin/java
00600000-00601000 rw-p 00000000 08:13 3163569                            /usr/lib/jvm/jdk1.7.0_21/bin/java
01d0b000-01d2c000 rw-p 00000000 00:00 0                                  [heap]
bd000000-be910000 rw-p 00000000 00:00 0 
be910000-c2200000 rw-p 00000000 00:00 0 
c2200000-c4b40000 rw-p 00000000 00:00 0 
c4b40000-eb600000 rw-p 00000000 00:00 0 
eb600000-f8f10000 rw-p 00000000 00:00 0 
f8f10000-100000000 rw-p 00000000 00:00 0 
7fdda8000000-7fdda8021000 rw-p 00000000 00:00 0 
7fdda8021000-7fddac000000 ---p 00000000 00:00 0 
7fddb0000000-7fddb0021000 rw-p 00000000 00:00 0 
7fddb0021000-7fddb4000000 ---p 00000000 00:00 0 
7fddb4000000-7fddb423b000 rw-p 00000000 00:00 0 
7fddb423b000-7fddb8000000 ---p 00000000 00:00 0 
7fddb8000000-7fddb8021000 rw-p 00000000 00:00 0 
7fddb8021000-7fddbc000000 ---p 00000000 00:00 0 
7fddbc000000-7fddbc021000 rw-p 00000000 00:00 0 
7fddbc021000-7fddc0000000 ---p 00000000 00:00 0 
7fddc0000000-7fddc1e1c000 rw-p 00000000 00:00 0 
7fddc1e1c000-7fddc4000000 ---p 00000000 00:00 0 
7fddc4000000-7fddc4021000 rw-p 00000000 00:00 0 
7fddc4021000-7fddc8000000 ---p 00000000 00:00 0 
7fddc8000000-7fddc8021000 rw-p 00000000 00:00 0 
7fddc8021000-7fddcc000000 ---p 00000000 00:00 0 
7fddcc000000-7fddcd8b7000 rw-p 00000000 00:00 0 
7fddcd8b7000-7fddd0000000 ---p 00000000 00:00 0 
7fddd0000000-7fddd0021000 rw-p 00000000 00:00 0 
7fddd0021000-7fddd4000000 ---p 00000000 00:00 0 
7fddd4000000-7fddd4021000 rw-p 00000000 00:00 0 
7fddd4021000-7fddd8000000 ---p 00000000 00:00 0 
7fddd8000000-7fddd8021000 rw-p 00000000 00:00 0 
7fddd8021000-7fdddc000000 ---p 00000000 00:00 0 
7fdddc000000-7fdddc021000 rw-p 00000000 00:00 0 
7fdddc021000-7fdde0000000 ---p 00000000 00:00 0 
7fdde0d33000-7fdde0d48000 r-xp 00000000 08:13 1054273                    /lib/x86_64-linux-gnu/libgcc_s.so.1
7fdde0d48000-7fdde0f47000 ---p 00015000 08:13 1054273                    /lib/x86_64-linux-gnu/libgcc_s.so.1
7fdde0f47000-7fdde0f48000 r--p 00014000 08:13 1054273                    /lib/x86_64-linux-gnu/libgcc_s.so.1
7fdde0f48000-7fdde0f49000 rw-p 00015000 08:13 1054273                    /lib/x86_64-linux-gnu/libgcc_s.so.1
7fdde0f49000-7fdde0f7b000 r-xp 00000000 08:13 659462                     /usr/lib/jvm/jdk1.7.0_21/jre/lib/amd64/libsunec.so
7fdde0f7b000-7fdde117a000 ---p 00032000 08:13 659462                     /usr/lib/jvm/jdk1.7.0_21/jre/lib/amd64/libsunec.so
7fdde117a000-7fdde1180000 rw-p 00031000 08:13 659462                     /usr/lib/jvm/jdk1.7.0_21/jre/lib/amd64/libsunec.so
7fdde1180000-7fdde1190000 rw-p 00000000 00:00 0 
7fdde1190000-7fdde1198000 r-xp 00000000 08:13 659485                     /usr/lib/jvm/jdk1.7.0_21/jre/lib/amd64/libmanagement.so
7fdde1198000-7fdde1397000 ---p 00008000 08:13 659485                     /usr/lib/jvm/jdk1.7.0_21/jre/lib/amd64/libmanagement.so
7fdde1397000-7fdde1398000 rw-p 00007000 08:13 659485                     /usr/lib/jvm/jdk1.7.0_21/jre/lib/amd64/libmanagement.so
7fdde1398000-7fdde1402000 r--s 00e18000 08:13 3163757                    /usr/lib/jvm/jdk1.7.0_21/lib/tools.jar
7fdde1402000-7fdde1479000 r--s 009b7000 08:13 2890503                    /home/luis/Programacion/workspace/gha/lib/smartgwt-3.1.jar
7fdde1486000-7fdde148a000 r--s 00016000 08:13 2889860                    /home/luis/Programacion/workspace/gha/domain/target/domain-1.jar
7fdde14a8000-7fdde14a9000 rw-p 00000000 00:00 0 
7fdde14a9000-7fdde14ad000 r--s 0002d000 08:13 659516                     /usr/lib/jvm/jdk1.7.0_21/jre/lib/ext/sunjce_provider.jar
7fdde14ad000-7fdde14ae000 r--s 00003000 08:13 659522                     /usr/lib/jvm/jdk1.7.0_21/jre/lib/ext/sunec.jar
7fdde14ae000-7fdde14b2000 r--s 00037000 08:13 659519                     /usr/lib/jvm/jdk1.7.0_21/jre/lib/ext/sunpkcs11.jar
7fdde14b2000-7fdde14b4000 r--s 00019000 08:13 3163693                    /usr/lib/jvm/jdk1.7.0_21/jre/lib/jce.jar
7fdde14b4000-7fdde14b8000 r--s 00035000 08:13 4347364                    /home/luis/.m2/repository/org/codehaus/plexus/plexus-utils/3.0.10/plexus-utils-3.0.10.jar
7fdde14b8000-7fdde14b9000 r--s 00003000 08:13 4474884                    /home/luis/.m2/repository/org/apache/maven/plugin-tools/maven-plugin-annotations/3.2/maven-plugin-annotations-3.2.jar
7fdde14b9000-7fdde14bf000 r--s 00036000 08:13 4474883                    /home/luis/.m2/repository/org/jboss/xnio/xnio-api/3.0.7.GA/xnio-api-3.0.7.GA.jar
7fdde14bf000-7fdde14c5000 r--s 00035000 08:13 4474882                    /home/luis/.m2/repository/org/jboss/remoting3/jboss-remoting/3.2.12.GA/jboss-remoting-3.2.12.GA.jar
7fdde14c5000-7fdde14c9000 r--s 0001a000 08:13 4347363                    /home/luis/.m2/repository/org/jboss/threads/jboss-threads/2.0.0.GA/jboss-threads-2.0.0.GA.jar
7fdde14c9000-7fdde14cb000 r--s 00014000 08:13 4347362                    /home/luis/.m2/repository/org/jboss/jboss-dmr/1.1.1.Final/jboss-dmr-1.1.1.Final.jar
7fdde14cb000-7fdde14ce000 r--s 00016000 08:13 4212489                    /home/luis/.m2/repository/org/jboss/as/jboss-as-protocol/7.1.2.Final/jboss-as-protocol-7.1.2.Final.jar
7fdde14ce000-7fdde14d3000 r--s 00028000 08:13 4087764                    /home/luis/.m2/repository/org/jboss/as/jboss-as-controller-client/7.1.2.Final/jboss-as-controller-client-7.1.2.Final.jar
7fdde14d3000-7fdde14d4000 r--s 00000000 08:13 4347361                    /home/luis/.m2/repository/org/jboss/as/jboss-as-build-config/7.1.2.Final/jboss-as-build-config-7.1.2.Final.jar
7fdde14d4000-7fdde14da000 r--s 0005f000 08:13 3163759                    /usr/lib/jvm/jdk1.7.0_21/lib/jconsole.jar
7fdde14da000-7fdde14dd000 r--s 00018000 08:13 4347360                    /home/luis/.m2/repository/org/jboss/jboss-vfs/3.1.0.Final/jboss-vfs-3.1.0.Final.jar
7fdde14dd000-7fdde14df000 r--s 00012000 08:13 4347359                    /home/luis/.m2/repository/org/jboss/xnio/xnio-nio/3.0.3.GA/xnio-nio-3.0.3.GA.jar
7fdde14df000-7fdde14e2000 r--s 00012000 08:13 4347358                    /home/luis/.m2/repository/org/jboss/marshalling/jboss-marshalling-river/1.3.14.GA/jboss-marshalling-river-1.3.14.GA.jar
7fdde14e2000-7fdde14e8000 r--s 00033000 08:13 3819270                    /home/luis/.m2/repository/org/jboss/marshalling/jboss-marshalling/1.3.14.GA/jboss-marshalling-1.3.14.GA.jar
7fdde14e8000-7fdde14ed000 r--s 00025000 08:13 3168367                    /home/luis/.m2/repository/org/jboss/logging/jboss-logging-processor/1.0.2.Final/jboss-logging-processor-1.0.2.Final.jar
7fdde14ed000-7fdde14f3000 r--s 00039000 08:13 4347357                    /home/luis/.m2/repository/org/jboss/logmanager/jboss-logmanager/1.3.0.Final/jboss-logmanager-1.3.0.Final.jar
7fdde14f3000-7fdde14f8000 r--s 00021000 08:13 4347356                    /home/luis/.m2/repository/org/jboss/remotingjmx/remoting-jmx/1.0.3.Final/remoting-jmx-1.0.3.Final.jar
7fdde14f8000-7fdde14fc000 r--s 00030000 08:13 4347355                    /home/luis/.m2/repository/org/jboss/msc/jboss-msc/1.0.2.GA/jboss-msc-1.0.2.GA.jar
7fdde14fc000-7fdde1501000 r--s 0003d000 08:13 4347354                    /home/luis/.m2/repository/org/jboss/modules/jboss-modules/1.1.2.GA/jboss-modules-1.1.2.GA.jar
7fdde1501000-7fdde1514000 r--s 000ea000 08:13 4347353                    /home/luis/.m2/repository/org/jboss/as/jboss-as-controller/7.1.2.Final/jboss-as-controller-7.1.2.Final.jar
7fdde1514000-7fdde1516000 r--s 00014000 08:13 4347352                    /home/luis/.m2/repository/org/jboss/sasl/jboss-sasl/1.0.1.Final/jboss-sasl-1.0.1.Final.jar
7fdde1516000-7fdde1518000 r--s 0000d000 08:13 4212488                    /home/luis/.m2/repository/org/jboss/logging/jboss-logging/3.1.1.GA/jboss-logging-3.1.1.GA.jar
7fdde1518000-7fdde151a000 r--s 00007000 08:13 3687749                    /home/luis/.m2/repository/org/jboss/staxmapper/1.1.0.Final/staxmapper-1.1.0.Final.jar
7fdde151a000-7fdde151c000 r--s 00014000 08:13 2634766                    /home/luis/.m2/repository/jline/jline/0.9.94/jline-0.9.94.jar
7fdde151c000-7fdde1528000 r--s 00082000 08:13 3168366                    /home/luis/.m2/repository/org/jboss/as/jboss-as-cli/7.1.2.Final/jboss-as-cli-7.1.2.Final.jar
7fdde1528000-7fdde152c000 r--s 0001c000 08:13 4212487                    /home/luis/.m2/repository/org/sonatype/aether/aether-util/1.13.1/aether-util-1.13.1.jar
7fdde152c000-7fdde152e000 r--s 0000b000 08:13 2895959                    /home/luis/.m2/repository/org/codehaus/plexus/plexus-interpolation/1.11/plexus-interpolation-1.11.jar
7fdde152e000-7fdde1536000 r--s 00049000 08:13 2895958                    /home/luis/.m2/repository/backport-util-concurrent/backport-util-concurrent/3.1/backport-util-concurrent-3.1.jar
7fdde1536000-7fdde1555000 r--s 00152000 08:13 4212486                    /home/luis/.m2/repository/org/sonatype/sisu/sisu-guava/0.9.9/sisu-guava-0.9.9.jar
7fdde1555000-7fdde155d000 r--s 00050000 08:13 4212485                    /home/luis/.m2/repository/org/sonatype/sisu/sisu-guice/3.1.0/sisu-guice-3.1.0-no_aop.jar
7fdde155d000-7fdde1564000 r--s 00040000 08:13 4212484                    /home/luis/.m2/repository/org/sonatype/sisu/sisu-inject-bean/2.3.0/sisu-inject-bean-2.3.0.jar
7fdde1564000-7fdde1566000 r--s 00016000 08:13 2891979                    /home/luis/.m2/repository/org/jboss/as/plugins/jboss-as-maven-plugin/7.4.Final/jboss-as-maven-plugin-7.4.Final.jar
7fdde1566000-7fdde1568000 r--s 00007000 08:13 3029024                    /home/luis/.m2/repository/org/apache/maven/shared/maven-filtering/1.0-beta-4/maven-filtering-1.0-beta-4.jar
7fdde1568000-7fdde1569000 r--s 00005000 08:13 2891968                    /home/luis/.m2/repository/org/apache/maven/plugins/maven-resources-plugin/2.4.3/maven-resources-plugin-2.4.3.jar
7fdde1569000-7fdde156b000 r--s 0000b000 08:13 3022259                    /home/luis/.m2/repository/org/codehaus/plexus/plexus-interpolation/1.6/plexus-interpolation-1.6.jar
7fdde156b000-7fdde1570000 r--s 0003c000 08:13 3427512                    /home/luis/.m2/repository/org/codehaus/plexus/plexus-utils/1.5.7/plexus-utils-1.5.7.jar
7fdde1570000-7fdde1573000 r--s 00020000 08:13 3168349                    /home/luis/.m2/repository/org/codehaus/plexus/plexus-archiver/1.0-alpha-7/plexus-archiver-1.0-alpha-7.jar
7fdde1573000-7fdde1574000 r--s 00002000 08:13 3168348                    /home/luis/.m2/repository/org/apache/maven/maven-archiver/2.2/maven-archiver-2.2.jar
7fdde1574000-7fdde1576000 r--s 0000e000 08:13 2891962                    /home/luis/.m2/repository/org/apache/maven/plugins/maven-ear-plugin/2.4.1/maven-ear-plugin-2.4.1.jar
7fdde1576000-7fdde1580000 r--s 00254000 08:13 3163671                    /usr/lib/jvm/jdk1.7.0_21/jre/lib/resources.jar
7fdde1580000-7fdde1582000 r--s 00005000 08:13 2634713                    /home/luis/.m2/repository/xpp3/xpp3_min/1.1.4c/xpp3_min-1.1.4c.jar
7fdde1582000-7fdde158d000 r--s 0005f000 08:13 3295929                    /home/luis/.m2/repository/com/thoughtworks/xstream/xstream/1.3.1/xstream-1.3.1.jar
7fdde158d000-7fdde1590000 r--s 0000a000 08:13 3168333                    /home/luis/.m2/repository/org/codehaus/plexus/plexus-io/1.0.1/plexus-io-1.0.1.jar
7fdde1590000-7fdde1594000 r--s 00029000 08:13 3168332                    /home/luis/.m2/repository/org/codehaus/plexus/plexus-archiver/1.2/plexus-archiver-1.2.jar
7fdde1594000-7fdde1596000 r--s 00011000 08:13 2892167                    /home/luis/.m2/repository/org/apache/maven/plugins/maven-war-plugin/2.1.1/maven-war-plugin-2.1.1.jar
7fdde1596000-7fdde159b000 r--s 0002c000 08:13 3028880                    /home/luis/.m2/repository/com/googlecode/gwtupload/gwtupload/0.6.6/gwtupload-0.6.6.jar
7fdde159b000-7fdde15a2000 r--s 00020000 08:13 3166821                    /home/luis/.m2/repository/com/google/code/gwtx/gwtx/1.5.3/gwtx-1.5.3.jar
7fdde15a2000-7fdde15a4000 r--s 00002000 08:13 2892297                    /home/luis/.m2/repository/org/codehaus/plexus/plexus-compiler-javac/1.8.1/plexus-compiler-javac-1.8.1.jar
7fdde15a4000-7fdde15a6000 r--s 00000000 08:13 2892296                    /home/luis/.m2/repository/org/codehaus/plexus/plexus-compiler-manager/1.8.1/plexus-compiler-manager-1.8.1.jar
7fdde15a6000-7fdde15a7000 r--s 00004000 08:13 2892295                    /home/luis/.m2/repository/org/codehaus/plexus/plexus-compiler-api/1.8.1/plexus-compiler-api-1.8.1.jar
7fdde15a7000-7fdde15a9000 r--s 00006000 08:13 2891981                    /home/luis/.m2/repository/org/apache/maven/plugins/maven-compiler-plugin/2.3.2/maven-compiler-plugin-2.3.2.jar
7fdde15a9000-7fdde15b0000 r--s 00000000 08:13 3421126                    /usr/lib/x86_64-linux-gnu/gconv/gconv-modules.cache
7fdde15b0000-7fdde15d5000 r--p 00000000 08:13 3680972                    /usr/share/locale-langpack/es/LC_MESSAGES/libc.mo
7fdde15d5000-7fdde15d6000 r--s 00003000 08:13 3028811                    /home/luis/.m2/repository/org/codehaus/plexus/plexus-compiler-javac/1.5.3/plexus-compiler-javac-1.5.3.jar
7fdde15d6000-7fdde15d8000 r--s 00001000 08:13 3028810                    /home/luis/.m2/repository/org/sonatype/plexus/plexus-build-api/0.0.7/plexus-build-api-0.0.7.jar
7fdde15d8000-7fdde15d9000 r--s 00004000 08:13 2892703                    /home/luis/.m2/repository/org/codehaus/plexus/plexus-compiler-api/1.5.3/plexus-compiler-api-1.5.3.jar
7fdde15d9000-7fdde15f1000 r--s 00115000 08:13 3028809                    /home/luis/.m2/repository/xerces/xercesImpl/2.9.1/xercesImpl-2.9.1.jar
7fdde15f1000-7fdde15f2000 r--s 00006000 08:13 3028808                    /home/luis/.m2/repository/jakarta-regexp/jakarta-regexp/1.4/jakarta-regexp-1.4.jar
7fdde15f2000-7fdde15fc000 r--s 00079000 08:13 3028807                    /home/luis/.m2/repository/org/apache/bcel/bcel/5.2/bcel-5.2.jar
7fdde15fc000-7fdde160e000 r--s 00245000 08:13 3029522                    /home/luis/.m2/repository/com/ibm/icu/icu4j/2.6.1/icu4j-2.6.1.jar
7fdde160e000-7fdde1633000 r--s 002dc000 08:13 3028805                    /home/luis/.m2/repository/xalan/xalan/2.6.0/xalan-2.6.0.jar
7fdde1633000-7fdde1639000 r--s 00019000 08:13 3028804                    /home/luis/.m2/repository/xerces/xmlParserAPIs/2.6.2/xmlParserAPIs-2.6.2.jar
7fdde1639000-7fdde163c000 r--s 00018000 08:13 3028803                    /home/luis/.m2/repository/xom/xom/1.0/xom-1.0.jar
7fdde163c000-7fdde1644000 r--s 00028000 08:13 3028802                    /home/luis/.m2/repository/xml-apis/xml-apis/1.3.02/xml-apis-1.3.02.jar
7fdde1644000-7fdde1647000 r--s 00023000 08:13 3028801                    /home/luis/.m2/repository/jdom/jdom/1.0/jdom-1.0.jar
7fdde1647000-7fdde164c000 r--s 00048000 08:13 2892113                    /home/luis/.m2/repository/dom4j/dom4j/1.6.1/dom4j-1.6.1.jar
7fdde164c000-7fdde1652000 r--s 00032000 08:13 3028800                    /home/luis/.m2/repository/jaxen/jaxen/1.1.1/jaxen-1.1.1.jar
7fdde1652000-7fdde1655000 r--s 00023000 08:13 3028799                    /home/luis/.m2/repository/org/jdom/jdom/1.1/jdom-1.1.jar
7fdde1655000-7fdde165a000 r--s 00040000 08:13 3028798                    /home/luis/.m2/repository/commons-lang/commons-lang/2.5/commons-lang-2.5.jar
7fdde165a000-7fdde165d000 r--s 00024000 08:13 3028797                    /home/luis/.m2/repository/commons-io/commons-io/2.0.1/commons-io-2.0.1.jar
7fdde165d000-7fdde1666000 r--s 00075000 08:13 3028796                    /home/luis/.m2/repository/org/apache/maven/surefire/surefire-api/2.4.3/surefire-api-2.4.3.jar
7fdde1666000-7fdde166c000 r--s 0003c000 08:13 3028795                    /home/luis/.m2/repository/org/apache/maven/surefire/surefire-booter/2.4.3/surefire-booter-2.4.3.jar
7fdde166c000-7fdde1672000 r--s 00034000 08:13 3028794                    /home/luis/.m2/repository/junit/junit/4.8.1/junit-4.8.1.jar
7fdde1672000-7fdde1673000 r--s 00002000 08:13 3028792                    /home/luis/.m2/repository/org/codehaus/plexus/plexus-io/1.0-alpha-1/plexus-io-1.0-alpha-1.jar
7fdde1673000-7fdde1677000 r--s 00023000 08:13 3028791                    /home/luis/.m2/repository/org/codehaus/plexus/plexus-archiver/1.0-alpha-9/plexus-archiver-1.0-alpha-9.jar
7fdde1677000-7fdde1679000 r--s 0000e000 08:13 2892351                    /home/luis/.m2/repository/javax/validation/validation-api/1.0.0.GA/validation-api-1.0.0.GA-sources.jar
7fdde1679000-7fdde167c000 r--s 00009000 08:13 2892350                    /home/luis/.m2/repository/javax/validation/validation-api/1.0.0.GA/validation-api-1.0.0.GA.jar
7fdde167c000-7fdde1781000 r--s 01a68000 08:13 3020957                    /home/luis/.m2/repository/com/google/gwt/gwt-user/2.5.1/gwt-user-2.5.1.jar
7fdde1781000-7fdde1783000 r--s 00013000 08:13 3022474                    /home/luis/.m2/repository/com/google/gwt/gwt-codeserver/2.5.1/gwt-codeserver-2.5.1.jar
7fdde1783000-7fdde1785000 r--s 0000a000 08:13 3028788                    /home/luis/.m2/repository/org/json/json/20090211/json-20090211.jar
7fdde1785000-7fdde1940000 r--s 01e99000 08:13 3022401                    /home/luis/.m2/repository/com/google/gwt/gwt-dev/2.5.1/gwt-dev-2.5.1.jar
7fdde1940000-7fdde194f000 r--s 000b3000 08:13 3028786                    /home/luis/.m2/repository/freemarker/freemarker/2.3.6/freemarker-2.3.6.jar
7fdde194f000-7fdde1953000 r--s 00028000 08:13 3028785                    /home/luis/.m2/repository/com/thoughtworks/qdox/qdox/1.12/qdox-1.12.jar
7fdde1953000-7fdde1955000 r--s 0000d000 08:13 3028784                    /home/luis/.m2/repository/commons-logging/commons-logging/1.1.1/commons-logging-1.1.1.jar
7fdde1955000-7fdde1956000 r--s 0000c000 08:13 3028783                    /home/luis/.m2/repository/org/springframework/spring-asm/3.0.5.RELEASE/spring-asm-3.0.5.RELEASE.jar
7fdde1956000-7fdde195f000 r--s 00055000 08:13 3028782                    /home/luis/.m2/repository/org/springframework/spring-core/3.0.5.RELEASE/spring-core-3.0.5.RELEASE.jar
7fdde195f000-7fdde196c000 r--s 0007f000 08:13 3028781                    /home/luis/.m2/repository/commons-collections/commons-collections/3.2/commons-collections-3.2.jar
7fdde196c000-7fdde1974000 r--s 00058000 08:13 3028780                    /home/luis/.m2/repository/org/apache/velocity/velocity/1.5/velocity-1.5.jar
7fdde1974000-7fdde1975000 r--s 00001000 08:13 3028779                    /home/luis/.m2/repository/org/codehaus/plexus/plexus-velocity/1.1.7/plexus-velocity-1.1.7.jar
7fdde1975000-7fdde1976000 r--s 00002000 08:13 3028778                    /home/luis/.m2/repository/org/codehaus/plexus/plexus-i18n/1.0-beta-7/plexus-i18n-1.0-beta-7.jar
7fdde1976000-7fdde1978000 r--s 00008000 08:13 3028777                    /home/luis/.m2/repository/org/apache/maven/doxia/doxia-module-fml/1.1.4/doxia-module-fml-1.1.4.jar
7fdde1978000-7fdde1979000 r--s 00003000 08:13 3028776                    /home/luis/.m2/repository/org/apache/maven/doxia/doxia-module-xhtml/1.1.4/doxia-module-xhtml-1.1.4.jar
7fdde1979000-7fdde197b000 r--s 0000b000 08:13 3028775                    /home/luis/.m2/repository/org/apache/maven/doxia/doxia-decoration-model/1.1.4/doxia-decoration-model-1.1.4.jar
7fdde197b000-7fdde197e000 ---p 00000000 00:00 0 
7fdde197e000-7fdde1a7c000 rw-p 00000000 00:00 0 
7fdde1a7c000-7fdde1a7f000 ---p 00000000 00:00 0 
7fdde1a7f000-7fdde1b7d000 rw-p 00000000 00:00 0 
7fdde1b7d000-7fdde1b80000 ---p 00000000 00:00 0 
7fdde1b80000-7fdde1c7e000 rw-p 00000000 00:00 0 
7fdde1c7e000-7fdde1c81000 ---p 00000000 00:00 0 
7fdde1c81000-7fdde1d7f000 rw-p 00000000 00:00 0 
7fdde1d7f000-7fdde1d82000 ---p 00000000 00:00 0 
7fdde1d82000-7fdde4000000 rw-p 00000000 00:00 0 
7fdde4000000-7fdde4021000 rw-p 00000000 00:00 0 
7fdde4021000-7fdde8000000 ---p 00000000 00:00 0 
7fdde8000000-7fdde8002000 r--s 0000b000 08:13 3028774                    /home/luis/.m2/repository/org/apache/maven/doxia/doxia-site-renderer/1.1.4/doxia-site-renderer-1.1.4.jar
7fdde8002000-7fdde8003000 r--s 00002000 08:13 3028773                    /home/luis/.m2/repository/org/apache/maven/doxia/doxia-logging-api/1.1.4/doxia-logging-api-1.1.4.jar
7fdde8003000-7fdde8005000 r--s 00002000 08:13 3028772                    /home/luis/.m2/repository/org/apache/maven/doxia/doxia-sink-api/1.1.4/doxia-sink-api-1.1.4.jar
7fdde8005000-7fdde8007000 r--s 0000e000 08:13 3028771                    /home/luis/.m2/repository/oro/oro/2.0.8/oro-2.0.8.jar
7fdde8007000-7fdde800b000 r--s 00026000 08:13 3028770                    /home/luis/.m2/repository/commons-digester/commons-digester/1.6/commons-digester-1.6.jar
7fdde800b000-7fdde8010000 r--s 0002a000 08:13 3028769                    /home/luis/.m2/repository/commons-beanutils/commons-beanutils/1.7.0/commons-beanutils-1.7.0.jar
7fdde8010000-7fdde8013000 r--s 00014000 08:13 3028768                    /home/luis/.m2/repository/commons-validator/commons-validator/1.2.0/commons-validator-1.2.0.jar
7fdde8013000-7fdde8015000 r--s 00006000 08:13 3028767                    /home/luis/.m2/repository/commons-codec/commons-codec/1.2/commons-codec-1.2.jar
7fdde8015000-7fdde801b000 r--s 00045000 08:13 3028766                    /home/luis/.m2/repository/commons-httpclient/commons-httpclient/3.1/commons-httpclient-3.1.jar
7fdde801b000-7fdde801f000 r--s 00023000 08:13 2892702                    /home/luis/.m2/repository/org/apache/maven/doxia/doxia-core/1.1.2/doxia-core-1.1.2.jar
7fdde801f000-7fdde8021000 r--s 00003000 08:13 2892701                    /home/luis/.m2/repository/org/apache/maven/reporting/maven-reporting-impl/2.1/maven-reporting-impl-2.1.jar
7fdde8021000-7fdde8022000 r--s 00002000 08:13 2892700                    /home/luis/.m2/repository/org/apache/maven/reporting/maven-reporting-api/3.0/maven-reporting-api-3.0.jar
7fdde8022000-7fdde8026000 r--s 0002a000 08:13 2892026                    /home/luis/.m2/repository/org/codehaus/mojo/gwt-maven-plugin/2.5.1/gwt-maven-plugin-2.5.1.jar
7fdde8026000-7fdde8029000 r--s 0000a000 08:13 3029510                    /home/luis/.m2/repository/org/codehaus/plexus/plexus-io/1.0/plexus-io-1.0.jar
7fdde8029000-7fdde802d000 r--s 00028000 08:13 3029509                    /home/luis/.m2/repository/org/codehaus/plexus/plexus-archiver/1.0/plexus-archiver-1.0.jar
7fdde802d000-7fdde802f000 r--s 00007000 08:13 3029508                    /home/luis/.m2/repository/org/apache/maven/shared/maven-filtering/1.0-beta-2/maven-filtering-1.0-beta-2.jar
7fdde802f000-7fdde8030000 r--s 00004000 08:13 2891952                    /home/luis/.m2/repository/org/apache/maven/plugins/maven-ejb-plugin/2.3/maven-ejb-plugin-2.3.jar
7fdde8030000-7fdde8034000 r--s 00034000 08:13 3029469                    /home/luis/.m2/repository/org/codehaus/plexus/plexus-utils/3.0.1/plexus-utils-3.0.1.jar
7fdde8034000-7fdde8037000 r--s 0000c000 08:13 3029468                    /home/luis/.m2/repository/org/codehaus/plexus/plexus-io/2.0.4/plexus-io-2.0.4.jar
7fdde8037000-7fdde803c000 r--s 00029000 08:13 3029467                    /home/luis/.m2/repository/org/codehaus/plexus/plexus-archiver/2.1.2/plexus-archiver-2.1.2.jar
7fdde803c000-7fdde803d000 r--s 00004000 08:13 3028793                    /home/luis/.m2/repository/org/apache/maven/maven-archiver/2.4.1/maven-archiver-2.4.1.jar
7fdde803d000-7fdde803f000 r--s 00006000 08:13 2891356                    /home/luis/.m2/repository/org/apache/maven/plugins/maven-source-plugin/2.2/maven-source-plugin-2.2.jar
7fdde803f000-7fdde8043000 r--s 00034000 08:13 3029439                    /home/luis/.m2/repository/org/codehaus/plexus/plexus-utils/3.0/plexus-utils-3.0.jar
7fdde8043000-7fdde8047000 r--s 0002f000 08:13 3029438                    /home/luis/.m2/repository/commons-lang/commons-lang/2.1/commons-lang-2.1.jar
7fdde8047000-7fdde804a000 r--s 0000c000 08:13 3029437                    /home/luis/.m2/repository/org/codehaus/plexus/plexus-io/2.0.1/plexus-io-2.0.1.jar
7fdde804a000-7fdde804e000 r--s 00028000 08:13 3029436                    /home/luis/.m2/repository/org/codehaus/plexus/plexus-archiver/2.0.1/plexus-archiver-2.0.1.jar
7fdde804e000-7fdde804f000 r--s 00004000 08:13 3029435                    /home/luis/.m2/repository/org/apache/maven/maven-archiver/2.4.2/maven-archiver-2.4.2.jar
7fdde804f000-7fdde8050000 r--s 00007000 08:13 2891349                    /home/luis/.m2/repository/org/apache/maven/plugins/maven-jar-plugin/2.3.2/maven-jar-plugin-2.3.2.jar
7fdde8050000-7fdde8053000 ---p 00000000 00:00 0 
7fdde8053000-7fdde8151000 rw-p 00000000 00:00 0 
7fdde8151000-7fdde8154000 ---p 00000000 00:00 0 
7fdde8154000-7fdde8252000 rw-p 00000000 00:00 0 
7fdde8252000-7fdde8255000 ---p 00000000 00:00 0 
7fdde8255000-7fdde8353000 rw-p 00000000 00:00 0 
7fdde8353000-7fdde8354000 r--s 00002000 08:13 3029388                    /home/luis/.m2/repository/org/apache/maven/reporting/maven-reporting-api/2.0.9/maven-reporting-api-2.0.9.jar
7fdde8354000-7fdde8357000 r--s 00034000 08:13 3029387                    /home/luis/.m2/repository/org/codehaus/plexus/plexus-utils/2.1/plexus-utils-2.1.jar
7fdde8357000-7fdde8359000 r--s 00006000 08:13 3029386                    /home/luis/.m2/repository/org/apache/maven/shared/maven-common-artifact-filters/1.3/maven-common-artifact-filters-1.3.jar
7fdde8359000-7fdde835b000 r--s 0000d000 08:13 3029385                    /home/luis/.m2/repository/org/apache/maven/surefire/maven-surefire-common/2.10/maven-surefire-common-2.10.jar
7fdde835b000-7fdde8360000 r--s 00023000 08:13 3029384                    /home/luis/.m2/repository/org/apache/maven/surefire/surefire-api/2.10/surefire-api-2.10.jar
7fdde8360000-7fdde8362000 r--s 00007000 08:13 3029383                    /home/luis/.m2/repository/org/apache/maven/surefire/surefire-booter/2.10/surefire-booter-2.10.jar
7fdde8362000-7fdde8364000 r--s 00006000 08:13 2891342                    /home/luis/.m2/repository/org/apache/maven/plugins/maven-surefire-plugin/2.10/maven-surefire-plugin-2.10.jar
7fdde8364000-7fdde8367000 r--s 0001b000 08:13 2891937                    /home/luis/.m2/repository/junit/junit/3.8.2/junit-3.8.2.jar
7fdde8367000-7fdde8375000 r--s 0008f000 08:13 2891936                    /home/luis/.m2/repository/com/google/collections/google-collections/1.0/google-collections-1.0.jar
7fdde8375000-7fdde8376000 r--s 0000a000 08:13 2891935                    /home/luis/.m2/repository/commons-logging/commons-logging-api/1.1/commons-logging-api-1.1.jar
7fdde8376000-7fdde837d000 r--s 00051000 08:13 2891934                    /home/luis/.m2/repository/log4j/log4j/1.2.12/log4j-1.2.12.jar
7fdde837d000-7fdde8381000 r--s 0001d000 08:13 2891933                    /home/luis/.m2/repository/org/apache/xbean/xbean-reflect/3.4/xbean-reflect-3.4.jar
7fdde8381000-7fdde8382000 r--s 00004000 08:13 2891932                    /home/luis/.m2/repository/org/codehaus/plexus/plexus-compiler-javac/2.2/plexus-compiler-javac-2.2.jar
7fdde8382000-7fdde8384000 r--s 00000000 08:13 2891931                    /home/luis/.m2/repository/org/codehaus/plexus/plexus-compiler-manager/2.2/plexus-compiler-manager-2.2.jar
7fdde8384000-7fdde8386000 r--s 00005000 08:13 2891930                    /home/luis/.m2/repository/org/codehaus/plexus/plexus-compiler-api/2.2/plexus-compiler-api-2.2.jar
7fdde8386000-7fdde8388000 r--s 00000000 08:13 2891929                    /home/luis/.m2/repository/org/codehaus/plexus/plexus-component-annotations/1.5.5/plexus-component-annotations-1.5.5.jar
7fdde8388000-7fdde838a000 r--s 00002000 08:13 2891928                    /home/luis/.m2/repository/org/apache/maven/shared/maven-shared-incremental/1.1/maven-shared-incremental-1.1.jar
7fdde838a000-7fdde838c000 r--s 00006000 08:13 2891927                    /home/luis/.m2/repository/com/google/code/findbugs/jsr305/2.0.1/jsr305-2.0.1.jar
7fdde838c000-7fdde838f000 r--s 00023000 08:13 2891926                    /home/luis/.m2/repository/org/apache/maven/shared/maven-shared-utils/0.1/maven-shared-utils-0.1.jar
7fdde838f000-7fdde8393000 r--s 00030000 08:13 2891925                    /home/luis/.m2/repository/org/codehaus/plexus/plexus-utils/1.5.1/plexus-utils-1.5.1.jar
7fdde8393000-7fdde8395000 r--s 00009000 08:13 2891335                    /home/luis/.m2/repository/org/apache/maven/plugins/maven-compiler-plugin/3.1/maven-compiler-plugin-3.1.jar
7fdde8395000-7fdde8397000 r--s 0000d000 08:13 2892503                    /home/luis/.m2/repository/org/codehaus/plexus/plexus-interpolation/1.13/plexus-interpolation-1.13.jar
7fdde8397000-7fdde8398000 r--s 00001000 08:13 2892502                    /home/luis/.m2/repository/org/sonatype/plexus/plexus-build-api/0.0.4/plexus-build-api-0.0.4.jar
7fdde8398000-7fdde839a000 r--s 00009000 08:13 2892501                    /home/luis/.m2/repository/org/apache/maven/shared/maven-filtering/1.0/maven-filtering-1.0.jar
7fdde839a000-7fdde839c000 r--s 00002000 08:13 2892499                    /home/luis/.m2/repository/org/codehaus/plexus/plexus-interactivity-api/1.0-alpha-4/plexus-interactivity-api-1.0-alpha-4.jar
7fdde839c000-7fdde839e000 r--s 00006000 08:13 2892498                    /home/luis/.m2/repository/commons-cli/commons-cli/1.0/commons-cli-1.0.jar
7fdde839e000-7fdde839f000 r--s 00001000 08:13 2892497                    /home/luis/.m2/repository/org/apache/maven/doxia/doxia-sink-api/1.0-alpha-7/doxia-sink-api-1.0-alpha-7.jar
7fdde839f000-7fdde83a0000 r--s 00002000 08:13 2892496                    /home/luis/.m2/repository/org/apache/maven/reporting/maven-reporting-api/2.0.6/maven-reporting-api-2.0.6.jar
7fdde83a0000-7fdde83a2000 r--s 00005000 08:13 2891327                    /home/luis/.m2/repository/org/apache/maven/plugins/maven-resources-plugin/2.5/maven-resources-plugin-2.5.jar
7fdde83a2000-7fdde83a3000 r--s 00002000 08:13 3029307                    /home/luis/.m2/repository/org/codehaus/plexus/plexus-digest/1.0/plexus-digest-1.0.jar
7fdde83a3000-7fdde83a7000 r--s 00033000 08:13 2892294                    /home/luis/.m2/repository/org/codehaus/plexus/plexus-utils/2.0.5/plexus-utils-2.0.5.jar
7fdde83a7000-7fdde83aa000 r--s 0001b000 08:13 2892500                    /home/luis/.m2/repository/junit/junit/3.8.1/junit-3.8.1.jar
7fdde83aa000-7fdde83ad000 ---p 00000000 00:00 0 
7fdde83ad000-7fdde83d2000 rw-p 00000000 00:00 0 
7fdde83d2000-7fdde83d3000 r--p 00000000 00:00 0 
7fdde83d3000-7fdde83d7000 r--s 0008a000 08:13 3163660                    /usr/lib/jvm/jdk1.7.0_21/jre/lib/jsse.jar
7fdde83d7000-7fdde83e7000 r--s 000b2000 08:13 2891313                    /home/luis/Programacion/IDEs/eclipse/configuration/org.eclipse.osgi/bundles/819/1/.cp/netty-3.2.5.Final.jar
7fdde83e7000-7fdde83ee000 r--s 0004d000 08:13 2891288                    /home/luis/Programacion/IDEs/eclipse/configuration/org.eclipse.osgi/bundles/802/1/.cp/async-http-client-1.6.5.jar
7fdde83ee000-7fdde83ef000 r--s 00002000 08:13 2891262                    /home/luis/Programacion/IDEs/eclipse/configuration/org.eclipse.osgi/bundles/815/1/.cp/jars/wagon-file-2.2.jar
7fdde83ef000-7fdde83f0000 r--s 00004000 08:13 2891261                    /home/luis/Programacion/IDEs/eclipse/configuration/org.eclipse.osgi/bundles/815/1/.cp/jars/wagon-ahc-1.2.1.jar
7fdde83f0000-7fdde83f2000 r--s 0000b000 08:13 2891260                    /home/luis/Programacion/IDEs/eclipse/configuration/org.eclipse.osgi/bundles/815/1/.cp/jars/aether-connector-asynchttpclient-1.13.1.jar
7fdde83f2000-7fdde83f5000 r--s 0001d000 08:13 2891259                    /home/luis/Programacion/IDEs/eclipse/configuration/org.eclipse.osgi/bundles/815/1/.cp/jars/aether-impl-1.13.1.jar
7fdde83f5000-7fdde840a000 r-xp 00000000 08:13 659442                     /usr/lib/jvm/jdk1.7.0_21/jre/lib/amd64/libnet.so
7fdde840a000-7fdde860a000 ---p 00015000 08:13 659442                     /usr/lib/jvm/jdk1.7.0_21/jre/lib/amd64/libnet.so
7fdde860a000-7fdde860b000 rw-p 00015000 08:13 659442                     /usr/lib/jvm/jdk1.7.0_21/jre/lib/amd64/libnet.so
7fdde860b000-7fdde861b000 r-xp 00000000 08:13 659437                     /usr/lib/jvm/jdk1.7.0_21/jre/lib/amd64/libnio.so
7fdde861b000-7fdde881b000 ---p 00010000 08:13 659437                     /usr/lib/jvm/jdk1.7.0_21/jre/lib/amd64/libnio.so
7fdde881b000-7fdde881c000 rw-p 00010000 08:13 659437                     /usr/lib/jvm/jdk1.7.0_21/jre/lib/amd64/libnio.so
7fdde881c000-7fdde881d000 ---p 00000000 00:00 0 
7fdde881d000-7fdde891d000 rw-p 00000000 00:00 0 
7fdde891d000-7fdde9000000 r--p 00000000 08:13 3158712                    /usr/lib/locale/locale-archive
7fdde9000000-7fdde92c0000 rwxp 00000000 00:00 0 
7fdde92c0000-7fdded19f000 rw-p 00000000 00:00 0 
7fdded19f000-7fddf0000000 ---p 00000000 00:00 0 
7fddf0000000-7fddf0001000 r--s 00003000 08:13 2891258                    /home/luis/Programacion/IDEs/eclipse/configuration/org.eclipse.osgi/bundles/815/1/.cp/jars/aether-spi-1.13.1.jar
7fddf0001000-7fddf0003000 r--s 00006000 08:13 2891257                    /home/luis/Programacion/IDEs/eclipse/configuration/org.eclipse.osgi/bundles/815/1/.cp/jars/aether-connector-wagon-1.13.1.jar
7fddf0003000-7fddf0006000 r--s 00006000 08:13 2891255                    /home/luis/Programacion/IDEs/eclipse/configuration/org.eclipse.osgi/bundles/815/1/.cp/jars/jsr305-1.3.9.jar
7fddf0006000-7fddf0024000 r--s 00151000 08:13 2891254                    /home/luis/Programacion/IDEs/eclipse/configuration/org.eclipse.osgi/bundles/815/1/.cp/jars/guava-10.0.1.jar
7fddf0024000-7fddf002c000 r--s 00050000 08:13 2891253                    /home/luis/Programacion/IDEs/eclipse/configuration/org.eclipse.osgi/bundles/815/1/.cp/jars/sisu-guice-3.1.0-no_aop.jar
7fddf002c000-7fddf005d000 rw-p 00000000 00:00 0 
7fddf005d000-7fddf005f000 r--s 00003000 08:13 2891252                    /home/luis/Programacion/IDEs/eclipse/configuration/org.eclipse.osgi/bundles/815/1/.cp/jars/guice-plexus-lifecycles-2.3.0.jar
7fddf005f000-7fddf0061000 r--s 00003000 08:13 2891251                    /home/luis/Programacion/IDEs/eclipse/configuration/org.eclipse.osgi/bundles/815/1/.cp/jars/guice-plexus-scanners-2.3.0.jar
7fddf0061000-7fddf0062000 r--s 00001000 08:13 2891250                    /home/luis/Programacion/IDEs/eclipse/configuration/org.eclipse.osgi/bundles/815/1/.cp/jars/guice-bean-inject-2.3.0.jar
7fddf0062000-7fddf0064000 r--s 00005000 08:13 2891249                    /home/luis/Programacion/IDEs/eclipse/configuration/org.eclipse.osgi/bundles/815/1/.cp/jars/guice-plexus-binders-2.3.0.jar
7fddf0064000-7fddf0066000 r--s 00002000 08:13 2891248                    /home/luis/Programacion/IDEs/eclipse/configuration/org.eclipse.osgi/bundles/815/1/.cp/jars/guice-plexus-locators-2.3.0.jar
7fddf0066000-7fddf0068000 r--s 00001000 08:13 2891247                    /home/luis/Programacion/IDEs/eclipse/configuration/org.eclipse.osgi/bundles/815/1/.cp/jars/guice-plexus-converters-2.3.0.jar
7fddf0068000-7fddf006a000 r--s 00002000 08:13 2891246                    /home/luis/Programacion/IDEs/eclipse/configuration/org.eclipse.osgi/bundles/815/1/.cp/jars/guice-plexus-metadata-2.3.0.jar
7fddf006a000-7fddf006c000 r--s 00000000 08:13 2891245                    /home/luis/Programacion/IDEs/eclipse/configuration/org.eclipse.osgi/bundles/815/1/.cp/jars/guice-bean-converters-2.3.0.jar
7fddf006c000-7fddf006e000 r--s 00013000 08:13 2891244                    /home/luis/Programacion/IDEs/eclipse/configuration/org.eclipse.osgi/bundles/815/1/.cp/jars/guice-bean-scanners-2.3.0.jar
7fddf006e000-7fddf0070000 r--s 00009000 08:13 2891243                    /home/luis/Programacion/IDEs/eclipse/configuration/org.eclipse.osgi/bundles/815/1/.cp/jars/guice-bean-binders-2.3.0.jar
7fddf0070000-7fddf0073000 r--s 0000b000 08:13 2891242                    /home/luis/Programacion/IDEs/eclipse/configuration/org.eclipse.osgi/bundles/815/1/.cp/jars/guice-bean-locators-2.3.0.jar
7fddf0073000-7fddf0075000 r--s 0000e000 08:13 2891241                    /home/luis/Programacion/IDEs/eclipse/configuration/org.eclipse.osgi/bundles/815/1/.cp/jars/guice-bean-reflect-2.3.0.jar
7fddf0075000-7fddf0076000 r--s 00000000 08:13 2891240                    /home/luis/Programacion/IDEs/eclipse/configuration/org.eclipse.osgi/bundles/815/1/.cp/jars/javax.inject-1.jar
7fddf0076000-7fddf007b000 r--s 00019000 08:13 2891239                    /home/luis/Programacion/IDEs/eclipse/configuration/org.eclipse.osgi/bundles/815/1/.cp/jars/guice-plexus-shim-2.3.0.jar
7fddf007b000-7fddf007d000 r--s 0000b000 08:13 2891238                    /home/luis/Programacion/IDEs/eclipse/configuration/org.eclipse.osgi/bundles/815/1/.cp/jars/wagon-provider-api-2.2.jar
7fddf007d000-7fddf0083000 r--s 0003f000 08:13 2891237                    /home/luis/Programacion/IDEs/eclipse/configuration/org.eclipse.osgi/bundles/815/1/.cp/jars/maven-compat-3.0.4.jar
7fddf0083000-7fddf0085000 r--s 00009000 08:13 2891236                    /home/luis/Programacion/IDEs/eclipse/configuration/org.eclipse.osgi/bundles/815/1/.cp/jars/commons-cli-1.2.jar
7fddf0085000-7fddf0087000 r--s 00002000 08:13 2891235                    /home/luis/Programacion/IDEs/eclipse/configuration/org.eclipse.osgi/bundles/815/1/.cp/jars/plexus-cipher-1.7.jar
7fddf0087000-7fddf0088000 r--s 0000a000 08:13 2891234                    /home/luis/Programacion/IDEs/eclipse/configuration/org.eclipse.osgi/bundles/815/1/.cp/jars/maven-embedder-3.0.4.jar
7fddf0088000-7fddf0089000 r--s 00006000 08:13 2891233                    /home/luis/Programacion/IDEs/eclipse/configuration/org.eclipse.osgi/bundles/815/1/.cp/jars/plexus-sec-dispatcher-1.3.jar
7fddf0089000-7fddf008b000 r--s 00000000 08:13 2891232                    /home/luis/Programacion/IDEs/eclipse/configuration/org.eclipse.osgi/bundles/815/1/.cp/jars/plexus-component-annotations-1.5.5.jar
7fddf008b000-7fddf008e000 ---p 00000000 00:00 0 
7fddf008e000-7fddf018c000 rw-p 00000000 00:00 0 
7fddf018c000-7fddf018f000 ---p 00000000 00:00 0 
7fddf018f000-7fddf028d000 rw-p 00000000 00:00 0 
7fddf028d000-7fddf0290000 ---p 00000000 00:00 0 
7fddf0290000-7fddf038e000 rw-p 00000000 00:00 0 
7fddf038e000-7fddf0391000 ---p 00000000 00:00 0 
7fddf0391000-7fddf048f000 rw-p 00000000 00:00 0 
7fddf048f000-7fddf0492000 ---p 00000000 00:00 0 
7fddf0492000-7fddf0590000 rw-p 00000000 00:00 0 
7fddf0590000-7fddf0593000 ---p 00000000 00:00 0 
7fddf0593000-7fddf0691000 rw-p 00000000 00:00 0 
7fddf0691000-7fddf0692000 ---p 00000000 00:00 0 
7fddf0692000-7fddf116e000 rw-p 00000000 00:00 0 
7fddf116e000-7fddf132b000 r--s 039de000 08:13 3163680                    /usr/lib/jvm/jdk1.7.0_21/jre/lib/rt.jar
7fddf132b000-7fddf1bb3000 rw-p 00000000 00:00 0 
7fddf1bb3000-7fddf1bb4000 ---p 00000000 00:00 0 
7fddf1bb4000-7fddf1cb4000 rw-p 00000000 00:00 0 
7fddf1cb4000-7fddf1cb5000 ---p 00000000 00:00 0 
7fddf1cb5000-7fddf1dc2000 rw-p 00000000 00:00 0 
7fddf1dc2000-7fddf1dde000 rw-p 00000000 00:00 0 
7fddf1dde000-7fddf1df3000 rw-p 00000000 00:00 0 
7fddf1df3000-7fddf1f28000 rw-p 00000000 00:00 0 
7fddf1f28000-7fddf1f35000 rw-p 00000000 00:00 0 
7fddf1f35000-7fddf1f51000 rw-p 00000000 00:00 0 
7fddf1f51000-7fddf1f66000 rw-p 00000000 00:00 0 
7fddf1f66000-7fddf209b000 rw-p 00000000 00:00 0 
7fddf209b000-7fddf2108000 rw-p 00000000 00:00 0 
7fddf2108000-7fddf2140000 rw-p 00000000 00:00 0 
7fddf2140000-7fddf2141000 rw-p 00000000 00:00 0 
7fddf2141000-7fddf215b000 r-xp 00000000 08:13 659488                     /usr/lib/jvm/jdk1.7.0_21/jre/lib/amd64/libzip.so
7fddf215b000-7fddf235b000 ---p 0001a000 08:13 659488                     /usr/lib/jvm/jdk1.7.0_21/jre/lib/amd64/libzip.so
7fddf235b000-7fddf235c000 rw-p 0001a000 08:13 659488                     /usr/lib/jvm/jdk1.7.0_21/jre/lib/amd64/libzip.so
7fddf235c000-7fddf2368000 r-xp 00000000 08:13 1054176                    /lib/x86_64-linux-gnu/libnss_files-2.15.so
7fddf2368000-7fddf2567000 ---p 0000c000 08:13 1054176                    /lib/x86_64-linux-gnu/libnss_files-2.15.so
7fddf2567000-7fddf2568000 r--p 0000b000 08:13 1054176                    /lib/x86_64-linux-gnu/libnss_files-2.15.so
7fddf2568000-7fddf2569000 rw-p 0000c000 08:13 1054176                    /lib/x86_64-linux-gnu/libnss_files-2.15.so
7fddf2569000-7fddf2573000 r-xp 00000000 08:13 1051530                    /lib/x86_64-linux-gnu/libnss_nis-2.15.so
7fddf2573000-7fddf2773000 ---p 0000a000 08:13 1051530                    /lib/x86_64-linux-gnu/libnss_nis-2.15.so
7fddf2773000-7fddf2774000 r--p 0000a000 08:13 1051530                    /lib/x86_64-linux-gnu/libnss_nis-2.15.so
7fddf2774000-7fddf2775000 rw-p 0000b000 08:13 1051530                    /lib/x86_64-linux-gnu/libnss_nis-2.15.so
7fddf2775000-7fddf278c000 r-xp 00000000 08:13 1054461                    /lib/x86_64-linux-gnu/libnsl-2.15.so
7fddf278c000-7fddf298b000 ---p 00017000 08:13 1054461                    /lib/x86_64-linux-gnu/libnsl-2.15.so
7fddf298b000-7fddf298c000 r--p 00016000 08:13 1054461                    /lib/x86_64-linux-gnu/libnsl-2.15.so
7fddf298c000-7fddf298d000 rw-p 00017000 08:13 1054461                    /lib/x86_64-linux-gnu/libnsl-2.15.so
7fddf298d000-7fddf298f000 rw-p 00000000 00:00 0 
7fddf298f000-7fddf2997000 r-xp 00000000 08:13 1054177                    /lib/x86_64-linux-gnu/libnss_compat-2.15.so
7fddf2997000-7fddf2b96000 ---p 00008000 08:13 1054177                    /lib/x86_64-linux-gnu/libnss_compat-2.15.so
7fddf2b96000-7fddf2b97000 r--p 00007000 08:13 1054177                    /lib/x86_64-linux-gnu/libnss_compat-2.15.so
7fddf2b97000-7fddf2b98000 rw-p 00008000 08:13 1054177                    /lib/x86_64-linux-gnu/libnss_compat-2.15.so
7fddf2b98000-7fddf2bc1000 r-xp 00000000 08:13 659472                     /usr/lib/jvm/jdk1.7.0_21/jre/lib/amd64/libjava.so
7fddf2bc1000-7fddf2dc1000 ---p 00029000 08:13 659472                     /usr/lib/jvm/jdk1.7.0_21/jre/lib/amd64/libjava.so
7fddf2dc1000-7fddf2dc3000 rw-p 00029000 08:13 659472                     /usr/lib/jvm/jdk1.7.0_21/jre/lib/amd64/libjava.so
7fddf2dc3000-7fddf2dd0000 r-xp 00000000 08:13 659470                     /usr/lib/jvm/jdk1.7.0_21/jre/lib/amd64/libverify.so
7fddf2dd0000-7fddf2fcf000 ---p 0000d000 08:13 659470                     /usr/lib/jvm/jdk1.7.0_21/jre/lib/amd64/libverify.so
7fddf2fcf000-7fddf2fd1000 rw-p 0000c000 08:13 659470                     /usr/lib/jvm/jdk1.7.0_21/jre/lib/amd64/libverify.so
7fddf2fd1000-7fddf2fd8000 r-xp 00000000 08:13 1050759                    /lib/x86_64-linux-gnu/librt-2.15.so
7fddf2fd8000-7fddf31d7000 ---p 00007000 08:13 1050759                    /lib/x86_64-linux-gnu/librt-2.15.so
7fddf31d7000-7fddf31d8000 r--p 00006000 08:13 1050759                    /lib/x86_64-linux-gnu/librt-2.15.so
7fddf31d8000-7fddf31d9000 rw-p 00007000 08:13 1050759                    /lib/x86_64-linux-gnu/librt-2.15.so
7fddf31d9000-7fddf32d4000 r-xp 00000000 08:13 1051532                    /lib/x86_64-linux-gnu/libm-2.15.so
7fddf32d4000-7fddf34d3000 ---p 000fb000 08:13 1051532                    /lib/x86_64-linux-gnu/libm-2.15.so
7fddf34d3000-7fddf34d4000 r--p 000fa000 08:13 1051532                    /lib/x86_64-linux-gnu/libm-2.15.so
7fddf34d4000-7fddf34d5000 rw-p 000fb000 08:13 1051532                    /lib/x86_64-linux-gnu/libm-2.15.so
7fddf34d5000-7fddf3f1f000 r-xp 00000000 08:13 659478                     /usr/lib/jvm/jdk1.7.0_21/jre/lib/amd64/server/libjvm.so
7fddf3f1f000-7fddf411e000 ---p 00a4a000 08:13 659478                     /usr/lib/jvm/jdk1.7.0_21/jre/lib/amd64/server/libjvm.so
7fddf411e000-7fddf41c2000 rw-p 00a49000 08:13 659478                     /usr/lib/jvm/jdk1.7.0_21/jre/lib/amd64/server/libjvm.so
7fddf41c2000-7fddf41fd000 rw-p 00000000 00:00 0 
7fddf41fd000-7fddf43b2000 r-xp 00000000 08:13 1050689                    /lib/x86_64-linux-gnu/libc-2.15.so
7fddf43b2000-7fddf45b1000 ---p 001b5000 08:13 1050689                    /lib/x86_64-linux-gnu/libc-2.15.so
7fddf45b1000-7fddf45b5000 r--p 001b4000 08:13 1050689                    /lib/x86_64-linux-gnu/libc-2.15.so
7fddf45b5000-7fddf45b7000 rw-p 001b8000 08:13 1050689                    /lib/x86_64-linux-gnu/libc-2.15.so
7fddf45b7000-7fddf45bc000 rw-p 00000000 00:00 0 
7fddf45bc000-7fddf45be000 r-xp 00000000 08:13 1050688                    /lib/x86_64-linux-gnu/libdl-2.15.so
7fddf45be000-7fddf47be000 ---p 00002000 08:13 1050688                    /lib/x86_64-linux-gnu/libdl-2.15.so
7fddf47be000-7fddf47bf000 r--p 00002000 08:13 1050688                    /lib/x86_64-linux-gnu/libdl-2.15.so
7fddf47bf000-7fddf47c0000 rw-p 00003000 08:13 1050688                    /lib/x86_64-linux-gnu/libdl-2.15.so
7fddf47c0000-7fddf47d6000 r-xp 00000000 08:13 659447                     /usr/lib/jvm/jdk1.7.0_21/jre/lib/amd64/jli/libjli.so
7fddf47d6000-7fddf49d6000 ---p 00016000 08:13 659447                     /usr/lib/jvm/jdk1.7.0_21/jre/lib/amd64/jli/libjli.so
7fddf49d6000-7fddf49d7000 rw-p 00016000 08:13 659447                     /usr/lib/jvm/jdk1.7.0_21/jre/lib/amd64/jli/libjli.so
7fddf49d7000-7fddf49ef000 r-xp 00000000 08:13 1050755                    /lib/x86_64-linux-gnu/libpthread-2.15.so
7fddf49ef000-7fddf4bee000 ---p 00018000 08:13 1050755                    /lib/x86_64-linux-gnu/libpthread-2.15.so
7fddf4bee000-7fddf4bef000 r--p 00017000 08:13 1050755                    /lib/x86_64-linux-gnu/libpthread-2.15.so
7fddf4bef000-7fddf4bf0000 rw-p 00018000 08:13 1050755                    /lib/x86_64-linux-gnu/libpthread-2.15.so
7fddf4bf0000-7fddf4bf4000 rw-p 00000000 00:00 0 
7fddf4bf4000-7fddf4c16000 r-xp 00000000 08:13 1054181                    /lib/x86_64-linux-gnu/ld-2.15.so
7fddf4c16000-7fddf4c17000 r--s 00005000 08:13 2891363                    /home/luis/.m2/repository/org/apache/maven/plugins/maven-install-plugin/2.3.1/maven-install-plugin-2.3.1.jar
7fddf4c17000-7fddf4c1b000 r--s 00033000 08:13 2891230                    /home/luis/Programacion/IDEs/eclipse/configuration/org.eclipse.osgi/bundles/815/1/.cp/jars/plexus-utils-2.0.6.jar
7fddf4c1b000-7fddf4c1d000 r--s 0000d000 08:13 2891229                    /home/luis/Programacion/IDEs/eclipse/configuration/org.eclipse.osgi/bundles/815/1/.cp/jars/plexus-interpolation-1.14.jar
7fddf4c1d000-7fddf4c21000 r--s 0001c000 08:13 2891228                    /home/luis/Programacion/IDEs/eclipse/configuration/org.eclipse.osgi/bundles/815/1/.cp/jars/aether-util-1.13.1.jar
7fddf4c21000-7fddf4c24000 r--s 00013000 08:13 2891227                    /home/luis/Programacion/IDEs/eclipse/configuration/org.eclipse.osgi/bundles/815/1/.cp/jars/aether-api-1.13.1.jar
7fddf4c24000-7fddf4c26000 r--s 0000c000 08:13 2891226                    /home/luis/Programacion/IDEs/eclipse/configuration/org.eclipse.osgi/bundles/815/1/.cp/jars/maven-aether-provider-3.0.4.jar
7fddf4c26000-7fddf4c2a000 r--s 00021000 08:13 2891225                    /home/luis/Programacion/IDEs/eclipse/configuration/org.eclipse.osgi/bundles/815/1/.cp/jars/maven-model-builder-3.0.4.jar
7fddf4c2a000-7fddf4c2c000 r--s 0000b000 08:13 2891224                    /home/luis/Programacion/IDEs/eclipse/configuration/org.eclipse.osgi/bundles/815/1/.cp/jars/maven-plugin-api-3.0.4.jar
7fddf4c2c000-7fddf4c38000 r--s 0007d000 08:13 2891218                    /home/luis/Programacion/IDEs/eclipse/configuration/org.eclipse.osgi/bundles/815/1/.cp/jars/maven-core-3.0.4.jar
7fddf4c38000-7fddf4c43000 rw-p 00000000 00:00 0 
7fddf4c43000-7fddf4cf8000 rw-p 00000000 00:00 0 
7fddf4cf8000-7fddf4cfb000 ---p 00000000 00:00 0 
7fddf4cfb000-7fddf4dfd000 rw-p 00000000 00:00 0 
7fddf4dfd000-7fddf4dff000 r--s 0000b000 08:13 2891223                    /home/luis/Programacion/IDEs/eclipse/configuration/org.eclipse.osgi/bundles/815/1/.cp/jars/maven-artifact-3.0.4.jar
7fddf4dff000-7fddf4e01000 r--s 00006000 08:13 2891222                    /home/luis/Programacion/IDEs/eclipse/configuration/org.eclipse.osgi/bundles/815/1/.cp/jars/maven-repository-metadata-3.0.4.jar
7fddf4e01000-7fddf4e04000 r--s 00008000 08:13 2891221                    /home/luis/Programacion/IDEs/eclipse/configuration/org.eclipse.osgi/bundles/815/1/.cp/jars/maven-settings-builder-3.0.4.jar
7fddf4e04000-7fddf4e06000 r--s 0000a000 08:13 2891220                    /home/luis/Programacion/IDEs/eclipse/configuration/org.eclipse.osgi/bundles/815/1/.cp/jars/maven-settings-3.0.4.jar
7fddf4e06000-7fddf4e08000 r--s 00026000 08:13 2891219                    /home/luis/Programacion/IDEs/eclipse/configuration/org.eclipse.osgi/bundles/815/1/.cp/jars/maven-model-3.0.4.jar
7fddf4e08000-7fddf4e0a000 r--s 0000a000 08:13 2891231                    /home/luis/Programacion/IDEs/eclipse/configuration/org.eclipse.osgi/bundles/815/1/.cp/jars/plexus-classworlds-2.4.jar
7fddf4e0a000-7fddf4e12000 rw-s 00000000 08:13 3688967                    /tmp/hsperfdata_luis/31659
7fddf4e12000-7fddf4e13000 rw-p 00000000 00:00 0 
7fddf4e13000-7fddf4e14000 r--p 00000000 00:00 0 
7fddf4e14000-7fddf4e16000 rw-p 00000000 00:00 0 
7fddf4e16000-7fddf4e17000 r--p 00022000 08:13 1054181                    /lib/x86_64-linux-gnu/ld-2.15.so
7fddf4e17000-7fddf4e19000 rw-p 00023000 08:13 1054181                    /lib/x86_64-linux-gnu/ld-2.15.so
7fff893e5000-7fff89406000 rw-p 00000000 00:00 0                          [stack]
7fff894b4000-7fff894b5000 r-xp 00000000 00:00 0                          [vdso]
ffffffffff600000-ffffffffff601000 r-xp 00000000 00:00 0                  [vsyscall]

VM Arguments:
jvm_args: -Dmaven.home=EMBEDDED -Dclassworlds.conf=/home/luis/Programacion/workspace/.metadata/.plugins/org.eclipse.m2e.core/launches/m2conf4532308518254574193.tmp -Dfile.encoding=UTF-8 
java_command: org.codehaus.plexus.classworlds.launcher.Launcher -B install
Launcher Type: SUN_STANDARD

Environment Variables:
PATH=/usr/local/sbin:/usr/local/bin:/usr/sbin:/usr/bin:/sbin:/bin:/usr/games
SHELL=/bin/bash
DISPLAY=:0

Signal Handlers:
SIGSEGV: [libjvm.so+0x8a80e0], sa_mask[0]=0x7ffbfeff, sa_flags=0x10000004
SIGBUS: [libjvm.so+0x8a80e0], sa_mask[0]=0x7ffbfeff, sa_flags=0x10000004
SIGFPE: [libjvm.so+0x744170], sa_mask[0]=0x7ffbfeff, sa_flags=0x10000004
SIGPIPE: [libjvm.so+0x744170], sa_mask[0]=0x7ffbfeff, sa_flags=0x10000004
SIGXFSZ: [libjvm.so+0x744170], sa_mask[0]=0x7ffbfeff, sa_flags=0x10000004
SIGILL: [libjvm.so+0x744170], sa_mask[0]=0x7ffbfeff, sa_flags=0x10000004
SIGUSR1: SIG_DFL, sa_mask[0]=0x00000000, sa_flags=0x00000000
SIGUSR2: [libjvm.so+0x743ac0], sa_mask[0]=0x00000004, sa_flags=0x10000004
SIGHUP: [libjvm.so+0x745e50], sa_mask[0]=0x7ffbfeff, sa_flags=0x10000004
SIGINT: [libjvm.so+0x745e50], sa_mask[0]=0x7ffbfeff, sa_flags=0x10000004
SIGTERM: [libjvm.so+0x745e50], sa_mask[0]=0x7ffbfeff, sa_flags=0x10000004
SIGQUIT: [libjvm.so+0x745e50], sa_mask[0]=0x7ffbfeff, sa_flags=0x10000004


---------------  S Y S T E M  ---------------

OS:wheezy/sid

uname:Linux 3.2.0-49-generic #75-Ubuntu SMP Tue Jun 18 17:39:32 UTC 2013 x86_64
libc:glibc 2.15 NPTL 2.15 
rlimit: STACK 8192k, CORE 0k, NPROC 30924, NOFILE 4096, AS infinity
load average:2,72 1,19 0,98

/proc/meminfo:
MemTotal:        4049168 kB
MemFree:          970564 kB
Buffers:            8392 kB
Cached:           456328 kB
SwapCached:         3996 kB
Active:          1920988 kB
Inactive:         915424 kB
Active(anon):    1713376 kB
Inactive(anon):   676256 kB
Active(file):     207612 kB
Inactive(file):   239168 kB
Unevictable:           0 kB
Mlocked:               0 kB
SwapTotal:        975868 kB
SwapFree:         914324 kB
Dirty:             15700 kB
Writeback:           900 kB
AnonPages:       2368144 kB
Mapped:           100188 kB
Shmem:             17844 kB
Slab:             111100 kB
SReclaimable:      75280 kB
SUnreclaim:        35820 kB
KernelStack:        4024 kB
PageTables:        40028 kB
NFS_Unstable:          0 kB
Bounce:                0 kB
WritebackTmp:          0 kB
CommitLimit:     3000452 kB
Committed_AS:    4231844 kB
VmallocTotal:   34359738367 kB
VmallocUsed:      328336 kB
VmallocChunk:   34359401340 kB
HardwareCorrupted:     0 kB
AnonHugePages:         0 kB
HugePages_Total:       0
HugePages_Free:        0
HugePages_Rsvd:        0
HugePages_Surp:        0
Hugepagesize:       2048 kB
DirectMap4k:       58240 kB
DirectMap2M:     4134912 kB


CPU:total 2 (2 cores per cpu, 1 threads per core) family 15 model 107 stepping 2, cmov, cx8, fxsr, mmx, sse, sse2, sse3, mmxext, 3dnowpref, tsc

/proc/cpuinfo:
processor	: 0
vendor_id	: AuthenticAMD
cpu family	: 15
model		: 107
model name	: AMD Athlon(tm) 64 X2 Dual Core Processor 5000+
stepping	: 2
cpu MHz		: 2613.431
cache size	: 512 KB
physical id	: 0
siblings	: 2
core id		: 0
cpu cores	: 2
apicid		: 0
initial apicid	: 0
fpu		: yes
fpu_exception	: yes
cpuid level	: 1
wp		: yes
flags		: fpu vme de pse tsc msr pae mce cx8 apic sep mtrr pge mca cmov pat pse36 clflush mmx fxsr sse sse2 ht syscall nx mmxext fxsr_opt rdtscp lm 3dnowext 3dnow rep_good nopl pni cx16 lahf_lm cmp_legacy svm extapic cr8_legacy 3dnowprefetch lbrv
bogomips	: 5226.86
TLB size	: 1024 4K pages
clflush size	: 64
cache_alignment	: 64
address sizes	: 40 bits physical, 48 bits virtual
power management: ts fid vid ttp tm stc 100mhzsteps

processor	: 1
vendor_id	: AuthenticAMD
cpu family	: 15
model		: 107
model name	: AMD Athlon(tm) 64 X2 Dual Core Processor 5000+
stepping	: 2
cpu MHz		: 2613.431
cache size	: 512 KB
physical id	: 0
siblings	: 2
core id		: 1
cpu cores	: 2
apicid		: 1
initial apicid	: 1
fpu		: yes
fpu_exception	: yes
cpuid level	: 1
wp		: yes
flags		: fpu vme de pse tsc msr pae mce cx8 apic sep mtrr pge mca cmov pat pse36 clflush mmx fxsr sse sse2 ht syscall nx mmxext fxsr_opt rdtscp lm 3dnowext 3dnow rep_good nopl pni cx16 lahf_lm cmp_legacy svm extapic cr8_legacy 3dnowprefetch lbrv
bogomips	: 5226.81
TLB size	: 1024 4K pages
clflush size	: 64
cache_alignment	: 64
address sizes	: 40 bits physical, 48 bits virtual
power management: ts fid vid ttp tm stc 100mhzsteps



Memory: 4k page, physical 4049168k(970564k free), swap 975868k(914324k free)

vm_info: Java HotSpot(TM) 64-Bit Server VM (23.21-b01) for linux-amd64 JRE (1.7.0_21-b11), built on Apr  4 2013 04:03:29 by "java_re" with gcc 4.3.0 20080428 (Red Hat 4.3.0-8)

time: Tue Jul 30 09:07:36 2013
elapsed time: 106 seconds

