#
# A fatal error has been detected by the Java Runtime Environment:
#
#  SIGSEGV (0xb) at pc=0x00007fa594aacb23, pid=10212, tid=140349305136896
#
# JRE version: 7.0_21-b11
# Java VM: Java HotSpot(TM) 64-Bit Server VM (23.21-b01 mixed mode linux-amd64 compressed oops)
# Problematic frame:
# J  java.util.HashMap.transfer([Ljava/util/HashMap$Entry;Z)V
#
# Failed to write core dump. Core dumps have been disabled. To enable core dumping, try "ulimit -c unlimited" before starting Java again
#
# If you would like to submit a bug report, please visit:
#   http://bugreport.sun.com/bugreport/crash.jsp
#

---------------  T H R E A D  ---------------

Current thread (0x00007fa598009800):  JavaThread "main" [_thread_in_Java, id=10218, stack(0x00007fa59e6a2000,0x00007fa59e7a3000)]

siginfo:si_signo=SIGSEGV: si_errno=0, si_code=1 (SEGV_MAPERR), si_addr=0x000000000002b4ad

Registers:
RAX=0x00000000007b02c2, RBX=0x000000000000758b, RCX=0x0000000000040000, RDX=0x000000000002b4a1
RSP=0x00007fa59e7a12a0, RBP=0x0000000000000000, RSI=0x00000000f5689ab0, RDI=0x000000000002b4a1
R8 =0x0000000000080000, R9 =0x00000000f5689ab0, R10=0x000000000007ffff, R11=0x00000000f5fab0b8
R12=0x0000000000000000, R13=0x00000000fdfd9eb0, R14=0x000000000007ffff, R15=0x00007fa598009800
RIP=0x00007fa594aacb23, EFLAGS=0x0000000000010202, CSGSFS=0x0000000000000033, ERR=0x0000000000000004
  TRAPNO=0x000000000000000e

Top of Stack: (sp=0x00007fa59e7a12a0)
0x00007fa59e7a12a0:   00007fa5daf07130 00007fa500000000
0x00007fa59e7a12b0:   0000000000000000 00007fa598009800
0x00007fa59e7a12c0:   00007fa59db8fa90 00000000e0d04cc0
0x00007fa59e7a12d0:   00007fa59e7a12f0 00007fa59d648d3a
0x00007fa59e7a12e0:   0000000000030003 0000000000000000
0x00007fa59e7a12f0:   0000000000000000 00007fa594a2ab07
0x00007fa59e7a1300:   0000000000000000 00007fa594cdc3a8
0x00007fa59e7a1310:   00000000e0d04cc0 e0d04cc000000000
0x00007fa59e7a1320:   00000000fdfd9eb0 00007fa500080000
0x00007fa59e7a1330:   00000000f5fab0b8 00000000f5e49bd8
0x00007fa59e7a1340:   00000000e0d04ce0 00000000e0d04cc0
0x00007fa59e7a1350:   00000000fffd5b0c 00007fa594a2abc5
0x00007fa59e7a1360:   0000000000051ff7 00007fa594dd81f8
0x00007fa59e7a1370:   00000000fdfd9ee8 00000000fdfd9f10
0x00007fa59e7a1380:   00000000000331f0 00000000fe071f20
0x00007fa59e7a1390:   00000000fdfd9f10 00000000fdfd9f48
0x00007fa59e7a13a0:   00030003e25df418 00000000000009bb
0x00007fa59e7a13b0:   00000000fe1564f8 00000000fdfd9eb0
0x00007fa59e7a13c0:   00000000e2685bd0 00000000fd0c99c8
0x00007fa59e7a13d0:   00000000fd0c9940 00000000fcf16f40
0x00007fa59e7a13e0:   00007fa59e7a1438 00007fa5949d2158
0x00007fa59e7a13f0:   00000000fb3680c8 00007fa59e7a13f8
0x00007fa59e7a1400:   00000000db3ecf46 00007fa59e7a1490
0x00007fa59e7a1410:   00000000db764af0 0000000000000000
0x00007fa59e7a1420:   00000000db3ecfe0 00007fa59e7a13f0
0x00007fa59e7a1430:   00007fa59e7a14a0 00000000fb3680c8
0x00007fa59e7a1440:   00007fa594db2658 00000000fcc14b18
0x00007fa59e7a1450:   00000000000007cc 000000000000041d
0x00007fa59e7a1460:   000000000000041d 00000000fe158d60
0x00007fa59e7a1470:   00000000fe159e18 00000000fe159e00
0x00007fa59e7a1480:   00000000fe159de8 00000000fe158d60
0x00007fa59e7a1490:   00000000fdfd9ee8 00007fa594db2658 

Instructions: (pc=0x00007fa594aacb23)
0x00007fa594aacb03:   81 fa 30 71 f0 da 0f 85 b2 00 00 00 48 8b d7 8b
0x00007fa594aacb13:   6c 24 08 85 ed 0f 85 d5 00 00 00 66 90 45 8b d6
0x00007fa594aacb23:   44 23 52 0c 8b 7a 18 45 3b d0 73 58 4b 8d 44 93
0x00007fa594aacb33:   10 44 8b 10 44 89 52 18 4c 8b d2 44 89 10 4c 8b 

Register to memory mapping:

RAX=0x00000000007b02c2 is an unknown value
RBX=0x000000000000758b is an unknown value
RCX=0x0000000000040000 is an unknown value
RDX=0x000000000002b4a1 is an unknown value
RSP=0x00007fa59e7a12a0 is pointing into the stack for thread: 0x00007fa598009800
RBP=0x0000000000000000 is an unknown value
RSI=0x00000000f5689ab0 is an oop
[Ljava.util.HashMap$Entry; 
 - klass: 'java/util/HashMap$Entry'[]
 - length: 262144
RDI=0x000000000002b4a1 is an unknown value
R8 =0x0000000000080000 is an unknown value
R9 =0x00000000f5689ab0 is an oop
[Ljava.util.HashMap$Entry; 
 - klass: 'java/util/HashMap$Entry'[]
 - length: 262144
R10=0x000000000007ffff is an unknown value
R11=0x00000000f5fab0b8 is an oop
[Ljava.util.HashMap$Entry; 
 - klass: 'java/util/HashMap$Entry'[]
 - length: 524288
R12=0x0000000000000000 is an unknown value
R13=0x00000000fdfd9eb0 is an oop
java.util.HashMap 
 - klass: 'java/util/HashMap'
R14=0x000000000007ffff is an unknown value
R15=0x00007fa598009800 is a thread


Stack: [0x00007fa59e6a2000,0x00007fa59e7a3000],  sp=0x00007fa59e7a12a0,  free space=1020k
Native frames: (J=compiled Java code, j=interpreted, Vv=VM code, C=native code)
J  java.util.HashMap.transfer([Ljava/util/HashMap$Entry;Z)V

[error occurred during error reporting (printing native stack), id 0xb]


---------------  P R O C E S S  ---------------

Java Threads: ( => current thread )
  0x00007fa5980ed000 JavaThread "Service Thread" daemon [_thread_blocked, id=10227, stack(0x00007fa58d5aa000,0x00007fa58d6ab000)]
  0x00007fa5980eb000 JavaThread "C2 CompilerThread1" daemon [_thread_blocked, id=10226, stack(0x00007fa58d6ab000,0x00007fa58d7ac000)]
  0x00007fa5980e8000 JavaThread "C2 CompilerThread0" daemon [_thread_blocked, id=10225, stack(0x00007fa58d7ac000,0x00007fa58d8ad000)]
  0x00007fa5980e5800 JavaThread "Signal Dispatcher" daemon [_thread_blocked, id=10224, stack(0x00007fa58d8ad000,0x00007fa58d9ae000)]
  0x00007fa598098000 JavaThread "Finalizer" daemon [_thread_blocked, id=10223, stack(0x00007fa58e091000,0x00007fa58e192000)]
  0x00007fa598096000 JavaThread "Reference Handler" daemon [_thread_blocked, id=10222, stack(0x00007fa58e192000,0x00007fa58e293000)]
=>0x00007fa598009800 JavaThread "main" [_thread_in_Java, id=10218, stack(0x00007fa59e6a2000,0x00007fa59e7a3000)]

Other Threads:
  0x00007fa59808e800 VMThread [stack: 0x00007fa58e293000,0x00007fa58e394000] [id=10221]
  0x00007fa5980f7800 WatcherThread [stack: 0x00007fa58d4a9000,0x00007fa58d5aa000] [id=10228]

VM state:not at safepoint (normal execution)

VM Mutex/Monitor currently owned by a thread: None

Heap
 PSYoungGen      total 153920K, used 30717K [0x00000000f5560000, 0x0000000100000000, 0x0000000100000000)
  eden space 133120K, 9% used [0x00000000f5560000,0x00000000f61ab0c8,0x00000000fd760000)
  from space 20800K, 87% used [0x00000000fd760000,0x00000000fe914468,0x00000000febb0000)
  to   space 20800K, 0% used [0x00000000febb0000,0x00000000febb0000,0x0000000100000000)
 ParOldGen       total 129024K, used 69180K [0x00000000e0000000, 0x00000000e7e00000, 0x00000000f5560000)
  object space 129024K, 53% used [0x00000000e0000000,0x00000000e438f1e8,0x00000000e7e00000)
 PSPermGen       total 21248K, used 9708K [0x00000000dae00000, 0x00000000dc2c0000, 0x00000000e0000000)
  object space 21248K, 45% used [0x00000000dae00000,0x00000000db77b250,0x00000000dc2c0000)

Card table byte_map: [0x00007fa5948a2000,0x00007fa5949cc000] byte_map_base: 0x00007fa5941cb000

Polling page: 0x00007fa59e7bd000

Code Cache  [0x00007fa5949cc000, 0x00007fa594dec000, 0x00007fa5979cc000)
 total_blobs=1877 nmethods=1649 adapters=177 free_code_cache=45008Kb largest_free_block=46011008

Compilation events (10 events):
Event: 30,498 Thread 0x00007fa5980eb000 nmethod 1881 0x00007fa594d01d90 code [0x00007fa594d01ec0, 0x00007fa594d01f18]
Event: 30,499 Thread 0x00007fa5980eb000 1882             com.google.gwt.dev.jjs.impl.JsFunctionClusterer::updateSourceInfoMap (399 bytes)
Event: 30,524 Thread 0x00007fa5980e8000 nmethod 1878 0x00007fa594d024d0 code [0x00007fa594d026a0, 0x00007fa594d02f28]
Event: 30,524 Thread 0x00007fa5980e8000 1883             java.util.AbstractCollection::toArray (116 bytes)
Event: 30,545 Thread 0x00007fa5980e8000 nmethod 1883 0x00007fa594d012d0 code [0x00007fa594d01480, 0x00007fa594d01928]
Event: 30,547 Thread 0x00007fa5980e8000   23 %           java.util.AbstractCollection::toArray @ 42 (116 bytes)
Event: 30,564 Thread 0x00007fa5980e8000 nmethod 23% 0x00007fa594de6b90 code [0x00007fa594de6d20, 0x00007fa594de71c8]
Event: 30,565 Thread 0x00007fa5980e8000 1884             java.util.TimSort::mergeAt (358 bytes)
Event: 30,569 Thread 0x00007fa5980e8000 nmethod 1884 0x00007fa594de7550 code [0x00007fa594de76e0, 0x00007fa594de7a30]
Event: 30,576 Thread 0x00007fa5980eb000 nmethod 1882 0x00007fa594de7d90 code [0x00007fa594de8100, 0x00007fa594de9508]

GC Heap History (10 events):
Event: 24,581 GC heap before
{Heap before GC invocations=11 (full 1):
 PSYoungGen      total 152768K, used 13876K [0x00000000f5560000, 0x0000000100000000, 0x0000000100000000)
  eden space 138880K, 0% used [0x00000000f5560000,0x00000000f5560000,0x00000000fdd00000)
  from space 13888K, 99% used [0x00000000ff220000,0x00000000fffad298,0x00000000fffb0000)
  to   space 17920K, 0% used [0x00000000fdd00000,0x00000000fdd00000,0x00000000fee80000)
 ParOldGen       total 42240K, used 35576K [0x00000000e0000000, 0x00000000e2940000, 0x00000000f5560000)
  object space 42240K, 84% used [0x00000000e0000000,0x00000000e22be0b0,0x00000000e2940000)
 PSPermGen       total 21248K, used 9214K [0x00000000dae00000, 0x00000000dc2c0000, 0x00000000e0000000)
  object space 21248K, 43% used [0x00000000dae00000,0x00000000db6ffb08,0x00000000dc2c0000)
Event: 25,230 GC heap after
Heap after GC invocations=11 (full 1):
 PSYoungGen      total 152768K, used 0K [0x00000000f5560000, 0x0000000100000000, 0x0000000100000000)
  eden space 138880K, 0% used [0x00000000f5560000,0x00000000f5560000,0x00000000fdd00000)
  from space 13888K, 0% used [0x00000000ff220000,0x00000000ff220000,0x00000000fffb0000)
  to   space 17920K, 0% used [0x00000000fdd00000,0x00000000fdd00000,0x00000000fee80000)
 ParOldGen       total 67264K, used 34064K [0x00000000e0000000, 0x00000000e41b0000, 0x00000000f5560000)
  object space 67264K, 50% used [0x00000000e0000000,0x00000000e2144138,0x00000000e41b0000)
 PSPermGen       total 21248K, used 9204K [0x00000000dae00000, 0x00000000dc2c0000, 0x00000000e0000000)
  object space 21248K, 43% used [0x00000000dae00000,0x00000000db6fd100,0x00000000dc2c0000)
}
Event: 26,578 GC heap before
{Heap before GC invocations=12 (full 1):
 PSYoungGen      total 152768K, used 138880K [0x00000000f5560000, 0x0000000100000000, 0x0000000100000000)
  eden space 138880K, 100% used [0x00000000f5560000,0x00000000fdd00000,0x00000000fdd00000)
  from space 13888K, 0% used [0x00000000ff220000,0x00000000ff220000,0x00000000fffb0000)
  to   space 17920K, 0% used [0x00000000fdd00000,0x00000000fdd00000,0x00000000fee80000)
 ParOldGen       total 67264K, used 34064K [0x00000000e0000000, 0x00000000e41b0000, 0x00000000f5560000)
  object space 67264K, 50% used [0x00000000e0000000,0x00000000e2144138,0x00000000e41b0000)
 PSPermGen       total 21248K, used 9255K [0x00000000dae00000, 0x00000000dc2c0000, 0x00000000e0000000)
  object space 21248K, 43% used [0x00000000dae00000,0x00000000db709e28,0x00000000dc2c0000)
Event: 26,593 GC heap after
Heap after GC invocations=12 (full 1):
 PSYoungGen      total 156800K, used 1280K [0x00000000f5560000, 0x0000000100000000, 0x0000000100000000)
  eden space 138880K, 0% used [0x00000000f5560000,0x00000000f5560000,0x00000000fdd00000)
  from space 17920K, 7% used [0x00000000fdd00000,0x00000000fde40020,0x00000000fee80000)
  to   space 17728K, 0% used [0x00000000feeb0000,0x00000000feeb0000,0x0000000100000000)
 ParOldGen       total 67264K, used 34064K [0x00000000e0000000, 0x00000000e41b0000, 0x00000000f5560000)
  object space 67264K, 50% used [0x00000000e0000000,0x00000000e2144138,0x00000000e41b0000)
 PSPermGen       total 21248K, used 9255K [0x00000000dae00000, 0x00000000dc2c0000, 0x00000000e0000000)
  object space 21248K, 43% used [0x00000000dae00000,0x00000000db709e28,0x00000000dc2c0000)
}
Event: 28,615 GC heap before
{Heap before GC invocations=13 (full 1):
 PSYoungGen      total 156800K, used 140160K [0x00000000f5560000, 0x0000000100000000, 0x0000000100000000)
  eden space 138880K, 100% used [0x00000000f5560000,0x00000000fdd00000,0x00000000fdd00000)
  from space 17920K, 7% used [0x00000000fdd00000,0x00000000fde40020,0x00000000fee80000)
  to   space 17728K, 0% used [0x00000000feeb0000,0x00000000feeb0000,0x0000000100000000)
 ParOldGen       total 67264K, used 34064K [0x00000000e0000000, 0x00000000e41b0000, 0x00000000f5560000)
  object space 67264K, 50% used [0x00000000e0000000,0x00000000e2144138,0x00000000e41b0000)
 PSPermGen       total 21248K, used 9601K [0x00000000dae00000, 0x00000000dc2c0000, 0x00000000e0000000)
  object space 21248K, 45% used [0x00000000dae00000,0x00000000db7607d0,0x00000000dc2c0000)
Event: 28,687 GC heap after
Heap after GC invocations=13 (full 1):
 PSYoungGen      total 150848K, used 17681K [0x00000000f5560000, 0x0000000100000000, 0x0000000100000000)
  eden space 133120K, 0% used [0x00000000f5560000,0x00000000f5560000,0x00000000fd760000)
  from space 17728K, 99% used [0x00000000feeb0000,0x00000000ffff4590,0x0000000100000000)
  to   space 20800K, 0% used [0x00000000fd760000,0x00000000fd760000,0x00000000febb0000)
 ParOldGen       total 67264K, used 34064K [0x00000000e0000000, 0x00000000e41b0000, 0x00000000f5560000)
  object space 67264K, 50% used [0x00000000e0000000,0x00000000e2144138,0x00000000e41b0000)
 PSPermGen       total 21248K, used 9601K [0x00000000dae00000, 0x00000000dc2c0000, 0x00000000e0000000)
  object space 21248K, 45% used [0x00000000dae00000,0x00000000db7607d0,0x00000000dc2c0000)
}
Event: 30,660 GC heap before
{Heap before GC invocations=14 (full 1):
 PSYoungGen      total 150848K, used 150801K [0x00000000f5560000, 0x0000000100000000, 0x0000000100000000)
  eden space 133120K, 100% used [0x00000000f5560000,0x00000000fd760000,0x00000000fd760000)
  from space 17728K, 99% used [0x00000000feeb0000,0x00000000ffff4590,0x0000000100000000)
  to   space 20800K, 0% used [0x00000000fd760000,0x00000000fd760000,0x00000000febb0000)
 ParOldGen       total 67264K, used 34064K [0x00000000e0000000, 0x00000000e41b0000, 0x00000000f5560000)
  object space 67264K, 50% used [0x00000000e0000000,0x00000000e2144138,0x00000000e41b0000)
 PSPermGen       total 21248K, used 9709K [0x00000000dae00000, 0x00000000dc2c0000, 0x00000000e0000000)
  object space 21248K, 45% used [0x00000000dae00000,0x00000000db77b608,0x00000000dc2c0000)
Event: 30,831 GC heap after
Heap after GC invocations=14 (full 1):
 PSYoungGen      total 153920K, used 20771K [0x00000000f5560000, 0x0000000100000000, 0x0000000100000000)
  eden space 133120K, 0% used [0x00000000f5560000,0x00000000f5560000,0x00000000fd760000)
  from space 20800K, 99% used [0x00000000fd760000,0x00000000feba8d40,0x00000000febb0000)
  to   space 20800K, 0% used [0x00000000febb0000,0x00000000febb0000,0x0000000100000000)
 ParOldGen       total 69184K, used 69056K [0x00000000e0000000, 0x00000000e4390000, 0x00000000f5560000)
  object space 69184K, 99% used [0x00000000e0000000,0x00000000e43701e8,0x00000000e4390000)
 PSPermGen       total 21248K, used 9709K [0x00000000dae00000, 0x00000000dc2c0000, 0x00000000e0000000)
  object space 21248K, 45% used [0x00000000dae00000,0x00000000db77b608,0x00000000dc2c0000)
}
Event: 30,831 GC heap before
{Heap before GC invocations=15 (full 2):
 PSYoungGen      total 153920K, used 20771K [0x00000000f5560000, 0x0000000100000000, 0x0000000100000000)
  eden space 133120K, 0% used [0x00000000f5560000,0x00000000f5560000,0x00000000fd760000)
  from space 20800K, 99% used [0x00000000fd760000,0x00000000feba8d40,0x00000000febb0000)
  to   space 20800K, 0% used [0x00000000febb0000,0x00000000febb0000,0x0000000100000000)
 ParOldGen       total 69184K, used 69056K [0x00000000e0000000, 0x00000000e4390000, 0x00000000f5560000)
  object space 69184K, 99% used [0x00000000e0000000,0x00000000e43701e8,0x00000000e4390000)
 PSPermGen       total 21248K, used 9709K [0x00000000dae00000, 0x00000000dc2c0000, 0x00000000e0000000)
  object space 21248K, 45% used [0x00000000dae00000,0x00000000db77b608,0x00000000dc2c0000)
Event: 31,692 GC heap after
Heap after GC invocations=15 (full 2):
 PSYoungGen      total 153920K, used 18129K [0x00000000f5560000, 0x0000000100000000, 0x0000000100000000)
  eden space 133120K, 0% used [0x00000000f5560000,0x00000000f5560000,0x00000000fd760000)
  from space 20800K, 87% used [0x00000000fd760000,0x00000000fe914468,0x00000000febb0000)
  to   space 20800K, 0% used [0x00000000febb0000,0x00000000febb0000,0x0000000100000000)
 ParOldGen       total 129024K, used 69180K [0x00000000e0000000, 0x00000000e7e00000, 0x00000000f5560000)
  object space 129024K, 53% used [0x00000000e0000000,0x00000000e438f1e8,0x00000000e7e00000)
 PSPermGen       total 21248K, used 9708K [0x00000000dae00000, 0x00000000dc2c0000, 0x00000000e0000000)
  object space 21248K, 45% used [0x00000000dae00000,0x00000000db77b250,0x00000000dc2c0000)
}

Deoptimization events (10 events):
Event: 30,218 Thread 0x00007fa598009800 Uncommon trap -34 fr.pc 0x00007fa594dbf764
Event: 30,218 Thread 0x00007fa598009800 Uncommon trap -34 fr.pc 0x00007fa594dac624
Event: 30,219 Thread 0x00007fa598009800 Uncommon trap -34 fr.pc 0x00007fa594da9e70
Event: 30,219 Thread 0x00007fa598009800 Uncommon trap -34 fr.pc 0x00007fa594da9e70
Event: 30,219 Thread 0x00007fa598009800 Uncommon trap -34 fr.pc 0x00007fa594da9e70
Event: 30,220 Thread 0x00007fa598009800 Uncommon trap -34 fr.pc 0x00007fa594db0ac8
Event: 30,221 Thread 0x00007fa598009800 Uncommon trap -34 fr.pc 0x00007fa594db0ac8
Event: 30,221 Thread 0x00007fa598009800 Uncommon trap -34 fr.pc 0x00007fa594db0ac8
Event: 30,221 Thread 0x00007fa598009800 Uncommon trap -34 fr.pc 0x00007fa594db0ac8
Event: 30,495 Thread 0x00007fa598009800 Uncommon trap -122 fr.pc 0x00007fa594db3b38

Internal exceptions (10 events):
Event: 28,988 Thread 0x00007fa598009800 Threw 0x00000000f6a57318 at /HUDSON/workspace/jdk7u21-2-build-linux-amd64-product/jdk7u21/hotspot/src/share/vm/prims/jvm.cpp:1166
Event: 28,989 Thread 0x00007fa598009800 Threw 0x00000000f6a5edc8 at /HUDSON/workspace/jdk7u21-2-build-linux-amd64-product/jdk7u21/hotspot/src/share/vm/prims/jvm.cpp:1166
Event: 28,990 Thread 0x00007fa598009800 Threw 0x00000000f6a67c08 at /HUDSON/workspace/jdk7u21-2-build-linux-amd64-product/jdk7u21/hotspot/src/share/vm/prims/jvm.cpp:1166
Event: 28,991 Thread 0x00007fa598009800 Threw 0x00000000f6a70468 at /HUDSON/workspace/jdk7u21-2-build-linux-amd64-product/jdk7u21/hotspot/src/share/vm/prims/jvm.cpp:1166
Event: 28,991 Thread 0x00007fa598009800 Threw 0x00000000f6a78ef8 at /HUDSON/workspace/jdk7u21-2-build-linux-amd64-product/jdk7u21/hotspot/src/share/vm/prims/jvm.cpp:1166
Event: 28,992 Thread 0x00007fa598009800 Threw 0x00000000f6a7f900 at /HUDSON/workspace/jdk7u21-2-build-linux-amd64-product/jdk7u21/hotspot/src/share/vm/prims/jvm.cpp:1166
Event: 28,993 Thread 0x00007fa598009800 Threw 0x00000000f6a86b18 at /HUDSON/workspace/jdk7u21-2-build-linux-amd64-product/jdk7u21/hotspot/src/share/vm/prims/jvm.cpp:1166
Event: 28,993 Thread 0x00007fa598009800 Threw 0x00000000f6a8ddf0 at /HUDSON/workspace/jdk7u21-2-build-linux-amd64-product/jdk7u21/hotspot/src/share/vm/prims/jvm.cpp:1166
Event: 28,994 Thread 0x00007fa598009800 Threw 0x00000000f6a95878 at /HUDSON/workspace/jdk7u21-2-build-linux-amd64-product/jdk7u21/hotspot/src/share/vm/prims/jvm.cpp:1166
Event: 29,009 Thread 0x00007fa598009800 Threw 0x00000000f6ad2d70 at /HUDSON/workspace/jdk7u21-2-build-linux-amd64-product/jdk7u21/hotspot/src/share/vm/prims/jvm.cpp:1166

Events (10 events):
Event: 30,221 Thread 0x00007fa598009800 DEOPT PACKING pc=0x00007fa594db0ac8 sp=0x00007fa59e7a13d0
Event: 30,221 Thread 0x00007fa598009800 DEOPT UNPACKING pc=0x00007fa594a05145 sp=0x00007fa59e7a13b8 mode 2
Event: 30,221 Thread 0x00007fa598009800 DEOPT PACKING pc=0x00007fa594db0ac8 sp=0x00007fa59e7a13d0
Event: 30,221 Thread 0x00007fa598009800 DEOPT UNPACKING pc=0x00007fa594a05145 sp=0x00007fa59e7a13b8 mode 2
Event: 30,221 Thread 0x00007fa598009800 DEOPT PACKING pc=0x00007fa594db0ac8 sp=0x00007fa59e7a13d0
Event: 30,221 Thread 0x00007fa598009800 DEOPT UNPACKING pc=0x00007fa594a05145 sp=0x00007fa59e7a13b8 mode 2
Event: 30,495 Thread 0x00007fa598009800 DEOPT PACKING pc=0x00007fa594db3b38 sp=0x00007fa59e7a12d0
Event: 30,495 Thread 0x00007fa598009800 DEOPT UNPACKING pc=0x00007fa594a05145 sp=0x00007fa59e7a12a0 mode 2
Event: 30,660 Executing VM operation: ParallelGCFailedAllocation
Event: 31,692 Executing VM operation: ParallelGCFailedAllocation done


Dynamic libraries:
00400000-00401000 r-xp 00000000 08:13 3163647                            /usr/lib/jvm/jdk1.7.0_21/jre/bin/java
00600000-00601000 rw-p 00000000 08:13 3163647                            /usr/lib/jvm/jdk1.7.0_21/jre/bin/java
024a6000-024c7000 rw-p 00000000 00:00 0                                  [heap]
dae00000-dc2c0000 rw-p 00000000 00:00 0 
dc2c0000-e0000000 rw-p 00000000 00:00 0 
e0000000-e7e00000 rw-p 00000000 00:00 0 
e7e00000-f5560000 rw-p 00000000 00:00 0 
f5560000-100000000 rw-p 00000000 00:00 0 
7fa564000000-7fa564021000 rw-p 00000000 00:00 0 
7fa564021000-7fa568000000 ---p 00000000 00:00 0 
7fa56c000000-7fa56d55a000 rw-p 00000000 00:00 0 
7fa56d55a000-7fa570000000 ---p 00000000 00:00 0 
7fa570000000-7fa570021000 rw-p 00000000 00:00 0 
7fa570021000-7fa574000000 ---p 00000000 00:00 0 
7fa574000000-7fa574021000 rw-p 00000000 00:00 0 
7fa574021000-7fa578000000 ---p 00000000 00:00 0 
7fa578000000-7fa579041000 rw-p 00000000 00:00 0 
7fa579041000-7fa57c000000 ---p 00000000 00:00 0 
7fa57c000000-7fa57c021000 rw-p 00000000 00:00 0 
7fa57c021000-7fa580000000 ---p 00000000 00:00 0 
7fa580000000-7fa580021000 rw-p 00000000 00:00 0 
7fa580021000-7fa584000000 ---p 00000000 00:00 0 
7fa584000000-7fa584021000 rw-p 00000000 00:00 0 
7fa584021000-7fa588000000 ---p 00000000 00:00 0 
7fa588000000-7fa588021000 rw-p 00000000 00:00 0 
7fa588021000-7fa58c000000 ---p 00000000 00:00 0 
7fa58cd4d000-7fa58cd7e000 rw-p 00000000 00:00 0 
7fa58cd7e000-7fa58cd93000 r-xp 00000000 08:13 659442                     /usr/lib/jvm/jdk1.7.0_21/jre/lib/amd64/libnet.so
7fa58cd93000-7fa58cf93000 ---p 00015000 08:13 659442                     /usr/lib/jvm/jdk1.7.0_21/jre/lib/amd64/libnet.so
7fa58cf93000-7fa58cf94000 rw-p 00015000 08:13 659442                     /usr/lib/jvm/jdk1.7.0_21/jre/lib/amd64/libnet.so
7fa58cf94000-7fa58cffe000 rw-p 00000000 00:00 0 
7fa58cffe000-7fa58d1b9000 r--s 01e99000 08:13 3022401                    /home/luis/.m2/repository/com/google/gwt/gwt-dev/2.5.1/gwt-dev-2.5.1.jar
7fa58d1b9000-7fa58d1f5000 rw-p 00000000 00:00 0 
7fa58d1f5000-7fa58d2fa000 r--s 01a68000 08:13 3020957                    /home/luis/.m2/repository/com/google/gwt/gwt-user/2.5.1/gwt-user-2.5.1.jar
7fa58d2fa000-7fa58d32e000 r--s 001a4000 08:13 3028012                    /home/luis/.m2/repository/javax/javaee-api/7.0/javaee-api-7.0.jar
7fa58d32e000-7fa58d3a5000 r--s 009b7000 08:13 2890503                    /home/luis/Programacion/workspace/gha/lib/smartgwt-3.1.jar
7fa58d3a5000-7fa58d4a9000 r--s 01a55000 08:13 2890501                    /home/luis/Programacion/workspace/gha/lib/gwt-user-2.5.1.jar
7fa58d4a9000-7fa58d4aa000 ---p 00000000 00:00 0 
7fa58d4aa000-7fa58d5aa000 rw-p 00000000 00:00 0 
7fa58d5aa000-7fa58d5ad000 ---p 00000000 00:00 0 
7fa58d5ad000-7fa58d6ab000 rw-p 00000000 00:00 0 
7fa58d6ab000-7fa58d6ae000 ---p 00000000 00:00 0 
7fa58d6ae000-7fa58d7ac000 rw-p 00000000 00:00 0 
7fa58d7ac000-7fa58d7af000 ---p 00000000 00:00 0 
7fa58d7af000-7fa58d8ad000 rw-p 00000000 00:00 0 
7fa58d8ad000-7fa58d8b0000 ---p 00000000 00:00 0 
7fa58d8b0000-7fa58d9ae000 rw-p 00000000 00:00 0 
7fa58d9ae000-7fa58e091000 r--p 00000000 08:13 3158712                    /usr/lib/locale/locale-archive
7fa58e091000-7fa58e094000 ---p 00000000 00:00 0 
7fa58e094000-7fa58e192000 rw-p 00000000 00:00 0 
7fa58e192000-7fa58e195000 ---p 00000000 00:00 0 
7fa58e195000-7fa58e293000 rw-p 00000000 00:00 0 
7fa58e293000-7fa58e294000 ---p 00000000 00:00 0 
7fa58e294000-7fa590000000 rw-p 00000000 00:00 0 
7fa590000000-7fa590021000 rw-p 00000000 00:00 0 
7fa590021000-7fa594000000 ---p 00000000 00:00 0 
7fa594002000-7fa594003000 r--s 00001000 08:13 3027880                    /home/luis/Programacion/workspace/gha/ejb/target/ejb-1-client.jar
7fa594003000-7fa59403f000 rw-p 00000000 00:00 0 
7fa59403f000-7fa5941fc000 r--s 039de000 08:13 3163680                    /usr/lib/jvm/jdk1.7.0_21/jre/lib/rt.jar
7fa5941fc000-7fa5946a0000 rw-p 00000000 00:00 0 
7fa5946a0000-7fa5946a1000 ---p 00000000 00:00 0 
7fa5946a1000-7fa5947a1000 rw-p 00000000 00:00 0 
7fa5947a1000-7fa5947a2000 ---p 00000000 00:00 0 
7fa5947a2000-7fa5948ad000 rw-p 00000000 00:00 0 
7fa5948ad000-7fa5948cb000 rw-p 00000000 00:00 0 
7fa5948cb000-7fa59490a000 rw-p 00000000 00:00 0 
7fa59490a000-7fa594975000 rw-p 00000000 00:00 0 
7fa594975000-7fa5949cb000 rw-p 00000000 00:00 0 
7fa5949cb000-7fa5949cc000 rw-p 00000000 00:00 0 
7fa5949cc000-7fa594dec000 rwxp 00000000 00:00 0 
7fa594dec000-7fa5979cc000 rw-p 00000000 00:00 0 
7fa5979cc000-7fa5979e6000 r-xp 00000000 08:13 659488                     /usr/lib/jvm/jdk1.7.0_21/jre/lib/amd64/libzip.so
7fa5979e6000-7fa597be6000 ---p 0001a000 08:13 659488                     /usr/lib/jvm/jdk1.7.0_21/jre/lib/amd64/libzip.so
7fa597be6000-7fa597be7000 rw-p 0001a000 08:13 659488                     /usr/lib/jvm/jdk1.7.0_21/jre/lib/amd64/libzip.so
7fa597be7000-7fa597bf3000 r-xp 00000000 08:13 1054176                    /lib/x86_64-linux-gnu/libnss_files-2.15.so
7fa597bf3000-7fa597df2000 ---p 0000c000 08:13 1054176                    /lib/x86_64-linux-gnu/libnss_files-2.15.so
7fa597df2000-7fa597df3000 r--p 0000b000 08:13 1054176                    /lib/x86_64-linux-gnu/libnss_files-2.15.so
7fa597df3000-7fa597df4000 rw-p 0000c000 08:13 1054176                    /lib/x86_64-linux-gnu/libnss_files-2.15.so
7fa597df4000-7fa597dfe000 r-xp 00000000 08:13 1051530                    /lib/x86_64-linux-gnu/libnss_nis-2.15.so
7fa597dfe000-7fa597ffe000 ---p 0000a000 08:13 1051530                    /lib/x86_64-linux-gnu/libnss_nis-2.15.so
7fa597ffe000-7fa597fff000 r--p 0000a000 08:13 1051530                    /lib/x86_64-linux-gnu/libnss_nis-2.15.so
7fa597fff000-7fa598000000 rw-p 0000b000 08:13 1051530                    /lib/x86_64-linux-gnu/libnss_nis-2.15.so
7fa598000000-7fa59831f000 rw-p 00000000 00:00 0 
7fa59831f000-7fa59c000000 ---p 00000000 00:00 0 
7fa59c023000-7fa59c056000 rw-p 00000000 00:00 0 
7fa59c056000-7fa59c074000 rw-p 00000000 00:00 0 
7fa59c074000-7fa59c0b3000 rw-p 00000000 00:00 0 
7fa59c0b3000-7fa59c11f000 rw-p 00000000 00:00 0 
7fa59c11f000-7fa59c136000 r-xp 00000000 08:13 1054461                    /lib/x86_64-linux-gnu/libnsl-2.15.so
7fa59c136000-7fa59c335000 ---p 00017000 08:13 1054461                    /lib/x86_64-linux-gnu/libnsl-2.15.so
7fa59c335000-7fa59c336000 r--p 00016000 08:13 1054461                    /lib/x86_64-linux-gnu/libnsl-2.15.so
7fa59c336000-7fa59c337000 rw-p 00017000 08:13 1054461                    /lib/x86_64-linux-gnu/libnsl-2.15.so
7fa59c337000-7fa59c339000 rw-p 00000000 00:00 0 
7fa59c339000-7fa59c341000 r-xp 00000000 08:13 1054177                    /lib/x86_64-linux-gnu/libnss_compat-2.15.so
7fa59c341000-7fa59c540000 ---p 00008000 08:13 1054177                    /lib/x86_64-linux-gnu/libnss_compat-2.15.so
7fa59c540000-7fa59c541000 r--p 00007000 08:13 1054177                    /lib/x86_64-linux-gnu/libnss_compat-2.15.so
7fa59c541000-7fa59c542000 rw-p 00008000 08:13 1054177                    /lib/x86_64-linux-gnu/libnss_compat-2.15.so
7fa59c542000-7fa59c56b000 r-xp 00000000 08:13 659472                     /usr/lib/jvm/jdk1.7.0_21/jre/lib/amd64/libjava.so
7fa59c56b000-7fa59c76b000 ---p 00029000 08:13 659472                     /usr/lib/jvm/jdk1.7.0_21/jre/lib/amd64/libjava.so
7fa59c76b000-7fa59c76d000 rw-p 00029000 08:13 659472                     /usr/lib/jvm/jdk1.7.0_21/jre/lib/amd64/libjava.so
7fa59c76d000-7fa59c77a000 r-xp 00000000 08:13 659470                     /usr/lib/jvm/jdk1.7.0_21/jre/lib/amd64/libverify.so
7fa59c77a000-7fa59c979000 ---p 0000d000 08:13 659470                     /usr/lib/jvm/jdk1.7.0_21/jre/lib/amd64/libverify.so
7fa59c979000-7fa59c97b000 rw-p 0000c000 08:13 659470                     /usr/lib/jvm/jdk1.7.0_21/jre/lib/amd64/libverify.so
7fa59c97b000-7fa59c982000 r-xp 00000000 08:13 1050759                    /lib/x86_64-linux-gnu/librt-2.15.so
7fa59c982000-7fa59cb81000 ---p 00007000 08:13 1050759                    /lib/x86_64-linux-gnu/librt-2.15.so
7fa59cb81000-7fa59cb82000 r--p 00006000 08:13 1050759                    /lib/x86_64-linux-gnu/librt-2.15.so
7fa59cb82000-7fa59cb83000 rw-p 00007000 08:13 1050759                    /lib/x86_64-linux-gnu/librt-2.15.so
7fa59cb83000-7fa59cc7e000 r-xp 00000000 08:13 1051532                    /lib/x86_64-linux-gnu/libm-2.15.so
7fa59cc7e000-7fa59ce7d000 ---p 000fb000 08:13 1051532                    /lib/x86_64-linux-gnu/libm-2.15.so
7fa59ce7d000-7fa59ce7e000 r--p 000fa000 08:13 1051532                    /lib/x86_64-linux-gnu/libm-2.15.so
7fa59ce7e000-7fa59ce7f000 rw-p 000fb000 08:13 1051532                    /lib/x86_64-linux-gnu/libm-2.15.so
7fa59ce7f000-7fa59d8c9000 r-xp 00000000 08:13 659478                     /usr/lib/jvm/jdk1.7.0_21/jre/lib/amd64/server/libjvm.so
7fa59d8c9000-7fa59dac8000 ---p 00a4a000 08:13 659478                     /usr/lib/jvm/jdk1.7.0_21/jre/lib/amd64/server/libjvm.so
7fa59dac8000-7fa59db6c000 rw-p 00a49000 08:13 659478                     /usr/lib/jvm/jdk1.7.0_21/jre/lib/amd64/server/libjvm.so
7fa59db6c000-7fa59dba7000 rw-p 00000000 00:00 0 
7fa59dba7000-7fa59dd5c000 r-xp 00000000 08:13 1050689                    /lib/x86_64-linux-gnu/libc-2.15.so
7fa59dd5c000-7fa59df5b000 ---p 001b5000 08:13 1050689                    /lib/x86_64-linux-gnu/libc-2.15.so
7fa59df5b000-7fa59df5f000 r--p 001b4000 08:13 1050689                    /lib/x86_64-linux-gnu/libc-2.15.so
7fa59df5f000-7fa59df61000 rw-p 001b8000 08:13 1050689                    /lib/x86_64-linux-gnu/libc-2.15.so
7fa59df61000-7fa59df66000 rw-p 00000000 00:00 0 
7fa59df66000-7fa59df68000 r-xp 00000000 08:13 1050688                    /lib/x86_64-linux-gnu/libdl-2.15.so
7fa59df68000-7fa59e168000 ---p 00002000 08:13 1050688                    /lib/x86_64-linux-gnu/libdl-2.15.so
7fa59e168000-7fa59e169000 r--p 00002000 08:13 1050688                    /lib/x86_64-linux-gnu/libdl-2.15.so
7fa59e169000-7fa59e16a000 rw-p 00003000 08:13 1050688                    /lib/x86_64-linux-gnu/libdl-2.15.so
7fa59e16a000-7fa59e180000 r-xp 00000000 08:13 659447                     /usr/lib/jvm/jdk1.7.0_21/jre/lib/amd64/jli/libjli.so
7fa59e180000-7fa59e380000 ---p 00016000 08:13 659447                     /usr/lib/jvm/jdk1.7.0_21/jre/lib/amd64/jli/libjli.so
7fa59e380000-7fa59e381000 rw-p 00016000 08:13 659447                     /usr/lib/jvm/jdk1.7.0_21/jre/lib/amd64/jli/libjli.so
7fa59e381000-7fa59e399000 r-xp 00000000 08:13 1050755                    /lib/x86_64-linux-gnu/libpthread-2.15.so
7fa59e399000-7fa59e598000 ---p 00018000 08:13 1050755                    /lib/x86_64-linux-gnu/libpthread-2.15.so
7fa59e598000-7fa59e599000 r--p 00017000 08:13 1050755                    /lib/x86_64-linux-gnu/libpthread-2.15.so
7fa59e599000-7fa59e59a000 rw-p 00018000 08:13 1050755                    /lib/x86_64-linux-gnu/libpthread-2.15.so
7fa59e59a000-7fa59e59e000 rw-p 00000000 00:00 0 
7fa59e59e000-7fa59e5c0000 r-xp 00000000 08:13 1054181                    /lib/x86_64-linux-gnu/ld-2.15.so
7fa59e5c5000-7fa59e5c9000 r--s 0008a000 08:13 3163660                    /usr/lib/jvm/jdk1.7.0_21/jre/lib/jsse.jar
7fa59e5c9000-7fa59e5d1000 r--s 00078000 08:13 3028014                    /home/luis/.m2/repository/com/sun/mail/javax.mail/1.5.0/javax.mail-1.5.0.jar
7fa59e5d1000-7fa59e5d5000 r--s 0000c000 08:13 2892744                    /home/luis/Programacion/workspace/gha/domain/target/domain-1-sources.jar
7fa59e5d5000-7fa59e5de000 r--s 0006d000 08:13 2895998                    /home/luis/.m2/repository/log4j/log4j/1.2.16/log4j-1.2.16.jar
7fa59e5de000-7fa59e5e2000 r--s 00015000 08:13 2892741                    /home/luis/Programacion/workspace/gha/domain/target/domain-1.jar
7fa59e5e2000-7fa59e5f3000 rw-p 00000000 00:00 0 
7fa59e5f3000-7fa59e6a2000 rw-p 00000000 00:00 0 
7fa59e6a2000-7fa59e6a5000 ---p 00000000 00:00 0 
7fa59e6a5000-7fa59e7a7000 rw-p 00000000 00:00 0 
7fa59e7a7000-7fa59e7a9000 r--s 0000e000 08:13 4606659                    /home/luis/.m2/repository/javax/activation/activation/1.1/activation-1.1.jar
7fa59e7a9000-7fa59e7ad000 r--s 00029000 08:13 3028886                    /home/luis/.m2/repository/commons-io/commons-io/2.3/commons-io-2.3.jar
7fa59e7ad000-7fa59e7af000 r--s 0000d000 08:13 4089448                    /home/luis/.m2/repository/commons-fileupload/commons-fileupload/1.2.2/commons-fileupload-1.2.2.jar
7fa59e7af000-7fa59e7b4000 r--s 0002c000 08:13 3028880                    /home/luis/.m2/repository/com/googlecode/gwtupload/gwtupload/0.6.6/gwtupload-0.6.6.jar
7fa59e7b4000-7fa59e7bc000 rw-s 00000000 08:13 3563390                    /tmp/hsperfdata_luis/10212
7fa59e7bc000-7fa59e7bd000 rw-p 00000000 00:00 0 
7fa59e7bd000-7fa59e7be000 r--p 00000000 00:00 0 
7fa59e7be000-7fa59e7c0000 rw-p 00000000 00:00 0 
7fa59e7c0000-7fa59e7c1000 r--p 00022000 08:13 1054181                    /lib/x86_64-linux-gnu/ld-2.15.so
7fa59e7c1000-7fa59e7c3000 rw-p 00023000 08:13 1054181                    /lib/x86_64-linux-gnu/ld-2.15.so
7fff6493a000-7fff6495b000 rw-p 00000000 00:00 0                          [stack]
7fff649ff000-7fff64a00000 r-xp 00000000 00:00 0                          [vdso]
ffffffffff600000-ffffffffff601000 r-xp 00000000 00:00 0                  [vsyscall]

VM Arguments:
jvm_args: -Xmx512m 
java_command: com.google.gwt.dev.CompilePermsServer -host localhost -port 44760 -logLevel INFO -cookie EC4E0E44E43B3A51400CCBCEF72D4FCC
Launcher Type: SUN_STANDARD

Environment Variables:
PATH=/usr/local/sbin:/usr/local/bin:/usr/sbin:/usr/bin:/sbin:/bin:/usr/games
SHELL=/bin/bash
DISPLAY=:0

Signal Handlers:
SIGSEGV: [libjvm.so+0x8a80e0], sa_mask[0]=0x7ffbfeff, sa_flags=0x10000004
SIGBUS: [libjvm.so+0x8a80e0], sa_mask[0]=0x7ffbfeff, sa_flags=0x10000004
SIGFPE: [libjvm.so+0x744170], sa_mask[0]=0x7ffbfeff, sa_flags=0x10000004
SIGPIPE: [libjvm.so+0x744170], sa_mask[0]=0x7ffbfeff, sa_flags=0x10000004
SIGXFSZ: [libjvm.so+0x744170], sa_mask[0]=0x7ffbfeff, sa_flags=0x10000004
SIGILL: [libjvm.so+0x744170], sa_mask[0]=0x7ffbfeff, sa_flags=0x10000004
SIGUSR1: SIG_DFL, sa_mask[0]=0x00000000, sa_flags=0x00000000
SIGUSR2: [libjvm.so+0x743ac0], sa_mask[0]=0x00000004, sa_flags=0x10000004
SIGHUP: [libjvm.so+0x745e50], sa_mask[0]=0x7ffbfeff, sa_flags=0x10000004
SIGINT: [libjvm.so+0x745e50], sa_mask[0]=0x7ffbfeff, sa_flags=0x10000004
SIGTERM: [libjvm.so+0x745e50], sa_mask[0]=0x7ffbfeff, sa_flags=0x10000004
SIGQUIT: [libjvm.so+0x745e50], sa_mask[0]=0x7ffbfeff, sa_flags=0x10000004


---------------  S Y S T E M  ---------------

OS:wheezy/sid

uname:Linux 3.2.0-49-generic #75-Ubuntu SMP Tue Jun 18 17:39:32 UTC 2013 x86_64
libc:glibc 2.15 NPTL 2.15 
rlimit: STACK 8192k, CORE 0k, NPROC 30924, NOFILE 4096, AS infinity
load average:2,28 1,31 1,07

/proc/meminfo:
MemTotal:        4049168 kB
MemFree:          152720 kB
Buffers:           60436 kB
Cached:           821948 kB
SwapCached:          728 kB
Active:          2593376 kB
Inactive:        1028804 kB
Active(anon):    2161096 kB
Inactive(anon):   596300 kB
Active(file):     432280 kB
Inactive(file):   432504 kB
Unevictable:           0 kB
Mlocked:               0 kB
SwapTotal:        975868 kB
SwapFree:         968032 kB
Dirty:             21272 kB
Writeback:             0 kB
AnonPages:       2739188 kB
Mapped:           157808 kB
Shmem:             17556 kB
Slab:             143480 kB
SReclaimable:     110880 kB
SUnreclaim:        32600 kB
KernelStack:        4152 kB
PageTables:        39748 kB
NFS_Unstable:          0 kB
Bounce:                0 kB
WritebackTmp:          0 kB
CommitLimit:     3000452 kB
Committed_AS:    4840576 kB
VmallocTotal:   34359738367 kB
VmallocUsed:      328336 kB
VmallocChunk:   34359407136 kB
HardwareCorrupted:     0 kB
AnonHugePages:         0 kB
HugePages_Total:       0
HugePages_Free:        0
HugePages_Rsvd:        0
HugePages_Surp:        0
Hugepagesize:       2048 kB
DirectMap4k:       58240 kB
DirectMap2M:     4134912 kB


CPU:total 2 (2 cores per cpu, 1 threads per core) family 15 model 107 stepping 2, cmov, cx8, fxsr, mmx, sse, sse2, sse3, mmxext, 3dnowpref, tsc

/proc/cpuinfo:
processor	: 0
vendor_id	: AuthenticAMD
cpu family	: 15
model		: 107
model name	: AMD Athlon(tm) 64 X2 Dual Core Processor 5000+
stepping	: 2
cpu MHz		: 2613.246
cache size	: 512 KB
physical id	: 0
siblings	: 2
core id		: 0
cpu cores	: 2
apicid		: 0
initial apicid	: 0
fpu		: yes
fpu_exception	: yes
cpuid level	: 1
wp		: yes
flags		: fpu vme de pse tsc msr pae mce cx8 apic sep mtrr pge mca cmov pat pse36 clflush mmx fxsr sse sse2 ht syscall nx mmxext fxsr_opt rdtscp lm 3dnowext 3dnow rep_good nopl pni cx16 lahf_lm cmp_legacy svm extapic cr8_legacy 3dnowprefetch lbrv
bogomips	: 5226.49
TLB size	: 1024 4K pages
clflush size	: 64
cache_alignment	: 64
address sizes	: 40 bits physical, 48 bits virtual
power management: ts fid vid ttp tm stc 100mhzsteps

processor	: 1
vendor_id	: AuthenticAMD
cpu family	: 15
model		: 107
model name	: AMD Athlon(tm) 64 X2 Dual Core Processor 5000+
stepping	: 2
cpu MHz		: 2613.246
cache size	: 512 KB
physical id	: 0
siblings	: 2
core id		: 1
cpu cores	: 2
apicid		: 1
initial apicid	: 1
fpu		: yes
fpu_exception	: yes
cpuid level	: 1
wp		: yes
flags		: fpu vme de pse tsc msr pae mce cx8 apic sep mtrr pge mca cmov pat pse36 clflush mmx fxsr sse sse2 ht syscall nx mmxext fxsr_opt rdtscp lm 3dnowext 3dnow rep_good nopl pni cx16 lahf_lm cmp_legacy svm extapic cr8_legacy 3dnowprefetch lbrv
bogomips	: 5226.81
TLB size	: 1024 4K pages
clflush size	: 64
cache_alignment	: 64
address sizes	: 40 bits physical, 48 bits virtual
power management: ts fid vid ttp tm stc 100mhzsteps



Memory: 4k page, physical 4049168k(152720k free), swap 975868k(968032k free)

vm_info: Java HotSpot(TM) 64-Bit Server VM (23.21-b01) for linux-amd64 JRE (1.7.0_21-b11), built on Apr  4 2013 04:03:29 by "java_re" with gcc 4.3.0 20080428 (Red Hat 4.3.0-8)

time: Wed Jul 17 06:11:38 2013
elapsed time: 31 seconds

